2021-09-09 15:16:02,043 [http-nio-8081-exec-6] INFO  org.anatkor.controllers.command.LoginCommand- Client '382222222222' is logged in
2021-09-09 15:16:03,956 [http-nio-8081-exec-9] INFO  org.anatkor.controllers.command.AccountsCommand- account list requested for user with id= 9
2021-09-09 15:16:12,391 [http-nio-8081-exec-2] INFO  org.anatkor.controllers.command.PaymentsCommand- payments list requested for user with id= 9
2021-09-09 15:16:20,869 [http-nio-8081-exec-6] INFO  org.anatkor.controllers.command.PaymentsCommand- payments list requested for user with id= 9
2021-09-09 15:18:16,726 [http-nio-8081-exec-8] INFO  org.anatkor.controllers.command.LogoutCommand- User 382222222222 is Logged out
2021-09-09 15:18:16,733 [http-nio-8081-exec-9] INFO  org.anatkor.controllers.command.LoginCommand- Not enough login data
2021-09-09 15:18:19,082 [http-nio-8081-exec-1] INFO  org.anatkor.controllers.command.LoginCommand- Client '389999999999' is logged in
2021-09-09 15:42:33,626 [http-nio-8081-exec-8] INFO  org.anatkor.dao.AccountDao- Account 10000000024 is updated with 4500
2021-09-09 15:42:33,627 [http-nio-8081-exec-8] INFO  org.anatkor.dao.TransactionDao- Amount 4500 is deducted from the account 10000000024
2021-09-09 15:42:33,627 [http-nio-8081-exec-8] INFO  org.anatkor.dao.AccountDao- Account 10000000003 is updated with 4500
2021-09-09 15:42:33,627 [http-nio-8081-exec-8] INFO  org.anatkor.dao.TransactionDao- Account 10000000003 is refilled with amount 4500
2021-09-09 15:43:16,161 [http-nio-8081-exec-8] DEBUG org.anatkor.dao.TransactionDao- SQLException during INSERT INTO transaction (payer, receiver, destination, amount, currency) VALUES(?,?,?,?,?) processing class org.anatkor.dao.Utils. ERROR: null value in column "id" of relation "transaction" violates not-null constraint
  Detail: Failing row contains (null, 10000000024, 10000000003, null, Інтернет, 4500, UAH).
2021-09-09 15:52:34,323 [http-nio-8081-exec-6] INFO  org.anatkor.dao.AccountDao- Account 10000000024 is updated with 10000
2021-09-09 15:52:34,324 [http-nio-8081-exec-6] INFO  org.anatkor.dao.TransactionDao- Amount 10000 is deducted from the account 10000000024
2021-09-09 15:52:34,324 [http-nio-8081-exec-6] INFO  org.anatkor.dao.AccountDao- Account 10000000003 is updated with 10000
2021-09-09 15:52:34,324 [http-nio-8081-exec-6] INFO  org.anatkor.dao.TransactionDao- Account 10000000003 is refilled with amount 10000
2021-09-09 15:52:45,545 [http-nio-8081-exec-6] DEBUG org.anatkor.dao.TransactionDao- SQLException during INSERT INTO transaction (payer, receiver, destination, amount, currency) VALUES(?,?,?,?,?) processing class org.anatkor.dao.Utils. ERROR: null value in column "id" of relation "transaction" violates not-null constraint
  Detail: Failing row contains (null, 10000000024, 10000000003, null, , 10000, UAH).
2021-09-09 15:57:56,908 [http-nio-8081-exec-5] INFO  org.anatkor.dao.AccountDao- Account 10000000024 is updated with 10000
2021-09-09 15:57:56,908 [http-nio-8081-exec-5] INFO  org.anatkor.dao.TransactionDao- Amount 10000 is deducted from the account 10000000024
2021-09-09 15:57:56,909 [http-nio-8081-exec-5] INFO  org.anatkor.dao.AccountDao- Account 10000000003 is updated with 10000
2021-09-09 15:57:56,909 [http-nio-8081-exec-5] INFO  org.anatkor.dao.TransactionDao- Account 10000000003 is refilled with amount 10000
2021-09-09 15:58:05,896 [http-nio-8081-exec-5] INFO  org.anatkor.dao.TransactionDao- Transaction from 10000000024 to 10000000003, amount 10000 is added to DB
2021-09-09 15:58:07,244 [http-nio-8081-exec-6] INFO  org.anatkor.controllers.command.PaymentsCommand- payments list requested for user with id= 42
2021-09-09 16:05:22,115 [http-nio-8081-exec-9] INFO  org.anatkor.dao.AccountDao- Account 10000000024 is updated with 5500
2021-09-09 16:05:22,116 [http-nio-8081-exec-9] INFO  org.anatkor.dao.TransactionDao- Amount 5500 is deducted from the account 10000000024
2021-09-09 16:05:22,116 [http-nio-8081-exec-9] INFO  org.anatkor.dao.AccountDao- Account 10000000018 is updated with 5500
2021-09-09 16:05:22,116 [http-nio-8081-exec-9] INFO  org.anatkor.dao.TransactionDao- Account 10000000018 is refilled with amount 5500
2021-09-09 16:05:26,402 [http-nio-8081-exec-9] INFO  org.anatkor.dao.TransactionDao- Transaction from 10000000024 to 10000000018, amount 5500 is added to DB
2021-09-09 16:05:30,076 [http-nio-8081-exec-8] INFO  org.anatkor.controllers.command.PaymentsCommand- payments list requested for user with id= 42
