2021-08-09 21:31:23,187 [http-nio-8081-exec-7] DEBUG org.anatkor.servlets.LoginServlet- User servlet called
2021-08-09 21:31:23,199 [http-nio-8081-exec-7] DEBUG org.anatkor.dao.Utils- connection try
2021-08-09 21:31:23,204 [http-nio-8081-exec-7] DEBUG org.anatkor.dao.Utils- connection created succesfully
2021-08-09 21:31:28,077 [http-nio-8081-exec-9] DEBUG org.anatkor.servlets.LoginServlet- User servlet called
2021-08-09 21:31:28,077 [http-nio-8081-exec-9] DEBUG org.anatkor.dao.Utils- connection try
2021-08-09 21:31:28,078 [http-nio-8081-exec-9] DEBUG org.anatkor.dao.Utils- connection created succesfully
2021-08-09 21:32:32,800 [http-nio-8081-exec-1] DEBUG org.anatkor.servlets.LoginServlet- User servlet called
2021-08-09 21:32:32,801 [http-nio-8081-exec-1] DEBUG org.anatkor.dao.Utils- connection try
2021-08-09 21:32:32,802 [http-nio-8081-exec-1] DEBUG org.anatkor.dao.Utils- connection created succesfully
2021-08-09 21:33:23,473 [http-nio-8081-exec-9] DEBUG org.anatkor.servlets.LoginServlet- User servlet called
2021-08-09 21:33:23,474 [http-nio-8081-exec-9] DEBUG org.anatkor.dao.Utils- connection try
2021-08-09 21:33:23,474 [http-nio-8081-exec-9] DEBUG org.anatkor.dao.Utils- connection created succesfully
2021-08-09 21:33:47,897 [http-nio-8081-exec-4] DEBUG org.anatkor.servlets.LoginServlet- User servlet called
2021-08-09 21:33:47,897 [http-nio-8081-exec-4] DEBUG org.anatkor.dao.Utils- connection try
2021-08-09 21:33:47,897 [http-nio-8081-exec-4] DEBUG org.anatkor.dao.Utils- connection created succesfully
2021-08-09 21:41:48,316 [http-nio-8081-exec-3] DEBUG org.anatkor.servlets.LoginServlet- User servlet called
2021-08-09 21:41:48,316 [http-nio-8081-exec-3] DEBUG org.anatkor.dao.Utils- connection try
2021-08-09 21:41:48,317 [http-nio-8081-exec-3] DEBUG org.anatkor.dao.Utils- connection created succesfully
2021-08-09 21:42:25,814 [http-nio-8081-exec-4] DEBUG org.anatkor.servlets.UsersServlet- User servlet called
2021-08-09 21:42:25,814 [http-nio-8081-exec-4] DEBUG org.anatkor.dao.Utils- connection try
2021-08-09 21:42:25,815 [http-nio-8081-exec-4] DEBUG org.anatkor.dao.Utils- connection created succesfully
2021-08-09 21:43:26,942 [http-nio-8081-exec-3] DEBUG org.anatkor.servlets.LoginServlet- User servlet called
2021-08-09 21:43:26,942 [http-nio-8081-exec-3] DEBUG org.anatkor.dao.Utils- connection try
2021-08-09 21:43:26,943 [http-nio-8081-exec-3] DEBUG org.anatkor.dao.Utils- connection created succesfully
2021-08-09 21:43:48,128 [http-nio-8081-exec-5] DEBUG org.anatkor.servlets.LoginServlet- User servlet called
2021-08-09 21:43:48,129 [http-nio-8081-exec-5] DEBUG org.anatkor.dao.Utils- connection try
2021-08-09 21:43:48,129 [http-nio-8081-exec-5] DEBUG org.anatkor.dao.Utils- connection created succesfully
2021-08-09 21:45:34,304 [http-nio-8081-exec-8] DEBUG org.anatkor.servlets.LoginServlet- User servlet called
2021-08-09 21:50:27,712 [http-nio-8081-exec-8] DEBUG org.anatkor.dao.Utils- connection try
2021-08-09 21:50:27,714 [http-nio-8081-exec-8] DEBUG org.anatkor.dao.Utils- connection created succesfully
2021-08-09 21:50:41,420 [http-nio-8081-exec-4] DEBUG org.anatkor.servlets.LoginServlet- User servlet called
2021-08-09 21:50:41,421 [http-nio-8081-exec-4] DEBUG org.anatkor.dao.Utils- connection try
2021-08-09 21:50:41,421 [http-nio-8081-exec-4] DEBUG org.anatkor.dao.Utils- connection created succesfully
2021-08-09 21:50:47,204 [http-nio-8081-exec-7] DEBUG org.anatkor.servlets.LoginServlet- User servlet called
2021-08-09 21:50:47,204 [http-nio-8081-exec-7] DEBUG org.anatkor.dao.Utils- connection try
2021-08-09 21:50:47,205 [http-nio-8081-exec-7] DEBUG org.anatkor.dao.Utils- connection created succesfully
2021-08-09 21:50:53,717 [http-nio-8081-exec-9] DEBUG org.anatkor.servlets.LoginServlet- User servlet called
2021-08-09 21:50:53,717 [http-nio-8081-exec-9] DEBUG org.anatkor.dao.Utils- connection try
2021-08-09 21:50:53,718 [http-nio-8081-exec-9] DEBUG org.anatkor.dao.Utils- connection created succesfully
2021-08-09 21:51:35,147 [http-nio-8081-exec-7] DEBUG org.anatkor.servlets.LoginServlet- User servlet called
2021-08-09 21:51:35,147 [http-nio-8081-exec-7] DEBUG org.anatkor.dao.Utils- connection try
2021-08-09 21:51:35,148 [http-nio-8081-exec-7] DEBUG org.anatkor.dao.Utils- connection created succesfully
2021-08-09 21:51:58,231 [http-nio-8081-exec-4] DEBUG org.anatkor.servlets.LoginServlet- User servlet called
2021-08-09 21:51:58,241 [http-nio-8081-exec-4] DEBUG org.anatkor.dao.Utils- connection try
2021-08-09 21:51:58,246 [http-nio-8081-exec-4] DEBUG org.anatkor.dao.Utils- connection created succesfully
2021-08-09 21:52:01,452 [http-nio-8081-exec-6] DEBUG org.anatkor.servlets.UserServlet- User servlet called
2021-08-09 21:52:07,154 [http-nio-8081-exec-8] DEBUG org.anatkor.servlets.UserServlet- User servlet called
2021-08-09 21:52:20,884 [http-nio-8081-exec-1] DEBUG org.anatkor.servlets.UserServlet- User servlet called
2021-08-09 21:52:27,492 [http-nio-8081-exec-11] DEBUG org.anatkor.servlets.UserServlet- User servlet called
2021-08-09 21:52:27,973 [http-nio-8081-exec-12] DEBUG org.anatkor.servlets.UserServlet- User servlet called
2021-08-09 21:52:28,486 [http-nio-8081-exec-3] DEBUG org.anatkor.servlets.UserServlet- User servlet called
2021-08-09 21:52:29,241 [http-nio-8081-exec-7] DEBUG org.anatkor.servlets.UserServlet- User servlet called
2021-08-09 21:52:29,637 [http-nio-8081-exec-16] DEBUG org.anatkor.servlets.UserServlet- User servlet called
2021-08-09 21:52:29,977 [http-nio-8081-exec-11] DEBUG org.anatkor.servlets.UserServlet- User servlet called
2021-08-09 21:52:30,345 [http-nio-8081-exec-12] DEBUG org.anatkor.servlets.UserServlet- User servlet called
2021-08-09 21:52:30,718 [http-nio-8081-exec-3] DEBUG org.anatkor.servlets.UserServlet- User servlet called
2021-08-09 21:52:33,618 [http-nio-8081-exec-16] DEBUG org.anatkor.servlets.UsersServlet- User servlet called
2021-08-09 21:52:33,618 [http-nio-8081-exec-16] DEBUG org.anatkor.dao.Utils- connection try
2021-08-09 21:52:33,619 [http-nio-8081-exec-16] DEBUG org.anatkor.dao.Utils- connection created succesfully
2021-08-09 21:52:37,770 [http-nio-8081-exec-11] DEBUG org.anatkor.servlets.UserServlet- User servlet called
2021-08-09 21:53:14,259 [http-nio-8081-exec-15] DEBUG org.anatkor.servlets.UserServlet- User servlet called
2021-08-09 22:00:35,839 [http-nio-8081-exec-17] DEBUG org.anatkor.servlets.UserServlet- User servlet called
2021-08-09 22:00:52,494 [http-nio-8081-exec-18] DEBUG org.anatkor.servlets.UsersServlet- User servlet called
2021-08-09 22:00:52,494 [http-nio-8081-exec-18] DEBUG org.anatkor.dao.Utils- connection try
2021-08-09 22:00:52,495 [http-nio-8081-exec-18] DEBUG org.anatkor.dao.Utils- connection created succesfully
2021-08-09 22:03:03,628 [http-nio-8081-exec-20] DEBUG org.anatkor.servlets.UsersServlet- User servlet called
2021-08-09 22:03:03,628 [http-nio-8081-exec-20] DEBUG org.anatkor.dao.Utils- connection try
2021-08-09 22:03:03,629 [http-nio-8081-exec-20] DEBUG org.anatkor.dao.Utils- connection created succesfully
2021-08-09 22:05:29,343 [http-nio-8081-exec-13] DEBUG org.anatkor.servlets.UsersServlet- User servlet called
2021-08-09 22:05:29,343 [http-nio-8081-exec-13] DEBUG org.anatkor.dao.Utils- connection try
2021-08-09 22:05:29,344 [http-nio-8081-exec-13] DEBUG org.anatkor.dao.Utils- connection created succesfully
2021-08-09 22:09:14,463 [http-nio-8081-exec-15] DEBUG org.anatkor.servlets.UsersServlet- User servlet called
2021-08-09 22:09:14,463 [http-nio-8081-exec-15] DEBUG org.anatkor.dao.Utils- connection try
2021-08-09 22:09:14,464 [http-nio-8081-exec-15] DEBUG org.anatkor.dao.Utils- connection created succesfully
2021-08-09 22:10:08,929 [http-nio-8081-exec-17] DEBUG org.anatkor.servlets.UsersServlet- User servlet called
2021-08-09 22:10:08,929 [http-nio-8081-exec-17] DEBUG org.anatkor.dao.Utils- connection try
2021-08-09 22:10:08,930 [http-nio-8081-exec-17] DEBUG org.anatkor.dao.Utils- connection created succesfully
2021-08-09 22:10:11,563 [http-nio-8081-exec-13] DEBUG org.anatkor.servlets.UsersServlet- User servlet called
2021-08-09 22:10:11,563 [http-nio-8081-exec-13] DEBUG org.anatkor.dao.Utils- connection try
2021-08-09 22:10:11,564 [http-nio-8081-exec-13] DEBUG org.anatkor.dao.Utils- connection created succesfully
2021-08-09 22:10:12,639 [http-nio-8081-exec-18] DEBUG org.anatkor.servlets.UsersServlet- User servlet called
2021-08-09 22:10:12,640 [http-nio-8081-exec-18] DEBUG org.anatkor.dao.Utils- connection try
2021-08-09 22:10:12,640 [http-nio-8081-exec-18] DEBUG org.anatkor.dao.Utils- connection created succesfully
2021-08-09 22:10:13,215 [http-nio-8081-exec-15] DEBUG org.anatkor.servlets.UsersServlet- User servlet called
2021-08-09 22:10:13,215 [http-nio-8081-exec-15] DEBUG org.anatkor.dao.Utils- connection try
2021-08-09 22:10:13,215 [http-nio-8081-exec-15] DEBUG org.anatkor.dao.Utils- connection created succesfully
2021-08-09 22:10:13,610 [http-nio-8081-exec-20] DEBUG org.anatkor.servlets.UsersServlet- User servlet called
2021-08-09 22:10:13,610 [http-nio-8081-exec-20] DEBUG org.anatkor.dao.Utils- connection try
2021-08-09 22:10:13,610 [http-nio-8081-exec-20] DEBUG org.anatkor.dao.Utils- connection created succesfully
2021-08-09 22:10:14,226 [http-nio-8081-exec-17] DEBUG org.anatkor.servlets.UsersServlet- User servlet called
2021-08-09 22:10:14,226 [http-nio-8081-exec-17] DEBUG org.anatkor.dao.Utils- connection try
2021-08-09 22:10:14,227 [http-nio-8081-exec-17] DEBUG org.anatkor.dao.Utils- connection created succesfully
2021-08-09 22:10:14,668 [http-nio-8081-exec-13] DEBUG org.anatkor.servlets.UsersServlet- User servlet called
2021-08-09 22:10:14,669 [http-nio-8081-exec-13] DEBUG org.anatkor.dao.Utils- connection try
2021-08-09 22:10:14,669 [http-nio-8081-exec-13] DEBUG org.anatkor.dao.Utils- connection created succesfully
2021-08-09 22:10:15,418 [http-nio-8081-exec-18] DEBUG org.anatkor.servlets.UsersServlet- User servlet called
2021-08-09 22:10:15,418 [http-nio-8081-exec-18] DEBUG org.anatkor.dao.Utils- connection try
2021-08-09 22:10:15,418 [http-nio-8081-exec-18] DEBUG org.anatkor.dao.Utils- connection created succesfully
2021-08-09 22:10:15,835 [http-nio-8081-exec-15] DEBUG org.anatkor.servlets.UsersServlet- User servlet called
2021-08-09 22:10:15,836 [http-nio-8081-exec-15] DEBUG org.anatkor.dao.Utils- connection try
2021-08-09 22:10:15,836 [http-nio-8081-exec-15] DEBUG org.anatkor.dao.Utils- connection created succesfully
2021-08-09 22:10:16,390 [http-nio-8081-exec-20] DEBUG org.anatkor.servlets.UsersServlet- User servlet called
2021-08-09 22:10:16,390 [http-nio-8081-exec-20] DEBUG org.anatkor.dao.Utils- connection try
2021-08-09 22:10:16,390 [http-nio-8081-exec-20] DEBUG org.anatkor.dao.Utils- connection created succesfully
2021-08-09 22:10:16,795 [http-nio-8081-exec-17] DEBUG org.anatkor.servlets.UsersServlet- User servlet called
2021-08-09 22:10:16,795 [http-nio-8081-exec-17] DEBUG org.anatkor.dao.Utils- connection try
2021-08-09 22:10:16,795 [http-nio-8081-exec-17] DEBUG org.anatkor.dao.Utils- connection created succesfully
2021-08-09 22:10:17,194 [http-nio-8081-exec-13] DEBUG org.anatkor.servlets.UsersServlet- User servlet called
2021-08-09 22:10:17,194 [http-nio-8081-exec-13] DEBUG org.anatkor.dao.Utils- connection try
2021-08-09 22:10:17,194 [http-nio-8081-exec-13] DEBUG org.anatkor.dao.Utils- connection created succesfully
2021-08-09 22:10:17,566 [http-nio-8081-exec-18] DEBUG org.anatkor.servlets.UsersServlet- User servlet called
2021-08-09 22:10:17,567 [http-nio-8081-exec-18] DEBUG org.anatkor.dao.Utils- connection try
2021-08-09 22:10:17,567 [http-nio-8081-exec-18] DEBUG org.anatkor.dao.Utils- connection created succesfully
2021-08-09 22:10:18,046 [http-nio-8081-exec-15] DEBUG org.anatkor.servlets.UsersServlet- User servlet called
2021-08-09 22:10:18,046 [http-nio-8081-exec-15] DEBUG org.anatkor.dao.Utils- connection try
2021-08-09 22:10:18,046 [http-nio-8081-exec-15] DEBUG org.anatkor.dao.Utils- connection created succesfully
2021-08-09 22:11:04,291 [http-nio-8081-exec-17] DEBUG org.anatkor.servlets.UsersServlet- User servlet called
2021-08-09 22:11:04,291 [http-nio-8081-exec-17] DEBUG org.anatkor.dao.Utils- connection try
2021-08-09 22:11:04,292 [http-nio-8081-exec-17] DEBUG org.anatkor.dao.Utils- connection created succesfully
2021-08-09 22:11:05,083 [http-nio-8081-exec-13] DEBUG org.anatkor.servlets.UsersServlet- User servlet called
2021-08-09 22:11:05,084 [http-nio-8081-exec-13] DEBUG org.anatkor.dao.Utils- connection try
2021-08-09 22:11:05,084 [http-nio-8081-exec-13] DEBUG org.anatkor.dao.Utils- connection created succesfully
2021-08-09 22:11:05,940 [http-nio-8081-exec-18] DEBUG org.anatkor.servlets.UsersServlet- User servlet called
2021-08-09 22:11:05,940 [http-nio-8081-exec-18] DEBUG org.anatkor.dao.Utils- connection try
2021-08-09 22:11:05,940 [http-nio-8081-exec-18] DEBUG org.anatkor.dao.Utils- connection created succesfully
2021-08-09 22:11:06,535 [http-nio-8081-exec-15] DEBUG org.anatkor.servlets.UsersServlet- User servlet called
2021-08-09 22:11:06,535 [http-nio-8081-exec-15] DEBUG org.anatkor.dao.Utils- connection try
2021-08-09 22:11:06,536 [http-nio-8081-exec-15] DEBUG org.anatkor.dao.Utils- connection created succesfully
2021-08-09 22:11:07,123 [http-nio-8081-exec-20] DEBUG org.anatkor.servlets.UsersServlet- User servlet called
2021-08-09 22:11:07,124 [http-nio-8081-exec-20] DEBUG org.anatkor.dao.Utils- connection try
2021-08-09 22:11:07,124 [http-nio-8081-exec-20] DEBUG org.anatkor.dao.Utils- connection created succesfully
2021-08-09 22:11:07,796 [http-nio-8081-exec-17] DEBUG org.anatkor.servlets.UsersServlet- User servlet called
2021-08-09 22:11:07,796 [http-nio-8081-exec-17] DEBUG org.anatkor.dao.Utils- connection try
2021-08-09 22:11:07,796 [http-nio-8081-exec-17] DEBUG org.anatkor.dao.Utils- connection created succesfully
2021-08-09 22:11:08,712 [http-nio-8081-exec-13] DEBUG org.anatkor.servlets.UsersServlet- User servlet called
2021-08-09 22:11:08,712 [http-nio-8081-exec-13] DEBUG org.anatkor.dao.Utils- connection try
2021-08-09 22:11:08,712 [http-nio-8081-exec-13] DEBUG org.anatkor.dao.Utils- connection created succesfully
2021-08-09 22:11:09,236 [http-nio-8081-exec-18] DEBUG org.anatkor.servlets.UsersServlet- User servlet called
2021-08-09 22:11:09,236 [http-nio-8081-exec-18] DEBUG org.anatkor.dao.Utils- connection try
2021-08-09 22:11:09,236 [http-nio-8081-exec-18] DEBUG org.anatkor.dao.Utils- connection created succesfully
2021-08-09 22:11:09,692 [http-nio-8081-exec-15] DEBUG org.anatkor.servlets.UsersServlet- User servlet called
2021-08-09 22:11:09,692 [http-nio-8081-exec-15] DEBUG org.anatkor.dao.Utils- connection try
2021-08-09 22:11:09,693 [http-nio-8081-exec-15] DEBUG org.anatkor.dao.Utils- connection created succesfully
2021-08-09 22:11:10,168 [http-nio-8081-exec-20] DEBUG org.anatkor.servlets.UsersServlet- User servlet called
2021-08-09 22:11:10,168 [http-nio-8081-exec-20] DEBUG org.anatkor.dao.Utils- connection try
2021-08-09 22:11:10,168 [http-nio-8081-exec-20] DEBUG org.anatkor.dao.Utils- connection created succesfully
2021-08-09 22:11:10,625 [http-nio-8081-exec-17] DEBUG org.anatkor.servlets.UsersServlet- User servlet called
2021-08-09 22:11:10,625 [http-nio-8081-exec-17] DEBUG org.anatkor.dao.Utils- connection try
2021-08-09 22:11:10,625 [http-nio-8081-exec-17] DEBUG org.anatkor.dao.Utils- connection created succesfully
2021-08-09 22:11:11,069 [http-nio-8081-exec-13] DEBUG org.anatkor.servlets.UsersServlet- User servlet called
2021-08-09 22:11:11,069 [http-nio-8081-exec-13] DEBUG org.anatkor.dao.Utils- connection try
2021-08-09 22:11:11,069 [http-nio-8081-exec-13] DEBUG org.anatkor.dao.Utils- connection created succesfully
2021-08-09 22:11:11,592 [http-nio-8081-exec-18] DEBUG org.anatkor.servlets.UsersServlet- User servlet called
2021-08-09 22:11:11,592 [http-nio-8081-exec-18] DEBUG org.anatkor.dao.Utils- connection try
2021-08-09 22:11:11,593 [http-nio-8081-exec-18] DEBUG org.anatkor.dao.Utils- connection created succesfully
2021-08-09 22:11:12,325 [http-nio-8081-exec-15] DEBUG org.anatkor.servlets.UsersServlet- User servlet called
2021-08-09 22:11:12,325 [http-nio-8081-exec-15] DEBUG org.anatkor.dao.Utils- connection try
2021-08-09 22:11:12,325 [http-nio-8081-exec-15] DEBUG org.anatkor.dao.Utils- connection created succesfully
2021-08-09 22:11:12,861 [http-nio-8081-exec-20] DEBUG org.anatkor.servlets.UsersServlet- User servlet called
2021-08-09 22:11:12,861 [http-nio-8081-exec-20] DEBUG org.anatkor.dao.Utils- connection try
2021-08-09 22:11:12,861 [http-nio-8081-exec-20] DEBUG org.anatkor.dao.Utils- connection created succesfully
2021-08-09 22:14:07,255 [http-nio-8081-exec-22] DEBUG org.anatkor.servlets.LoginServlet- User servlet called
2021-08-09 22:14:07,265 [http-nio-8081-exec-22] DEBUG org.anatkor.dao.Utils- connection try
2021-08-09 22:14:07,270 [http-nio-8081-exec-22] DEBUG org.anatkor.dao.Utils- connection created succesfully
2021-08-09 22:14:10,962 [http-nio-8081-exec-26] DEBUG org.anatkor.servlets.UserServlet- User servlet called
2021-08-09 22:14:16,962 [http-nio-8081-exec-28] DEBUG org.anatkor.servlets.UserServlet- User servlet called
2021-08-09 22:14:57,033 [http-nio-8081-exec-23] DEBUG org.anatkor.dao.Utils- connection try
2021-08-09 22:14:57,034 [http-nio-8081-exec-23] DEBUG org.anatkor.dao.Utils- connection created succesfully
2021-08-09 22:14:57,087 [http-nio-8081-exec-23] INFO  org.anatkor.dao.UserDao- User ?????????????µ?»?????? ???»?????????µ ?????? ?±?????µ?? ?·???µ???? is added
2021-08-09 22:14:57,091 [http-nio-8081-exec-23] INFO  org.anatkor.dao.UserDao- User ?????????????µ?»?????? ???»?????????µ ?????? ?±?????µ?? ?·???µ???? with role  is added
2021-08-09 22:14:57,095 [http-nio-8081-exec-28] DEBUG org.anatkor.servlets.LoginServlet- User servlet called
2021-08-09 22:15:09,357 [http-nio-8081-exec-24] DEBUG org.anatkor.servlets.LoginServlet- User servlet called
2021-08-09 22:15:09,358 [http-nio-8081-exec-24] DEBUG org.anatkor.dao.Utils- connection try
2021-08-09 22:15:09,358 [http-nio-8081-exec-24] DEBUG org.anatkor.dao.Utils- connection created succesfully
2021-08-09 22:15:13,680 [http-nio-8081-exec-29] DEBUG org.anatkor.servlets.UserServlet- User servlet called
2021-08-09 22:15:46,850 [http-nio-8081-exec-26] DEBUG org.anatkor.servlets.UserServlet- User servlet called
2021-08-09 22:15:47,482 [http-nio-8081-exec-28] DEBUG org.anatkor.servlets.UserServlet- User servlet called
2021-08-09 22:15:48,020 [http-nio-8081-exec-30] DEBUG org.anatkor.servlets.UserServlet- User servlet called
2021-08-09 22:15:48,520 [http-nio-8081-exec-29] DEBUG org.anatkor.servlets.UserServlet- User servlet called
2021-08-09 22:15:48,825 [http-nio-8081-exec-25] DEBUG org.anatkor.servlets.UserServlet- User servlet called
2021-08-09 22:15:53,011 [http-nio-8081-exec-28] DEBUG org.anatkor.servlets.UsersServlet- User servlet called
2021-08-09 22:15:53,011 [http-nio-8081-exec-28] DEBUG org.anatkor.dao.Utils- connection try
2021-08-09 22:15:53,012 [http-nio-8081-exec-28] DEBUG org.anatkor.dao.Utils- connection created succesfully
2021-08-09 22:16:13,716 [http-nio-8081-exec-21] DEBUG org.anatkor.servlets.LoginServlet- User servlet called
2021-08-09 22:16:13,716 [http-nio-8081-exec-21] DEBUG org.anatkor.dao.Utils- connection try
2021-08-09 22:16:13,717 [http-nio-8081-exec-21] DEBUG org.anatkor.dao.Utils- connection created succesfully
2021-08-09 22:16:36,963 [http-nio-8081-exec-28] DEBUG org.anatkor.dao.Utils- connection try
2021-08-09 22:16:36,964 [http-nio-8081-exec-28] DEBUG org.anatkor.dao.Utils- connection created succesfully
2021-08-09 22:16:37,008 [http-nio-8081-exec-28] INFO  org.anatkor.dao.UserDao- User ???°?????°?? is added
2021-08-09 22:16:37,009 [http-nio-8081-exec-28] INFO  org.anatkor.dao.UserDao- User ???°?????°?? with role  is added
2021-08-09 22:16:37,013 [http-nio-8081-exec-27] DEBUG org.anatkor.servlets.LoginServlet- User servlet called
2021-08-09 22:16:43,465 [http-nio-8081-exec-24] DEBUG org.anatkor.servlets.LoginServlet- User servlet called
2021-08-09 22:16:43,465 [http-nio-8081-exec-24] DEBUG org.anatkor.dao.Utils- connection try
2021-08-09 22:16:43,466 [http-nio-8081-exec-24] DEBUG org.anatkor.dao.Utils- connection created succesfully
2021-08-09 22:16:49,472 [http-nio-8081-exec-21] DEBUG org.anatkor.servlets.LoginServlet- User servlet called
2021-08-09 22:16:49,473 [http-nio-8081-exec-21] DEBUG org.anatkor.dao.Utils- connection try
2021-08-09 22:16:49,473 [http-nio-8081-exec-21] DEBUG org.anatkor.dao.Utils- connection created succesfully
2021-08-09 22:16:51,497 [http-nio-8081-exec-22] DEBUG org.anatkor.servlets.LoginServlet- User servlet called
2021-08-09 22:16:51,497 [http-nio-8081-exec-22] DEBUG org.anatkor.dao.Utils- connection try
2021-08-09 22:16:51,497 [http-nio-8081-exec-22] DEBUG org.anatkor.dao.Utils- connection created succesfully
2021-08-09 22:16:52,517 [http-nio-8081-exec-23] DEBUG org.anatkor.servlets.LoginServlet- User servlet called
2021-08-09 22:16:52,518 [http-nio-8081-exec-23] DEBUG org.anatkor.dao.Utils- connection try
2021-08-09 22:16:52,518 [http-nio-8081-exec-23] DEBUG org.anatkor.dao.Utils- connection created succesfully
2021-08-09 22:17:07,285 [http-nio-8081-exec-30] DEBUG org.anatkor.servlets.LoginServlet- User servlet called
2021-08-09 22:17:07,286 [http-nio-8081-exec-30] DEBUG org.anatkor.dao.Utils- connection try
2021-08-09 22:17:07,286 [http-nio-8081-exec-30] DEBUG org.anatkor.dao.Utils- connection created succesfully
2021-08-09 22:17:16,827 [http-nio-8081-exec-29] DEBUG org.anatkor.servlets.LoginServlet- User servlet called
2021-08-09 22:17:16,828 [http-nio-8081-exec-29] DEBUG org.anatkor.dao.Utils- connection try
2021-08-09 22:17:16,828 [http-nio-8081-exec-29] DEBUG org.anatkor.dao.Utils- connection created succesfully
2021-08-09 22:18:09,540 [http-nio-8081-exec-23] DEBUG org.anatkor.dao.Utils- connection try
2021-08-09 22:18:09,553 [http-nio-8081-exec-23] DEBUG org.anatkor.dao.Utils- connection created succesfully
2021-08-09 22:18:09,684 [http-nio-8081-exec-23] INFO  org.anatkor.dao.UserDao- User ?µ???????? is added
2021-08-09 22:18:09,686 [http-nio-8081-exec-23] INFO  org.anatkor.dao.UserDao- User ?µ???????? with role  is added
2021-08-09 22:18:09,690 [http-nio-8081-exec-30] DEBUG org.anatkor.servlets.LoginServlet- User servlet called
2021-08-09 22:18:15,710 [http-nio-8081-exec-26] DEBUG org.anatkor.servlets.LoginServlet- User servlet called
2021-08-09 22:18:15,711 [http-nio-8081-exec-26] DEBUG org.anatkor.dao.Utils- connection try
2021-08-09 22:18:15,711 [http-nio-8081-exec-26] DEBUG org.anatkor.dao.Utils- connection created succesfully
2021-08-09 22:18:19,808 [http-nio-8081-exec-25] DEBUG org.anatkor.servlets.UserServlet- User servlet called
2021-08-09 22:21:29,054 [http-nio-8081-exec-33] DEBUG org.anatkor.servlets.LoginServlet- User servlet called
2021-08-09 22:21:29,054 [http-nio-8081-exec-33] DEBUG org.anatkor.dao.Utils- connection try
2021-08-09 22:21:29,055 [http-nio-8081-exec-33] DEBUG org.anatkor.dao.Utils- connection created succesfully
2021-08-09 22:21:39,432 [http-nio-8081-exec-37] DEBUG org.anatkor.dao.Utils- connection try
2021-08-09 22:21:39,433 [http-nio-8081-exec-37] DEBUG org.anatkor.dao.Utils- connection created succesfully
2021-08-09 22:21:39,478 [http-nio-8081-exec-37] INFO  org.anatkor.dao.UserDao- User ?????µ?????µ is added
2021-08-09 22:21:39,479 [http-nio-8081-exec-37] INFO  org.anatkor.dao.UserDao- User ?????µ?????µ with role  is added
2021-08-09 22:21:39,483 [http-nio-8081-exec-38] DEBUG org.anatkor.servlets.LoginServlet- User servlet called
2021-08-09 22:21:49,601 [http-nio-8081-exec-31] DEBUG org.anatkor.servlets.LoginServlet- User servlet called
2021-08-09 22:21:49,601 [http-nio-8081-exec-31] DEBUG org.anatkor.dao.Utils- connection try
2021-08-09 22:21:49,602 [http-nio-8081-exec-31] DEBUG org.anatkor.dao.Utils- connection created succesfully
2021-08-09 22:22:01,242 [http-nio-8081-exec-32] DEBUG org.anatkor.servlets.UserServlet- User servlet called
2021-08-09 22:25:23,366 [http-nio-8081-exec-36] DEBUG org.anatkor.servlets.UserServlet- User servlet called
2021-08-09 22:25:33,428 [http-nio-8081-exec-32] DEBUG org.anatkor.dao.Utils- connection try
2021-08-09 22:25:33,429 [http-nio-8081-exec-32] DEBUG org.anatkor.dao.Utils- connection created succesfully
2021-08-09 22:25:33,474 [http-nio-8081-exec-32] INFO  org.anatkor.dao.UserDao- User ?????? is added
2021-08-09 22:25:33,476 [http-nio-8081-exec-32] INFO  org.anatkor.dao.UserDao- User ?????? with role  is added
2021-08-09 22:25:33,479 [http-nio-8081-exec-33] DEBUG org.anatkor.servlets.LoginServlet- User servlet called
2021-08-09 22:25:36,070 [http-nio-8081-exec-35] DEBUG org.anatkor.servlets.LoginServlet- User servlet called
2021-08-09 22:25:36,070 [http-nio-8081-exec-35] DEBUG org.anatkor.dao.Utils- connection try
2021-08-09 22:25:36,070 [http-nio-8081-exec-35] DEBUG org.anatkor.dao.Utils- connection created succesfully
2021-08-09 22:25:40,601 [http-nio-8081-exec-36] DEBUG org.anatkor.servlets.UserServlet- User servlet called
2021-08-09 22:25:50,754 [http-nio-8081-exec-31] DEBUG org.anatkor.servlets.UsersServlet- User servlet called
2021-08-09 22:25:50,755 [http-nio-8081-exec-31] DEBUG org.anatkor.dao.Utils- connection try
2021-08-09 22:25:50,755 [http-nio-8081-exec-31] DEBUG org.anatkor.dao.Utils- connection created succesfully
2021-08-09 22:26:20,742 [http-nio-8081-exec-35] DEBUG org.anatkor.dao.Utils- connection try
2021-08-09 22:26:20,755 [http-nio-8081-exec-35] DEBUG org.anatkor.dao.Utils- connection created succesfully
2021-08-09 22:26:20,889 [http-nio-8081-exec-35] INFO  org.anatkor.dao.UserDao- User σκεσκε is added
2021-08-09 22:26:20,892 [http-nio-8081-exec-35] INFO  org.anatkor.dao.UserDao- User σκεσκε with role  is added
2021-08-09 22:26:20,896 [http-nio-8081-exec-34] DEBUG org.anatkor.servlets.LoginServlet- User servlet called
2021-08-09 22:26:29,675 [http-nio-8081-exec-31] DEBUG org.anatkor.servlets.LoginServlet- User servlet called
2021-08-09 22:26:29,675 [http-nio-8081-exec-31] DEBUG org.anatkor.dao.Utils- connection try
2021-08-09 22:26:29,675 [http-nio-8081-exec-31] DEBUG org.anatkor.dao.Utils- connection created succesfully
2021-08-09 22:26:59,249 [http-nio-8081-exec-34] DEBUG org.anatkor.dao.Utils- connection try
2021-08-09 22:26:59,250 [http-nio-8081-exec-34] DEBUG org.anatkor.dao.Utils- connection created succesfully
2021-08-09 22:26:59,290 [http-nio-8081-exec-34] INFO  org.anatkor.dao.UserDao- User σκεσκεσκεσκε is added
2021-08-09 22:26:59,292 [http-nio-8081-exec-34] INFO  org.anatkor.dao.UserDao- User σκεσκεσκεσκε with role  is added
2021-08-09 22:26:59,295 [http-nio-8081-exec-40] DEBUG org.anatkor.servlets.LoginServlet- User servlet called
2021-08-09 22:27:08,734 [http-nio-8081-exec-41] DEBUG org.anatkor.servlets.LoginServlet- User servlet called
2021-08-09 22:27:08,735 [http-nio-8081-exec-41] DEBUG org.anatkor.dao.Utils- connection try
2021-08-09 22:27:08,735 [http-nio-8081-exec-41] DEBUG org.anatkor.dao.Utils- connection created succesfully
2021-08-09 22:27:12,403 [http-nio-8081-exec-43] DEBUG org.anatkor.servlets.UsersServlet- User servlet called
2021-08-09 22:27:12,403 [http-nio-8081-exec-43] DEBUG org.anatkor.dao.Utils- connection try
2021-08-09 22:27:12,403 [http-nio-8081-exec-43] DEBUG org.anatkor.dao.Utils- connection created succesfully
2021-08-09 22:27:55,944 [http-nio-8081-exec-40] DEBUG org.anatkor.servlets.UsersServlet- User servlet called
2021-08-09 22:27:55,944 [http-nio-8081-exec-40] DEBUG org.anatkor.dao.Utils- connection try
2021-08-09 22:27:55,945 [http-nio-8081-exec-40] DEBUG org.anatkor.dao.Utils- connection created succesfully
2021-08-09 22:27:56,638 [http-nio-8081-exec-41] DEBUG org.anatkor.servlets.UsersServlet- User servlet called
2021-08-09 22:27:56,639 [http-nio-8081-exec-41] DEBUG org.anatkor.dao.Utils- connection try
2021-08-09 22:27:56,639 [http-nio-8081-exec-41] DEBUG org.anatkor.dao.Utils- connection created succesfully
2021-08-09 22:27:57,382 [http-nio-8081-exec-42] DEBUG org.anatkor.servlets.UsersServlet- User servlet called
2021-08-09 22:27:57,383 [http-nio-8081-exec-42] DEBUG org.anatkor.dao.Utils- connection try
2021-08-09 22:27:57,383 [http-nio-8081-exec-42] DEBUG org.anatkor.dao.Utils- connection created succesfully
2021-08-09 22:27:57,974 [http-nio-8081-exec-43] DEBUG org.anatkor.servlets.UsersServlet- User servlet called
2021-08-09 22:27:57,975 [http-nio-8081-exec-43] DEBUG org.anatkor.dao.Utils- connection try
2021-08-09 22:27:57,975 [http-nio-8081-exec-43] DEBUG org.anatkor.dao.Utils- connection created succesfully
2021-08-09 22:27:58,571 [http-nio-8081-exec-44] DEBUG org.anatkor.servlets.UsersServlet- User servlet called
2021-08-09 22:27:58,571 [http-nio-8081-exec-44] DEBUG org.anatkor.dao.Utils- connection try
2021-08-09 22:27:58,572 [http-nio-8081-exec-44] DEBUG org.anatkor.dao.Utils- connection created succesfully
2021-08-09 22:27:59,023 [http-nio-8081-exec-50] DEBUG org.anatkor.servlets.UsersServlet- User servlet called
2021-08-09 22:27:59,023 [http-nio-8081-exec-50] DEBUG org.anatkor.dao.Utils- connection try
2021-08-09 22:27:59,023 [http-nio-8081-exec-50] DEBUG org.anatkor.dao.Utils- connection created succesfully
2021-08-09 22:27:59,534 [http-nio-8081-exec-41] DEBUG org.anatkor.servlets.UsersServlet- User servlet called
2021-08-09 22:27:59,535 [http-nio-8081-exec-41] DEBUG org.anatkor.dao.Utils- connection try
2021-08-09 22:27:59,535 [http-nio-8081-exec-41] DEBUG org.anatkor.dao.Utils- connection created succesfully
2021-08-09 22:27:59,931 [http-nio-8081-exec-42] DEBUG org.anatkor.servlets.UsersServlet- User servlet called
2021-08-09 22:27:59,931 [http-nio-8081-exec-42] DEBUG org.anatkor.dao.Utils- connection try
2021-08-09 22:27:59,931 [http-nio-8081-exec-42] DEBUG org.anatkor.dao.Utils- connection created succesfully
2021-08-09 22:28:00,696 [http-nio-8081-exec-43] DEBUG org.anatkor.servlets.UsersServlet- User servlet called
2021-08-09 22:28:00,696 [http-nio-8081-exec-43] DEBUG org.anatkor.dao.Utils- connection try
2021-08-09 22:28:00,696 [http-nio-8081-exec-43] DEBUG org.anatkor.dao.Utils- connection created succesfully
2021-08-09 22:28:01,375 [http-nio-8081-exec-44] DEBUG org.anatkor.servlets.UsersServlet- User servlet called
2021-08-09 22:28:01,375 [http-nio-8081-exec-44] DEBUG org.anatkor.dao.Utils- connection try
2021-08-09 22:28:01,375 [http-nio-8081-exec-44] DEBUG org.anatkor.dao.Utils- connection created succesfully
2021-08-09 22:28:02,515 [http-nio-8081-exec-50] DEBUG org.anatkor.servlets.UsersServlet- User servlet called
2021-08-09 22:28:02,516 [http-nio-8081-exec-50] DEBUG org.anatkor.dao.Utils- connection try
2021-08-09 22:28:02,516 [http-nio-8081-exec-50] DEBUG org.anatkor.dao.Utils- connection created succesfully
2021-08-09 22:28:03,148 [http-nio-8081-exec-41] DEBUG org.anatkor.servlets.UsersServlet- User servlet called
2021-08-09 22:28:03,148 [http-nio-8081-exec-41] DEBUG org.anatkor.dao.Utils- connection try
2021-08-09 22:28:03,148 [http-nio-8081-exec-41] DEBUG org.anatkor.dao.Utils- connection created succesfully
2021-08-09 22:28:05,135 [http-nio-8081-exec-42] DEBUG org.anatkor.servlets.UsersServlet- User servlet called
2021-08-09 22:28:05,135 [http-nio-8081-exec-42] DEBUG org.anatkor.dao.Utils- connection try
2021-08-09 22:28:05,135 [http-nio-8081-exec-42] DEBUG org.anatkor.dao.Utils- connection created succesfully
2021-08-09 22:28:06,004 [http-nio-8081-exec-43] DEBUG org.anatkor.servlets.UsersServlet- User servlet called
2021-08-09 22:28:06,004 [http-nio-8081-exec-43] DEBUG org.anatkor.dao.Utils- connection try
2021-08-09 22:28:06,004 [http-nio-8081-exec-43] DEBUG org.anatkor.dao.Utils- connection created succesfully
2021-08-09 22:28:14,938 [http-nio-8081-exec-50] DEBUG org.anatkor.servlets.LoginServlet- User servlet called
2021-08-09 22:28:14,938 [http-nio-8081-exec-50] DEBUG org.anatkor.dao.Utils- connection try
2021-08-09 22:28:14,938 [http-nio-8081-exec-50] DEBUG org.anatkor.dao.Utils- connection created succesfully
2021-08-09 22:28:14,982 [http-nio-8081-exec-45] DEBUG org.anatkor.servlets.UserServlet- User servlet called
2021-08-09 22:28:17,474 [http-nio-8081-exec-42] DEBUG org.anatkor.servlets.UserServlet- User servlet called
2021-08-09 22:28:18,120 [http-nio-8081-exec-43] DEBUG org.anatkor.servlets.UserServlet- User servlet called
2021-08-09 22:28:18,584 [http-nio-8081-exec-44] DEBUG org.anatkor.servlets.UserServlet- User servlet called
2021-08-09 22:28:19,017 [http-nio-8081-exec-50] DEBUG org.anatkor.servlets.UserServlet- User servlet called
2021-08-09 22:28:19,541 [http-nio-8081-exec-41] DEBUG org.anatkor.servlets.UserServlet- User servlet called
2021-08-09 22:28:25,561 [http-nio-8081-exec-43] DEBUG org.anatkor.servlets.UsersServlet- User servlet called
2021-08-09 22:28:25,561 [http-nio-8081-exec-43] DEBUG org.anatkor.dao.Utils- connection try
2021-08-09 22:28:25,562 [http-nio-8081-exec-43] DEBUG org.anatkor.dao.Utils- connection created succesfully
2021-08-09 22:33:13,774 [http-nio-8081-exec-43] DEBUG org.anatkor.dao.Utils- connection try
2021-08-09 22:33:13,775 [http-nio-8081-exec-43] DEBUG org.anatkor.dao.Utils- connection created succesfully
2021-08-09 22:33:13,830 [http-nio-8081-exec-43] DEBUG org.anatkor.dao.UserDao- SQLException during Add admin processing class org.anatkor.dao.Utils. ERROR: duplicate key value violates unique constraint "usr_username_key"
  Detail: Key (username)=(admin) already exists.
2021-08-09 22:35:14,765 [http-nio-8081-exec-42] DEBUG org.anatkor.dao.Utils- connection try
2021-08-09 22:35:14,767 [http-nio-8081-exec-42] DEBUG org.anatkor.dao.Utils- connection created succesfully
2021-08-09 22:35:14,810 [http-nio-8081-exec-42] INFO  org.anatkor.dao.UserDao- User  is added
2021-08-09 22:35:14,812 [http-nio-8081-exec-42] INFO  org.anatkor.dao.UserDao- User  with role  is added
2021-08-09 22:35:37,320 [http-nio-8081-exec-43] DEBUG org.anatkor.servlets.LoginServlet- User servlet called
