2021-09-02 18:24:43,942 [http-nio-8081-exec-6] DEBUG org.anatkor.controllers.command.ServletMain- forward to=/jsp/login.jsp
2021-09-02 18:29:21,004 [http-nio-8081-exec-9] DEBUG org.anatkor.controllers.command.ServletMain- redirect to=/
2021-09-02 18:29:23,815 [http-nio-8081-exec-1] DEBUG org.anatkor.controllers.command.ServletMain- forward to=/jsp/login.jsp
2021-09-02 20:27:30,313 [http-nio-8081-exec-5] DEBUG org.anatkor.controllers.command.ServletMain- forward to=/jsp/login.jsp
2021-09-02 20:27:30,362 [http-nio-8081-exec-10] DEBUG org.anatkor.controllers.command.ServletMain- redirect to=/jsp/registration.jsp
2021-09-02 20:27:30,362 [http-nio-8081-exec-7] DEBUG org.anatkor.controllers.command.ServletMain- redirect to=/jsp/registration.jsp
2021-09-02 20:27:30,362 [http-nio-8081-exec-8] DEBUG org.anatkor.controllers.command.ServletMain- redirect to=/jsp/registration.jsp
2021-09-02 20:27:30,362 [http-nio-8081-exec-9] DEBUG org.anatkor.controllers.command.ServletMain- redirect to=/jsp/registration.jsp
2021-09-02 20:27:30,549 [http-nio-8081-exec-1] DEBUG org.anatkor.controllers.command.ServletMain- forward to=/jsp/login.jsp
2021-09-02 20:27:34,069 [http-nio-8081-exec-3] DEBUG org.anatkor.controllers.command.ServletMain- redirect to=/jsp/registration.jsp
2021-09-02 20:27:34,180 [http-nio-8081-exec-9] DEBUG org.anatkor.controllers.command.ServletMain- forward to=/jsp/login.jsp
2021-09-02 20:27:35,201 [http-nio-8081-exec-7] DEBUG org.anatkor.controllers.command.ServletMain- redirect to=/jsp/registration.jsp
2021-09-02 20:27:35,314 [http-nio-8081-exec-8] DEBUG org.anatkor.controllers.command.ServletMain- forward to=/jsp/login.jsp
2021-09-02 20:27:35,720 [http-nio-8081-exec-5] DEBUG org.anatkor.controllers.command.ServletMain- redirect to=/jsp/registration.jsp
2021-09-02 20:27:35,840 [http-nio-8081-exec-2] DEBUG org.anatkor.controllers.command.ServletMain- forward to=/jsp/login.jsp
2021-09-02 20:27:36,212 [http-nio-8081-exec-1] DEBUG org.anatkor.controllers.command.ServletMain- redirect to=/jsp/registration.jsp
2021-09-02 20:27:36,329 [http-nio-8081-exec-4] DEBUG org.anatkor.controllers.command.ServletMain- forward to=/jsp/login.jsp
2021-09-02 20:27:36,613 [http-nio-8081-exec-9] DEBUG org.anatkor.controllers.command.ServletMain- redirect to=/jsp/registration.jsp
2021-09-02 20:27:36,728 [http-nio-8081-exec-10] DEBUG org.anatkor.controllers.command.ServletMain- forward to=/jsp/login.jsp
2021-09-02 20:27:36,993 [http-nio-8081-exec-8] DEBUG org.anatkor.controllers.command.ServletMain- redirect to=/jsp/registration.jsp
2021-09-02 20:27:37,114 [http-nio-8081-exec-6] DEBUG org.anatkor.controllers.command.ServletMain- forward to=/jsp/login.jsp
2021-09-02 20:27:37,332 [http-nio-8081-exec-2] DEBUG org.anatkor.controllers.command.ServletMain- redirect to=/jsp/registration.jsp
2021-09-02 20:27:37,453 [http-nio-8081-exec-3] DEBUG org.anatkor.controllers.command.ServletMain- forward to=/jsp/login.jsp
2021-09-02 20:27:37,632 [http-nio-8081-exec-4] DEBUG org.anatkor.controllers.command.ServletMain- redirect to=/jsp/registration.jsp
2021-09-02 20:27:37,756 [http-nio-8081-exec-7] DEBUG org.anatkor.controllers.command.ServletMain- forward to=/jsp/login.jsp
2021-09-02 20:27:38,000 [http-nio-8081-exec-10] DEBUG org.anatkor.controllers.command.ServletMain- redirect to=/jsp/registration.jsp
2021-09-02 20:27:38,121 [http-nio-8081-exec-5] DEBUG org.anatkor.controllers.command.ServletMain- forward to=/jsp/login.jsp
2021-09-02 20:27:38,325 [http-nio-8081-exec-6] DEBUG org.anatkor.controllers.command.ServletMain- redirect to=/jsp/registration.jsp
2021-09-02 20:27:38,445 [http-nio-8081-exec-1] DEBUG org.anatkor.controllers.command.ServletMain- forward to=/jsp/login.jsp
2021-09-02 20:27:38,632 [http-nio-8081-exec-3] DEBUG org.anatkor.controllers.command.ServletMain- redirect to=/jsp/registration.jsp
2021-09-02 20:27:38,748 [http-nio-8081-exec-9] DEBUG org.anatkor.controllers.command.ServletMain- forward to=/jsp/login.jsp
2021-09-02 20:27:38,948 [http-nio-8081-exec-7] DEBUG org.anatkor.controllers.command.ServletMain- redirect to=/jsp/registration.jsp
2021-09-02 20:27:39,063 [http-nio-8081-exec-8] DEBUG org.anatkor.controllers.command.ServletMain- forward to=/jsp/login.jsp
2021-09-02 20:30:08,107 [http-nio-8081-exec-6] DEBUG org.anatkor.controllers.command.ServletMain- forward to=/jsp/login.jsp
2021-09-02 20:30:12,029 [http-nio-8081-exec-4] DEBUG org.anatkor.controllers.command.ServletMain- forward to=/jsp/login.jsp
2021-09-02 20:30:14,765 [http-nio-8081-exec-10] DEBUG org.anatkor.controllers.command.ServletMain- redirect to=/
2021-09-02 20:30:14,876 [http-nio-8081-exec-7] DEBUG org.anatkor.controllers.command.ServletMain- forward to=/jsp/login.jsp
2021-09-02 20:30:15,541 [http-nio-8081-exec-5] DEBUG org.anatkor.controllers.command.ServletMain- redirect to=/
2021-09-02 20:30:15,656 [http-nio-8081-exec-2] DEBUG org.anatkor.controllers.command.ServletMain- forward to=/jsp/login.jsp
2021-09-02 20:30:16,196 [http-nio-8081-exec-11] DEBUG org.anatkor.controllers.command.ServletMain- redirect to=/
2021-09-02 20:30:16,310 [http-nio-8081-exec-12] DEBUG org.anatkor.controllers.command.ServletMain- forward to=/jsp/login.jsp
2021-09-02 20:30:16,797 [http-nio-8081-exec-4] DEBUG org.anatkor.controllers.command.ServletMain- redirect to=/
2021-09-02 20:30:16,910 [http-nio-8081-exec-8] DEBUG org.anatkor.controllers.command.ServletMain- forward to=/jsp/login.jsp
2021-09-02 20:30:17,316 [http-nio-8081-exec-7] DEBUG org.anatkor.controllers.command.ServletMain- redirect to=/
2021-09-02 20:30:17,429 [http-nio-8081-exec-1] DEBUG org.anatkor.controllers.command.ServletMain- forward to=/jsp/login.jsp
2021-09-02 20:30:17,801 [http-nio-8081-exec-2] DEBUG org.anatkor.controllers.command.ServletMain- redirect to=/
2021-09-02 20:30:17,917 [http-nio-8081-exec-14] DEBUG org.anatkor.controllers.command.ServletMain- forward to=/jsp/login.jsp
2021-09-02 20:30:18,372 [http-nio-8081-exec-12] DEBUG org.anatkor.controllers.command.ServletMain- redirect to=/
2021-09-02 20:30:18,490 [http-nio-8081-exec-13] DEBUG org.anatkor.controllers.command.ServletMain- forward to=/jsp/login.jsp
2021-09-02 20:30:18,849 [http-nio-8081-exec-8] DEBUG org.anatkor.controllers.command.ServletMain- redirect to=/
2021-09-02 20:30:18,965 [http-nio-8081-exec-5] DEBUG org.anatkor.controllers.command.ServletMain- forward to=/jsp/login.jsp
2021-09-02 20:30:19,357 [http-nio-8081-exec-1] DEBUG org.anatkor.controllers.command.ServletMain- redirect to=/
2021-09-02 20:30:19,471 [http-nio-8081-exec-11] DEBUG org.anatkor.controllers.command.ServletMain- forward to=/jsp/login.jsp
2021-09-02 20:30:19,837 [http-nio-8081-exec-14] DEBUG org.anatkor.controllers.command.ServletMain- redirect to=/
2021-09-02 20:30:19,949 [http-nio-8081-exec-16] DEBUG org.anatkor.controllers.command.ServletMain- forward to=/jsp/login.jsp
2021-09-02 20:30:20,293 [http-nio-8081-exec-13] DEBUG org.anatkor.controllers.command.ServletMain- redirect to=/
2021-09-02 20:30:20,406 [http-nio-8081-exec-15] DEBUG org.anatkor.controllers.command.ServletMain- forward to=/jsp/login.jsp
2021-09-02 20:30:20,741 [http-nio-8081-exec-5] DEBUG org.anatkor.controllers.command.ServletMain- redirect to=/
2021-09-02 20:30:20,855 [http-nio-8081-exec-2] DEBUG org.anatkor.controllers.command.ServletMain- forward to=/jsp/login.jsp
2021-09-02 20:30:21,206 [http-nio-8081-exec-11] DEBUG org.anatkor.controllers.command.ServletMain- redirect to=/
2021-09-02 20:30:21,317 [http-nio-8081-exec-12] DEBUG org.anatkor.controllers.command.ServletMain- forward to=/jsp/login.jsp
2021-09-02 20:30:38,447 [http-nio-8081-exec-13] DEBUG org.anatkor.controllers.command.ServletMain- redirect to=/
2021-09-02 20:30:38,596 [http-nio-8081-exec-15] DEBUG org.anatkor.controllers.command.ServletMain- forward to=/jsp/login.jsp
2021-09-02 20:30:38,952 [http-nio-8081-exec-5] DEBUG org.anatkor.controllers.command.ServletMain- redirect to=/
2021-09-02 20:30:39,066 [http-nio-8081-exec-2] DEBUG org.anatkor.controllers.command.ServletMain- forward to=/jsp/login.jsp
2021-09-02 20:30:39,455 [http-nio-8081-exec-11] DEBUG org.anatkor.controllers.command.ServletMain- redirect to=/
2021-09-02 20:30:39,564 [http-nio-8081-exec-12] DEBUG org.anatkor.controllers.command.ServletMain- forward to=/jsp/login.jsp
2021-09-02 20:32:22,850 [http-nio-8081-exec-17] DEBUG org.anatkor.controllers.command.ServletMain- redirect to=/
2021-09-02 20:32:23,008 [http-nio-8081-exec-18] DEBUG org.anatkor.controllers.command.ServletMain- forward to=/jsp/login.jsp
2021-09-02 20:32:23,322 [http-nio-8081-exec-11] DEBUG org.anatkor.controllers.command.ServletMain- redirect to=/
2021-09-02 20:32:23,440 [http-nio-8081-exec-12] DEBUG org.anatkor.controllers.command.ServletMain- forward to=/jsp/login.jsp
2021-09-02 20:32:26,766 [http-nio-8081-exec-16] INFO  org.anatkor.controllers.command.LoginCommand- Client '382222222222' is logged in
2021-09-02 20:32:26,767 [http-nio-8081-exec-16] DEBUG org.anatkor.controllers.command.ServletMain- redirect to=/wallet
2021-09-02 20:32:26,818 [http-nio-8081-exec-13] DEBUG org.anatkor.controllers.command.ServletMain- forward to=/jsp/index.jsp
2021-09-02 20:32:27,075 [http-nio-8081-exec-19] DEBUG org.anatkor.controllers.command.ServletMain- forward to=/jsp/login.jsp
2021-09-02 20:32:28,953 [http-nio-8081-exec-2] WARN  org.anatkor.controllers.command.filter.AdminFilter- Attempt of unauthorized access to the Admin by org.anatkor.model.User@2ae9aa85
2021-09-02 20:32:28,954 [http-nio-8081-exec-2] INFO  org.anatkor.controllers.command.LoginCommand- Not enough login data
2021-09-02 20:32:28,954 [http-nio-8081-exec-2] DEBUG org.anatkor.controllers.command.ServletMain- forward to=/jsp/login.jsp
2021-09-02 20:32:28,955 [http-nio-8081-exec-2] INFO  org.anatkor.controllers.command.UsersCommand- users list requested
2021-09-02 20:32:29,001 [http-nio-8081-exec-2] DEBUG org.anatkor.controllers.command.ServletMain- forward to=/jsp/users_list.jsp
2021-09-02 20:32:29,161 [http-nio-8081-exec-17] DEBUG org.anatkor.controllers.command.ServletMain- forward to=/jsp/login.jsp
2021-09-02 20:32:32,411 [http-nio-8081-exec-15] DEBUG org.anatkor.controllers.command.ServletMain- forward to=/jsp/login.jsp
2021-09-02 20:32:33,294 [http-nio-8081-exec-18] INFO  org.anatkor.controllers.command.AccountsCommand- account list requested for user with id= 9
2021-09-02 20:32:33,342 [http-nio-8081-exec-18] DEBUG org.anatkor.controllers.command.ServletMain- forward to=/jsp/accounts_list.jsp
2021-09-02 20:32:33,629 [http-nio-8081-exec-11] DEBUG org.anatkor.controllers.command.ServletMain- forward to=/jsp/login.jsp
