2021-08-22 14:02:19,489 [http-nio-8081-exec-4] DEBUG org.anatkor.controllers.command.ServletMain- Do POST request to /login
2021-08-22 14:02:19,499 [http-nio-8081-exec-4] WARN  org.anatkor.controllers.command.ServletMain- before/login
2021-08-22 14:02:19,500 [http-nio-8081-exec-4] WARN  org.anatkor.controllers.command.ServletMain- afterlogin
2021-08-22 14:02:19,782 [http-nio-8081-exec-4] INFO  org.anatkor.controllers.command.LoginCommand- Client '382222222222' is logged in
2021-08-22 14:02:19,782 [http-nio-8081-exec-4] DEBUG org.anatkor.controllers.command.ServletMain- redirect to=/wallet
2021-08-22 14:02:19,787 [http-nio-8081-exec-5] DEBUG org.anatkor.controllers.command.ServletMain- Do GET request to /wallet
2021-08-22 14:02:19,787 [http-nio-8081-exec-5] WARN  org.anatkor.controllers.command.ServletMain- before/wallet
2021-08-22 14:02:19,788 [http-nio-8081-exec-5] WARN  org.anatkor.controllers.command.ServletMain- afterwallet
2021-08-22 14:02:19,788 [http-nio-8081-exec-5] DEBUG org.anatkor.controllers.command.ServletMain- forward to=/jsp/index.jsp
2021-08-22 14:02:20,712 [http-nio-8081-exec-6] DEBUG org.anatkor.controllers.command.ServletMain- Do GET request to /wallet/user
2021-08-22 14:02:20,713 [http-nio-8081-exec-6] WARN  org.anatkor.controllers.command.ServletMain- before/wallet/user
2021-08-22 14:02:20,713 [http-nio-8081-exec-6] WARN  org.anatkor.controllers.command.ServletMain- afteruser
2021-08-22 14:02:20,713 [http-nio-8081-exec-6] INFO  org.anatkor.controllers.command.UserCommand- User 382222222222 profile called
2021-08-22 14:02:20,713 [http-nio-8081-exec-6] DEBUG org.anatkor.controllers.command.ServletMain- forward to=/jsp/user.jsp
2021-08-22 14:02:23,804 [http-nio-8081-exec-8] DEBUG org.anatkor.controllers.command.ServletMain- Do GET request to /logout
2021-08-22 14:02:23,805 [http-nio-8081-exec-8] WARN  org.anatkor.controllers.command.ServletMain- before/logout
2021-08-22 14:02:23,805 [http-nio-8081-exec-8] WARN  org.anatkor.controllers.command.ServletMain- afterlogout
2021-08-22 14:02:23,805 [http-nio-8081-exec-8] INFO  org.anatkor.controllers.command.LogoutCommand- User 382222222222 is Logged out
2021-08-22 14:02:23,805 [http-nio-8081-exec-8] DEBUG org.anatkor.controllers.command.ServletMain- redirect to=/login
2021-08-22 14:02:23,809 [http-nio-8081-exec-9] DEBUG org.anatkor.controllers.command.ServletMain- Do GET request to /login
2021-08-22 14:02:23,809 [http-nio-8081-exec-9] WARN  org.anatkor.controllers.command.ServletMain- before/login
2021-08-22 14:02:23,809 [http-nio-8081-exec-9] WARN  org.anatkor.controllers.command.ServletMain- afterlogin
2021-08-22 14:02:23,809 [http-nio-8081-exec-9] INFO  org.anatkor.controllers.command.LoginCommand- Not enough login data
2021-08-22 14:02:23,809 [http-nio-8081-exec-9] DEBUG org.anatkor.controllers.command.ServletMain- forward to=/jsp/login.jsp
2021-08-22 14:02:26,406 [http-nio-8081-exec-10] DEBUG org.anatkor.controllers.command.ServletMain- Do POST request to /login
2021-08-22 14:02:26,406 [http-nio-8081-exec-10] WARN  org.anatkor.controllers.command.ServletMain- before/login
2021-08-22 14:02:26,407 [http-nio-8081-exec-10] WARN  org.anatkor.controllers.command.ServletMain- afterlogin
2021-08-22 14:02:26,452 [http-nio-8081-exec-10] INFO  org.anatkor.controllers.command.LoginCommand- Admin '381111111111' is logged in
2021-08-22 14:02:26,452 [http-nio-8081-exec-10] DEBUG org.anatkor.controllers.command.ServletMain- redirect to=/admin
2021-08-22 14:02:26,457 [http-nio-8081-exec-1] DEBUG org.anatkor.controllers.command.ServletMain- Do GET request to /admin
2021-08-22 14:02:26,457 [http-nio-8081-exec-1] WARN  org.anatkor.controllers.command.ServletMain- before/admin
2021-08-22 14:02:26,457 [http-nio-8081-exec-1] WARN  org.anatkor.controllers.command.ServletMain- afteradmin
2021-08-22 14:02:26,457 [http-nio-8081-exec-1] DEBUG org.anatkor.controllers.command.ServletMain- forward to=/jsp/admin.jsp
2021-08-22 14:02:27,557 [http-nio-8081-exec-2] DEBUG org.anatkor.controllers.command.ServletMain- Do GET request to /wallet/user
2021-08-22 14:02:27,557 [http-nio-8081-exec-2] WARN  org.anatkor.controllers.command.ServletMain- before/wallet/user
2021-08-22 14:02:27,557 [http-nio-8081-exec-2] WARN  org.anatkor.controllers.command.ServletMain- afteruser
2021-08-22 14:02:27,558 [http-nio-8081-exec-2] INFO  org.anatkor.controllers.command.UserCommand- User 381111111111 profile called
2021-08-22 14:02:27,558 [http-nio-8081-exec-2] DEBUG org.anatkor.controllers.command.ServletMain- forward to=/jsp/user.jsp
2021-08-22 14:02:30,460 [http-nio-8081-exec-3] DEBUG org.anatkor.controllers.command.ServletMain- Do GET request to /admin
2021-08-22 14:02:30,460 [http-nio-8081-exec-3] WARN  org.anatkor.controllers.command.ServletMain- before/admin
2021-08-22 14:02:30,461 [http-nio-8081-exec-3] WARN  org.anatkor.controllers.command.ServletMain- afteradmin
2021-08-22 14:02:30,461 [http-nio-8081-exec-3] DEBUG org.anatkor.controllers.command.ServletMain- forward to=/jsp/admin.jsp
2021-08-22 14:02:31,244 [http-nio-8081-exec-4] DEBUG org.anatkor.controllers.command.ServletMain- Do GET request to /admin/users
2021-08-22 14:02:31,245 [http-nio-8081-exec-4] WARN  org.anatkor.controllers.command.ServletMain- before/admin/users
2021-08-22 14:02:31,245 [http-nio-8081-exec-4] WARN  org.anatkor.controllers.command.ServletMain- afterusers
2021-08-22 14:02:31,245 [http-nio-8081-exec-4] INFO  org.anatkor.controllers.command.UsersCommand- users list requested
2021-08-22 14:02:31,290 [http-nio-8081-exec-4] DEBUG org.anatkor.controllers.command.ServletMain- forward to=/jsp/users_list.jsp
2021-08-22 14:02:32,454 [http-nio-8081-exec-6] DEBUG org.anatkor.controllers.command.ServletMain- Do GET request to /user
2021-08-22 14:02:32,455 [http-nio-8081-exec-6] WARN  org.anatkor.controllers.command.ServletMain- before/user
2021-08-22 14:02:32,455 [http-nio-8081-exec-6] WARN  org.anatkor.controllers.command.ServletMain- afteruser
2021-08-22 14:02:32,455 [http-nio-8081-exec-6] INFO  org.anatkor.controllers.command.UserCommand- User 381111111111 profile called
2021-08-22 14:02:32,500 [http-nio-8081-exec-6] DEBUG org.anatkor.controllers.command.ServletMain- forward to=/jsp/user.jsp
2021-08-22 14:02:34,730 [http-nio-8081-exec-7] DEBUG org.anatkor.controllers.command.ServletMain- Do GET request to /wallet
2021-08-22 14:02:34,730 [http-nio-8081-exec-7] WARN  org.anatkor.controllers.command.ServletMain- before/wallet
2021-08-22 14:02:34,730 [http-nio-8081-exec-7] WARN  org.anatkor.controllers.command.ServletMain- afterwallet
2021-08-22 14:02:34,730 [http-nio-8081-exec-7] DEBUG org.anatkor.controllers.command.ServletMain- forward to=/jsp/index.jsp
2021-08-22 14:03:16,702 [http-nio-8081-exec-10] DEBUG org.anatkor.controllers.command.ServletMain- Do GET request to /wallet/user
2021-08-22 14:03:16,702 [http-nio-8081-exec-10] WARN  org.anatkor.controllers.command.ServletMain- before/wallet/user
2021-08-22 14:03:16,702 [http-nio-8081-exec-10] WARN  org.anatkor.controllers.command.ServletMain- afteruser
2021-08-22 14:03:16,702 [http-nio-8081-exec-10] INFO  org.anatkor.controllers.command.UserCommand- User 381111111111 profile called
2021-08-22 14:03:16,702 [http-nio-8081-exec-10] DEBUG org.anatkor.controllers.command.ServletMain- forward to=/jsp/user.jsp
2021-08-22 14:06:07,258 [http-nio-8081-exec-3] DEBUG org.anatkor.controllers.command.ServletMain- Do GET request to /admin
2021-08-22 14:06:07,259 [http-nio-8081-exec-3] WARN  org.anatkor.controllers.command.ServletMain- before/admin
2021-08-22 14:06:07,259 [http-nio-8081-exec-3] WARN  org.anatkor.controllers.command.ServletMain- afteradmin
2021-08-22 14:06:07,259 [http-nio-8081-exec-3] DEBUG org.anatkor.controllers.command.ServletMain- forward to=/jsp/admin.jsp
2021-08-22 14:06:08,320 [http-nio-8081-exec-5] DEBUG org.anatkor.controllers.command.ServletMain- Do GET request to /admin/users
2021-08-22 14:06:08,320 [http-nio-8081-exec-5] WARN  org.anatkor.controllers.command.ServletMain- before/admin/users
2021-08-22 14:06:08,320 [http-nio-8081-exec-5] WARN  org.anatkor.controllers.command.ServletMain- afterusers
2021-08-22 14:06:08,321 [http-nio-8081-exec-5] INFO  org.anatkor.controllers.command.UsersCommand- users list requested
2021-08-22 14:06:08,367 [http-nio-8081-exec-5] DEBUG org.anatkor.controllers.command.ServletMain- forward to=/jsp/users_list.jsp
2021-08-22 14:10:12,632 [http-nio-8081-exec-7] DEBUG org.anatkor.controllers.command.ServletMain- Do GET request to /wallet/user
2021-08-22 14:10:12,633 [http-nio-8081-exec-7] WARN  org.anatkor.controllers.command.ServletMain- before/wallet/user
2021-08-22 14:10:12,633 [http-nio-8081-exec-7] WARN  org.anatkor.controllers.command.ServletMain- afteruser
2021-08-22 14:10:12,633 [http-nio-8081-exec-7] INFO  org.anatkor.controllers.command.UserCommand- User 381111111111 profile called
2021-08-22 14:10:12,633 [http-nio-8081-exec-7] DEBUG org.anatkor.controllers.command.ServletMain- forward to=/jsp/user.jsp
2021-08-22 14:15:01,609 [http-nio-8081-exec-10] DEBUG org.anatkor.controllers.command.ServletMain- Do GET request to /wallet/user
2021-08-22 14:15:01,609 [http-nio-8081-exec-10] WARN  org.anatkor.controllers.command.ServletMain- before/wallet/user
2021-08-22 14:15:01,609 [http-nio-8081-exec-10] WARN  org.anatkor.controllers.command.ServletMain- afteruser
2021-08-22 14:15:01,609 [http-nio-8081-exec-10] INFO  org.anatkor.controllers.command.UserCommand- User 381111111111 profile called
2021-08-22 14:15:01,609 [http-nio-8081-exec-10] DEBUG org.anatkor.controllers.command.ServletMain- forward to=/jsp/user.jsp
2021-08-22 14:15:31,981 [http-nio-8081-exec-3] DEBUG org.anatkor.controllers.command.ServletMain- Do GET request to /admin
2021-08-22 14:15:31,981 [http-nio-8081-exec-3] WARN  org.anatkor.controllers.command.ServletMain- before/admin
2021-08-22 14:15:31,982 [http-nio-8081-exec-3] WARN  org.anatkor.controllers.command.ServletMain- afteradmin
2021-08-22 14:15:31,982 [http-nio-8081-exec-3] DEBUG org.anatkor.controllers.command.ServletMain- forward to=/jsp/admin.jsp
2021-08-22 14:15:33,409 [http-nio-8081-exec-5] DEBUG org.anatkor.controllers.command.ServletMain- Do GET request to /admin/users
2021-08-22 14:15:33,409 [http-nio-8081-exec-5] WARN  org.anatkor.controllers.command.ServletMain- before/admin/users
2021-08-22 14:15:33,410 [http-nio-8081-exec-5] WARN  org.anatkor.controllers.command.ServletMain- afterusers
2021-08-22 14:15:33,410 [http-nio-8081-exec-5] INFO  org.anatkor.controllers.command.UsersCommand- users list requested
2021-08-22 14:15:33,457 [http-nio-8081-exec-5] DEBUG org.anatkor.controllers.command.ServletMain- forward to=/jsp/users_list.jsp
2021-08-22 14:15:35,258 [http-nio-8081-exec-4] DEBUG org.anatkor.controllers.command.ServletMain- Do GET request to /user
2021-08-22 14:15:35,259 [http-nio-8081-exec-4] WARN  org.anatkor.controllers.command.ServletMain- before/user
2021-08-22 14:15:35,259 [http-nio-8081-exec-4] WARN  org.anatkor.controllers.command.ServletMain- afteruser
2021-08-22 14:15:35,259 [http-nio-8081-exec-4] INFO  org.anatkor.controllers.command.UserCommand- User 381111111111 profile called
2021-08-22 14:15:35,302 [http-nio-8081-exec-4] DEBUG org.anatkor.controllers.command.ServletMain- forward to=/jsp/user.jsp
2021-08-22 14:17:31,676 [http-nio-8081-exec-9] DEBUG org.anatkor.controllers.command.ServletMain- Do GET request to /user
2021-08-22 14:17:31,677 [http-nio-8081-exec-9] WARN  org.anatkor.controllers.command.ServletMain- before/user
2021-08-22 14:17:31,677 [http-nio-8081-exec-9] WARN  org.anatkor.controllers.command.ServletMain- afteruser
2021-08-22 14:17:31,677 [http-nio-8081-exec-9] INFO  org.anatkor.controllers.command.UserCommand- User 381111111111 profile called
2021-08-22 14:17:31,722 [http-nio-8081-exec-9] DEBUG org.anatkor.controllers.command.ServletMain- forward to=/jsp/user.jsp
2021-08-22 14:17:56,608 [http-nio-8081-exec-2] DEBUG org.anatkor.controllers.command.ServletMain- Do GET request to /user
2021-08-22 14:17:56,608 [http-nio-8081-exec-2] WARN  org.anatkor.controllers.command.ServletMain- before/user
2021-08-22 14:17:56,609 [http-nio-8081-exec-2] WARN  org.anatkor.controllers.command.ServletMain- afteruser
2021-08-22 14:17:56,609 [http-nio-8081-exec-2] INFO  org.anatkor.controllers.command.UserCommand- User 381111111111 profile called
2021-08-22 14:17:56,652 [http-nio-8081-exec-2] DEBUG org.anatkor.controllers.command.ServletMain- forward to=/jsp/user.jsp
2021-08-22 14:18:15,653 [http-nio-8081-exec-1] DEBUG org.anatkor.controllers.command.ServletMain- Do GET request to /user
2021-08-22 14:18:15,654 [http-nio-8081-exec-1] WARN  org.anatkor.controllers.command.ServletMain- before/user
2021-08-22 14:18:15,654 [http-nio-8081-exec-1] WARN  org.anatkor.controllers.command.ServletMain- afteruser
2021-08-22 14:18:15,654 [http-nio-8081-exec-1] INFO  org.anatkor.controllers.command.UserCommand- User 381111111111 profile called
2021-08-22 14:18:15,699 [http-nio-8081-exec-1] DEBUG org.anatkor.controllers.command.ServletMain- forward to=/jsp/user.jsp
2021-08-22 14:18:23,447 [http-nio-8081-exec-5] DEBUG org.anatkor.controllers.command.ServletMain- Do GET request to /user/orders/9
2021-08-22 14:18:23,448 [http-nio-8081-exec-5] WARN  org.anatkor.controllers.command.ServletMain- before/user/orders/9
2021-08-22 14:18:23,448 [http-nio-8081-exec-5] WARN  org.anatkor.controllers.command.ServletMain- after9
2021-08-22 14:18:23,448 [http-nio-8081-exec-5] DEBUG org.anatkor.controllers.command.ServletMain- forward to=/jsp/login.jsp
2021-08-22 14:18:25,611 [http-nio-8081-exec-4] DEBUG org.anatkor.controllers.command.ServletMain- Do GET request to /wallet/user
2021-08-22 14:18:25,612 [http-nio-8081-exec-4] WARN  org.anatkor.controllers.command.ServletMain- before/wallet/user
2021-08-22 14:18:25,612 [http-nio-8081-exec-4] WARN  org.anatkor.controllers.command.ServletMain- afteruser
2021-08-22 14:18:25,612 [http-nio-8081-exec-4] INFO  org.anatkor.controllers.command.UserCommand- User 381111111111 profile called
2021-08-22 14:18:25,612 [http-nio-8081-exec-4] DEBUG org.anatkor.controllers.command.ServletMain- forward to=/jsp/user.jsp
2021-08-22 14:18:26,560 [http-nio-8081-exec-6] INFO  org.anatkor.controllers.servlets.BikesListServlet- Bike servlet called
