2021-09-04 15:03:30,810 [http-nio-8081-exec-5] INFO  org.anatkor.controllers.command.LoginCommand- Client '382222222222' is logged in
2021-09-04 15:15:43,098 [http-nio-8081-exec-7] INFO  org.anatkor.controllers.command.LogoutCommand- User 382222222222 is Logged out
2021-09-04 15:15:43,102 [http-nio-8081-exec-8] INFO  org.anatkor.controllers.command.LoginCommand- Not enough login data
2021-09-04 15:17:44,051 [http-nio-8081-exec-2] INFO  org.anatkor.controllers.command.LoginCommand- Client '382222222222' is logged in
2021-09-04 15:56:40,846 [http-nio-8081-exec-8] INFO  org.anatkor.controllers.command.LoginCommand- Not enough login data
2021-09-04 15:56:43,524 [http-nio-8081-exec-2] INFO  org.anatkor.controllers.command.LoginCommand- Client '382222222222' is logged in
2021-09-04 16:13:46,817 [http-nio-8081-exec-19] WARN  org.anatkor.controllers.command.filter.AdminFilter- Attempt of unauthorized access to the Admin by org.anatkor.model.User@2aa7be1d
2021-09-04 16:13:46,819 [http-nio-8081-exec-19] INFO  org.anatkor.controllers.command.LoginCommand- Not enough login data
2021-09-04 16:13:54,102 [http-nio-8081-exec-16] INFO  org.anatkor.controllers.command.AccountsCommand- account list requested for user with id= 9
2021-09-04 16:15:28,119 [http-nio-8081-exec-19] INFO  org.anatkor.controllers.command.LogoutCommand- User 382222222222 is Logged out
2021-09-04 16:15:28,122 [http-nio-8081-exec-20] INFO  org.anatkor.controllers.command.LoginCommand- Not enough login data
2021-09-04 16:15:43,141 [http-nio-8081-exec-17] INFO  org.anatkor.controllers.command.LoginCommand- Client '382222222222' is logged in
2021-09-04 16:16:15,225 [http-nio-8081-exec-15] INFO  org.anatkor.controllers.command.LogoutCommand- User 382222222222 is Logged out
2021-09-04 16:16:15,228 [http-nio-8081-exec-16] INFO  org.anatkor.controllers.command.LoginCommand- Not enough login data
2021-09-04 16:16:39,971 [http-nio-8081-exec-19] INFO  org.anatkor.controllers.command.LoginCommand- Not enough login data
2021-09-04 16:16:49,577 [http-nio-8081-exec-14] INFO  org.anatkor.controllers.command.LoginCommand- Not enough login data
2021-09-04 16:17:17,891 [http-nio-8081-exec-16] INFO  org.anatkor.controllers.command.LoginCommand- Client '382222222222' is logged in
2021-09-04 16:21:00,792 [http-nio-8081-exec-11] INFO  org.anatkor.controllers.command.LogoutCommand- User 382222222222 is Logged out
2021-09-04 16:21:00,795 [http-nio-8081-exec-15] INFO  org.anatkor.controllers.command.LoginCommand- Not enough login data
2021-09-04 16:27:12,770 [http-nio-8081-exec-12] INFO  org.anatkor.controllers.command.LoginCommand- Client '382222222222' is logged in
2021-09-04 16:34:20,746 [http-nio-8081-exec-20] INFO  org.anatkor.controllers.command.LoginCommand- Not enough login data
2021-09-04 16:34:23,334 [http-nio-8081-exec-18] INFO  org.anatkor.controllers.command.LoginCommand- Client '382222222222' is logged in
2021-09-04 16:53:52,120 [http-nio-8081-exec-29] INFO  org.anatkor.controllers.command.LoginCommand- Not enough login data
2021-09-04 16:53:54,532 [http-nio-8081-exec-25] INFO  org.anatkor.controllers.command.LoginCommand- Client '382222222222' is logged in
2021-09-04 17:37:20,920 [http-nio-8081-exec-37] INFO  org.anatkor.controllers.command.LoginCommand- Not enough login data
2021-09-04 17:37:24,017 [http-nio-8081-exec-38] INFO  org.anatkor.controllers.command.LoginCommand- Client '382222222222' is logged in
2021-09-04 17:40:18,433 [http-nio-8081-exec-44] INFO  org.anatkor.controllers.command.LoginCommand- Admin '381111111111' is logged in
2021-09-04 17:40:20,902 [http-nio-8081-exec-43] INFO  org.anatkor.controllers.command.LogoutCommand- User 381111111111 is Logged out
2021-09-04 17:40:20,907 [http-nio-8081-exec-32] INFO  org.anatkor.controllers.command.LoginCommand- Not enough login data
2021-09-04 17:40:22,867 [http-nio-8081-exec-45] INFO  org.anatkor.controllers.command.LoginCommand- Client '382222222222' is logged in
2021-09-04 17:43:55,579 [http-nio-8081-exec-53] INFO  org.anatkor.controllers.command.LoginCommand- Client '382222222222' is logged in
2021-09-04 18:03:04,281 [http-nio-8081-exec-57] INFO  org.anatkor.controllers.command.LoginCommand- Not enough login data
2021-09-04 18:03:06,575 [http-nio-8081-exec-65] INFO  org.anatkor.controllers.command.LoginCommand- Client '382222222222' is logged in
2021-09-04 18:07:57,301 [http-nio-8081-exec-69] INFO  org.anatkor.controllers.command.LoginCommand- Not enough login data
2021-09-04 18:07:59,821 [http-nio-8081-exec-72] INFO  org.anatkor.controllers.command.LoginCommand- Client '382222222222' is logged in
2021-09-04 18:10:31,026 [http-nio-8081-exec-79] INFO  org.anatkor.controllers.command.LoginCommand- Client '382222222222' is logged in
2021-09-04 18:12:34,995 [http-nio-8081-exec-91] INFO  org.anatkor.controllers.command.LoginCommand- Not enough login data
2021-09-04 18:12:37,583 [http-nio-8081-exec-88] INFO  org.anatkor.controllers.command.LoginCommand- Client '382222222222' is logged in
2021-09-04 18:17:07,042 [http-nio-8081-exec-105] INFO  org.anatkor.controllers.command.LoginCommand- Client '382222222222' is logged in
2021-09-04 18:22:01,319 [http-nio-8081-exec-114] INFO  org.anatkor.controllers.command.LogoutCommand- User 382222222222 is Logged out
2021-09-04 18:22:01,324 [http-nio-8081-exec-110] INFO  org.anatkor.controllers.command.LoginCommand- Not enough login data
2021-09-04 18:22:03,514 [http-nio-8081-exec-111] INFO  org.anatkor.controllers.command.LoginCommand- Client '382222222222' is logged in
