2021-07-31 10:29:38,205 [http-nio-8081-exec-6] INFO  org.anatkor.servlets.AdmServlet- Adm servlet called
2021-07-31 10:29:38,221 [http-nio-8081-exec-6] INFO  org.anatkor.dao.Utils- connection created succesfully
2021-07-31 10:29:38,508 [http-nio-8081-exec-6] INFO  org.anatkor.dao.Utils- Con is cloded
2021-07-31 10:29:38,508 [http-nio-8081-exec-6] INFO  org.anatkor.servlets.AdmServlet- connection try
2021-07-31 10:30:49,933 [RMI TCP Connection(6)-127.0.0.1] INFO  org.anatkor.servlets.MainServlet- Main servlet Destroyed
2021-07-31 10:30:57,755 [http-nio-8081-exec-7] INFO  org.anatkor.servlets.AdmServlet- Adm servlet called
2021-07-31 10:30:57,770 [http-nio-8081-exec-7] ERROR org.anatkor.dao.Utils- IOException during read D:\Tool\apache-tomcat-9.0.41\bin\database.properties from java.io.FileNotFoundException: database.properties (The system cannot find the file specified).
2021-07-31 10:30:57,771 [http-nio-8081-exec-7] ERROR org.anatkor.dao.Utils- IOException during read D:\Tool\apache-tomcat-9.0.41\bin\database.properties from java.io.FileNotFoundException: database.properties (The system cannot find the file specified).
2021-07-31 10:30:57,772 [http-nio-8081-exec-7] INFO  org.anatkor.servlets.AdmServlet- connection try
2021-07-31 10:32:10,343 [http-nio-8081-exec-11] INFO  org.anatkor.servlets.AdmServlet- Adm servlet called
2021-07-31 10:32:10,344 [http-nio-8081-exec-11] INFO  org.anatkor.dao.Utils- connection created succesfully
2021-07-31 10:32:10,589 [http-nio-8081-exec-11] INFO  org.anatkor.dao.Utils- Con is cloded
2021-07-31 10:32:10,589 [http-nio-8081-exec-11] INFO  org.anatkor.servlets.AdmServlet- connection try
2021-07-31 10:32:18,659 [http-nio-8081-exec-9] INFO  org.anatkor.servlets.AdmServlet- Adm servlet called
2021-07-31 10:32:18,660 [http-nio-8081-exec-9] INFO  org.anatkor.dao.Utils- connection created succesfully
2021-07-31 10:32:18,695 [http-nio-8081-exec-9] INFO  org.anatkor.dao.Utils- Con is cloded
2021-07-31 10:32:18,695 [http-nio-8081-exec-9] INFO  org.anatkor.servlets.AdmServlet- connection try
2021-07-31 10:34:47,573 [http-nio-8081-exec-14] INFO  org.anatkor.servlets.AdmServlet- Adm servlet called
2021-07-31 10:34:47,573 [http-nio-8081-exec-14] INFO  org.anatkor.dao.Utils- connection created succesfully
2021-07-31 10:34:47,728 [http-nio-8081-exec-14] INFO  org.anatkor.dao.Utils- Con is cloded
2021-07-31 10:34:47,729 [http-nio-8081-exec-14] INFO  org.anatkor.servlets.AdmServlet- connection try
2021-07-31 10:34:55,408 [http-nio-8081-exec-12] INFO  org.anatkor.servlets.AdmServlet- Adm servlet called
2021-07-31 10:34:55,409 [http-nio-8081-exec-12] INFO  org.anatkor.dao.Utils- connection created succesfully
2021-07-31 10:34:55,449 [http-nio-8081-exec-12] INFO  org.anatkor.dao.Utils- Con is cloded
2021-07-31 10:34:55,449 [http-nio-8081-exec-12] INFO  org.anatkor.servlets.AdmServlet- connection try
2021-07-31 10:35:08,870 [RMI TCP Connection(11)-127.0.0.1] INFO  org.anatkor.servlets.MainServlet- Main servlet Destroyed
2021-07-31 10:35:15,633 [http-nio-8081-exec-13] INFO  org.anatkor.servlets.AdmServlet- Adm servlet called
2021-07-31 10:35:15,643 [http-nio-8081-exec-13] INFO  org.anatkor.dao.Utils- connection created succesfully
2021-07-31 10:35:15,643 [http-nio-8081-exec-13] INFO  org.anatkor.dao.Utils- connection created succesfully
2021-07-31 10:35:15,644 [http-nio-8081-exec-13] INFO  org.anatkor.servlets.AdmServlet- connection try
2021-07-31 11:56:06,962 [main] INFO  org.anatkor.servlets.MainServlet- Main servlet Destroyed
