2021-08-25 17:57:29,829 [http-nio-8081-exec-7] INFO  org.anatkor.controllers.command.LoginCommand- Client '382222222222' is logged in
2021-08-25 17:57:35,916 [http-nio-8081-exec-10] INFO  org.anatkor.controllers.command.AccountsCommand- account list requested for user with id= 9
2021-08-25 19:48:28,173 [http-nio-8081-exec-10] INFO  org.anatkor.controllers.command.LoginCommand- Client '382222222222' is logged in
2021-08-25 19:48:30,518 [http-nio-8081-exec-2] INFO  org.anatkor.controllers.command.AccountsCommand- account list requested for user with id= 9
2021-08-25 20:14:55,158 [http-nio-8081-exec-10] INFO  org.anatkor.controllers.command.LoginCommand- Client '382222222222' is logged in
2021-08-25 20:14:56,401 [http-nio-8081-exec-9] INFO  org.anatkor.controllers.command.AccountsCommand- account list requested for user with id= 9
2021-08-25 20:17:50,631 [http-nio-8081-exec-16] INFO  org.anatkor.controllers.command.AccountsCommand- account list requested for user with id= 9
2021-08-25 20:17:58,552 [http-nio-8081-exec-16] INFO  org.anatkor.controllers.command.AccountsCommand- account list requested for user with id= 9
2021-08-25 20:21:03,634 [http-nio-8081-exec-18] INFO  org.anatkor.dao.AccountDao- Action flag of account with id=8 is updated to 2
2021-08-25 20:21:09,037 [http-nio-8081-exec-14] INFO  org.anatkor.controllers.command.AccountsCommand- account list requested for user with id= 9
2021-08-25 20:22:29,088 [http-nio-8081-exec-17] INFO  org.anatkor.dao.AccountDao- Action flag of account with id=8 is updated to 2
2021-08-25 20:22:30,874 [http-nio-8081-exec-13] INFO  org.anatkor.controllers.command.LogoutCommand- User 382222222222 is Logged out
2021-08-25 20:22:30,877 [http-nio-8081-exec-14] INFO  org.anatkor.controllers.command.LoginCommand- Not enough login data
2021-08-25 20:22:33,244 [http-nio-8081-exec-11] INFO  org.anatkor.controllers.command.LoginCommand- Admin '381111111111' is logged in
2021-08-25 20:26:34,018 [http-nio-8081-exec-14] INFO  org.anatkor.controllers.command.LoginCommand- Not enough login data
2021-08-25 20:26:36,833 [http-nio-8081-exec-15] INFO  org.anatkor.controllers.command.LoginCommand- Client '382222222222' is logged in
2021-08-25 20:26:37,883 [http-nio-8081-exec-12] INFO  org.anatkor.controllers.command.AccountsCommand- account list requested for user with id= 9
2021-08-25 20:26:51,699 [http-nio-8081-exec-21] INFO  org.anatkor.dao.AccountDao- Action flag of account with id=9 is updated to 2
2021-08-25 20:29:40,269 [http-nio-8081-exec-25] INFO  org.anatkor.controllers.command.AccountsCommand- account list requested for user with id= 9
2021-08-25 20:29:50,890 [http-nio-8081-exec-21] INFO  org.anatkor.controllers.command.AccountsCommand- account list requested for user with id= 9
2021-08-25 20:31:10,870 [http-nio-8081-exec-29] INFO  org.anatkor.controllers.command.LogoutCommand- User 382222222222 is Logged out
2021-08-25 20:31:10,874 [http-nio-8081-exec-30] INFO  org.anatkor.controllers.command.LoginCommand- Not enough login data
2021-08-25 20:31:14,194 [http-nio-8081-exec-24] INFO  org.anatkor.controllers.command.LoginCommand- Admin '381111111111' is logged in
2021-08-25 20:31:19,890 [http-nio-8081-exec-22] INFO  org.anatkor.controllers.command.UsersCommand- users list requested
2021-08-25 20:31:21,692 [http-nio-8081-exec-27] INFO  org.anatkor.controllers.command.AccountsCommand- account list requested for user with id= 14
2021-08-25 20:31:27,014 [http-nio-8081-exec-30] INFO  org.anatkor.controllers.command.UserCommand- User 381111111111 profile called
2021-08-25 20:31:32,225 [http-nio-8081-exec-21] INFO  org.anatkor.controllers.command.AccountsCommand- account list requested for user with id= 13
2021-08-25 20:38:12,190 [http-nio-8081-exec-23] INFO  org.anatkor.dao.AccountDao- Action flag of account with id=4 is updated to 2
2021-08-25 20:38:43,314 [http-nio-8081-exec-21] INFO  org.anatkor.controllers.command.UsersCommand- users list requested
2021-08-25 20:38:47,691 [http-nio-8081-exec-26] INFO  org.anatkor.controllers.command.UserCommand- User 381111111111 profile called
2021-08-25 20:38:50,524 [http-nio-8081-exec-29] INFO  org.anatkor.controllers.command.AccountsCommand- account list requested for user with id= 13
2021-08-25 20:38:54,944 [http-nio-8081-exec-23] DEBUG org.anatkor.controllers.servlets.BikeServlet- BikeServlet called
2021-08-25 20:41:19,524 [http-nio-8081-exec-28] INFO  org.anatkor.controllers.command.LogoutCommand- User 381111111111 is Logged out
2021-08-25 20:41:19,527 [http-nio-8081-exec-29] INFO  org.anatkor.controllers.command.LoginCommand- Not enough login data
2021-08-25 20:41:22,309 [http-nio-8081-exec-23] INFO  org.anatkor.controllers.command.LoginCommand- Client '382222222222' is logged in
2021-08-25 20:41:23,651 [http-nio-8081-exec-25] INFO  org.anatkor.controllers.command.AccountsCommand- account list requested for user with id= 9
2021-08-25 20:41:29,071 [http-nio-8081-exec-28] INFO  org.anatkor.dao.AccountDao- Action flag of account with id=7 is updated to 2
2021-08-25 20:41:39,949 [http-nio-8081-exec-22] INFO  org.anatkor.controllers.command.AccountsCommand- account list requested for user with id= 9
2021-08-25 20:41:48,408 [http-nio-8081-exec-30] INFO  org.anatkor.dao.AccountDao- Action flag of account with id=11 is updated to 2
2021-08-25 20:42:44,747 [http-nio-8081-exec-26] INFO  org.anatkor.dao.AccountDao- Action flag of account with id=11 is updated to 2
2021-08-25 20:44:03,865 [http-nio-8081-exec-29] INFO  org.anatkor.dao.AccountDao- Action flag of account with id=11 is updated to 2
2021-08-25 20:44:31,995 [http-nio-8081-exec-25] INFO  org.anatkor.dao.AccountDao- Action flag of account with id=11 is updated to 2
2021-08-25 20:44:58,739 [http-nio-8081-exec-23] INFO  org.anatkor.controllers.command.LoginCommand- Client '382222222222' is logged in
2021-08-25 20:44:59,751 [http-nio-8081-exec-21] INFO  org.anatkor.controllers.command.AccountsCommand- account list requested for user with id= 9
2021-08-25 20:45:23,083 [http-nio-8081-exec-24] INFO  org.anatkor.dao.AccountDao- Action flag of account with id=10 is updated to 2
2021-08-25 20:46:43,570 [http-nio-8081-exec-34] INFO  org.anatkor.dao.AccountDao- Action flag of account with id=10 is updated to 2
2021-08-25 20:47:03,836 [http-nio-8081-exec-32] INFO  org.anatkor.dao.AccountDao- Action flag of account with id=10 is updated to 2
2021-08-25 20:47:42,172 [http-nio-8081-exec-39] INFO  org.anatkor.controllers.command.AccountsCommand- account list requested for user with id= 9
2021-08-25 20:48:04,662 [http-nio-8081-exec-34] INFO  org.anatkor.controllers.command.LogoutCommand- User 382222222222 is Logged out
2021-08-25 20:48:04,666 [http-nio-8081-exec-31] INFO  org.anatkor.controllers.command.LoginCommand- Not enough login data
2021-08-25 20:48:07,000 [http-nio-8081-exec-39] INFO  org.anatkor.controllers.command.LoginCommand- Client '382222222222' is logged in
2021-08-25 20:48:08,214 [http-nio-8081-exec-37] INFO  org.anatkor.controllers.command.AccountsCommand- account list requested for user with id= 9
2021-08-25 20:48:17,744 [http-nio-8081-exec-34] INFO  org.anatkor.dao.AccountDao- Action flag of account with id=12 is updated to 2
2021-08-25 20:48:23,720 [http-nio-8081-exec-36] INFO  org.anatkor.controllers.command.AccountsCommand- account list requested for user with id= 9
2021-08-25 20:49:37,583 [http-nio-8081-exec-39] INFO  org.anatkor.controllers.command.AccountsCommand- account list requested for user with id= 9
2021-08-25 20:50:18,724 [http-nio-8081-exec-35] INFO  org.anatkor.controllers.command.AccountsCommand- account list requested for user with id= 9
2021-08-25 20:50:19,826 [http-nio-8081-exec-32] INFO  org.anatkor.controllers.command.AccountsCommand- account list requested for user with id= 9
2021-08-25 20:50:20,312 [http-nio-8081-exec-38] INFO  org.anatkor.controllers.command.AccountsCommand- account list requested for user with id= 9
2021-08-25 20:53:13,009 [http-nio-8081-exec-39] INFO  org.anatkor.controllers.command.AccountsCommand- account list requested for user with id= 9
2021-08-25 21:38:01,820 [http-nio-8081-exec-34] INFO  org.anatkor.controllers.command.LoginCommand- Client '382222222222' is logged in
2021-08-25 21:38:05,166 [http-nio-8081-exec-35] INFO  org.anatkor.controllers.command.AccountsCommand- account list requested for user with id= 9
2021-08-25 21:38:47,242 [http-nio-8081-exec-37] WARN  org.anatkor.controllers.command.filter.AdminFilter- Attempt of unauthorized access to the Admin by org.anatkor.model.User@1f904cf0
2021-08-25 21:38:47,243 [http-nio-8081-exec-37] INFO  org.anatkor.controllers.command.LoginCommand- Not enough login data
2021-08-25 21:38:47,244 [http-nio-8081-exec-37] INFO  org.anatkor.controllers.command.UsersCommand- users list requested
2021-08-25 21:38:53,546 [http-nio-8081-exec-33] INFO  org.anatkor.controllers.command.AccountsCommand- account list requested for user with id= 9
2021-08-25 21:41:51,090 [http-nio-8081-exec-40] INFO  org.anatkor.controllers.command.AccountsCommand- account list requested for user with id= 9
2021-08-25 21:43:44,850 [http-nio-8081-exec-36] INFO  org.anatkor.controllers.command.LogoutCommand- User 382222222222 is Logged out
2021-08-25 21:43:44,853 [http-nio-8081-exec-33] INFO  org.anatkor.controllers.command.LoginCommand- Not enough login data
2021-08-25 21:43:47,210 [http-nio-8081-exec-31] INFO  org.anatkor.controllers.command.LoginCommand- Admin '381111111111' is logged in
2021-08-25 21:43:49,793 [http-nio-8081-exec-40] INFO  org.anatkor.dao.AccountDao- Status of account with id=8 is updated to false
2021-08-25 21:43:51,096 [http-nio-8081-exec-38] INFO  org.anatkor.dao.AccountDao- Status of account with id=9 is updated to false
2021-08-25 21:43:51,773 [http-nio-8081-exec-34] INFO  org.anatkor.dao.AccountDao- Status of account with id=4 is updated to false
2021-08-25 21:43:52,470 [http-nio-8081-exec-35] INFO  org.anatkor.dao.AccountDao- Status of account with id=7 is updated to false
2021-08-25 21:43:53,063 [http-nio-8081-exec-37] INFO  org.anatkor.dao.AccountDao- Status of account with id=11 is updated to false
2021-08-25 21:43:54,207 [http-nio-8081-exec-33] INFO  org.anatkor.dao.AccountDao- Status of account with id=10 is updated to false
2021-08-25 21:43:54,843 [http-nio-8081-exec-39] INFO  org.anatkor.dao.AccountDao- Status of account with id=12 is updated to false
2021-08-25 21:43:58,091 [http-nio-8081-exec-32] INFO  org.anatkor.controllers.command.LogoutCommand- User 381111111111 is Logged out
2021-08-25 21:43:58,094 [http-nio-8081-exec-37] INFO  org.anatkor.controllers.command.LoginCommand- Not enough login data
2021-08-25 21:44:01,864 [http-nio-8081-exec-36] INFO  org.anatkor.controllers.command.LoginCommand- Client '382222222222' is logged in
2021-08-25 21:44:03,167 [http-nio-8081-exec-31] INFO  org.anatkor.controllers.command.AccountsCommand- account list requested for user with id= 9
2021-08-25 21:44:18,726 [http-nio-8081-exec-36] INFO  org.anatkor.dao.AccountDao- Action flag of account with id=8 is updated to 1
2021-08-25 21:44:25,254 [http-nio-8081-exec-35] INFO  org.anatkor.controllers.command.AccountsCommand- account list requested for user with id= 9
2021-08-25 21:44:33,449 [http-nio-8081-exec-36] INFO  org.anatkor.dao.AccountDao- Action flag of account with id=9 is updated to 1
2021-08-25 21:44:39,799 [http-nio-8081-exec-35] INFO  org.anatkor.controllers.command.AccountsCommand- account list requested for user with id= 9
