2021-08-24 10:38:55,243 [http-nio-8081-exec-7] INFO  org.anatkor.controllers.command.LoginCommand- Client '382222222222' is logged in
2021-08-24 10:38:56,511 [http-nio-8081-exec-10] INFO  org.anatkor.controllers.command.AccountsCommand- account list requested
2021-08-24 10:39:50,624 [http-nio-8081-exec-4] INFO  org.anatkor.controllers.command.AccountsCommand- account list requested
2021-08-24 10:39:57,114 [http-nio-8081-exec-7] INFO  org.anatkor.controllers.command.AccountsCommand- account list requested
2021-08-24 10:40:13,337 [http-nio-8081-exec-10] INFO  org.anatkor.controllers.command.AccountsCommand- account list requested
2021-08-24 10:42:20,575 [http-nio-8081-exec-4] INFO  org.anatkor.controllers.command.AccountsCommand- account list requested
2021-08-24 10:44:10,511 [http-nio-8081-exec-8] INFO  org.anatkor.controllers.command.AccountsCommand- account list requested
2021-08-24 10:45:01,348 [http-nio-8081-exec-2] INFO  org.anatkor.controllers.command.AccountsCommand- account list requested
2021-08-24 10:45:18,531 [http-nio-8081-exec-4] INFO  org.anatkor.controllers.command.AccountsCommand- account list requested
2021-08-24 10:45:21,611 [http-nio-8081-exec-7] INFO  org.anatkor.controllers.command.AccountsCommand- account list requested
2021-08-24 10:45:33,132 [http-nio-8081-exec-6] INFO  org.anatkor.controllers.command.AccountsCommand- account list requested
2021-08-24 10:46:55,920 [http-nio-8081-exec-1] INFO  org.anatkor.controllers.command.AccountsCommand- account list requested
2021-08-24 10:47:11,773 [http-nio-8081-exec-2] INFO  org.anatkor.controllers.command.AccountsCommand- account list requested
2021-08-24 10:49:21,628 [http-nio-8081-exec-6] INFO  org.anatkor.controllers.command.AccountsCommand- account list requested
2021-08-24 10:51:21,686 [http-nio-8081-exec-1] INFO  org.anatkor.controllers.command.AccountsCommand- account list requested
2021-08-24 10:51:36,788 [http-nio-8081-exec-4] INFO  org.anatkor.controllers.command.LogoutCommand- User 382222222222 is Logged out
2021-08-24 10:51:36,791 [http-nio-8081-exec-5] INFO  org.anatkor.controllers.command.LoginCommand- Not enough login data
2021-08-24 10:51:39,200 [http-nio-8081-exec-7] INFO  org.anatkor.controllers.command.LoginCommand- Admin '381111111111' is logged in
2021-08-24 10:51:41,058 [http-nio-8081-exec-1] INFO  org.anatkor.controllers.servlets.BikesListServlet- Bike servlet called
2021-08-24 10:51:59,254 [http-nio-8081-exec-5] INFO  org.anatkor.controllers.command.UsersCommand- users list requested
2021-08-24 10:52:03,547 [http-nio-8081-exec-7] INFO  org.anatkor.controllers.command.UsersCommand- users list requested
2021-08-24 10:52:04,751 [http-nio-8081-exec-9] INFO  org.anatkor.controllers.command.UsersCommand- users list requested
2021-08-24 10:52:05,345 [http-nio-8081-exec-10] INFO  org.anatkor.controllers.command.UsersCommand- users list requested
2021-08-24 10:52:06,189 [http-nio-8081-exec-3] INFO  org.anatkor.controllers.command.UsersCommand- users list requested
2021-08-24 10:52:06,761 [http-nio-8081-exec-5] INFO  org.anatkor.controllers.command.UsersCommand- users list requested
2021-08-24 10:52:07,886 [http-nio-8081-exec-7] INFO  org.anatkor.controllers.command.UsersCommand- users list requested
2021-08-24 10:52:08,330 [http-nio-8081-exec-9] INFO  org.anatkor.controllers.command.UsersCommand- users list requested
2021-08-24 10:52:09,046 [http-nio-8081-exec-10] INFO  org.anatkor.controllers.command.UsersCommand- users list requested
2021-08-24 10:52:09,476 [http-nio-8081-exec-3] INFO  org.anatkor.controllers.command.UsersCommand- users list requested
2021-08-24 10:52:10,038 [http-nio-8081-exec-5] INFO  org.anatkor.controllers.command.UsersCommand- users list requested
2021-08-24 10:52:10,426 [http-nio-8081-exec-7] INFO  org.anatkor.controllers.command.UsersCommand- users list requested
2021-08-24 10:52:10,925 [http-nio-8081-exec-9] INFO  org.anatkor.controllers.command.UsersCommand- users list requested
2021-08-24 10:52:11,305 [http-nio-8081-exec-10] INFO  org.anatkor.controllers.command.UsersCommand- users list requested
2021-08-24 10:52:11,742 [http-nio-8081-exec-3] INFO  org.anatkor.controllers.command.UsersCommand- users list requested
2021-08-24 10:52:12,238 [http-nio-8081-exec-5] INFO  org.anatkor.controllers.command.UsersCommand- users list requested
2021-08-24 10:52:12,686 [http-nio-8081-exec-7] INFO  org.anatkor.controllers.command.UsersCommand- users list requested
2021-08-24 10:52:13,038 [http-nio-8081-exec-9] INFO  org.anatkor.controllers.command.UsersCommand- users list requested
2021-08-24 10:52:13,467 [http-nio-8081-exec-10] INFO  org.anatkor.controllers.command.UsersCommand- users list requested
2021-08-24 10:52:13,759 [http-nio-8081-exec-3] INFO  org.anatkor.controllers.command.UsersCommand- users list requested
2021-08-24 10:52:14,094 [http-nio-8081-exec-5] INFO  org.anatkor.controllers.command.UsersCommand- users list requested
2021-08-24 10:52:14,402 [http-nio-8081-exec-7] INFO  org.anatkor.controllers.command.UsersCommand- users list requested
2021-08-24 10:52:14,766 [http-nio-8081-exec-9] INFO  org.anatkor.controllers.command.UsersCommand- users list requested
2021-08-24 10:52:15,126 [http-nio-8081-exec-10] INFO  org.anatkor.controllers.command.UsersCommand- users list requested
2021-08-24 10:52:15,523 [http-nio-8081-exec-3] INFO  org.anatkor.controllers.command.UsersCommand- users list requested
2021-08-24 10:52:15,942 [http-nio-8081-exec-5] INFO  org.anatkor.controllers.command.UsersCommand- users list requested
2021-08-24 10:52:45,853 [http-nio-8081-exec-9] INFO  org.anatkor.controllers.command.UsersCommand- users list requested
2021-08-24 10:52:48,421 [http-nio-8081-exec-10] INFO  org.anatkor.controllers.command.UsersCommand- users list requested
2021-08-24 10:52:49,094 [http-nio-8081-exec-3] INFO  org.anatkor.controllers.command.UsersCommand- users list requested
2021-08-24 10:52:50,421 [http-nio-8081-exec-5] INFO  org.anatkor.controllers.command.UsersCommand- users list requested
2021-08-24 10:52:50,979 [http-nio-8081-exec-7] INFO  org.anatkor.controllers.command.UsersCommand- users list requested
2021-08-24 10:52:51,282 [http-nio-8081-exec-9] INFO  org.anatkor.controllers.command.UsersCommand- users list requested
2021-08-24 10:52:51,695 [http-nio-8081-exec-10] INFO  org.anatkor.controllers.command.UsersCommand- users list requested
2021-08-24 10:52:52,272 [http-nio-8081-exec-3] INFO  org.anatkor.controllers.command.UsersCommand- users list requested
2021-08-24 10:52:52,923 [http-nio-8081-exec-5] INFO  org.anatkor.controllers.command.UsersCommand- users list requested
2021-08-24 10:52:53,422 [http-nio-8081-exec-7] INFO  org.anatkor.controllers.command.UsersCommand- users list requested
2021-08-24 10:52:54,258 [http-nio-8081-exec-9] INFO  org.anatkor.controllers.command.UsersCommand- users list requested
2021-08-24 10:52:54,813 [http-nio-8081-exec-10] INFO  org.anatkor.controllers.command.UsersCommand- users list requested
2021-08-24 10:52:55,366 [http-nio-8081-exec-3] INFO  org.anatkor.controllers.command.UsersCommand- users list requested
2021-08-24 10:52:55,922 [http-nio-8081-exec-5] INFO  org.anatkor.controllers.command.UsersCommand- users list requested
2021-08-24 10:52:56,623 [http-nio-8081-exec-7] INFO  org.anatkor.controllers.command.UsersCommand- users list requested
2021-08-24 10:52:57,266 [http-nio-8081-exec-9] INFO  org.anatkor.controllers.command.UsersCommand- users list requested
2021-08-24 10:52:58,111 [http-nio-8081-exec-10] INFO  org.anatkor.controllers.command.UsersCommand- users list requested
2021-08-24 10:52:58,751 [http-nio-8081-exec-3] INFO  org.anatkor.controllers.command.UsersCommand- users list requested
2021-08-24 10:52:59,415 [http-nio-8081-exec-5] INFO  org.anatkor.controllers.command.UsersCommand- users list requested
2021-08-24 10:52:59,883 [http-nio-8081-exec-7] INFO  org.anatkor.controllers.command.UsersCommand- users list requested
2021-08-24 10:53:00,733 [http-nio-8081-exec-9] INFO  org.anatkor.controllers.command.UserCommand- User 381111111111 profile called
2021-08-24 10:53:03,235 [http-nio-8081-exec-10] INFO  org.anatkor.controllers.command.UserCommand- User 381111111111 profile called
2021-08-24 10:53:03,703 [http-nio-8081-exec-3] INFO  org.anatkor.controllers.command.UserCommand- User 381111111111 profile called
2021-08-24 10:53:04,287 [http-nio-8081-exec-5] INFO  org.anatkor.controllers.command.UserCommand- User 381111111111 profile called
2021-08-24 10:53:04,671 [http-nio-8081-exec-7] INFO  org.anatkor.controllers.command.UserCommand- User 381111111111 profile called
2021-08-24 10:53:05,101 [http-nio-8081-exec-9] INFO  org.anatkor.controllers.command.UserCommand- User 381111111111 profile called
2021-08-24 10:53:05,428 [http-nio-8081-exec-10] INFO  org.anatkor.controllers.command.UserCommand- User 381111111111 profile called
2021-08-24 10:53:05,811 [http-nio-8081-exec-3] INFO  org.anatkor.controllers.command.UserCommand- User 381111111111 profile called
2021-08-24 10:53:06,123 [http-nio-8081-exec-5] INFO  org.anatkor.controllers.command.UserCommand- User 381111111111 profile called
2021-08-24 10:53:06,488 [http-nio-8081-exec-7] INFO  org.anatkor.controllers.command.UserCommand- User 381111111111 profile called
2021-08-24 10:53:06,812 [http-nio-8081-exec-1] INFO  org.anatkor.controllers.command.UserCommand- User 381111111111 profile called
2021-08-24 10:53:07,204 [http-nio-8081-exec-2] INFO  org.anatkor.controllers.command.UserCommand- User 381111111111 profile called
2021-08-24 10:53:07,620 [http-nio-8081-exec-4] INFO  org.anatkor.controllers.command.UserCommand- User 381111111111 profile called
2021-08-24 10:53:08,100 [http-nio-8081-exec-6] INFO  org.anatkor.controllers.command.UserCommand- User 381111111111 profile called
2021-08-24 10:53:08,739 [http-nio-8081-exec-7] INFO  org.anatkor.controllers.command.UserCommand- User 381111111111 profile called
2021-08-24 10:53:13,650 [http-nio-8081-exec-1] INFO  org.anatkor.controllers.command.UserCommand- User 381111111111 profile called
2021-08-24 10:53:23,726 [http-nio-8081-exec-2] INFO  org.anatkor.controllers.command.UserCommand- User 381111111111 profile called
2021-08-24 10:53:24,855 [http-nio-8081-exec-4] INFO  org.anatkor.controllers.command.UserCommand- User 381111111111 profile called
2021-08-24 10:53:25,510 [http-nio-8081-exec-6] INFO  org.anatkor.controllers.command.UserCommand- User 381111111111 profile called
2021-08-24 10:53:28,637 [http-nio-8081-exec-10] INFO  org.anatkor.controllers.command.UsersCommand- users list requested
2021-08-24 10:53:31,768 [http-nio-8081-exec-3] INFO  org.anatkor.controllers.command.UserCommand- User 381111111111 profile called
2021-08-24 10:53:34,351 [http-nio-8081-exec-5] INFO  org.anatkor.controllers.command.UserCommand- User 381111111111 profile called
2021-08-24 10:53:34,436 [http-nio-8081-exec-5] INFO  org.anatkor.dao.UserDao- Status of user with phone=382222222222 is updated to false
2021-08-24 10:53:34,439 [http-nio-8081-exec-6] INFO  org.anatkor.controllers.command.UserCommand- User 381111111111 profile called
2021-08-24 10:53:43,838 [http-nio-8081-exec-7] INFO  org.anatkor.controllers.command.UserCommand- User 381111111111 profile called
2021-08-24 10:53:44,470 [http-nio-8081-exec-1] INFO  org.anatkor.controllers.command.UserCommand- User 381111111111 profile called
2021-08-24 10:53:44,758 [http-nio-8081-exec-2] INFO  org.anatkor.controllers.command.UserCommand- User 381111111111 profile called
2021-08-24 10:53:45,007 [http-nio-8081-exec-4] INFO  org.anatkor.controllers.command.UserCommand- User 381111111111 profile called
2021-08-24 10:53:45,223 [http-nio-8081-exec-6] INFO  org.anatkor.controllers.command.UserCommand- User 381111111111 profile called
2021-08-24 10:53:45,423 [http-nio-8081-exec-7] INFO  org.anatkor.controllers.command.UserCommand- User 381111111111 profile called
2021-08-24 10:53:46,578 [http-nio-8081-exec-1] INFO  org.anatkor.controllers.command.UserCommand- User 381111111111 profile called
2021-08-24 10:53:48,230 [http-nio-8081-exec-2] INFO  org.anatkor.controllers.command.UserCommand- User 381111111111 profile called
2021-08-24 10:53:49,478 [http-nio-8081-exec-4] INFO  org.anatkor.controllers.command.UserCommand- User 381111111111 profile called
2021-08-24 10:53:49,978 [http-nio-8081-exec-6] INFO  org.anatkor.controllers.command.UserCommand- User 381111111111 profile called
2021-08-24 10:53:50,199 [http-nio-8081-exec-7] INFO  org.anatkor.controllers.command.UserCommand- User 381111111111 profile called
2021-08-24 10:53:50,391 [http-nio-8081-exec-1] INFO  org.anatkor.controllers.command.UserCommand- User 381111111111 profile called
2021-08-24 10:53:50,582 [http-nio-8081-exec-2] INFO  org.anatkor.controllers.command.UserCommand- User 381111111111 profile called
2021-08-24 10:53:50,790 [http-nio-8081-exec-4] INFO  org.anatkor.controllers.command.UserCommand- User 381111111111 profile called
2021-08-24 10:53:52,739 [http-nio-8081-exec-6] INFO  org.anatkor.controllers.command.UserCommand- User 381111111111 profile called
2021-08-24 10:53:53,515 [http-nio-8081-exec-7] INFO  org.anatkor.controllers.command.UserCommand- User 381111111111 profile called
2021-08-24 10:53:53,791 [http-nio-8081-exec-1] INFO  org.anatkor.controllers.command.UserCommand- User 381111111111 profile called
2021-08-24 10:53:54,003 [http-nio-8081-exec-2] INFO  org.anatkor.controllers.command.UserCommand- User 381111111111 profile called
2021-08-24 10:53:54,247 [http-nio-8081-exec-4] INFO  org.anatkor.controllers.command.UserCommand- User 381111111111 profile called
2021-08-24 10:53:54,583 [http-nio-8081-exec-6] INFO  org.anatkor.controllers.command.UserCommand- User 381111111111 profile called
2021-08-24 10:53:54,903 [http-nio-8081-exec-7] INFO  org.anatkor.controllers.command.UserCommand- User 381111111111 profile called
2021-08-24 10:53:55,243 [http-nio-8081-exec-1] INFO  org.anatkor.controllers.command.UserCommand- User 381111111111 profile called
2021-08-24 10:53:55,583 [http-nio-8081-exec-2] INFO  org.anatkor.controllers.command.UserCommand- User 381111111111 profile called
2021-08-24 10:53:55,819 [http-nio-8081-exec-4] INFO  org.anatkor.controllers.command.UserCommand- User 381111111111 profile called
2021-08-24 10:53:56,219 [http-nio-8081-exec-6] INFO  org.anatkor.controllers.command.UserCommand- User 381111111111 profile called
2021-08-24 10:53:58,418 [http-nio-8081-exec-7] INFO  org.anatkor.controllers.command.UserCommand- User 381111111111 profile called
2021-08-24 10:53:58,501 [http-nio-8081-exec-7] INFO  org.anatkor.dao.UserDao- Status of user with phone=382222222222 is updated to true
2021-08-24 10:53:58,504 [http-nio-8081-exec-9] INFO  org.anatkor.controllers.command.UserCommand- User 381111111111 profile called
2021-08-24 10:54:00,036 [http-nio-8081-exec-10] INFO  org.anatkor.controllers.command.UserCommand- User 381111111111 profile called
2021-08-24 10:54:00,323 [http-nio-8081-exec-3] INFO  org.anatkor.controllers.command.UserCommand- User 381111111111 profile called
2021-08-24 10:54:00,527 [http-nio-8081-exec-5] INFO  org.anatkor.controllers.command.UserCommand- User 381111111111 profile called
2021-08-24 10:54:00,727 [http-nio-8081-exec-8] INFO  org.anatkor.controllers.command.UserCommand- User 381111111111 profile called
2021-08-24 10:54:04,494 [http-nio-8081-exec-9] INFO  org.anatkor.controllers.command.UserCommand- User 381111111111 profile called
2021-08-24 10:54:05,241 [http-nio-8081-exec-10] INFO  org.anatkor.controllers.command.UserCommand- User 381111111111 profile called
2021-08-24 10:54:05,694 [http-nio-8081-exec-3] INFO  org.anatkor.controllers.command.UserCommand- User 381111111111 profile called
2021-08-24 10:54:06,150 [http-nio-8081-exec-5] INFO  org.anatkor.controllers.command.UserCommand- User 381111111111 profile called
2021-08-24 10:54:06,602 [http-nio-8081-exec-8] INFO  org.anatkor.controllers.command.UserCommand- User 381111111111 profile called
2021-08-24 10:54:07,140 [http-nio-8081-exec-9] INFO  org.anatkor.controllers.command.UserCommand- User 381111111111 profile called
2021-08-24 10:54:07,562 [http-nio-8081-exec-10] INFO  org.anatkor.controllers.command.UserCommand- User 381111111111 profile called
2021-08-24 10:54:08,070 [http-nio-8081-exec-3] INFO  org.anatkor.controllers.command.UserCommand- User 381111111111 profile called
2021-08-24 10:54:08,402 [http-nio-8081-exec-5] INFO  org.anatkor.controllers.command.UserCommand- User 381111111111 profile called
2021-08-24 10:54:08,843 [http-nio-8081-exec-8] INFO  org.anatkor.controllers.command.UserCommand- User 381111111111 profile called
2021-08-24 10:54:09,207 [http-nio-8081-exec-1] INFO  org.anatkor.controllers.command.UserCommand- User 381111111111 profile called
2021-08-24 10:54:09,586 [http-nio-8081-exec-2] INFO  org.anatkor.controllers.command.UserCommand- User 381111111111 profile called
2021-08-24 10:54:09,891 [http-nio-8081-exec-4] INFO  org.anatkor.controllers.command.UserCommand- User 381111111111 profile called
2021-08-24 10:54:10,223 [http-nio-8081-exec-6] INFO  org.anatkor.controllers.command.UserCommand- User 381111111111 profile called
2021-08-24 10:54:10,570 [http-nio-8081-exec-8] INFO  org.anatkor.controllers.command.UserCommand- User 381111111111 profile called
2021-08-24 10:54:21,716 [http-nio-8081-exec-1] INFO  org.anatkor.controllers.command.UserCommand- User 381111111111 profile called
2021-08-24 10:54:22,185 [http-nio-8081-exec-2] INFO  org.anatkor.controllers.command.UserCommand- User 381111111111 profile called
2021-08-24 10:54:22,607 [http-nio-8081-exec-4] INFO  org.anatkor.controllers.command.UserCommand- User 381111111111 profile called
2021-08-24 10:54:23,028 [http-nio-8081-exec-6] INFO  org.anatkor.controllers.command.UserCommand- User 381111111111 profile called
2021-08-24 10:54:23,435 [http-nio-8081-exec-8] INFO  org.anatkor.controllers.command.UserCommand- User 381111111111 profile called
2021-08-24 10:54:23,836 [http-nio-8081-exec-1] INFO  org.anatkor.controllers.command.UserCommand- User 381111111111 profile called
2021-08-24 10:54:24,131 [http-nio-8081-exec-2] INFO  org.anatkor.controllers.command.UserCommand- User 381111111111 profile called
2021-08-24 10:54:38,053 [http-nio-8081-exec-7] INFO  org.anatkor.controllers.command.LogoutCommand- User 381111111111 is Logged out
2021-08-24 10:54:38,055 [http-nio-8081-exec-8] INFO  org.anatkor.controllers.command.LoginCommand- Not enough login data
2021-08-24 10:54:43,293 [http-nio-8081-exec-1] INFO  org.anatkor.controllers.command.LoginCommand- Client '382222222222' is logged in
2021-08-24 10:54:45,342 [http-nio-8081-exec-3] INFO  org.anatkor.controllers.command.AccountsCommand- account list requested
2021-08-24 10:55:13,004 [http-nio-8081-exec-8] INFO  org.anatkor.controllers.command.AccountCommand- request for a new account
2021-08-24 10:55:13,049 [http-nio-8081-exec-8] INFO  org.anatkor.dao.AccountDao- Account 1000000005 is added to DB
2021-08-24 10:55:16,325 [http-nio-8081-exec-9] INFO  org.anatkor.controllers.command.AccountsCommand- account list requested
2021-08-24 10:55:30,395 [http-nio-8081-exec-5] INFO  org.anatkor.controllers.command.AccountsCommand- account list requested
2021-08-24 10:55:36,838 [http-nio-8081-exec-7] INFO  org.anatkor.controllers.command.AccountsCommand- account list requested
2021-08-24 11:02:02,265 [http-nio-8081-exec-1] INFO  org.anatkor.controllers.command.LoginCommand- Client '382222222222' is logged in
2021-08-24 11:02:12,971 [http-nio-8081-exec-4] INFO  org.anatkor.controllers.command.AccountCommand- request for a new account
2021-08-24 11:02:13,020 [http-nio-8081-exec-4] INFO  org.anatkor.dao.AccountDao- Account 1000000006 is added to DB
2021-08-24 11:02:13,024 [http-nio-8081-exec-8] INFO  org.anatkor.controllers.command.AccountsCommand- account list requested
2021-08-24 11:02:19,358 [http-nio-8081-exec-3] INFO  org.anatkor.controllers.command.AccountsCommand- account list requested
2021-08-24 11:02:20,004 [http-nio-8081-exec-11] INFO  org.anatkor.controllers.command.AccountsCommand- account list requested
2021-08-24 11:02:20,205 [http-nio-8081-exec-12] INFO  org.anatkor.controllers.command.AccountsCommand- account list requested
2021-08-24 11:02:20,408 [http-nio-8081-exec-9] INFO  org.anatkor.controllers.command.AccountsCommand- account list requested
2021-08-24 11:02:20,613 [http-nio-8081-exec-8] INFO  org.anatkor.controllers.command.AccountsCommand- account list requested
2021-08-24 11:02:20,789 [http-nio-8081-exec-14] INFO  org.anatkor.controllers.command.AccountsCommand- account list requested
2021-08-24 11:02:20,960 [http-nio-8081-exec-11] INFO  org.anatkor.controllers.command.AccountsCommand- account list requested
2021-08-24 11:02:22,056 [http-nio-8081-exec-12] INFO  org.anatkor.controllers.command.AccountsCommand- account list requested
2021-08-24 11:02:40,578 [http-nio-8081-exec-13] INFO  org.anatkor.controllers.command.AccountsCommand- account list requested
2021-08-24 11:02:43,689 [http-nio-8081-exec-14] INFO  org.anatkor.controllers.command.AccountsCommand- account list requested
2021-08-24 11:11:40,889 [http-nio-8081-exec-16] INFO  org.anatkor.controllers.command.AccountsCommand- account list requested
2021-08-24 11:12:07,231 [http-nio-8081-exec-12] INFO  org.anatkor.controllers.command.AccountCommand- request for a new account by user null
2021-08-24 11:12:38,568 [http-nio-8081-exec-20] INFO  org.anatkor.controllers.command.LoginCommand- Client '382222222222' is logged in
2021-08-24 11:12:39,938 [http-nio-8081-exec-17] INFO  org.anatkor.controllers.command.AccountsCommand- account list requested
2021-08-24 11:13:07,008 [http-nio-8081-exec-12] INFO  org.anatkor.controllers.command.AccountsCommand- account list requested
2021-08-24 11:13:31,493 [http-nio-8081-exec-22] INFO  org.anatkor.controllers.command.AccountsCommand- account list requested
2021-08-24 11:13:40,359 [http-nio-8081-exec-28] INFO  org.anatkor.controllers.command.AccountCommand- request for a new account by user 9
2021-08-24 11:13:40,406 [http-nio-8081-exec-28] INFO  org.anatkor.dao.AccountDao- Account 1000000007 is added to DB
2021-08-24 11:13:40,409 [http-nio-8081-exec-24] INFO  org.anatkor.controllers.command.AccountsCommand- account list requested
2021-08-24 11:15:04,013 [http-nio-8081-exec-27] INFO  org.anatkor.controllers.command.AccountCommand- request for a new account by user 9
2021-08-24 11:15:04,059 [http-nio-8081-exec-27] INFO  org.anatkor.dao.AccountDao- Account 1000000008 is added to DB
2021-08-24 11:15:04,062 [http-nio-8081-exec-30] INFO  org.anatkor.controllers.command.AccountsCommand- account list requested
2021-08-24 11:15:45,794 [http-nio-8081-exec-29] INFO  org.anatkor.controllers.command.AccountsCommand- account list requested
2021-08-24 11:15:48,437 [http-nio-8081-exec-21] INFO  org.anatkor.controllers.command.AccountsCommand- account list requested
2021-08-24 11:15:53,808 [http-nio-8081-exec-27] INFO  org.anatkor.controllers.command.AccountsCommand- account list requested
2021-08-24 11:15:56,509 [http-nio-8081-exec-28] INFO  org.anatkor.controllers.command.AccountsCommand- account list requested
2021-08-24 11:16:01,278 [http-nio-8081-exec-25] INFO  org.anatkor.controllers.command.AccountsCommand- account list requested
2021-08-24 11:21:58,418 [http-nio-8081-exec-28] INFO  org.anatkor.controllers.command.LoginCommand- Client '382222222222' is logged in
2021-08-24 11:22:17,710 [http-nio-8081-exec-30] INFO  org.anatkor.controllers.command.AccountsCommand- account list requested for uder with id= 9
2021-08-24 11:22:20,539 [http-nio-8081-exec-32] INFO  org.anatkor.controllers.command.AccountsCommand- account list requested for uder with id= 9
2021-08-24 11:22:21,542 [http-nio-8081-exec-21] INFO  org.anatkor.controllers.command.AccountsCommand- account list requested for uder with id= 9
2021-08-24 11:22:22,083 [http-nio-8081-exec-22] INFO  org.anatkor.controllers.command.AccountsCommand- account list requested for uder with id= 9
2021-08-24 11:22:22,573 [http-nio-8081-exec-26] INFO  org.anatkor.controllers.command.AccountsCommand- account list requested for uder with id= 9
2021-08-24 11:22:24,257 [http-nio-8081-exec-31] INFO  org.anatkor.controllers.command.AccountsCommand- account list requested for uder with id= 9
2021-08-24 11:22:24,951 [http-nio-8081-exec-32] INFO  org.anatkor.controllers.command.AccountsCommand- account list requested for uder with id= 9
2021-08-24 11:22:26,600 [http-nio-8081-exec-21] INFO  org.anatkor.controllers.command.AccountsCommand- account list requested for uder with id= 9
2021-08-24 11:22:27,190 [http-nio-8081-exec-38] INFO  org.anatkor.controllers.command.AccountsCommand- account list requested for uder with id= 9
2021-08-24 11:22:31,895 [http-nio-8081-exec-26] INFO  org.anatkor.controllers.command.AccountsCommand- account list requested for uder with id= 9
2021-08-24 11:22:37,180 [http-nio-8081-exec-31] INFO  org.anatkor.controllers.command.AccountsCommand- account list requested for uder with id= 9
2021-08-24 11:22:41,232 [http-nio-8081-exec-32] INFO  org.anatkor.controllers.command.AccountsCommand- account list requested for uder with id= 9
2021-08-24 11:22:41,285 [http-nio-8081-exec-32] DEBUG org.anatkor.dao.AccountDao- SQLException during Query SELECT * FROM account WHERE user_id=? ORDER BY ? ? processing from class org.anatkor.dao.Utils.
2021-08-24 11:22:48,145 [http-nio-8081-exec-33] INFO  org.anatkor.controllers.command.AccountsCommand- account list requested for uder with id= 9
2021-08-24 11:22:50,806 [http-nio-8081-exec-34] INFO  org.anatkor.controllers.command.AccountsCommand- account list requested for uder with id= 9
2021-08-24 11:22:54,402 [http-nio-8081-exec-35] INFO  org.anatkor.controllers.command.AccountsCommand- account list requested for uder with id= 9
2021-08-24 11:23:00,534 [http-nio-8081-exec-36] INFO  org.anatkor.controllers.command.AccountsCommand- account list requested for uder with id= 9
2021-08-24 11:23:00,579 [http-nio-8081-exec-36] DEBUG org.anatkor.dao.AccountDao- SQLException during Query SELECT * FROM account WHERE user_id=? ORDER BY ? ? processing from class org.anatkor.dao.Utils.
2021-08-24 11:23:03,794 [http-nio-8081-exec-39] INFO  org.anatkor.controllers.command.AccountsCommand- account list requested for uder with id= 9
2021-08-24 11:23:03,835 [http-nio-8081-exec-39] DEBUG org.anatkor.dao.AccountDao- SQLException during Query SELECT * FROM account WHERE user_id=? ORDER BY ? ? processing from class org.anatkor.dao.Utils.
2021-08-24 11:23:08,018 [http-nio-8081-exec-33] INFO  org.anatkor.controllers.command.AccountsCommand- account list requested for uder with id= 9
2021-08-24 11:23:11,191 [http-nio-8081-exec-40] INFO  org.anatkor.controllers.command.AccountsCommand- account list requested for uder with id= 9
2021-08-24 11:23:11,237 [http-nio-8081-exec-40] DEBUG org.anatkor.dao.AccountDao- SQLException during Query SELECT * FROM account WHERE user_id=? ORDER BY ? ? processing from class org.anatkor.dao.Utils.
2021-08-24 11:23:14,475 [http-nio-8081-exec-31] INFO  org.anatkor.controllers.command.AccountsCommand- account list requested for uder with id= 9
2021-08-24 11:23:14,521 [http-nio-8081-exec-31] DEBUG org.anatkor.dao.AccountDao- SQLException during Query SELECT * FROM account WHERE user_id=? ORDER BY ? ? processing from class org.anatkor.dao.Utils.
2021-08-24 11:25:42,780 [http-nio-8081-exec-37] INFO  org.anatkor.controllers.command.AccountsCommand- account list requested for uder with id= 9
2021-08-24 11:25:46,588 [http-nio-8081-exec-38] INFO  org.anatkor.controllers.command.AccountsCommand- account list requested for uder with id= 9
2021-08-24 11:25:50,049 [http-nio-8081-exec-40] INFO  org.anatkor.controllers.command.AccountsCommand- account list requested for uder with id= 9
2021-08-24 11:25:55,593 [http-nio-8081-exec-31] INFO  org.anatkor.controllers.command.AccountsCommand- account list requested for uder with id= 9
2021-08-24 11:25:59,077 [http-nio-8081-exec-32] INFO  org.anatkor.controllers.command.AccountsCommand- account list requested for uder with id= 9
2021-08-24 11:26:09,903 [http-nio-8081-exec-33] INFO  org.anatkor.controllers.command.AccountsCommand- account list requested for uder with id= 9
2021-08-24 11:26:14,017 [http-nio-8081-exec-34] INFO  org.anatkor.controllers.command.AccountsCommand- account list requested for uder with id= 9
2021-08-24 11:26:18,139 [http-nio-8081-exec-35] INFO  org.anatkor.controllers.command.AccountsCommand- account list requested for uder with id= 9
2021-08-24 11:26:23,009 [http-nio-8081-exec-36] INFO  org.anatkor.controllers.command.AccountsCommand- account list requested for uder with id= 9
2021-08-24 11:26:27,377 [http-nio-8081-exec-39] INFO  org.anatkor.controllers.command.AccountsCommand- account list requested for uder with id= 9
2021-08-24 11:26:30,841 [http-nio-8081-exec-38] INFO  org.anatkor.controllers.command.AccountsCommand- account list requested for uder with id= 9
2021-08-24 11:26:30,886 [http-nio-8081-exec-38] DEBUG org.anatkor.dao.AccountDao- SQLException during Query SELECT * FROM account WHERE user_id=? ORDER BY ? ? processing from class org.anatkor.dao.Utils.
2021-08-24 11:26:34,397 [http-nio-8081-exec-40] INFO  org.anatkor.controllers.command.AccountsCommand- account list requested for uder with id= 9
2021-08-24 11:27:07,425 [http-nio-8081-exec-32] INFO  org.anatkor.controllers.command.AccountsCommand- account list requested for uder with id= 9
2021-08-24 11:27:11,254 [http-nio-8081-exec-37] INFO  org.anatkor.controllers.command.AccountsCommand- account list requested for uder with id= 9
2021-08-24 11:27:14,190 [http-nio-8081-exec-38] INFO  org.anatkor.controllers.command.AccountsCommand- account list requested for uder with id= 9
2021-08-24 11:27:17,206 [http-nio-8081-exec-40] INFO  org.anatkor.controllers.command.AccountsCommand- account list requested for uder with id= 9
2021-08-24 11:27:24,054 [http-nio-8081-exec-31] INFO  org.anatkor.controllers.command.AccountsCommand- account list requested for uder with id= 9
2021-08-24 11:27:26,687 [http-nio-8081-exec-32] INFO  org.anatkor.controllers.command.AccountsCommand- account list requested for uder with id= 9
2021-08-24 11:27:29,236 [http-nio-8081-exec-33] INFO  org.anatkor.controllers.command.AccountsCommand- account list requested for uder with id= 9
2021-08-24 11:27:29,278 [http-nio-8081-exec-33] DEBUG org.anatkor.dao.AccountDao- SQLException during Query SELECT * FROM account WHERE user_id=? ORDER BY ? ? processing from class org.anatkor.dao.Utils.
2021-08-24 11:27:31,935 [http-nio-8081-exec-34] INFO  org.anatkor.controllers.command.AccountsCommand- account list requested for uder with id= 9
2021-08-24 11:27:34,480 [http-nio-8081-exec-35] INFO  org.anatkor.controllers.command.AccountsCommand- account list requested for uder with id= 9
2021-08-24 11:27:37,491 [http-nio-8081-exec-36] INFO  org.anatkor.controllers.command.AccountsCommand- account list requested for uder with id= 9
2021-08-24 11:37:03,097 [http-nio-8081-exec-31] INFO  org.anatkor.controllers.command.LoginCommand- Admin '381111111111' is logged in
2021-08-24 11:37:04,972 [http-nio-8081-exec-33] INFO  org.anatkor.controllers.command.UsersCommand- users list requested
2021-08-24 11:37:16,402 [http-nio-8081-exec-37] INFO  org.anatkor.controllers.command.UsersCommand- users list requested
2021-08-24 11:37:26,829 [http-nio-8081-exec-41] INFO  org.anatkor.controllers.command.UsersCommand- users list requested
2021-08-24 11:37:27,842 [http-nio-8081-exec-42] INFO  org.anatkor.controllers.command.UsersCommand- users list requested
2021-08-24 11:37:28,954 [http-nio-8081-exec-36] INFO  org.anatkor.controllers.command.UsersCommand- users list requested
2021-08-24 11:37:29,525 [http-nio-8081-exec-32] INFO  org.anatkor.controllers.command.UsersCommand- users list requested
2021-08-24 11:37:30,405 [http-nio-8081-exec-39] INFO  org.anatkor.controllers.command.UsersCommand- users list requested
2021-08-24 11:37:30,941 [http-nio-8081-exec-41] INFO  org.anatkor.controllers.command.UsersCommand- users list requested
2021-08-24 11:37:31,590 [http-nio-8081-exec-42] INFO  org.anatkor.controllers.command.UsersCommand- users list requested
2021-08-24 11:37:32,206 [http-nio-8081-exec-47] INFO  org.anatkor.controllers.command.UsersCommand- users list requested
2021-08-24 11:37:33,406 [http-nio-8081-exec-32] INFO  org.anatkor.controllers.command.UsersCommand- users list requested
2021-08-24 11:37:34,710 [http-nio-8081-exec-48] INFO  org.anatkor.controllers.command.UserCommand- User 381111111111 profile called
2021-08-24 11:37:46,724 [http-nio-8081-exec-42] INFO  org.anatkor.controllers.command.UsersCommand- users list requested
2021-08-24 11:37:50,964 [http-nio-8081-exec-43] INFO  org.anatkor.controllers.command.UserCommand- User 381111111111 profile called
2021-08-24 11:37:52,430 [http-nio-8081-exec-44] INFO  org.anatkor.controllers.command.UserCommand- User 381111111111 profile called
2021-08-24 11:37:52,508 [http-nio-8081-exec-44] INFO  org.anatkor.dao.UserDao- Status of user with phone=385555555555 is updated to false
2021-08-24 11:37:52,512 [http-nio-8081-exec-48] INFO  org.anatkor.controllers.command.UserCommand- User 381111111111 profile called
2021-08-24 11:37:57,234 [http-nio-8081-exec-47] INFO  org.anatkor.controllers.command.UsersCommand- users list requested
2021-08-24 11:38:25,868 [http-nio-8081-exec-48] INFO  org.anatkor.controllers.command.UsersCommand- users list requested
2021-08-24 11:38:26,436 [http-nio-8081-exec-41] INFO  org.anatkor.controllers.command.UsersCommand- users list requested
2021-08-24 11:38:27,416 [http-nio-8081-exec-42] INFO  org.anatkor.controllers.command.UsersCommand- users list requested
2021-08-24 11:38:29,184 [http-nio-8081-exec-47] INFO  org.anatkor.controllers.command.UserCommand- User 381111111111 profile called
2021-08-24 11:38:34,709 [http-nio-8081-exec-50] INFO  org.anatkor.controllers.command.UserCommand- User 381111111111 profile called
2021-08-24 11:38:36,836 [http-nio-8081-exec-48] INFO  org.anatkor.controllers.command.UserCommand- User 381111111111 profile called
2021-08-24 11:38:37,549 [http-nio-8081-exec-41] INFO  org.anatkor.controllers.command.UserCommand- User 381111111111 profile called
2021-08-24 11:38:40,714 [http-nio-8081-exec-47] INFO  org.anatkor.controllers.command.LogoutCommand- User 381111111111 is Logged out
2021-08-24 11:38:40,717 [http-nio-8081-exec-43] INFO  org.anatkor.controllers.command.LoginCommand- Not enough login data
2021-08-24 11:38:42,883 [http-nio-8081-exec-44] INFO  org.anatkor.controllers.command.LoginCommand- Client '382222222222' is logged in
2021-08-24 11:38:44,829 [http-nio-8081-exec-41] INFO  org.anatkor.controllers.command.UserCommand- User 382222222222 profile called
2021-08-24 11:38:46,570 [http-nio-8081-exec-49] INFO  org.anatkor.controllers.command.UserCommand- User 382222222222 profile called
2021-08-24 11:38:47,158 [http-nio-8081-exec-43] INFO  org.anatkor.controllers.command.UserCommand- User 382222222222 profile called
2021-08-24 11:38:47,630 [http-nio-8081-exec-44] INFO  org.anatkor.controllers.command.UserCommand- User 382222222222 profile called
2021-08-24 11:38:48,598 [http-nio-8081-exec-45] INFO  org.anatkor.controllers.command.UserCommand- User 382222222222 profile called
2021-08-24 11:38:49,026 [http-nio-8081-exec-46] INFO  org.anatkor.controllers.command.UserCommand- User 382222222222 profile called
2021-08-24 11:38:49,890 [http-nio-8081-exec-49] INFO  org.anatkor.controllers.command.UserCommand- User 382222222222 profile called
2021-08-24 11:38:50,255 [http-nio-8081-exec-43] INFO  org.anatkor.controllers.command.UserCommand- User 382222222222 profile called
2021-08-24 11:38:58,883 [http-nio-8081-exec-45] INFO  org.anatkor.controllers.command.AccountsCommand- account list requested for uder with id= 9
2021-08-24 11:39:02,509 [http-nio-8081-exec-46] INFO  org.anatkor.controllers.command.AccountsCommand- account list requested for uder with id= 9
2021-08-24 11:39:03,072 [http-nio-8081-exec-49] INFO  org.anatkor.controllers.command.AccountsCommand- account list requested for uder with id= 9
2021-08-24 11:39:04,276 [http-nio-8081-exec-43] INFO  org.anatkor.controllers.command.AccountsCommand- account list requested for uder with id= 9
2021-08-24 11:39:05,008 [http-nio-8081-exec-44] INFO  org.anatkor.controllers.command.AccountsCommand- account list requested for uder with id= 9
2021-08-24 11:39:05,785 [http-nio-8081-exec-45] INFO  org.anatkor.controllers.command.AccountsCommand- account list requested for uder with id= 9
2021-08-24 11:39:06,665 [http-nio-8081-exec-46] INFO  org.anatkor.controllers.command.AccountsCommand- account list requested for uder with id= 9
2021-08-24 11:39:07,240 [http-nio-8081-exec-49] INFO  org.anatkor.controllers.command.AccountsCommand- account list requested for uder with id= 9
2021-08-24 11:39:08,140 [http-nio-8081-exec-50] INFO  org.anatkor.controllers.command.AccountsCommand- account list requested for uder with id= 9
2021-08-24 11:39:08,553 [http-nio-8081-exec-48] INFO  org.anatkor.controllers.command.AccountsCommand- account list requested for uder with id= 9
2021-08-24 11:39:09,105 [http-nio-8081-exec-41] INFO  org.anatkor.controllers.command.AccountsCommand- account list requested for uder with id= 9
2021-08-24 11:39:10,621 [http-nio-8081-exec-42] INFO  org.anatkor.controllers.command.AccountsCommand- account list requested for uder with id= 9
2021-08-24 11:39:24,783 [http-nio-8081-exec-49] INFO  org.anatkor.controllers.command.AccountsCommand- account list requested for uder with id= 9
2021-08-24 11:39:36,712 [http-nio-8081-exec-44] INFO  org.anatkor.controllers.command.AccountsCommand- account list requested for uder with id= 9
2021-08-24 11:39:38,816 [http-nio-8081-exec-45] INFO  org.anatkor.controllers.command.AccountsCommand- account list requested for uder with id= 9
2021-08-24 11:39:41,328 [http-nio-8081-exec-46] INFO  org.anatkor.controllers.command.AccountsCommand- account list requested for uder with id= 9
2021-08-24 11:39:43,262 [http-nio-8081-exec-47] INFO  org.anatkor.controllers.command.AccountsCommand- account list requested for uder with id= 9
2021-08-24 11:39:45,505 [http-nio-8081-exec-43] INFO  org.anatkor.controllers.command.AccountsCommand- account list requested for uder with id= 9
2021-08-24 11:39:46,056 [http-nio-8081-exec-44] INFO  org.anatkor.controllers.command.AccountsCommand- account list requested for uder with id= 9
2021-08-24 11:39:47,440 [http-nio-8081-exec-45] INFO  org.anatkor.controllers.command.AccountsCommand- account list requested for uder with id= 9
2021-08-24 11:39:50,678 [http-nio-8081-exec-46] INFO  org.anatkor.controllers.command.AccountsCommand- account list requested for uder with id= 9
2021-08-24 11:39:51,837 [http-nio-8081-exec-47] INFO  org.anatkor.controllers.command.AccountsCommand- account list requested for uder with id= 9
2021-08-24 11:39:52,542 [http-nio-8081-exec-43] INFO  org.anatkor.controllers.command.AccountsCommand- account list requested for uder with id= 9
2021-08-24 11:39:53,082 [http-nio-8081-exec-44] INFO  org.anatkor.controllers.command.AccountsCommand- account list requested for uder with id= 9
2021-08-24 11:40:03,954 [http-nio-8081-exec-41] INFO  org.anatkor.controllers.command.AccountsCommand- account list requested for uder with id= 9
2021-08-24 11:40:07,513 [http-nio-8081-exec-42] INFO  org.anatkor.controllers.command.AccountsCommand- account list requested for uder with id= 9
2021-08-24 11:40:12,008 [http-nio-8081-exec-49] INFO  org.anatkor.controllers.command.AccountsCommand- account list requested for uder with id= 9
2021-08-24 11:40:16,696 [http-nio-8081-exec-50] INFO  org.anatkor.controllers.command.AccountsCommand- account list requested for uder with id= 9
2021-08-24 11:40:21,033 [http-nio-8081-exec-48] INFO  org.anatkor.controllers.command.AccountsCommand- account list requested for uder with id= 9
2021-08-24 11:40:22,384 [http-nio-8081-exec-41] INFO  org.anatkor.controllers.command.AccountsCommand- account list requested for uder with id= 9
2021-08-24 11:40:23,261 [http-nio-8081-exec-42] INFO  org.anatkor.controllers.command.AccountsCommand- account list requested for uder with id= 9
2021-08-24 11:40:26,193 [http-nio-8081-exec-49] INFO  org.anatkor.controllers.command.AccountsCommand- account list requested for uder with id= 9
2021-08-24 11:40:29,561 [http-nio-8081-exec-50] INFO  org.anatkor.controllers.command.AccountsCommand- account list requested for uder with id= 9
2021-08-24 11:40:32,001 [http-nio-8081-exec-48] INFO  org.anatkor.controllers.command.AccountsCommand- account list requested for uder with id= 9
2021-08-24 11:40:37,218 [http-nio-8081-exec-41] INFO  org.anatkor.controllers.command.AccountsCommand- account list requested for uder with id= 9
2021-08-24 11:40:47,344 [http-nio-8081-exec-47] INFO  org.anatkor.controllers.command.AccountsCommand- account list requested for uder with id= 9
2021-08-24 11:40:50,094 [http-nio-8081-exec-43] INFO  org.anatkor.controllers.command.AccountsCommand- account list requested for uder with id= 9
2021-08-24 11:40:52,664 [http-nio-8081-exec-44] INFO  org.anatkor.controllers.command.AccountsCommand- account list requested for uder with id= 9
2021-08-24 11:40:55,025 [http-nio-8081-exec-45] INFO  org.anatkor.controllers.command.AccountsCommand- account list requested for uder with id= 9
2021-08-24 11:40:57,768 [http-nio-8081-exec-46] INFO  org.anatkor.controllers.command.AccountsCommand- account list requested for uder with id= 9
2021-08-24 11:41:29,489 [http-nio-8081-exec-43] INFO  org.anatkor.controllers.command.AccountsCommand- account list requested for uder with id= 9
2021-08-24 11:42:09,788 [http-nio-8081-exec-45] INFO  org.anatkor.controllers.command.AccountsCommand- account list requested for uder with id= 9
2021-08-24 11:42:34,263 [http-nio-8081-exec-47] INFO  org.anatkor.controllers.command.AccountsCommand- account list requested for uder with id= 9
2021-08-24 11:42:42,036 [http-nio-8081-exec-43] INFO  org.anatkor.controllers.command.AccountsCommand- account list requested for uder with id= 9
2021-08-24 11:42:48,249 [http-nio-8081-exec-48] INFO  org.anatkor.controllers.command.AccountsCommand- account list requested for uder with id= 9
2021-08-24 11:43:25,064 [http-nio-8081-exec-42] INFO  org.anatkor.controllers.command.AccountsCommand- account list requested for uder with id= 9
2021-08-24 11:43:27,386 [http-nio-8081-exec-47] INFO  org.anatkor.controllers.command.AccountsCommand- account list requested for uder with id= 9
2021-08-24 11:43:29,764 [http-nio-8081-exec-43] INFO  org.anatkor.controllers.command.AccountsCommand- account list requested for uder with id= 9
2021-08-24 11:43:33,865 [http-nio-8081-exec-48] INFO  org.anatkor.controllers.command.AccountsCommand- account list requested for uder with id= 9
2021-08-24 11:43:38,026 [http-nio-8081-exec-45] INFO  org.anatkor.controllers.command.AccountsCommand- account list requested for uder with id= 9
2021-08-24 11:43:56,575 [http-nio-8081-exec-46] INFO  org.anatkor.controllers.command.AccountsCommand- account list requested for uder with id= 9
2021-08-24 11:43:59,885 [http-nio-8081-exec-49] INFO  org.anatkor.controllers.command.AccountsCommand- account list requested for uder with id= 9
2021-08-24 11:44:08,157 [http-nio-8081-exec-50] INFO  org.anatkor.controllers.command.AccountsCommand- account list requested for uder with id= 9
2021-08-24 11:44:10,901 [http-nio-8081-exec-44] INFO  org.anatkor.controllers.command.AccountsCommand- account list requested for uder with id= 9
2021-08-24 11:44:14,865 [http-nio-8081-exec-41] INFO  org.anatkor.controllers.command.AccountsCommand- account list requested for uder with id= 9
2021-08-24 11:49:16,447 [http-nio-8081-exec-49] INFO  org.anatkor.controllers.command.LogoutCommand- User 382222222222 is Logged out
2021-08-24 11:49:16,450 [http-nio-8081-exec-43] INFO  org.anatkor.controllers.command.LoginCommand- Not enough login data
2021-08-24 11:49:19,464 [http-nio-8081-exec-48] INFO  org.anatkor.controllers.command.LoginCommand- Admin '381111111111' is logged in
2021-08-24 11:49:21,750 [http-nio-8081-exec-41] INFO  org.anatkor.controllers.command.UsersCommand- users list requested
2021-08-24 11:49:24,422 [http-nio-8081-exec-46] INFO  org.anatkor.controllers.command.AccountsCommand- account list requested for uder with id= 13
2021-08-24 11:49:29,398 [http-nio-8081-exec-43] INFO  org.anatkor.controllers.command.AccountsCommand- account list requested for uder with id= 9
2021-08-24 11:49:50,593 [http-nio-8081-exec-45] INFO  org.anatkor.controllers.command.AccountsCommand- account list requested for uder with id= 13
2021-08-24 11:49:52,760 [http-nio-8081-exec-42] INFO  org.anatkor.controllers.command.AccountsCommand- account list requested for uder with id= 13
2021-08-24 11:50:04,573 [http-nio-8081-exec-48] INFO  org.anatkor.controllers.command.UsersCommand- users list requested
2021-08-24 11:50:05,725 [http-nio-8081-exec-45] INFO  org.anatkor.controllers.command.UserCommand- User 381111111111 profile called
2021-08-24 11:51:31,198 [http-nio-8081-exec-43] INFO  org.anatkor.controllers.command.UsersCommand- users list requested
2021-08-24 11:51:33,480 [http-nio-8081-exec-48] INFO  org.anatkor.controllers.command.UsersCommand- users list requested
2021-08-24 11:51:35,248 [http-nio-8081-exec-45] INFO  org.anatkor.controllers.command.UsersCommand- users list requested
2021-08-24 11:51:36,384 [http-nio-8081-exec-42] INFO  org.anatkor.controllers.command.AccountsCommand- account list requested for uder with id= 8
2021-08-24 11:51:53,738 [http-nio-8081-exec-50] INFO  org.anatkor.controllers.command.UsersCommand- users list requested
2021-08-24 11:51:55,850 [http-nio-8081-exec-44] INFO  org.anatkor.controllers.command.AccountsCommand- account list requested for uder with id= 14
2021-08-24 11:52:06,443 [http-nio-8081-exec-42] INFO  org.anatkor.controllers.command.AccountsCommand- account list requested for uder with id= 9
2021-08-24 11:52:13,673 [http-nio-8081-exec-47] INFO  org.anatkor.controllers.command.AccountsCommand- account list requested for uder with id= 8
2021-08-24 11:52:16,861 [http-nio-8081-exec-50] INFO  org.anatkor.controllers.command.AccountsCommand- account list requested for uder with id= 8
2021-08-24 11:52:18,942 [http-nio-8081-exec-44] INFO  org.anatkor.controllers.command.AccountsCommand- account list requested for uder with id= 8
2021-08-24 11:54:13,672 [http-nio-8081-exec-47] INFO  org.anatkor.controllers.command.UsersCommand- users list requested
2021-08-24 11:54:15,826 [http-nio-8081-exec-50] INFO  org.anatkor.controllers.command.UserCommand- User 381111111111 profile called
2021-08-24 11:56:43,513 [http-nio-8081-exec-42] INFO  org.anatkor.controllers.command.UserCommand- User 381111111111 profile called
2021-08-24 11:56:45,304 [http-nio-8081-exec-49] INFO  org.anatkor.controllers.command.AccountsCommand- account list requested for uder with id= 9
2021-08-24 11:56:50,452 [http-nio-8081-exec-43] INFO  org.anatkor.controllers.command.AccountsCommand- account list requested for uder with id= 9
2021-08-24 11:56:52,193 [http-nio-8081-exec-48] INFO  org.anatkor.controllers.command.AccountsCommand- account list requested for uder with id= 8
2021-08-24 11:57:45,942 [http-nio-8081-exec-49] INFO  org.anatkor.controllers.command.UsersCommand- users list requested
2021-08-24 11:58:07,289 [http-nio-8081-exec-48] INFO  org.anatkor.controllers.command.UserCommand- User 381111111111 profile called
2021-08-24 11:58:08,225 [http-nio-8081-exec-45] INFO  org.anatkor.controllers.command.AccountsCommand- account list requested for uder with id= 9
2021-08-24 11:58:34,096 [http-nio-8081-exec-49] DEBUG org.anatkor.controllers.servlets.BikeServlet- BikeServlet called
2021-08-24 12:00:01,362 [http-nio-8081-exec-44] INFO  org.anatkor.controllers.command.LogoutCommand- User 381111111111 is Logged out
2021-08-24 12:00:01,366 [http-nio-8081-exec-45] INFO  org.anatkor.controllers.command.LoginCommand- Not enough login data
2021-08-24 12:00:03,672 [http-nio-8081-exec-42] INFO  org.anatkor.controllers.command.LoginCommand- Client '382222222222' is logged in
2021-08-24 12:00:06,061 [http-nio-8081-exec-47] INFO  org.anatkor.controllers.command.AccountsCommand- account list requested for uder with id= 9
2021-08-24 12:00:14,173 [http-nio-8081-exec-50] INFO  org.anatkor.controllers.servlets.BikesListServlet- Bike servlet called
2021-08-24 12:00:16,542 [http-nio-8081-exec-44] INFO  org.anatkor.controllers.servlets.BikesListServlet- Bike servlet called
2021-08-24 12:00:23,679 [http-nio-8081-exec-49] INFO  org.anatkor.controllers.command.AccountsCommand- account list requested for uder with id= 9
2021-08-24 12:00:32,653 [http-nio-8081-exec-43] INFO  org.anatkor.controllers.command.LogoutCommand- User 382222222222 is Logged out
2021-08-24 12:00:32,655 [http-nio-8081-exec-50] INFO  org.anatkor.controllers.command.LoginCommand- Not enough login data
2021-08-24 12:00:35,978 [http-nio-8081-exec-44] INFO  org.anatkor.controllers.command.LoginCommand- Admin '381111111111' is logged in
2021-08-24 12:00:38,353 [http-nio-8081-exec-42] INFO  org.anatkor.controllers.command.UsersCommand- users list requested
2021-08-24 12:00:40,025 [http-nio-8081-exec-49] INFO  org.anatkor.controllers.command.AccountsCommand- account list requested for uder with id= 13
2021-08-24 12:00:45,266 [http-nio-8081-exec-48] INFO  org.anatkor.controllers.command.AccountsCommand- account list requested for uder with id= 9
2021-08-24 12:00:51,779 [http-nio-8081-exec-45] INFO  org.anatkor.controllers.command.LogoutCommand- User 381111111111 is Logged out
2021-08-24 12:00:51,781 [http-nio-8081-exec-41] INFO  org.anatkor.controllers.command.LoginCommand- Not enough login data
2021-08-24 12:00:53,858 [http-nio-8081-exec-46] INFO  org.anatkor.controllers.command.LoginCommand- Client '382222222222' is logged in
2021-08-24 12:00:54,882 [http-nio-8081-exec-43] INFO  org.anatkor.controllers.command.AccountsCommand- account list requested for uder with id= 9
2021-08-24 12:00:58,507 [http-nio-8081-exec-48] INFO  org.anatkor.controllers.command.AccountsCommand- account list requested for uder with id= 9
2021-08-24 12:01:01,417 [http-nio-8081-exec-45] INFO  org.anatkor.controllers.command.AccountsCommand- account list requested for uder with id= 9
2021-08-24 12:02:57,463 [http-nio-8081-exec-49] INFO  org.anatkor.controllers.command.AccountsCommand- account list requested for uder with id= 9
2021-08-24 12:03:01,426 [http-nio-8081-exec-43] INFO  org.anatkor.controllers.command.AccountsCommand- account list requested for uder with id= 9
2021-08-24 12:08:48,985 [http-nio-8081-exec-46] INFO  org.anatkor.controllers.command.AccountsCommand- account list requested for uder with id= 9
2021-08-24 12:10:43,297 [http-nio-8081-exec-50] INFO  org.anatkor.controllers.command.AccountsCommand- account list requested for uder with id= 9
2021-08-24 12:10:45,963 [http-nio-8081-exec-44] INFO  org.anatkor.controllers.command.AccountsCommand- account list requested for uder with id= 9
2021-08-24 12:10:46,850 [http-nio-8081-exec-41] INFO  org.anatkor.controllers.command.AccountsCommand- account list requested for uder with id= 9
2021-08-24 12:10:47,447 [http-nio-8081-exec-46] INFO  org.anatkor.controllers.command.AccountsCommand- account list requested for uder with id= 9
2021-08-24 12:10:48,014 [http-nio-8081-exec-47] INFO  org.anatkor.controllers.command.AccountsCommand- account list requested for uder with id= 9
2021-08-24 12:10:48,406 [http-nio-8081-exec-50] INFO  org.anatkor.controllers.command.AccountsCommand- account list requested for uder with id= 9
2021-08-24 12:10:48,810 [http-nio-8081-exec-44] INFO  org.anatkor.controllers.command.AccountsCommand- account list requested for uder with id= 9
2021-08-24 12:10:49,198 [http-nio-8081-exec-41] INFO  org.anatkor.controllers.command.AccountsCommand- account list requested for uder with id= 9
2021-08-24 12:10:50,438 [http-nio-8081-exec-46] INFO  org.anatkor.controllers.command.AccountsCommand- account list requested for uder with id= 9
2021-08-24 12:13:57,109 [http-nio-8081-exec-50] INFO  org.anatkor.controllers.command.AccountsCommand- account list requested for uder with id= 9
2021-08-24 12:14:57,207 [http-nio-8081-exec-46] INFO  org.anatkor.controllers.command.LoginCommand- Client '382222222222' is logged in
2021-08-24 12:14:58,557 [http-nio-8081-exec-42] INFO  org.anatkor.controllers.command.AccountsCommand- account list requested for uder with id= 9
2021-08-24 12:15:04,798 [http-nio-8081-exec-50] INFO  org.anatkor.controllers.command.AccountsCommand- account list requested for uder with id= 9
2021-08-24 12:15:06,390 [http-nio-8081-exec-49] INFO  org.anatkor.controllers.command.AccountsCommand- account list requested for uder with id= 9
2021-08-24 12:15:55,841 [http-nio-8081-exec-47] INFO  org.anatkor.controllers.command.AccountsCommand- account list requested for uder with id= 9
2021-08-24 12:18:00,265 [http-nio-8081-exec-55] INFO  org.anatkor.controllers.command.AccountsCommand- account list requested for uder with id= 9
2021-08-24 12:18:19,562 [http-nio-8081-exec-58] INFO  org.anatkor.controllers.command.AccountsCommand- account list requested for uder with id= 9
2021-08-24 12:18:44,062 [http-nio-8081-exec-60] INFO  org.anatkor.controllers.command.AccountsCommand- account list requested for uder with id= 9
2021-08-24 12:18:50,419 [http-nio-8081-exec-51] INFO  org.anatkor.controllers.command.AccountsCommand- account list requested for uder with id= 9
2021-08-24 12:24:15,522 [http-nio-8081-exec-58] INFO  org.anatkor.controllers.command.LogoutCommand- User 382222222222 is Logged out
2021-08-24 12:24:15,527 [http-nio-8081-exec-59] INFO  org.anatkor.controllers.command.LoginCommand- Not enough login data
2021-08-24 12:24:17,838 [http-nio-8081-exec-53] INFO  org.anatkor.controllers.command.LoginCommand- Admin '381111111111' is logged in
2021-08-24 12:24:19,192 [http-nio-8081-exec-51] INFO  org.anatkor.controllers.command.UsersCommand- users list requested
2021-08-24 12:24:21,772 [http-nio-8081-exec-52] INFO  org.anatkor.controllers.command.UserCommand- User 381111111111 profile called
2021-08-24 12:24:44,508 [http-nio-8081-exec-54] INFO  org.anatkor.controllers.command.UserCommand- User 381111111111 profile called
2021-08-24 12:24:44,589 [http-nio-8081-exec-54] INFO  org.anatkor.dao.UserDao- Status of user with phone=384444444444 is updated to true
2021-08-24 12:24:44,592 [http-nio-8081-exec-53] INFO  org.anatkor.controllers.command.UserCommand- User 381111111111 profile called
2021-08-24 12:25:05,809 [http-nio-8081-exec-56] INFO  org.anatkor.controllers.command.UserCommand- User 381111111111 profile called
2021-08-24 12:25:07,300 [http-nio-8081-exec-57] INFO  org.anatkor.controllers.servlets.BikesListServlet- Bike servlet called
2021-08-24 12:25:10,310 [http-nio-8081-exec-54] INFO  org.anatkor.controllers.command.AccountsCommand- account list requested for uder with id= 8
2021-08-24 12:29:15,301 [http-nio-8081-exec-55] INFO  org.anatkor.controllers.command.LogoutCommand- User 381111111111 is Logged out
2021-08-24 12:29:15,306 [http-nio-8081-exec-56] INFO  org.anatkor.controllers.command.LoginCommand- Not enough login data
2021-08-24 12:29:17,892 [http-nio-8081-exec-57] INFO  org.anatkor.controllers.command.LoginCommand- Client '382222222222' is logged in
2021-08-24 12:29:19,096 [http-nio-8081-exec-54] INFO  org.anatkor.controllers.command.AccountsCommand- account list requested for uder with id= 9
2021-08-24 12:29:35,803 [http-nio-8081-exec-51] INFO  org.anatkor.controllers.command.AccountsCommand- account list requested for uder with id= 9
