2021-09-09 18:20:19,084 [http-nio-8081-exec-5] INFO  org.anatkor.controllers.command.LoginCommand- Client '382222222222' is logged in
2021-09-09 18:21:08,813 [http-nio-8081-exec-3] INFO  org.anatkor.controllers.command.AccountsCommand- account list requested for user with id= 9
2021-09-09 18:21:19,107 [http-nio-8081-exec-5] INFO  org.anatkor.controllers.command.AccountsCommand- account list requested for user with id= 9
2021-09-09 18:21:20,423 [http-nio-8081-exec-7] INFO  org.anatkor.controllers.command.AccountsCommand- account list requested for user with id= 9
2021-09-09 18:35:47,876 [http-nio-8081-exec-2] INFO  org.anatkor.controllers.command.LoginCommand- Not enough login data
2021-09-09 18:35:50,496 [http-nio-8081-exec-3] INFO  org.anatkor.controllers.command.LoginCommand- Client '382222222222' is logged in
2021-09-09 18:38:12,375 [http-nio-8081-exec-11] INFO  org.anatkor.controllers.command.LoginCommand- Not enough login data
2021-09-09 18:38:14,831 [http-nio-8081-exec-15] INFO  org.anatkor.controllers.command.LoginCommand- Client '382222222222' is logged in
2021-09-09 18:40:41,705 [http-nio-8081-exec-24] INFO  org.anatkor.controllers.command.AccountsCommand- account list requested for user with id= 9
2021-09-09 18:42:57,299 [http-nio-8081-exec-23] INFO  org.anatkor.controllers.command.LoginCommand- Not enough login data
2021-09-09 18:42:59,721 [http-nio-8081-exec-26] INFO  org.anatkor.controllers.command.LoginCommand- Client '382222222222' is logged in
2021-09-09 18:45:09,206 [http-nio-8081-exec-35] INFO  org.anatkor.controllers.command.LoginCommand- Not enough login data
2021-09-09 18:45:09,598 [http-nio-8081-exec-33] INFO  org.anatkor.controllers.command.LoginCommand- Not enough login data
2021-09-09 18:45:12,726 [http-nio-8081-exec-31] INFO  org.anatkor.controllers.command.LoginCommand- Client '382222222222' is logged in
2021-09-09 18:45:13,994 [http-nio-8081-exec-32] INFO  org.anatkor.controllers.command.PaymentsCommand- payments list requested for user with id= 9
2021-09-09 18:47:03,711 [http-nio-8081-exec-45] INFO  org.anatkor.dao.AccountDao- Account 10000000028 is updated with 400
2021-09-09 18:47:03,712 [http-nio-8081-exec-45] INFO  org.anatkor.dao.TransactionDao- Amount 400 is deducted from the account 10000000028
2021-09-09 18:47:03,713 [http-nio-8081-exec-45] INFO  org.anatkor.dao.AccountDao- Account 10000000002 is updated with 400
2021-09-09 18:47:03,713 [http-nio-8081-exec-45] INFO  org.anatkor.dao.TransactionDao- Account 10000000002 is refilled with amount 400
2021-09-09 18:47:03,715 [http-nio-8081-exec-45] INFO  org.anatkor.dao.TransactionDao- Transaction from 10000000028 to 10000000002, amount 400 is added to DB
2021-09-09 18:47:03,719 [http-nio-8081-exec-46] INFO  org.anatkor.controllers.command.PaymentsCommand- payments list requested for user with id= 9
2021-09-09 18:48:51,668 [http-nio-8081-exec-46] INFO  org.anatkor.dao.AccountDao- Account 10000000002 is updated with 300
2021-09-09 18:48:51,668 [http-nio-8081-exec-46] INFO  org.anatkor.dao.TransactionDao- Amount 300 is deducted from the account 10000000002
2021-09-09 18:48:51,669 [http-nio-8081-exec-46] INFO  org.anatkor.dao.AccountDao- Account 10000000028 is updated with 300
2021-09-09 18:48:51,669 [http-nio-8081-exec-46] INFO  org.anatkor.dao.TransactionDao- Account 10000000028 is refilled with amount 300
2021-09-09 18:48:51,672 [http-nio-8081-exec-46] INFO  org.anatkor.dao.TransactionDao- Transaction from 10000000002 to 10000000028, amount 300 is added to DB
2021-09-09 18:48:51,675 [http-nio-8081-exec-41] INFO  org.anatkor.controllers.command.PaymentsCommand- payments list requested for user with id= 9
2021-09-09 18:51:30,157 [http-nio-8081-exec-46] INFO  org.anatkor.controllers.command.LoginCommand- Not enough login data
2021-09-09 18:51:32,632 [http-nio-8081-exec-45] INFO  org.anatkor.controllers.command.LoginCommand- Client '382222222222' is logged in
2021-09-09 18:51:53,298 [http-nio-8081-exec-42] INFO  org.anatkor.dao.AccountDao- Account 10000000002 is updated with -300
2021-09-09 18:51:53,299 [http-nio-8081-exec-42] INFO  org.anatkor.dao.TransactionDao- Amount 300 is deducted from the account 10000000002
2021-09-09 18:51:53,299 [http-nio-8081-exec-42] INFO  org.anatkor.dao.AccountDao- Account 10000000028 is updated with 300
2021-09-09 18:51:53,300 [http-nio-8081-exec-42] INFO  org.anatkor.dao.TransactionDao- Account 10000000028 is refilled with amount 300
2021-09-09 18:51:53,302 [http-nio-8081-exec-42] INFO  org.anatkor.dao.TransactionDao- Transaction from 10000000002 to 10000000028, amount 300 is added to DB
2021-09-09 18:51:53,305 [http-nio-8081-exec-43] INFO  org.anatkor.controllers.command.PaymentsCommand- payments list requested for user with id= 9
2021-09-09 18:54:24,589 [http-nio-8081-exec-59] INFO  org.anatkor.dao.AccountDao- Account 10000000001 is updated with -4500
2021-09-09 18:54:24,589 [http-nio-8081-exec-59] INFO  org.anatkor.dao.TransactionDao- Amount 4500 is deducted from the account 10000000001
2021-09-09 18:54:24,590 [http-nio-8081-exec-59] INFO  org.anatkor.dao.AccountDao- Account 10000000024 is updated with 4500
2021-09-09 18:54:24,590 [http-nio-8081-exec-59] INFO  org.anatkor.dao.TransactionDao- Account 10000000024 is refilled with amount 4500
2021-09-09 18:54:24,592 [http-nio-8081-exec-59] INFO  org.anatkor.dao.TransactionDao- Transaction from 10000000001 to 10000000024, amount 4500 is added to DB
2021-09-09 18:54:24,595 [http-nio-8081-exec-60] INFO  org.anatkor.controllers.command.PaymentsCommand- payments list requested for user with id= 9
2021-09-09 19:21:18,699 [http-nio-8081-exec-52] INFO  org.anatkor.controllers.command.LoginCommand- Not enough login data
2021-09-09 19:21:21,388 [http-nio-8081-exec-58] INFO  org.anatkor.controllers.command.LoginCommand- Client '382222222222' is logged in
2021-09-09 20:00:40,188 [http-nio-8081-exec-69] INFO  org.anatkor.controllers.command.LoginCommand- Not enough login data
2021-09-09 20:00:43,707 [http-nio-8081-exec-65] INFO  org.anatkor.controllers.command.LoginCommand- Client '382222222222' is logged in
2021-09-09 20:00:55,862 [http-nio-8081-exec-61] INFO  org.anatkor.dao.AccountDao- Account 13454354411 not found
2021-09-09 20:05:06,296 [http-nio-8081-exec-78] INFO  org.anatkor.dao.AccountDao- Account 11111111111 not found
2021-09-09 20:05:15,099 [http-nio-8081-exec-80] INFO  org.anatkor.controllers.command.PaymentsCommand- payments list requested for user with id= 9
2021-09-09 20:05:44,369 [http-nio-8081-exec-78] INFO  org.anatkor.dao.AccountDao- Account 10000000001 is updated with -400
2021-09-09 20:05:44,370 [http-nio-8081-exec-78] INFO  org.anatkor.dao.TransactionDao- Amount 400 is deducted from the account 10000000001
2021-09-09 20:05:44,370 [http-nio-8081-exec-78] INFO  org.anatkor.dao.AccountDao- Account 10000000005 is updated with 400
2021-09-09 20:05:44,370 [http-nio-8081-exec-78] INFO  org.anatkor.dao.TransactionDao- Account 10000000005 is refilled with amount 400
2021-09-09 20:05:44,372 [http-nio-8081-exec-78] INFO  org.anatkor.dao.TransactionDao- Transaction from 10000000001 to 10000000005, amount 400 is added to DB
2021-09-09 20:05:44,375 [http-nio-8081-exec-75] INFO  org.anatkor.controllers.command.PaymentsCommand- payments list requested for user with id= 9
