2021-08-29 09:57:00,391 [http-nio-8081-exec-2] INFO  org.anatkor.controllers.command.LoginCommand- Admin '381111111111' is logged in
2021-08-29 09:57:02,940 [http-nio-8081-exec-5] INFO  org.anatkor.controllers.command.AccountsCommand- account list requested by ADMIN
2021-08-29 09:57:05,291 [http-nio-8081-exec-7] INFO  org.anatkor.controllers.command.AccountsCommand- account list requested by ADMIN
2021-08-29 09:57:06,735 [http-nio-8081-exec-9] INFO  org.anatkor.controllers.command.AccountsCommand- account list requested by ADMIN
2021-08-29 09:57:07,734 [http-nio-8081-exec-1] INFO  org.anatkor.controllers.command.AccountsCommand- account list requested by ADMIN
2021-08-29 09:57:08,570 [http-nio-8081-exec-3] INFO  org.anatkor.controllers.command.AccountsCommand- account list requested by ADMIN
2021-08-29 09:57:12,348 [http-nio-8081-exec-6] INFO  org.anatkor.controllers.command.AccountsCommand- account list requested for user with id= -1
2021-08-29 09:57:13,734 [http-nio-8081-exec-9] INFO  org.anatkor.controllers.command.AccountsCommand- account list requested for user with id= -1
2021-08-29 09:57:14,573 [http-nio-8081-exec-2] INFO  org.anatkor.controllers.command.AccountsCommand- account list requested for user with id= -1
2021-08-29 09:57:15,181 [http-nio-8081-exec-5] INFO  org.anatkor.controllers.command.AccountsCommand- account list requested for user with id= -1
2021-08-29 09:57:16,093 [http-nio-8081-exec-8] INFO  org.anatkor.controllers.command.AccountsCommand- account list requested for user with id= -1
2021-08-29 09:57:16,549 [http-nio-8081-exec-1] INFO  org.anatkor.controllers.command.AccountsCommand- account list requested for user with id= -1
2021-08-29 09:57:22,687 [http-nio-8081-exec-3] INFO  org.anatkor.controllers.command.AccountsCommand- account list requested by ADMIN
2021-08-29 09:57:29,697 [http-nio-8081-exec-5] INFO  org.anatkor.controllers.command.AccountsCommand- account list requested by ADMIN
2021-08-29 09:58:35,339 [http-nio-8081-exec-9] INFO  org.anatkor.controllers.command.UserCommand- User 381111111111 profile called
2021-08-29 09:58:39,071 [http-nio-8081-exec-2] INFO  org.anatkor.controllers.command.UserCommand- User 381111111111 profile called
2021-08-29 09:58:39,851 [http-nio-8081-exec-4] INFO  org.anatkor.controllers.command.UserCommand- User 381111111111 profile called
2021-08-29 09:58:40,547 [http-nio-8081-exec-6] INFO  org.anatkor.controllers.command.UserCommand- User 381111111111 profile called
2021-08-29 09:58:41,427 [http-nio-8081-exec-7] INFO  org.anatkor.controllers.command.UserCommand- User 381111111111 profile called
2021-08-29 09:58:42,587 [http-nio-8081-exec-10] INFO  org.anatkor.controllers.command.UserCommand- User 381111111111 profile called
2021-08-29 09:58:43,216 [http-nio-8081-exec-2] INFO  org.anatkor.controllers.command.UserCommand- User 381111111111 profile called
2021-08-29 09:58:43,499 [http-nio-8081-exec-4] INFO  org.anatkor.controllers.command.UserCommand- User 381111111111 profile called
2021-08-29 09:58:43,803 [http-nio-8081-exec-6] INFO  org.anatkor.controllers.command.UserCommand- User 381111111111 profile called
2021-08-29 09:58:44,068 [http-nio-8081-exec-7] INFO  org.anatkor.controllers.command.UserCommand- User 381111111111 profile called
2021-08-29 09:58:44,351 [http-nio-8081-exec-10] INFO  org.anatkor.controllers.command.UserCommand- User 381111111111 profile called
2021-08-29 09:58:45,363 [http-nio-8081-exec-2] INFO  org.anatkor.controllers.command.UserCommand- User 381111111111 profile called
2021-08-29 09:58:46,771 [http-nio-8081-exec-4] INFO  org.anatkor.controllers.command.UserCommand- User 381111111111 profile called
2021-08-29 09:58:47,524 [http-nio-8081-exec-6] INFO  org.anatkor.controllers.command.UserCommand- User 381111111111 profile called
2021-08-29 09:58:48,223 [http-nio-8081-exec-7] INFO  org.anatkor.controllers.command.UserCommand- User 381111111111 profile called
2021-08-29 09:58:48,852 [http-nio-8081-exec-10] INFO  org.anatkor.controllers.command.UserCommand- User 381111111111 profile called
2021-08-29 09:58:49,423 [http-nio-8081-exec-2] INFO  org.anatkor.controllers.command.UserCommand- User 381111111111 profile called
2021-08-29 09:58:49,992 [http-nio-8081-exec-4] INFO  org.anatkor.controllers.command.UserCommand- User 381111111111 profile called
2021-08-29 09:58:50,788 [http-nio-8081-exec-6] INFO  org.anatkor.controllers.command.UserCommand- User 381111111111 profile called
2021-08-29 10:21:49,347 [http-nio-8081-exec-4] INFO  org.anatkor.controllers.command.UserCommand- User 381111111111 profile called
2021-08-29 10:22:04,050 [http-nio-8081-exec-10] INFO  org.anatkor.controllers.command.UsersCommand- users list requested
2021-08-29 10:22:06,070 [http-nio-8081-exec-2] INFO  org.anatkor.controllers.command.AccountsCommand- account list requested for user with id= 13
2021-08-29 10:22:11,386 [http-nio-8081-exec-5] INFO  org.anatkor.controllers.command.AccountsCommand- account list requested for user with id= 13
2021-08-29 10:22:16,413 [http-nio-8081-exec-9] INFO  org.anatkor.controllers.command.UserCommand- User 381111111111 profile called
2021-08-29 10:22:17,736 [http-nio-8081-exec-1] INFO  org.anatkor.controllers.command.LogoutCommand- User 381111111111 is Logged out
2021-08-29 10:22:17,739 [http-nio-8081-exec-2] INFO  org.anatkor.controllers.command.LoginCommand- Not enough login data
2021-08-29 10:22:20,200 [http-nio-8081-exec-4] INFO  org.anatkor.controllers.command.LoginCommand- Client '382222222222' is logged in
2021-08-29 10:22:21,740 [http-nio-8081-exec-8] INFO  org.anatkor.controllers.command.AccountsCommand- account list requested for user with id= 9
2021-08-29 10:22:23,267 [http-nio-8081-exec-9] INFO  org.anatkor.controllers.command.UserCommand- User 382222222222 profile called
2021-08-29 10:22:27,771 [http-nio-8081-exec-3] INFO  org.anatkor.controllers.command.LogoutCommand- User 382222222222 is Logged out
2021-08-29 10:22:27,775 [http-nio-8081-exec-4] INFO  org.anatkor.controllers.command.LoginCommand- Not enough login data
2021-08-29 10:22:32,929 [http-nio-8081-exec-8] INFO  org.anatkor.controllers.command.LoginCommand- Admin '381111111111' is logged in
2021-08-29 10:22:35,390 [http-nio-8081-exec-10] INFO  org.anatkor.controllers.command.UsersCommand- users list requested
2021-08-29 10:22:36,693 [http-nio-8081-exec-2] INFO  org.anatkor.controllers.command.UserCommand- User 381111111111 profile called
2021-08-29 10:22:41,273 [http-nio-8081-exec-4] INFO  org.anatkor.controllers.command.AccountsCommand- account list requested for user with id= 37
2021-08-29 10:23:44,299 [http-nio-8081-exec-9] INFO  org.anatkor.controllers.command.AccountsCommand- account list requested for user with id= 37
2021-08-29 10:24:23,603 [http-nio-8081-exec-10] INFO  org.anatkor.controllers.command.UserCommand- User 381111111111 profile called
2021-08-29 10:24:28,055 [http-nio-8081-exec-4] INFO  org.anatkor.controllers.command.UserCommand- User 381111111111 profile called
2021-08-29 10:24:32,180 [http-nio-8081-exec-10] INFO  org.anatkor.controllers.command.AccountsCommand- account list requested by ADMIN
2021-08-29 10:30:14,218 [http-nio-8081-exec-1] INFO  org.anatkor.controllers.command.AccountsCommand- account list requested for user with id= 8
2021-08-29 10:30:23,773 [http-nio-8081-exec-5] INFO  org.anatkor.controllers.command.AccountsCommand- account list requested by ADMIN
2021-08-29 10:30:31,817 [http-nio-8081-exec-9] INFO  org.anatkor.controllers.command.AccountsCommand- account list requested by ADMIN
2021-08-29 10:32:17,679 [http-nio-8081-exec-3] INFO  org.anatkor.controllers.command.AccountsCommand- account list requested by ADMIN
2021-08-29 10:32:20,097 [http-nio-8081-exec-5] INFO  org.anatkor.controllers.command.AccountsCommand- account list requested by ADMIN
2021-08-29 10:32:21,209 [http-nio-8081-exec-8] INFO  org.anatkor.controllers.command.AccountsCommand- account list requested by ADMIN
2021-08-29 10:32:23,337 [http-nio-8081-exec-9] INFO  org.anatkor.controllers.command.LogoutCommand- User 381111111111 is Logged out
2021-08-29 10:32:23,340 [http-nio-8081-exec-10] INFO  org.anatkor.controllers.command.LoginCommand- Not enough login data
2021-08-29 10:32:25,878 [http-nio-8081-exec-2] INFO  org.anatkor.controllers.command.LoginCommand- Client '382222222222' is logged in
2021-08-29 10:32:27,425 [http-nio-8081-exec-5] INFO  org.anatkor.controllers.command.AccountsCommand- account list requested for user with id= 9
