2021-09-11 10:55:44,434 [http-nio-8081-exec-6] INFO  org.anatkor.controllers.command.LoginCommand- Client '382222222222' is logged in
2021-09-11 10:55:46,319 [http-nio-8081-exec-9] INFO  org.anatkor.controllers.command.TransactionsCommand- transactions list requested for user with id= 9
2021-09-11 10:55:51,897 [http-nio-8081-exec-1] INFO  org.anatkor.controllers.command.LogoutCommand- User 382222222222 is Logged out
2021-09-11 10:55:51,901 [http-nio-8081-exec-2] INFO  org.anatkor.controllers.command.LoginCommand- Not enough login data
2021-09-11 10:55:56,759 [http-nio-8081-exec-4] INFO  org.anatkor.controllers.command.LoginCommand- Client '389999999999' is logged in
2021-09-11 10:55:58,661 [http-nio-8081-exec-8] INFO  org.anatkor.controllers.command.TransactionsCommand- transactions list requested for user with id= 42
2021-09-11 10:56:00,135 [http-nio-8081-exec-10] INFO  org.anatkor.controllers.command.TransactionsCommand- transactions list requested for user with id= 42
2021-09-11 10:56:01,762 [http-nio-8081-exec-2] INFO  org.anatkor.controllers.command.TransactionsCommand- transactions list requested for user with id= 42
2021-09-11 10:56:11,814 [http-nio-8081-exec-4] INFO  org.anatkor.controllers.command.TransactionsCommand- transactions list requested for user with id= 42
2021-09-11 10:56:11,842 [http-nio-8081-exec-4] DEBUG org.anatkor.dao.TransactionDao- SQLException during Query SELECT t.id, payer, receiver, t.registered, destination, amount, t.currency FROM transaction t INNER JOIN account ON =number WHERE user_id=42 ORDER BY amount DESC processing from class org.anatkor.dao.Utils.
2021-09-11 10:56:15,669 [http-nio-8081-exec-8] INFO  org.anatkor.controllers.command.TransactionsCommand- transactions list requested for user with id= 42
2021-09-11 10:57:01,906 [http-nio-8081-exec-2] INFO  org.anatkor.controllers.command.TransactionsCommand- transactions list requested for user with id= 42
2021-09-11 10:57:05,375 [http-nio-8081-exec-4] INFO  org.anatkor.controllers.command.TransactionsCommand- transactions list requested for user with id= 42
2021-09-11 10:57:05,380 [http-nio-8081-exec-4] DEBUG org.anatkor.dao.TransactionDao- SQLException during Query SELECT t.id, payer, receiver, t.registered, destination, amount, t.currency FROM transaction t INNER JOIN account ON =number WHERE user_id=42 ORDER BY amount DESC processing from class org.anatkor.dao.Utils.
2021-09-11 10:57:07,555 [http-nio-8081-exec-6] INFO  org.anatkor.controllers.command.TransactionsCommand- transactions list requested for user with id= 42
2021-09-11 10:57:07,560 [http-nio-8081-exec-6] DEBUG org.anatkor.dao.TransactionDao- SQLException during Query SELECT t.id, payer, receiver, t.registered, destination, amount, t.currency FROM transaction t INNER JOIN account ON =number WHERE user_id=42 ORDER BY amount DESC processing from class org.anatkor.dao.Utils.
2021-09-11 10:57:52,365 [http-nio-8081-exec-9] INFO  org.anatkor.controllers.command.LoginCommand- Not enough login data
2021-09-11 10:57:55,063 [http-nio-8081-exec-6] INFO  org.anatkor.controllers.command.LoginCommand- Client '389999999999' is logged in
2021-09-11 10:57:56,952 [http-nio-8081-exec-5] INFO  org.anatkor.controllers.command.TransactionsCommand- transactions list requested for user with id= 42
2021-09-11 10:57:59,039 [http-nio-8081-exec-10] INFO  org.anatkor.controllers.command.TransactionsCommand- transactions list requested for user with id= 42
2021-09-11 10:58:00,673 [http-nio-8081-exec-11] INFO  org.anatkor.controllers.command.TransactionsCommand- transactions list requested for user with id= 42
2021-09-11 10:58:02,333 [http-nio-8081-exec-2] INFO  org.anatkor.controllers.command.TransactionsCommand- transactions list requested for user with id= 42
2021-09-11 10:58:04,501 [http-nio-8081-exec-1] INFO  org.anatkor.controllers.command.TransactionsCommand- transactions list requested for user with id= 42
2021-09-11 10:58:08,850 [http-nio-8081-exec-13] INFO  org.anatkor.controllers.command.TransactionsCommand- transactions list requested for user with id= 42
2021-09-11 10:58:10,214 [http-nio-8081-exec-14] INFO  org.anatkor.controllers.command.TransactionsCommand- transactions list requested for user with id= 42
2021-09-11 10:58:12,122 [http-nio-8081-exec-11] INFO  org.anatkor.controllers.command.TransactionsCommand- transactions list requested for user with id= 42
2021-09-11 10:58:14,803 [http-nio-8081-exec-12] INFO  org.anatkor.controllers.command.TransactionsCommand- transactions list requested for user with id= 42
2021-09-11 10:58:16,010 [http-nio-8081-exec-4] INFO  org.anatkor.controllers.command.TransactionsCommand- transactions list requested for user with id= 42
2021-09-11 10:58:17,731 [http-nio-8081-exec-18] INFO  org.anatkor.controllers.command.TransactionsCommand- transactions list requested for user with id= 42
2021-09-11 10:58:21,854 [http-nio-8081-exec-19] INFO  org.anatkor.controllers.command.TransactionsCommand- transactions list requested for user with id= 42
2021-09-11 10:58:24,455 [http-nio-8081-exec-15] INFO  org.anatkor.controllers.command.TransactionsCommand- transactions list requested for user with id= 42
2021-09-11 10:58:25,998 [http-nio-8081-exec-12] INFO  org.anatkor.controllers.command.TransactionsCommand- transactions list requested for user with id= 42
2021-09-11 10:58:30,045 [http-nio-8081-exec-13] INFO  org.anatkor.controllers.command.TransactionsCommand- transactions list requested for user with id= 42
2021-09-11 10:58:34,772 [http-nio-8081-exec-14] INFO  org.anatkor.controllers.command.TransactionsCommand- transactions list requested for user with id= 42
2021-09-11 10:58:40,398 [http-nio-8081-exec-15] INFO  org.anatkor.controllers.command.TransactionsCommand- transactions list requested for user with id= 42
2021-09-11 10:58:42,713 [http-nio-8081-exec-12] INFO  org.anatkor.controllers.command.TransactionsCommand- transactions list requested for user with id= 42
2021-09-11 10:58:44,197 [http-nio-8081-exec-20] INFO  org.anatkor.controllers.command.TransactionsCommand- transactions list requested for user with id= 42
2021-09-11 10:58:49,768 [http-nio-8081-exec-19] INFO  org.anatkor.controllers.command.TransactionsCommand- transactions list requested for user with id= 42
2021-09-11 10:58:55,448 [http-nio-8081-exec-15] INFO  org.anatkor.controllers.command.TransactionsCommand- transactions list requested for user with id= 42
2021-09-11 10:58:59,339 [http-nio-8081-exec-12] INFO  org.anatkor.controllers.command.TransactionsCommand- transactions list requested for user with id= 42
2021-09-11 10:59:24,169 [http-nio-8081-exec-19] INFO  org.anatkor.controllers.command.TransactionsCommand- transactions list requested for user with id= 42
2021-09-11 10:59:38,728 [http-nio-8081-exec-15] INFO  org.anatkor.controllers.command.TransactionsCommand- transactions list requested for user with id= 42
2021-09-11 10:59:40,380 [http-nio-8081-exec-12] INFO  org.anatkor.controllers.command.TransactionsCommand- transactions list requested for user with id= 42
2021-09-11 10:59:51,564 [http-nio-8081-exec-14] INFO  org.anatkor.controllers.command.TransactionsCommand- transactions list requested for user with id= 42
2021-09-11 11:00:50,123 [http-nio-8081-exec-16] INFO  org.anatkor.controllers.command.TransactionsCommand- transactions list requested for user with id= 42
2021-09-11 11:04:12,976 [http-nio-8081-exec-13] INFO  org.anatkor.controllers.command.TransactionsCommand- transactions list requested for user with id= 42
