2021-08-11 19:03:40,698 [http-nio-8081-exec-6] DEBUG org.anatkor.servlets.UsersServlet- User servlet called
2021-08-11 19:03:47,688 [http-nio-8081-exec-6] DEBUG org.anatkor.dao.Utils- connection try
2021-08-11 19:03:47,695 [http-nio-8081-exec-6] DEBUG org.anatkor.dao.Utils- connection created succesfully
2021-08-11 19:05:25,531 [http-nio-8081-exec-1] DEBUG org.anatkor.servlets.UsersServlet- User servlet called
2021-08-11 19:06:18,712 [http-nio-8081-exec-8] DEBUG org.anatkor.servlets.LoginServlet- User servlet called
2021-08-11 19:06:18,712 [http-nio-8081-exec-8] DEBUG org.anatkor.dao.Utils- connection try
2021-08-11 19:06:18,713 [http-nio-8081-exec-8] DEBUG org.anatkor.dao.Utils- connection created succesfully
2021-08-11 19:06:22,770 [http-nio-8081-exec-9] DEBUG org.anatkor.servlets.UserServlet- User servlet called
2021-08-11 19:06:27,909 [http-nio-8081-exec-2] DEBUG org.anatkor.servlets.UsersServlet- User servlet called
2021-08-11 19:06:42,214 [http-nio-8081-exec-7] DEBUG org.anatkor.servlets.UsersServlet- User servlet called
2021-08-11 19:07:43,728 [http-nio-8081-exec-9] DEBUG org.anatkor.servlets.UsersServlet- User servlet called
2021-08-11 19:07:47,993 [http-nio-8081-exec-3] DEBUG org.anatkor.servlets.UsersServlet- User servlet called
2021-08-11 19:07:54,690 [http-nio-8081-exec-5] DEBUG org.anatkor.servlets.UsersServlet- User servlet called
2021-08-11 19:08:24,650 [http-nio-8081-exec-2] DEBUG org.anatkor.servlets.UsersServlet- User servlet called
2021-08-11 19:08:36,223 [http-nio-8081-exec-8] DEBUG org.anatkor.servlets.LoginServlet- User servlet called
2021-08-11 19:08:36,225 [http-nio-8081-exec-8] DEBUG org.anatkor.dao.Utils- connection try
2021-08-11 19:08:36,230 [http-nio-8081-exec-8] DEBUG org.anatkor.dao.Utils- connection created succesfully
2021-08-11 19:08:42,366 [http-nio-8081-exec-10] DEBUG org.anatkor.servlets.UserServlet- User servlet called
2021-08-11 19:08:46,116 [http-nio-8081-exec-5] DEBUG org.anatkor.servlets.UsersServlet- User servlet called
2021-08-11 19:08:56,760 [http-nio-8081-exec-11] DEBUG org.anatkor.servlets.UsersServlet- User servlet called
2021-08-11 19:09:48,386 [http-nio-8081-exec-14] DEBUG org.anatkor.servlets.UsersServlet- User servlet called
2021-08-11 19:09:54,845 [http-nio-8081-exec-16] DEBUG org.anatkor.servlets.LogoutServlet- Logout servlet called
2021-08-11 19:09:54,848 [http-nio-8081-exec-7] DEBUG org.anatkor.servlets.LoginServlet- User servlet called
2021-08-11 19:09:57,198 [http-nio-8081-exec-12] DEBUG org.anatkor.servlets.LoginServlet- User servlet called
2021-08-11 19:09:57,199 [http-nio-8081-exec-12] DEBUG org.anatkor.dao.Utils- connection try
2021-08-11 19:09:57,200 [http-nio-8081-exec-12] DEBUG org.anatkor.dao.Utils- connection created succesfully
2021-08-11 19:11:03,735 [http-nio-8081-exec-18] DEBUG org.anatkor.servlets.UserServlet- User servlet called
2021-08-11 19:11:06,490 [http-nio-8081-exec-13] DEBUG org.anatkor.servlets.UsersServlet- User servlet called
2021-08-11 19:13:39,516 [http-nio-8081-exec-16] DEBUG org.anatkor.servlets.LogoutServlet- Logout servlet called
2021-08-11 19:13:39,519 [http-nio-8081-exec-20] DEBUG org.anatkor.servlets.LoginServlet- User servlet called
2021-08-11 19:13:41,981 [http-nio-8081-exec-17] DEBUG org.anatkor.servlets.LoginServlet- User servlet called
2021-08-11 19:13:41,982 [http-nio-8081-exec-17] DEBUG org.anatkor.dao.Utils- connection try
2021-08-11 19:13:41,983 [http-nio-8081-exec-17] DEBUG org.anatkor.dao.Utils- connection created succesfully
2021-08-11 19:15:10,657 [http-nio-8081-exec-18] DEBUG org.anatkor.servlets.UserServlet- User servlet called
2021-08-11 19:15:22,287 [http-nio-8081-exec-19] DEBUG org.anatkor.servlets.UsersServlet- User servlet called
2021-08-11 19:15:35,954 [http-nio-8081-exec-19] DEBUG org.anatkor.dao.Utils- connection try
2021-08-11 19:15:35,955 [http-nio-8081-exec-19] DEBUG org.anatkor.dao.Utils- connection created succesfully
2021-08-11 19:15:53,053 [http-nio-8081-exec-14] DEBUG org.anatkor.servlets.LogoutServlet- Logout servlet called
2021-08-11 19:15:53,056 [http-nio-8081-exec-15] DEBUG org.anatkor.servlets.LoginServlet- User servlet called
2021-08-11 19:15:55,420 [http-nio-8081-exec-16] DEBUG org.anatkor.servlets.LoginServlet- User servlet called
2021-08-11 19:15:55,420 [http-nio-8081-exec-16] DEBUG org.anatkor.dao.Utils- connection try
2021-08-11 19:15:55,421 [http-nio-8081-exec-16] DEBUG org.anatkor.dao.Utils- connection created succesfully
2021-08-11 19:15:59,301 [http-nio-8081-exec-20] DEBUG org.anatkor.servlets.UserServlet- User servlet called
2021-08-11 19:16:02,886 [http-nio-8081-exec-17] DEBUG org.anatkor.servlets.UsersServlet- User servlet called
2021-08-11 19:16:49,227 [http-nio-8081-exec-13] INFO  org.anatkor.servlets.BikesListServlet- Bike servlet called
2021-08-11 19:16:49,228 [http-nio-8081-exec-13] DEBUG org.anatkor.dao.Utils- connection try
2021-08-11 19:16:49,228 [http-nio-8081-exec-13] DEBUG org.anatkor.dao.Utils- connection created succesfully
2021-08-11 19:34:42,481 [http-nio-8081-exec-18] WARN  org.anatkor.servlets.UsersServlet- attempt of unauthorized access to the Admin by null
2021-08-11 19:34:44,053 [http-nio-8081-exec-19] WARN  org.anatkor.servlets.UsersServlet- attempt of unauthorized access to the Admin by null
2021-08-11 19:41:44,749 [http-nio-8081-exec-23] WARN  org.anatkor.servlets.UsersServlet- attempt of unauthorized access to the Admin by null
2021-08-11 19:41:44,755 [http-nio-8081-exec-24] INFO  org.anatkor.servlets.BikesListServlet- Bike servlet called
2021-08-11 19:41:44,756 [http-nio-8081-exec-24] DEBUG org.anatkor.dao.Utils- connection try
2021-08-11 19:41:44,761 [http-nio-8081-exec-24] DEBUG org.anatkor.dao.Utils- connection created succesfully
2021-08-11 19:43:31,213 [http-nio-8081-exec-28] WARN  org.anatkor.servlets.UsersServlet- attempt of unauthorized access to the Admin by null
2021-08-11 19:43:31,216 [http-nio-8081-exec-29] INFO  org.anatkor.servlets.BikesListServlet- Bike servlet called
2021-08-11 19:43:31,216 [http-nio-8081-exec-29] DEBUG org.anatkor.dao.Utils- connection try
2021-08-11 19:43:31,217 [http-nio-8081-exec-29] DEBUG org.anatkor.dao.Utils- connection created succesfully
2021-08-11 19:43:43,298 [http-nio-8081-exec-21] WARN  org.anatkor.servlets.UsersServlet- attempt of unauthorized access to the Admin by null
2021-08-11 19:43:43,302 [http-nio-8081-exec-22] INFO  org.anatkor.servlets.BikesListServlet- Bike servlet called
2021-08-11 19:43:43,302 [http-nio-8081-exec-22] DEBUG org.anatkor.dao.Utils- connection try
2021-08-11 19:43:43,302 [http-nio-8081-exec-22] DEBUG org.anatkor.dao.Utils- connection created succesfully
2021-08-11 19:43:50,393 [http-nio-8081-exec-24] WARN  org.anatkor.servlets.UsersServlet- attempt of unauthorized access to the Admin by null
2021-08-11 19:43:50,396 [http-nio-8081-exec-25] INFO  org.anatkor.servlets.BikesListServlet- Bike servlet called
2021-08-11 19:43:50,396 [http-nio-8081-exec-25] DEBUG org.anatkor.dao.Utils- connection try
2021-08-11 19:43:50,397 [http-nio-8081-exec-25] DEBUG org.anatkor.dao.Utils- connection created succesfully
2021-08-11 19:44:01,203 [http-nio-8081-exec-28] WARN  org.anatkor.servlets.UsersServlet- attempt of unauthorized access to the Admin by null
2021-08-11 19:44:01,206 [http-nio-8081-exec-29] INFO  org.anatkor.servlets.BikesListServlet- Bike servlet called
2021-08-11 19:44:01,207 [http-nio-8081-exec-29] DEBUG org.anatkor.dao.Utils- connection try
2021-08-11 19:44:01,207 [http-nio-8081-exec-29] DEBUG org.anatkor.dao.Utils- connection created succesfully
2021-08-11 19:44:54,958 [http-nio-8081-exec-23] WARN  org.anatkor.servlets.UsersServlet- attempt of unauthorized access to the Admin by null
2021-08-11 19:44:59,571 [http-nio-8081-exec-24] INFO  org.anatkor.servlets.BikesListServlet- Bike servlet called
2021-08-11 19:44:59,572 [http-nio-8081-exec-24] DEBUG org.anatkor.dao.Utils- connection try
2021-08-11 19:44:59,573 [http-nio-8081-exec-24] DEBUG org.anatkor.dao.Utils- connection created succesfully
2021-08-11 19:45:59,499 [http-nio-8081-exec-22] WARN  org.anatkor.servlets.UsersServlet- attempt of unauthorized access to the Admin by null
2021-08-11 19:46:02,305 [http-nio-8081-exec-30] INFO  org.anatkor.servlets.BikesListServlet- Bike servlet called
2021-08-11 19:46:02,306 [http-nio-8081-exec-30] DEBUG org.anatkor.dao.Utils- connection try
2021-08-11 19:46:02,310 [http-nio-8081-exec-30] DEBUG org.anatkor.dao.Utils- connection created succesfully
2021-08-11 19:46:31,606 [http-nio-8081-exec-27] WARN  org.anatkor.servlets.UsersServlet- attempt of unauthorized access to the Admin by null
2021-08-11 19:46:34,132 [http-nio-8081-exec-24] INFO  org.anatkor.servlets.BikesListServlet- Bike servlet called
2021-08-11 19:46:34,132 [http-nio-8081-exec-24] DEBUG org.anatkor.dao.Utils- connection try
2021-08-11 19:46:34,133 [http-nio-8081-exec-24] DEBUG org.anatkor.dao.Utils- connection created succesfully
2021-08-11 19:47:43,184 [http-nio-8081-exec-32] DEBUG org.anatkor.servlets.LoginServlet- User servlet called
2021-08-11 19:47:43,185 [http-nio-8081-exec-32] DEBUG org.anatkor.dao.Utils- connection try
2021-08-11 19:47:43,186 [http-nio-8081-exec-32] DEBUG org.anatkor.dao.Utils- connection created succesfully
2021-08-11 19:49:50,171 [http-nio-8081-exec-37] DEBUG org.anatkor.servlets.LoginServlet- User servlet called
2021-08-11 19:49:50,171 [http-nio-8081-exec-37] DEBUG org.anatkor.dao.Utils- connection try
2021-08-11 19:49:50,172 [http-nio-8081-exec-37] DEBUG org.anatkor.dao.Utils- connection created succesfully
2021-08-11 19:50:36,662 [http-nio-8081-exec-31] DEBUG org.anatkor.servlets.AdminServlet- Admin servlet called
2021-08-11 19:50:37,989 [http-nio-8081-exec-32] DEBUG org.anatkor.servlets.AdminServlet- Admin servlet called
2021-08-11 19:50:39,046 [http-nio-8081-exec-34] DEBUG org.anatkor.servlets.AdminServlet- Admin servlet called
2021-08-11 19:50:40,022 [http-nio-8081-exec-36] DEBUG org.anatkor.servlets.AdminServlet- Admin servlet called
2021-08-11 19:50:41,002 [http-nio-8081-exec-38] DEBUG org.anatkor.servlets.AdminServlet- Admin servlet called
2021-08-11 19:50:44,334 [http-nio-8081-exec-39] WARN  org.anatkor.servlets.UsersServlet- attempt of unauthorized access to the Admin by null
2021-08-11 19:50:49,688 [http-nio-8081-exec-40] INFO  org.anatkor.servlets.BikesListServlet- Bike servlet called
2021-08-11 19:50:49,689 [http-nio-8081-exec-40] DEBUG org.anatkor.dao.Utils- connection try
2021-08-11 19:50:49,689 [http-nio-8081-exec-40] DEBUG org.anatkor.dao.Utils- connection created succesfully
2021-08-11 19:51:23,524 [http-nio-8081-exec-33] INFO  org.anatkor.servlets.BikesListServlet- Bike servlet called
2021-08-11 19:51:23,524 [http-nio-8081-exec-33] DEBUG org.anatkor.dao.Utils- connection try
2021-08-11 19:51:23,525 [http-nio-8081-exec-33] DEBUG org.anatkor.dao.Utils- connection created succesfully
2021-08-11 19:51:24,215 [http-nio-8081-exec-34] INFO  org.anatkor.servlets.BikesListServlet- Bike servlet called
2021-08-11 19:51:24,215 [http-nio-8081-exec-34] DEBUG org.anatkor.dao.Utils- connection try
2021-08-11 19:51:24,215 [http-nio-8081-exec-34] DEBUG org.anatkor.dao.Utils- connection created succesfully
2021-08-11 19:51:25,099 [http-nio-8081-exec-35] INFO  org.anatkor.servlets.BikesListServlet- Bike servlet called
2021-08-11 19:51:25,100 [http-nio-8081-exec-35] DEBUG org.anatkor.dao.Utils- connection try
2021-08-11 19:51:25,100 [http-nio-8081-exec-35] DEBUG org.anatkor.dao.Utils- connection created succesfully
2021-08-11 19:51:25,471 [http-nio-8081-exec-36] INFO  org.anatkor.servlets.BikesListServlet- Bike servlet called
2021-08-11 19:51:25,471 [http-nio-8081-exec-36] DEBUG org.anatkor.dao.Utils- connection try
2021-08-11 19:51:25,472 [http-nio-8081-exec-36] DEBUG org.anatkor.dao.Utils- connection created succesfully
2021-08-11 19:51:27,875 [http-nio-8081-exec-38] WARN  org.anatkor.servlets.UsersServlet- attempt of unauthorized access to the Admin by null
2021-08-11 19:51:30,641 [http-nio-8081-exec-39] INFO  org.anatkor.servlets.BikesListServlet- Bike servlet called
2021-08-11 19:51:30,641 [http-nio-8081-exec-39] DEBUG org.anatkor.dao.Utils- connection try
2021-08-11 19:51:30,642 [http-nio-8081-exec-39] DEBUG org.anatkor.dao.Utils- connection created succesfully
