2021-09-05 19:12:31,449 [http-nio-8081-exec-6] INFO  org.anatkor.controllers.command.LoginCommand- Client '382222222222' is logged in
2021-09-05 19:12:35,188 [http-nio-8081-exec-1] INFO  org.anatkor.controllers.command.AccountsCommand- account list requested for user with id= 9
2021-09-05 19:12:57,599 [http-nio-8081-exec-3] INFO  org.anatkor.controllers.command.PaymentsCommand- payments list requested for user with id= 9
2021-09-05 19:14:22,527 [http-nio-8081-exec-9] INFO  org.anatkor.controllers.command.PaymentsCommand- payments list requested for user with id= 9
2021-09-05 19:14:33,151 [http-nio-8081-exec-1] INFO  org.anatkor.controllers.command.PaymentsCommand- payments list requested for user with id= 9
2021-09-05 19:14:36,554 [http-nio-8081-exec-3] INFO  org.anatkor.controllers.command.PaymentsCommand- payments list requested for user with id= 9
2021-09-05 19:14:39,102 [http-nio-8081-exec-5] INFO  org.anatkor.controllers.command.PaymentsCommand- payments list requested for user with id= 9
2021-09-05 19:14:40,498 [http-nio-8081-exec-7] INFO  org.anatkor.controllers.command.PaymentsCommand- payments list requested for user with id= 9
2021-09-05 19:14:47,628 [http-nio-8081-exec-10] INFO  org.anatkor.controllers.command.PaymentsCommand- payments list requested for user with id= 9
2021-09-05 19:14:54,256 [http-nio-8081-exec-3] INFO  org.anatkor.controllers.command.PaymentsCommand- payments list requested for user with id= 9
2021-09-05 19:15:16,693 [http-nio-8081-exec-2] DEBUG org.anatkor.dao.PaymentDao- Account 10000000001 is updated, wait for commit
2021-09-05 19:15:16,697 [http-nio-8081-exec-2] INFO  org.anatkor.dao.PaymentDao- Payment from 10000000001 to 11111111111, amount 10000 is added to DB
2021-09-05 19:15:16,700 [http-nio-8081-exec-3] INFO  org.anatkor.controllers.command.PaymentsCommand- payments list requested for user with id= 9
2021-09-05 19:15:29,873 [http-nio-8081-exec-5] INFO  org.anatkor.controllers.command.PaymentsCommand- payments list requested for user with id= 9
2021-09-05 19:15:37,856 [http-nio-8081-exec-8] INFO  org.anatkor.controllers.command.PaymentsCommand- payments list requested for user with id= 9
2021-09-05 19:15:39,155 [http-nio-8081-exec-10] INFO  org.anatkor.controllers.command.PaymentsCommand- payments list requested for user with id= 9
2021-09-05 19:16:12,898 [http-nio-8081-exec-9] DEBUG org.anatkor.dao.PaymentDao- SQLException during INSERT INTO payment (account_number, account_name, receiver, destination, amount, currency) VALUES(?,?,?,?,?,?) processing class org.anatkor.dao.Utils. ERROR: new row for relation "account" violates check constraint "account_balance_check"
  Detail: Failing row contains (26, 10000000004, -4950, universal account, UAH, 2021-08-29 14:08:08.773052, t, 9, 0).
2021-09-05 19:16:35,300 [http-nio-8081-exec-7] DEBUG org.anatkor.dao.PaymentDao- SQLException during INSERT INTO payment (account_number, account_name, receiver, destination, amount, currency) VALUES(?,?,?,?,?,?) processing class org.anatkor.dao.Utils. ERROR: new row for relation "account" violates check constraint "account_balance_check"
  Detail: Failing row contains (26, 10000000004, -4950, universal account, UAH, 2021-08-29 14:08:08.773052, t, 9, 0).
2021-09-05 19:18:37,384 [http-nio-8081-exec-6] DEBUG org.anatkor.dao.PaymentDao- SQLException during INSERT INTO payment (account_number, account_name, receiver, destination, amount, currency) VALUES(?,?,?,?,?,?) processing class org.anatkor.dao.Utils. ERROR: new row for relation "account" violates check constraint "account_balance_check"
  Detail: Failing row contains (26, 10000000004, -4950, universal account, UAH, 2021-08-29 14:08:08.773052, t, 9, 0).
2021-09-05 19:18:51,855 [http-nio-8081-exec-6] INFO  org.anatkor.controllers.command.LoginCommand- Not enough login data
2021-09-05 19:18:54,911 [http-nio-8081-exec-9] INFO  org.anatkor.controllers.command.LoginCommand- Client '382222222222' is logged in
2021-09-05 19:19:34,928 [http-nio-8081-exec-2] INFO  org.anatkor.controllers.command.PaymentsCommand- payments list requested for user with id= 9
2021-09-05 19:19:44,370 [http-nio-8081-exec-13] INFO  org.anatkor.controllers.command.PaymentsCommand- payments list requested for user with id= 9
2021-09-05 19:20:17,308 [http-nio-8081-exec-11] INFO  org.anatkor.controllers.command.PaymentsCommand- payments list requested for user with id= 9
2021-09-05 19:20:21,057 [http-nio-8081-exec-16] INFO  org.anatkor.controllers.command.PaymentsCommand- payments list requested for user with id= 9
2021-09-05 19:20:23,342 [http-nio-8081-exec-18] INFO  org.anatkor.controllers.command.PaymentsCommand- payments list requested for user with id= 9
2021-09-05 19:20:25,357 [http-nio-8081-exec-13] INFO  org.anatkor.controllers.command.PaymentsCommand- payments list requested for user with id= 9
2021-09-05 19:20:26,445 [http-nio-8081-exec-14] INFO  org.anatkor.controllers.command.PaymentsCommand- payments list requested for user with id= 9
2021-09-05 19:20:33,574 [http-nio-8081-exec-11] INFO  org.anatkor.controllers.command.LogoutCommand- User 382222222222 is Logged out
2021-09-05 19:20:33,579 [http-nio-8081-exec-17] INFO  org.anatkor.controllers.command.LoginCommand- Not enough login data
2021-09-05 19:20:35,902 [http-nio-8081-exec-12] INFO  org.anatkor.controllers.command.LoginCommand- Admin '381111111111' is logged in
2021-09-05 19:20:38,106 [http-nio-8081-exec-19] INFO  org.anatkor.controllers.command.PaymentsCommand- payments list requested by ADMIN
2021-09-05 19:20:40,927 [http-nio-8081-exec-15] INFO  org.anatkor.controllers.command.PaymentsCommand- payments list requested for user with id= -1
2021-09-05 19:20:42,195 [http-nio-8081-exec-17] INFO  org.anatkor.controllers.command.PaymentsCommand- payments list requested for user with id= -1
2021-09-05 19:20:45,040 [http-nio-8081-exec-12] INFO  org.anatkor.controllers.command.PaymentsCommand- payments list requested for user with id= -1
2021-09-05 19:20:46,504 [http-nio-8081-exec-20] INFO  org.anatkor.controllers.command.PaymentsCommand- payments list requested for user with id= -1
2021-09-05 19:20:47,544 [http-nio-8081-exec-19] INFO  org.anatkor.controllers.command.PaymentsCommand- payments list requested for user with id= -1
2021-09-05 19:20:50,509 [http-nio-8081-exec-15] INFO  org.anatkor.controllers.command.PaymentsCommand- payments list requested for user with id= -1
2021-09-05 19:20:51,856 [http-nio-8081-exec-17] INFO  org.anatkor.controllers.command.PaymentsCommand- payments list requested for user with id= -1
2021-09-05 19:20:54,978 [http-nio-8081-exec-12] INFO  org.anatkor.controllers.command.PaymentsCommand- payments list requested for user with id= -1
2021-09-05 19:20:56,432 [http-nio-8081-exec-20] INFO  org.anatkor.controllers.command.PaymentsCommand- payments list requested for user with id= -1
2021-09-05 19:20:57,177 [http-nio-8081-exec-19] INFO  org.anatkor.controllers.command.PaymentsCommand- payments list requested for user with id= -1
2021-09-05 19:20:57,617 [http-nio-8081-exec-15] INFO  org.anatkor.controllers.command.PaymentsCommand- payments list requested for user with id= -1
2021-09-05 19:20:58,085 [http-nio-8081-exec-17] INFO  org.anatkor.controllers.command.PaymentsCommand- payments list requested for user with id= -1
2021-09-05 19:20:58,341 [http-nio-8081-exec-12] INFO  org.anatkor.controllers.command.PaymentsCommand- payments list requested for user with id= -1
2021-09-05 19:20:59,609 [http-nio-8081-exec-13] INFO  org.anatkor.controllers.command.PaymentsCommand- payments list requested for user with id= -1
2021-09-05 19:21:00,288 [http-nio-8081-exec-14] INFO  org.anatkor.controllers.command.PaymentsCommand- payments list requested for user with id= -1
2021-09-05 19:21:00,486 [http-nio-8081-exec-11] INFO  org.anatkor.controllers.command.PaymentsCommand- payments list requested for user with id= -1
2021-09-05 19:21:00,676 [http-nio-8081-exec-16] INFO  org.anatkor.controllers.command.PaymentsCommand- payments list requested for user with id= -1
2021-09-05 19:21:00,858 [http-nio-8081-exec-12] INFO  org.anatkor.controllers.command.PaymentsCommand- payments list requested for user with id= -1
2021-09-05 19:21:04,270 [http-nio-8081-exec-13] INFO  org.anatkor.controllers.command.UserCommand- User 381111111111 profile called
2021-09-05 19:21:19,274 [http-nio-8081-exec-11] INFO  org.anatkor.controllers.command.PaymentsCommand- payments list requested by ADMIN
2021-09-05 19:21:19,756 [http-nio-8081-exec-16] INFO  org.anatkor.controllers.command.AccountsCommand- account list requested by ADMIN
2021-09-05 19:21:19,774 [http-nio-8081-exec-16] DEBUG org.anatkor.dao.AccountDao- SQLException during Query SELECT * FROM account WHERE user_id=? ORDER BY ? ? processing from class org.anatkor.dao.Utils.
2021-09-05 19:21:23,127 [http-nio-8081-exec-20] INFO  org.anatkor.controllers.command.AccountsCommand- account list requested by ADMIN
2021-09-05 19:21:23,132 [http-nio-8081-exec-20] DEBUG org.anatkor.dao.AccountDao- SQLException during Query SELECT * FROM account WHERE user_id=? ORDER BY ? ? processing from class org.anatkor.dao.Utils.
2021-09-05 19:21:24,339 [http-nio-8081-exec-19] INFO  org.anatkor.controllers.command.PaymentsCommand- payments list requested by ADMIN
2021-09-05 19:21:24,916 [http-nio-8081-exec-15] INFO  org.anatkor.controllers.command.AccountsCommand- account list requested by ADMIN
2021-09-05 19:21:24,920 [http-nio-8081-exec-15] DEBUG org.anatkor.dao.AccountDao- SQLException during Query SELECT * FROM account WHERE user_id=? ORDER BY ? ? processing from class org.anatkor.dao.Utils.
2021-09-05 19:21:27,136 [http-nio-8081-exec-17] INFO  org.anatkor.controllers.command.PaymentsCommand- payments list requested by ADMIN
2021-09-05 19:21:27,632 [http-nio-8081-exec-18] INFO  org.anatkor.controllers.command.AccountsCommand- account list requested by ADMIN
2021-09-05 19:21:27,635 [http-nio-8081-exec-18] DEBUG org.anatkor.dao.AccountDao- SQLException during Query SELECT * FROM account WHERE user_id=? ORDER BY ? ? processing from class org.anatkor.dao.Utils.
2021-09-05 19:21:38,281 [http-nio-8081-exec-20] INFO  org.anatkor.controllers.command.AccountsCommand- account list requested for user with id= -1
2021-09-05 19:21:44,663 [http-nio-8081-exec-14] INFO  org.anatkor.controllers.command.AccountsCommand- account list requested for user with id= -1
2021-09-05 19:22:20,409 [http-nio-8081-exec-16] INFO  org.anatkor.controllers.command.AccountsCommand- account list requested for user with id= -1
2021-09-05 19:25:02,245 [http-nio-8081-exec-12] WARN  org.anatkor.controllers.command.filter.AdminFilter- Attempt of unauthorized access to the Admin by null
2021-09-05 19:25:02,255 [http-nio-8081-exec-12] INFO  org.anatkor.controllers.command.LoginCommand- Not enough login data
2021-09-05 19:25:05,216 [http-nio-8081-exec-15] INFO  org.anatkor.controllers.command.LoginCommand- Admin '381111111111' is logged in
2021-09-05 19:25:06,459 [http-nio-8081-exec-14] INFO  org.anatkor.controllers.command.PaymentsCommand- payments list requested by ADMIN
2021-09-05 19:25:09,788 [http-nio-8081-exec-13] INFO  org.anatkor.controllers.command.PaymentsCommand- payments list requested for user with id= -1
2021-09-05 19:25:14,604 [http-nio-8081-exec-16] INFO  org.anatkor.controllers.command.PaymentsCommand- payments list requested for user with id= -1
2021-09-05 19:25:33,422 [http-nio-8081-exec-22] INFO  org.anatkor.controllers.command.PaymentsCommand- payments list requested for user with id= -1
2021-09-05 19:25:36,035 [http-nio-8081-exec-18] INFO  org.anatkor.controllers.command.PaymentsCommand- payments list requested for user with id= -1
2021-09-05 19:25:40,351 [http-nio-8081-exec-11] INFO  org.anatkor.controllers.command.PaymentsCommand- payments list requested for user with id= -1
2021-09-05 19:25:46,511 [http-nio-8081-exec-17] INFO  org.anatkor.controllers.command.PaymentsCommand- payments list requested for user with id= -1
2021-09-05 19:26:27,970 [http-nio-8081-exec-22] INFO  org.anatkor.controllers.command.PaymentsCommand- payments list requested for user with id= -1
2021-09-05 19:26:30,193 [http-nio-8081-exec-28] INFO  org.anatkor.controllers.command.PaymentsCommand- payments list requested for user with id= -1
2021-09-05 19:26:32,835 [http-nio-8081-exec-29] INFO  org.anatkor.controllers.command.PaymentsCommand- payments list requested for user with id= -1
2021-09-05 19:26:35,824 [http-nio-8081-exec-30] INFO  org.anatkor.controllers.command.AccountsCommand- account list requested by ADMIN
2021-09-05 19:26:40,385 [http-nio-8081-exec-21] INFO  org.anatkor.controllers.command.AccountsCommand- account list requested for user with id= -1
2021-09-05 19:26:46,933 [http-nio-8081-exec-28] INFO  org.anatkor.controllers.command.UserCommand- User 381111111111 profile called
2021-09-05 19:26:53,597 [http-nio-8081-exec-24] INFO  org.anatkor.controllers.command.AccountsCommand- account list requested for user with id= 9
2021-09-05 19:26:57,350 [http-nio-8081-exec-26] INFO  org.anatkor.controllers.command.UserCommand- User 381111111111 profile called
2021-09-05 19:29:17,802 [http-nio-8081-exec-23] INFO  org.anatkor.controllers.command.UserCommand- User 381111111111 profile called
2021-09-05 19:29:23,953 [http-nio-8081-exec-24] INFO  org.anatkor.controllers.command.AccountsCommand- account list requested by ADMIN
2021-09-05 19:29:38,663 [http-nio-8081-exec-23] INFO  org.anatkor.controllers.command.UserCommand- User 381111111111 profile called
2021-09-05 19:29:42,567 [http-nio-8081-exec-24] INFO  org.anatkor.controllers.command.AccountsCommand- account list requested by ADMIN
2021-09-05 19:29:45,569 [http-nio-8081-exec-25] INFO  org.anatkor.controllers.command.AccountsCommand- account list requested for user with id= -1
2021-09-05 19:29:52,789 [http-nio-8081-exec-27] INFO  org.anatkor.controllers.command.PaymentsCommand- payments list requested by ADMIN
2021-09-05 19:29:59,649 [http-nio-8081-exec-29] INFO  org.anatkor.controllers.command.PaymentsCommand- payments list requested for user with id= -1
2021-09-05 19:29:59,941 [http-nio-8081-exec-30] INFO  org.anatkor.controllers.command.PaymentsCommand- payments list requested for user with id= -1
2021-09-05 19:30:00,162 [http-nio-8081-exec-21] INFO  org.anatkor.controllers.command.PaymentsCommand- payments list requested for user with id= -1
2021-09-05 19:30:00,349 [http-nio-8081-exec-22] INFO  org.anatkor.controllers.command.PaymentsCommand- payments list requested for user with id= -1
2021-09-05 19:30:00,541 [http-nio-8081-exec-28] INFO  org.anatkor.controllers.command.PaymentsCommand- payments list requested for user with id= -1
2021-09-05 19:30:01,669 [http-nio-8081-exec-29] INFO  org.anatkor.controllers.command.PaymentsCommand- payments list requested for user with id= -1
2021-09-05 19:30:08,426 [http-nio-8081-exec-30] INFO  org.anatkor.controllers.command.AccountsCommand- account list requested by ADMIN
2021-09-05 19:30:13,715 [http-nio-8081-exec-22] INFO  org.anatkor.controllers.command.UserCommand- User 381111111111 profile called
2021-09-05 19:34:42,605 [http-nio-8081-exec-26] INFO  org.anatkor.controllers.command.UserCommand- User 381111111111 profile called
2021-09-05 19:34:44,338 [http-nio-8081-exec-27] INFO  org.anatkor.controllers.command.PaymentsCommand- payments list requested for user with id= 42
2021-09-05 19:34:46,585 [http-nio-8081-exec-23] INFO  org.anatkor.controllers.command.PaymentsCommand- payments list requested for user with id= 42
2021-09-05 19:34:47,612 [http-nio-8081-exec-24] INFO  org.anatkor.controllers.command.PaymentsCommand- payments list requested for user with id= 42
2021-09-05 19:34:53,800 [http-nio-8081-exec-25] INFO  org.anatkor.controllers.command.PaymentsCommand- payments list requested for user with id= 42
2021-09-05 19:34:56,817 [http-nio-8081-exec-26] INFO  org.anatkor.controllers.command.PaymentsCommand- payments list requested for user with id= 42
2021-09-05 19:34:57,762 [http-nio-8081-exec-27] INFO  org.anatkor.controllers.command.PaymentsCommand- payments list requested for user with id= 42
2021-09-05 19:34:59,464 [http-nio-8081-exec-23] INFO  org.anatkor.controllers.command.PaymentsCommand- payments list requested for user with id= 42
2021-09-05 19:35:00,720 [http-nio-8081-exec-30] INFO  org.anatkor.controllers.command.PaymentsCommand- payments list requested for user with id= 42
2021-09-05 19:35:06,794 [http-nio-8081-exec-21] INFO  org.anatkor.controllers.command.PaymentsCommand- payments list requested by ADMIN
2021-09-05 19:35:08,293 [http-nio-8081-exec-22] INFO  org.anatkor.controllers.command.PaymentsCommand- payments list requested for user with id= -1
2021-09-05 19:35:08,674 [http-nio-8081-exec-28] INFO  org.anatkor.controllers.command.PaymentsCommand- payments list requested for user with id= -1
2021-09-05 19:35:09,154 [http-nio-8081-exec-29] INFO  org.anatkor.controllers.command.PaymentsCommand- payments list requested for user with id= -1
2021-09-05 19:35:09,674 [http-nio-8081-exec-30] INFO  org.anatkor.controllers.command.PaymentsCommand- payments list requested for user with id= -1
2021-09-05 19:35:09,906 [http-nio-8081-exec-21] INFO  org.anatkor.controllers.command.PaymentsCommand- payments list requested for user with id= -1
2021-09-05 19:35:10,114 [http-nio-8081-exec-22] INFO  org.anatkor.controllers.command.PaymentsCommand- payments list requested for user with id= -1
2021-09-05 19:35:13,242 [http-nio-8081-exec-28] INFO  org.anatkor.controllers.command.AccountsCommand- account list requested by ADMIN
2021-09-05 19:35:16,782 [http-nio-8081-exec-30] INFO  org.anatkor.controllers.command.AccountsCommand- account list requested by ADMIN
2021-09-05 19:35:24,739 [http-nio-8081-exec-27] INFO  org.anatkor.controllers.command.UserCommand- User 381111111111 profile called
2021-09-05 19:35:30,988 [http-nio-8081-exec-23] INFO  org.anatkor.controllers.command.AccountsCommand- account list requested for user with id= 42
2021-09-05 19:35:33,679 [http-nio-8081-exec-30] INFO  org.anatkor.controllers.command.PaymentsCommand- payments list requested for user with id= 42
2021-09-05 19:36:17,599 [http-nio-8081-exec-27] INFO  org.anatkor.controllers.command.UserCommand- User 381111111111 profile called
2021-09-05 19:36:20,549 [http-nio-8081-exec-23] INFO  org.anatkor.controllers.command.PaymentsCommand- payments list requested for user with id= 42
2021-09-05 19:36:33,221 [http-nio-8081-exec-30] INFO  org.anatkor.controllers.command.UserCommand- User 381111111111 profile called
2021-09-05 19:36:41,233 [http-nio-8081-exec-26] INFO  org.anatkor.controllers.command.UserCommand- User 381111111111 profile called
2021-09-05 19:36:43,132 [http-nio-8081-exec-27] INFO  org.anatkor.controllers.command.AccountsCommand- account list requested for user with id= 42
2021-09-05 19:36:45,652 [http-nio-8081-exec-23] INFO  org.anatkor.controllers.command.AccountsCommand- account list requested by ADMIN
2021-09-05 19:43:40,207 [http-nio-8081-exec-29] INFO  org.anatkor.controllers.command.PaymentsCommand- payments list requested by ADMIN
2021-09-05 19:43:44,401 [http-nio-8081-exec-30] INFO  org.anatkor.controllers.command.PaymentsCommand- payments list requested for user with id= -1
2021-09-05 19:43:44,892 [http-nio-8081-exec-21] INFO  org.anatkor.controllers.command.PaymentsCommand- payments list requested for user with id= -1
2021-09-05 19:43:45,249 [http-nio-8081-exec-22] INFO  org.anatkor.controllers.command.PaymentsCommand- payments list requested for user with id= -1
2021-09-05 19:43:45,537 [http-nio-8081-exec-28] INFO  org.anatkor.controllers.command.PaymentsCommand- payments list requested for user with id= -1
2021-09-05 19:43:45,784 [http-nio-8081-exec-29] INFO  org.anatkor.controllers.command.PaymentsCommand- payments list requested for user with id= -1
2021-09-05 19:43:46,677 [http-nio-8081-exec-30] INFO  org.anatkor.controllers.command.PaymentsCommand- payments list requested for user with id= -1
2021-09-05 19:43:47,268 [http-nio-8081-exec-21] INFO  org.anatkor.controllers.command.PaymentsCommand- payments list requested for user with id= -1
2021-09-05 19:43:47,462 [http-nio-8081-exec-22] INFO  org.anatkor.controllers.command.PaymentsCommand- payments list requested for user with id= -1
2021-09-05 19:43:47,737 [http-nio-8081-exec-28] INFO  org.anatkor.controllers.command.PaymentsCommand- payments list requested for user with id= -1
2021-09-05 19:43:47,949 [http-nio-8081-exec-29] INFO  org.anatkor.controllers.command.PaymentsCommand- payments list requested for user with id= -1
2021-09-05 19:56:09,619 [http-nio-8081-exec-26] WARN  org.anatkor.controllers.command.filter.AdminFilter- Attempt of unauthorized access to the Admin by null
2021-09-05 19:56:09,630 [http-nio-8081-exec-26] INFO  org.anatkor.controllers.command.LoginCommand- Not enough login data
2021-09-05 19:56:12,127 [http-nio-8081-exec-23] INFO  org.anatkor.controllers.command.LoginCommand- Admin '381111111111' is logged in
2021-09-05 19:56:13,639 [http-nio-8081-exec-29] INFO  org.anatkor.controllers.command.AccountsCommand- account list requested by ADMIN
2021-09-05 19:56:18,295 [http-nio-8081-exec-28] INFO  org.anatkor.controllers.command.PaymentsCommand- payments list requested by ADMIN
2021-09-05 19:56:23,692 [http-nio-8081-exec-24] INFO  org.anatkor.controllers.command.PaymentsCommand- payments list requested for user with id= -1
2021-09-05 19:56:24,372 [http-nio-8081-exec-25] INFO  org.anatkor.controllers.command.PaymentsCommand- payments list requested for user with id= -1
2021-09-05 19:56:24,904 [http-nio-8081-exec-33] INFO  org.anatkor.controllers.command.PaymentsCommand- payments list requested for user with id= -1
2021-09-05 19:56:25,384 [http-nio-8081-exec-34] INFO  org.anatkor.controllers.command.PaymentsCommand- payments list requested for user with id= -1
2021-09-05 19:56:25,856 [http-nio-8081-exec-35] INFO  org.anatkor.controllers.command.PaymentsCommand- payments list requested for user with id= -1
2021-09-05 19:56:29,569 [http-nio-8081-exec-36] INFO  org.anatkor.controllers.command.AccountsCommand- account list requested by ADMIN
2021-09-05 19:56:57,668 [http-nio-8081-exec-27] WARN  org.anatkor.controllers.command.filter.AdminFilter- Attempt of unauthorized access to the Admin by null
2021-09-05 19:56:57,677 [http-nio-8081-exec-27] INFO  org.anatkor.controllers.command.LoginCommand- Not enough login data
2021-09-05 19:57:00,236 [http-nio-8081-exec-35] INFO  org.anatkor.controllers.command.LoginCommand- Admin '381111111111' is logged in
2021-09-05 19:57:02,692 [http-nio-8081-exec-36] INFO  org.anatkor.controllers.command.AccountsCommand- account list requested by ADMIN
2021-09-05 19:57:07,785 [http-nio-8081-exec-38] INFO  org.anatkor.controllers.command.PaymentsCommand- payments list requested by ADMIN
2021-09-05 19:57:21,499 [http-nio-8081-exec-40] INFO  org.anatkor.controllers.command.PaymentsCommand- payments list requested for user with id= -1
2021-09-05 19:57:47,366 [http-nio-8081-exec-42] INFO  org.anatkor.controllers.command.AccountsCommand- account list requested by ADMIN
2021-09-05 19:57:53,202 [http-nio-8081-exec-44] INFO  org.anatkor.controllers.command.PaymentsCommand- payments list requested by ADMIN
2021-09-05 19:58:06,010 [http-nio-8081-exec-46] INFO  org.anatkor.controllers.command.PaymentsCommand- payments list requested by ADMIN
2021-09-05 19:59:20,767 [http-nio-8081-exec-43] INFO  org.anatkor.controllers.command.PaymentsCommand- payments list requested by ADMIN
2021-09-05 19:59:26,995 [http-nio-8081-exec-44] INFO  org.anatkor.controllers.command.PaymentsCommand- payments list requested by ADMIN
2021-09-05 19:59:28,482 [http-nio-8081-exec-41] INFO  org.anatkor.controllers.command.PaymentsCommand- payments list requested by ADMIN
2021-09-05 19:59:29,371 [http-nio-8081-exec-42] INFO  org.anatkor.controllers.command.PaymentsCommand- payments list requested by ADMIN
2021-09-05 19:59:29,994 [http-nio-8081-exec-39] INFO  org.anatkor.controllers.command.PaymentsCommand- payments list requested by ADMIN
2021-09-05 19:59:30,535 [http-nio-8081-exec-45] INFO  org.anatkor.controllers.command.PaymentsCommand- payments list requested by ADMIN
2021-09-05 19:59:30,982 [http-nio-8081-exec-47] INFO  org.anatkor.controllers.command.PaymentsCommand- payments list requested by ADMIN
2021-09-05 19:59:31,359 [http-nio-8081-exec-43] INFO  org.anatkor.controllers.command.PaymentsCommand- payments list requested by ADMIN
2021-09-05 20:00:05,465 [http-nio-8081-exec-45] INFO  org.anatkor.controllers.command.PaymentsCommand- payments list requested by ADMIN
2021-09-05 20:00:06,802 [http-nio-8081-exec-46] INFO  org.anatkor.controllers.command.PaymentsCommand- payments list requested by ADMIN
2021-09-05 20:00:23,507 [http-nio-8081-exec-48] WARN  org.anatkor.controllers.command.filter.AdminFilter- Attempt of unauthorized access to the Admin by null
2021-09-05 20:00:23,517 [http-nio-8081-exec-48] INFO  org.anatkor.controllers.command.LoginCommand- Not enough login data
2021-09-05 20:00:26,022 [http-nio-8081-exec-44] INFO  org.anatkor.controllers.command.LoginCommand- Admin '381111111111' is logged in
2021-09-05 20:00:27,481 [http-nio-8081-exec-45] INFO  org.anatkor.controllers.command.AccountsCommand- account list requested by ADMIN
2021-09-05 20:00:30,477 [http-nio-8081-exec-49] INFO  org.anatkor.controllers.command.PaymentsCommand- payments list requested by ADMIN
2021-09-05 20:00:33,181 [http-nio-8081-exec-50] INFO  org.anatkor.controllers.command.PaymentsCommand- payments list requested by ADMIN
2021-09-05 20:02:18,161 [http-nio-8081-exec-52] INFO  org.anatkor.controllers.command.PaymentsCommand- payments list requested by ADMIN
2021-09-05 20:02:29,096 [http-nio-8081-exec-53] INFO  org.anatkor.controllers.command.AccountsCommand- account list requested by ADMIN
2021-09-05 20:02:32,731 [http-nio-8081-exec-51] INFO  org.anatkor.controllers.command.PaymentsCommand- payments list requested by ADMIN
2021-09-05 20:02:57,489 [http-nio-8081-exec-52] INFO  org.anatkor.controllers.command.PaymentsCommand- payments list requested by ADMIN
2021-09-05 20:04:08,584 [http-nio-8081-exec-50] INFO  org.anatkor.controllers.command.PaymentsCommand- payments list requested by ADMIN
2021-09-05 20:04:16,818 [http-nio-8081-exec-57] INFO  org.anatkor.controllers.command.UsersCommand- users list requested
2021-09-05 20:04:22,926 [http-nio-8081-exec-52] INFO  org.anatkor.controllers.command.UsersCommand- users list requested
2021-09-05 20:04:24,142 [http-nio-8081-exec-53] INFO  org.anatkor.controllers.command.UsersCommand- users list requested
2021-09-05 20:04:30,243 [http-nio-8081-exec-55] INFO  org.anatkor.controllers.command.AccountsCommand- account list requested for user with id= 42
2021-09-05 20:04:39,061 [http-nio-8081-exec-56] INFO  org.anatkor.controllers.command.AccountsCommand- account list requested for user with id= 42
2021-09-05 20:04:48,971 [http-nio-8081-exec-58] INFO  org.anatkor.controllers.command.LogoutCommand- User 381111111111 is Logged out
2021-09-05 20:04:48,974 [http-nio-8081-exec-52] INFO  org.anatkor.controllers.command.LoginCommand- Not enough login data
2021-09-05 20:04:52,279 [http-nio-8081-exec-54] INFO  org.anatkor.controllers.command.LoginCommand- Client '389999999999' is logged in
2021-09-05 20:04:53,729 [http-nio-8081-exec-51] INFO  org.anatkor.controllers.command.PaymentsCommand- payments list requested for user with id= 42
2021-09-05 20:04:58,762 [http-nio-8081-exec-57] INFO  org.anatkor.controllers.command.LogoutCommand- User 389999999999 is Logged out
2021-09-05 20:04:58,765 [http-nio-8081-exec-58] INFO  org.anatkor.controllers.command.LoginCommand- Not enough login data
2021-09-05 20:05:01,088 [http-nio-8081-exec-49] INFO  org.anatkor.controllers.command.LoginCommand- Admin '381111111111' is logged in
2021-09-05 20:05:02,810 [http-nio-8081-exec-50] INFO  org.anatkor.controllers.command.AccountsCommand- account list requested by ADMIN
2021-09-05 20:05:04,974 [http-nio-8081-exec-51] INFO  org.anatkor.controllers.command.UsersCommand- users list requested
2021-09-05 20:05:06,207 [http-nio-8081-exec-57] INFO  org.anatkor.controllers.command.UsersCommand- users list requested
2021-09-05 20:05:06,691 [http-nio-8081-exec-52] INFO  org.anatkor.controllers.command.UsersCommand- users list requested
2021-09-05 20:05:21,088 [http-nio-8081-exec-54] INFO  org.anatkor.controllers.command.AccountsCommand- account list requested for user with id= 42
2021-09-05 20:05:24,256 [http-nio-8081-exec-51] INFO  org.anatkor.controllers.command.UserCommand- User 381111111111 profile called
2021-09-05 20:05:32,990 [http-nio-8081-exec-57] INFO  org.anatkor.controllers.command.PaymentsCommand- payments list requested for user with id= 42
2021-09-05 20:05:37,592 [http-nio-8081-exec-52] INFO  org.anatkor.controllers.command.PaymentsCommand- payments list requested for user with id= 42
2021-09-05 20:05:41,691 [http-nio-8081-exec-54] INFO  org.anatkor.controllers.command.UsersCommand- users list requested
2021-09-05 20:05:46,371 [http-nio-8081-exec-55] INFO  org.anatkor.controllers.command.UsersCommand- users list requested
2021-09-05 20:05:46,835 [http-nio-8081-exec-56] INFO  org.anatkor.controllers.command.UsersCommand- users list requested
2021-09-05 20:05:48,887 [http-nio-8081-exec-58] INFO  org.anatkor.controllers.command.AccountsCommand- account list requested for user with id= 42
2021-09-05 20:05:54,608 [http-nio-8081-exec-54] INFO  org.anatkor.controllers.command.UserCommand- User 381111111111 profile called
2021-09-05 20:05:56,228 [http-nio-8081-exec-55] INFO  org.anatkor.controllers.command.PaymentsCommand- payments list requested for user with id= 42
2021-09-05 20:06:02,794 [http-nio-8081-exec-57] INFO  org.anatkor.controllers.command.PaymentsCommand- payments list requested for user with id= 42
2021-09-05 20:06:05,162 [http-nio-8081-exec-52] INFO  org.anatkor.controllers.command.PaymentsCommand- payments list requested for user with id= 42
2021-09-05 20:06:07,698 [http-nio-8081-exec-53] INFO  org.anatkor.controllers.command.PaymentsCommand- payments list requested for user with id= 42
2021-09-05 20:06:09,094 [http-nio-8081-exec-50] INFO  org.anatkor.controllers.command.PaymentsCommand- payments list requested for user with id= 42
2021-09-05 20:06:19,967 [http-nio-8081-exec-51] INFO  org.anatkor.controllers.command.PaymentsCommand- payments list requested for user with id= 42
2021-09-05 20:06:27,664 [http-nio-8081-exec-58] INFO  org.anatkor.controllers.command.PaymentsCommand- payments list requested for user with id= 42
2021-09-05 20:06:29,391 [http-nio-8081-exec-49] INFO  org.anatkor.controllers.command.PaymentsCommand- payments list requested for user with id= 42
2021-09-05 20:06:33,989 [http-nio-8081-exec-50] INFO  org.anatkor.controllers.command.PaymentsCommand- payments list requested for user with id= 42
2021-09-05 20:06:36,601 [http-nio-8081-exec-57] INFO  org.anatkor.controllers.command.AccountsCommand- account list requested by ADMIN
2021-09-05 20:06:42,649 [http-nio-8081-exec-53] INFO  org.anatkor.controllers.command.PaymentsCommand- payments list requested by ADMIN
2021-09-05 20:06:50,328 [http-nio-8081-exec-55] INFO  org.anatkor.controllers.command.PaymentsCommand- payments list requested for user with id= -1
2021-09-05 20:06:55,632 [http-nio-8081-exec-56] INFO  org.anatkor.controllers.command.PaymentsCommand- payments list requested for user with id= -1
2021-09-05 20:06:56,122 [http-nio-8081-exec-58] INFO  org.anatkor.controllers.command.PaymentsCommand- payments list requested for user with id= -1
2021-09-05 20:06:56,571 [http-nio-8081-exec-49] INFO  org.anatkor.controllers.command.PaymentsCommand- payments list requested for user with id= -1
2021-09-05 20:06:56,986 [http-nio-8081-exec-54] INFO  org.anatkor.controllers.command.PaymentsCommand- payments list requested for user with id= -1
2021-09-05 20:06:57,375 [http-nio-8081-exec-55] INFO  org.anatkor.controllers.command.PaymentsCommand- payments list requested for user with id= -1
2021-09-05 20:07:06,096 [http-nio-8081-exec-56] INFO  org.anatkor.controllers.command.LogoutCommand- User 381111111111 is Logged out
2021-09-05 20:07:06,099 [http-nio-8081-exec-57] INFO  org.anatkor.controllers.command.LoginCommand- Not enough login data
2021-09-05 20:07:08,550 [http-nio-8081-exec-52] INFO  org.anatkor.controllers.command.LoginCommand- Client '389999999999' is logged in
2021-09-05 20:07:10,480 [http-nio-8081-exec-54] INFO  org.anatkor.controllers.command.AccountsCommand- account list requested for user with id= 42
2021-09-05 20:07:14,492 [http-nio-8081-exec-56] INFO  org.anatkor.controllers.command.UserCommand- User 389999999999 profile called
2021-09-05 20:07:21,125 [http-nio-8081-exec-54] INFO  org.anatkor.controllers.command.AccountsCommand- account list requested for user with id= 42
2021-09-05 20:09:40,339 [http-nio-8081-exec-56] INFO  org.anatkor.controllers.command.AccountsCommand- account list requested for user with id= 42
2021-09-05 20:09:55,748 [http-nio-8081-exec-58] INFO  org.anatkor.controllers.command.AccountsCommand- account list requested for user with id= 42
2021-09-05 20:12:03,449 [http-nio-8081-exec-51] INFO  org.anatkor.controllers.command.LoginCommand- Not enough login data
2021-09-05 20:12:06,371 [http-nio-8081-exec-57] INFO  org.anatkor.controllers.command.LoginCommand- Client '389999999999' is logged in
2021-09-05 20:12:07,955 [http-nio-8081-exec-55] INFO  org.anatkor.controllers.command.AccountsCommand- account list requested for user with id= 42
2021-09-05 20:12:16,104 [http-nio-8081-exec-51] INFO  org.anatkor.controllers.command.UserCommand- User 389999999999 profile called
2021-09-05 20:12:17,837 [http-nio-8081-exec-49] INFO  org.anatkor.controllers.command.LogoutCommand- User 389999999999 is Logged out
2021-09-05 20:12:17,839 [http-nio-8081-exec-61] INFO  org.anatkor.controllers.command.LoginCommand- Not enough login data
2021-09-05 20:12:19,817 [http-nio-8081-exec-62] INFO  org.anatkor.controllers.command.LoginCommand- Admin '381111111111' is logged in
2021-09-05 20:12:21,028 [http-nio-8081-exec-63] INFO  org.anatkor.controllers.command.AccountsCommand- account list requested by ADMIN
2021-09-05 20:12:26,878 [http-nio-8081-exec-60] INFO  org.anatkor.controllers.command.PaymentsCommand- payments list requested by ADMIN
2021-09-05 20:12:49,489 [http-nio-8081-exec-56] INFO  org.anatkor.controllers.command.PaymentsCommand- payments list requested by ADMIN
2021-09-05 20:13:02,461 [http-nio-8081-exec-63] INFO  org.anatkor.controllers.command.PaymentsCommand- payments list requested by ADMIN
2021-09-05 20:13:09,194 [http-nio-8081-exec-64] INFO  org.anatkor.controllers.command.PaymentsCommand- payments list requested by ADMIN
2021-09-05 20:13:21,639 [http-nio-8081-exec-68] INFO  org.anatkor.controllers.command.PaymentsCommand- payments list requested by ADMIN
2021-09-05 20:13:27,444 [http-nio-8081-exec-59] INFO  org.anatkor.controllers.command.LogoutCommand- User 381111111111 is Logged out
2021-09-05 20:13:27,448 [http-nio-8081-exec-63] INFO  org.anatkor.controllers.command.LoginCommand- Not enough login data
2021-09-05 20:13:31,656 [http-nio-8081-exec-60] INFO  org.anatkor.controllers.command.LoginCommand- Client '382222222222' is logged in
2021-09-05 20:13:32,800 [http-nio-8081-exec-61] INFO  org.anatkor.controllers.command.AccountsCommand- account list requested for user with id= 9
2021-09-05 20:29:22,859 [http-nio-8081-exec-61] INFO  org.anatkor.controllers.command.LoginCommand- Client '382222222222' is logged in
2021-09-05 20:29:28,427 [http-nio-8081-exec-60] INFO  org.anatkor.controllers.command.PaymentsCommand- payments list requested for user with id= 9
2021-09-05 20:29:35,058 [http-nio-8081-exec-63] INFO  org.anatkor.controllers.command.AccountsCommand- account list requested for user with id= 9
2021-09-05 20:30:02,782 [http-nio-8081-exec-67] INFO  org.anatkor.controllers.command.LogoutCommand- User 382222222222 is Logged out
2021-09-05 20:30:02,787 [http-nio-8081-exec-69] INFO  org.anatkor.controllers.command.LoginCommand- Not enough login data
2021-09-05 20:30:04,768 [http-nio-8081-exec-70] INFO  org.anatkor.controllers.command.LoginCommand- Admin '381111111111' is logged in
2021-09-05 20:30:06,456 [http-nio-8081-exec-59] INFO  org.anatkor.controllers.command.AccountsCommand- account list requested by ADMIN
2021-09-05 20:30:08,225 [http-nio-8081-exec-72] INFO  org.anatkor.controllers.command.PaymentsCommand- payments list requested by ADMIN
2021-09-05 20:30:13,174 [http-nio-8081-exec-73] INFO  org.anatkor.controllers.command.PaymentsCommand- payments list requested for user with id= -1
2021-09-05 20:30:26,032 [http-nio-8081-exec-74] INFO  org.anatkor.controllers.command.AccountsCommand- account list requested by ADMIN
2021-09-05 20:30:27,287 [http-nio-8081-exec-75] INFO  org.anatkor.controllers.command.PaymentsCommand- payments list requested by ADMIN
2021-09-05 20:31:00,067 [http-nio-8081-exec-70] INFO  org.anatkor.controllers.command.PaymentsCommand- payments list requested for user with id= -1
2021-09-05 20:31:08,507 [http-nio-8081-exec-71] INFO  org.anatkor.controllers.command.PaymentsCommand- payments list requested for user with id= -1
2021-09-05 20:31:13,740 [http-nio-8081-exec-77] INFO  org.anatkor.controllers.command.PaymentsCommand- payments list requested for user with id= -1
2021-09-05 20:31:13,741 [http-nio-8081-exec-72] INFO  org.anatkor.controllers.command.PaymentsCommand- payments list requested for user with id= -1
2021-09-05 20:31:13,741 [http-nio-8081-exec-73] INFO  org.anatkor.controllers.command.PaymentsCommand- payments list requested for user with id= -1
2021-09-05 20:31:13,742 [http-nio-8081-exec-78] INFO  org.anatkor.controllers.command.PaymentsCommand- payments list requested for user with id= -1
2021-09-05 20:31:16,278 [http-nio-8081-exec-74] INFO  org.anatkor.controllers.command.PaymentsCommand- payments list requested for user with id= -1
2021-09-05 20:31:16,864 [http-nio-8081-exec-75] INFO  org.anatkor.controllers.command.PaymentsCommand- payments list requested for user with id= -1
2021-09-05 21:20:58,261 [http-nio-8081-exec-75] INFO  org.anatkor.controllers.command.LoginCommand- Client '382222222222' is logged in
2021-09-05 21:20:59,717 [http-nio-8081-exec-80] INFO  org.anatkor.controllers.command.AccountsCommand- account list requested for user with id= 9
2021-09-05 21:21:06,226 [http-nio-8081-exec-77] INFO  org.anatkor.controllers.command.PaymentsCommand- payments list requested for account10000000001
2021-09-05 21:27:19,880 [http-nio-8081-exec-83] INFO  org.anatkor.controllers.command.AccountsCommand- account list requested for user with id= 9
2021-09-05 21:27:25,606 [http-nio-8081-exec-84] INFO  org.anatkor.controllers.command.PaymentsCommand- payments list requested for account10000000001
2021-09-05 21:30:23,252 [http-nio-8081-exec-81] INFO  org.anatkor.controllers.command.AccountsCommand- account list requested for user with id= 9
2021-09-05 21:30:30,586 [http-nio-8081-exec-79] INFO  org.anatkor.controllers.command.PaymentsCommand- payments list requested for account10000000001
2021-09-05 21:31:04,486 [http-nio-8081-exec-85] INFO  org.anatkor.controllers.command.PaymentsCommand- payments list requested for user with id= 9
2021-09-05 21:31:12,858 [http-nio-8081-exec-86] INFO  org.anatkor.controllers.command.PaymentsCommand- payments list requested for user with id= 9
2021-09-05 21:31:19,488 [http-nio-8081-exec-88] INFO  org.anatkor.controllers.command.PaymentsCommand- payments list requested for user with id= 9
2021-09-05 21:31:29,640 [http-nio-8081-exec-81] INFO  org.anatkor.controllers.command.PaymentsCommand- payments list requested for user with id= 9
2021-09-05 21:31:37,085 [http-nio-8081-exec-79] INFO  org.anatkor.controllers.command.PaymentsCommand- payments list requested for user with id= 9
2021-09-05 21:31:43,020 [http-nio-8081-exec-80] INFO  org.anatkor.controllers.command.AccountsCommand- account list requested for user with id= 9
2021-09-05 21:32:04,613 [http-nio-8081-exec-82] INFO  org.anatkor.controllers.command.PaymentsCommand- payments list requested for account10000000001
2021-09-05 21:33:01,531 [http-nio-8081-exec-81] INFO  org.anatkor.controllers.command.LoginCommand- Not enough login data
2021-09-05 21:33:04,477 [http-nio-8081-exec-86] INFO  org.anatkor.controllers.command.LoginCommand- Client '382222222222' is logged in
2021-09-05 21:33:12,964 [http-nio-8081-exec-80] INFO  org.anatkor.controllers.command.PaymentsCommand- payments list requested for user with id= 9
2021-09-05 21:33:15,006 [http-nio-8081-exec-83] INFO  org.anatkor.controllers.command.PaymentsCommand- payments list requested for user with id= 9
2021-09-05 21:33:16,198 [http-nio-8081-exec-82] INFO  org.anatkor.controllers.command.PaymentsCommand- payments list requested for user with id= 9
2021-09-05 21:33:20,455 [http-nio-8081-exec-79] INFO  org.anatkor.controllers.command.PaymentsCommand- payments list requested for user with id= 9
2021-09-05 21:33:26,435 [http-nio-8081-exec-89] INFO  org.anatkor.controllers.command.AccountsCommand- account list requested for user with id= 9
2021-09-05 21:33:31,628 [http-nio-8081-exec-81] INFO  org.anatkor.controllers.command.PaymentsCommand- payments list requested for account10000000001
2021-09-05 21:34:10,037 [http-nio-8081-exec-92] INFO  org.anatkor.controllers.command.PaymentsCommand- payments list requested for account10000000001
2021-09-05 21:39:21,488 [http-nio-8081-exec-97] INFO  org.anatkor.controllers.command.AccountsCommand- account list requested for user with id= 9
2021-09-05 21:39:27,431 [http-nio-8081-exec-91] INFO  org.anatkor.controllers.command.PaymentsCommand- payments list requested for account10000000001
2021-09-05 21:42:01,532 [http-nio-8081-exec-96] INFO  org.anatkor.controllers.command.AccountsCommand- account list requested for user with id= 9
2021-09-05 21:42:08,852 [http-nio-8081-exec-90] INFO  org.anatkor.controllers.command.PaymentsCommand- payments list requested for account10000000001
2021-09-05 21:42:58,999 [http-nio-8081-exec-94] INFO  org.anatkor.controllers.command.AccountsCommand- account list requested for user with id= 9
2021-09-05 21:43:05,578 [http-nio-8081-exec-89] INFO  org.anatkor.controllers.command.PaymentsCommand- payments list requested for account10000000001
2021-09-05 21:43:22,194 [http-nio-8081-exec-96] INFO  org.anatkor.controllers.command.PaymentsCommand- payments list requested for account10000000001
2021-09-05 21:43:43,884 [http-nio-8081-exec-97] INFO  org.anatkor.controllers.command.PaymentsCommand- payments list requested for account10000000001
2021-09-05 21:43:47,885 [http-nio-8081-exec-93] INFO  org.anatkor.controllers.command.PaymentsCommand- payments list requested for account10000000001
2021-09-05 21:43:50,509 [http-nio-8081-exec-91] INFO  org.anatkor.controllers.command.PaymentsCommand- payments list requested for account10000000001
2021-09-05 21:43:53,494 [http-nio-8081-exec-98] INFO  org.anatkor.controllers.command.PaymentsCommand- payments list requested for account10000000001
2021-09-05 21:45:37,097 [http-nio-8081-exec-89] INFO  org.anatkor.controllers.command.LogoutCommand- User 382222222222 is Logged out
2021-09-05 21:45:37,099 [http-nio-8081-exec-96] INFO  org.anatkor.controllers.command.LoginCommand- Not enough login data
2021-09-05 21:45:39,727 [http-nio-8081-exec-90] INFO  org.anatkor.controllers.command.LoginCommand- Client '389999999999' is logged in
2021-09-05 21:45:41,187 [http-nio-8081-exec-93] INFO  org.anatkor.controllers.command.AccountsCommand- account list requested for user with id= 42
2021-09-05 21:45:48,485 [http-nio-8081-exec-91] INFO  org.anatkor.controllers.command.PaymentsCommand- payments list requested for account10000000024
2021-09-05 21:45:51,533 [http-nio-8081-exec-98] INFO  org.anatkor.controllers.command.PaymentsCommand- payments list requested for account10000000025
2021-09-05 21:45:53,717 [http-nio-8081-exec-92] INFO  org.anatkor.controllers.command.PaymentsCommand- payments list requested for account10000000026
2021-09-05 21:45:56,838 [http-nio-8081-exec-95] INFO  org.anatkor.controllers.command.PaymentsCommand- payments list requested for account10000000026
2021-09-05 21:54:25,732 [http-nio-8081-exec-97] INFO  org.anatkor.controllers.command.PaymentsCommand- payments list requested for user with id= 42
2021-09-05 21:54:27,328 [http-nio-8081-exec-93] INFO  org.anatkor.controllers.command.PaymentsCommand- payments list requested for user with id= 42
2021-09-05 21:54:28,489 [http-nio-8081-exec-91] INFO  org.anatkor.controllers.command.PaymentsCommand- payments list requested for user with id= 42
2021-09-05 22:00:12,792 [http-nio-8081-exec-95] INFO  org.anatkor.controllers.command.PaymentsCommand- payments list requested for user with id= 42
2021-09-05 22:00:14,290 [http-nio-8081-exec-96] INFO  org.anatkor.controllers.command.PaymentsCommand- payments list requested for user with id= 42
2021-09-05 22:00:16,593 [http-nio-8081-exec-89] INFO  org.anatkor.controllers.command.PaymentsCommand- payments list requested for user with id= 42
2021-09-05 22:00:19,352 [http-nio-8081-exec-90] INFO  org.anatkor.controllers.command.PaymentsCommand- payments list requested for user with id= 42
2021-09-05 22:00:21,113 [http-nio-8081-exec-97] INFO  org.anatkor.controllers.command.PaymentsCommand- payments list requested for user with id= 42
2021-09-05 22:00:27,602 [http-nio-8081-exec-93] INFO  org.anatkor.controllers.command.PaymentsCommand- payments list requested for user with id= 42
2021-09-05 22:00:29,002 [http-nio-8081-exec-91] INFO  org.anatkor.controllers.command.PaymentsCommand- payments list requested for user with id= 42
2021-09-05 22:00:34,415 [http-nio-8081-exec-92] INFO  org.anatkor.controllers.command.PaymentsCommand- payments list requested for user with id= 42
2021-09-05 22:00:38,400 [http-nio-8081-exec-94] INFO  org.anatkor.controllers.command.PaymentsCommand- payments list requested for user with id= 42
2021-09-05 22:00:42,384 [http-nio-8081-exec-95] INFO  org.anatkor.controllers.command.PaymentsCommand- payments list requested for user with id= 42
2021-09-05 22:00:49,804 [http-nio-8081-exec-96] INFO  org.anatkor.controllers.command.PaymentsCommand- payments list requested for user with id= 42
2021-09-05 22:00:50,968 [http-nio-8081-exec-89] INFO  org.anatkor.controllers.command.PaymentsCommand- payments list requested for user with id= 42
2021-09-05 22:00:58,837 [http-nio-8081-exec-93] INFO  org.anatkor.controllers.command.AccountsCommand- account list requested for user with id= 42
2021-09-05 22:01:02,897 [http-nio-8081-exec-91] INFO  org.anatkor.controllers.command.PaymentsCommand- payments list requested for account10000000024
2021-09-05 22:01:07,166 [http-nio-8081-exec-98] INFO  org.anatkor.controllers.command.PaymentsCommand- payments list requested for account10000000024
2021-09-05 22:01:16,972 [http-nio-8081-exec-92] INFO  org.anatkor.controllers.command.PaymentsCommand- payments list requested for account10000000024
2021-09-05 22:01:39,196 [http-nio-8081-exec-96] INFO  org.anatkor.controllers.command.PaymentsCommand- payments list requested for account10000000024
2021-09-05 22:01:52,420 [http-nio-8081-exec-89] INFO  org.anatkor.controllers.command.PaymentsCommand- payments list requested for account10000000024
2021-09-05 22:02:01,600 [http-nio-8081-exec-93] INFO  org.anatkor.controllers.command.PaymentsCommand- payments list requested for user with id= 42
2021-09-05 22:02:11,694 [http-nio-8081-exec-91] INFO  org.anatkor.controllers.command.PaymentsCommand- payments list requested for user with id= 42
2021-09-05 22:02:24,425 [http-nio-8081-exec-92] INFO  org.anatkor.controllers.command.PaymentsCommand- payments list requested for user with id= 42
2021-09-05 22:02:27,447 [http-nio-8081-exec-94] INFO  org.anatkor.controllers.command.PaymentsCommand- payments list requested for user with id= 42
2021-09-05 22:02:32,703 [http-nio-8081-exec-95] INFO  org.anatkor.controllers.command.PaymentsCommand- payments list requested for user with id= 42
2021-09-05 22:03:05,182 [http-nio-8081-exec-98] DEBUG org.anatkor.dao.PaymentDao- Account 10000000024 is updated, wait for commit
2021-09-05 22:03:05,186 [http-nio-8081-exec-98] INFO  org.anatkor.dao.PaymentDao- Payment from 10000000024 to 11111111111, amount 400 is added to DB
2021-09-05 22:03:05,189 [http-nio-8081-exec-91] INFO  org.anatkor.controllers.command.PaymentsCommand- payments list requested for user with id= 42
2021-09-05 22:03:14,106 [http-nio-8081-exec-92] INFO  org.anatkor.controllers.command.PaymentsCommand- payments list requested for user with id= 42
2021-09-05 22:03:20,068 [http-nio-8081-exec-94] INFO  org.anatkor.controllers.command.PaymentsCommand- payments list requested for user with id= 42
2021-09-05 22:03:24,805 [http-nio-8081-exec-95] INFO  org.anatkor.controllers.command.PaymentsCommand- payments list requested for user with id= 42
2021-09-05 22:03:35,350 [http-nio-8081-exec-93] DEBUG org.anatkor.dao.PaymentDao- Account 10000000024 is updated, wait for commit
2021-09-05 22:03:35,353 [http-nio-8081-exec-93] INFO  org.anatkor.dao.PaymentDao- Payment from 10000000024 to 11111111111, amount 400 is added to DB
2021-09-05 22:03:35,356 [http-nio-8081-exec-98] INFO  org.anatkor.controllers.command.PaymentsCommand- payments list requested for user with id= 42
2021-09-05 22:03:44,891 [http-nio-8081-exec-95] DEBUG org.anatkor.dao.PaymentDao- Account 10000000024 is updated, wait for commit
2021-09-05 22:03:44,894 [http-nio-8081-exec-95] INFO  org.anatkor.dao.PaymentDao- Payment from 10000000024 to 13454354411, amount 4500 is added to DB
2021-09-05 22:03:44,897 [http-nio-8081-exec-96] INFO  org.anatkor.controllers.command.PaymentsCommand- payments list requested for user with id= 42
2021-09-05 22:03:58,401 [http-nio-8081-exec-98] DEBUG org.anatkor.dao.PaymentDao- Account 10000000024 is updated, wait for commit
2021-09-05 22:03:58,402 [http-nio-8081-exec-98] INFO  org.anatkor.dao.PaymentDao- Payment from 10000000024 to 45654654654, amount 400 is added to DB
2021-09-05 22:03:58,405 [http-nio-8081-exec-91] INFO  org.anatkor.controllers.command.PaymentsCommand- payments list requested for user with id= 42
2021-09-05 22:04:01,912 [http-nio-8081-exec-94] INFO  org.anatkor.controllers.command.AccountsCommand- account list requested for user with id= 42
2021-09-05 22:04:05,936 [http-nio-8081-exec-95] INFO  org.anatkor.controllers.command.PaymentsCommand- payments list requested for account10000000024
2021-09-05 22:04:07,785 [http-nio-8081-exec-96] INFO  org.anatkor.controllers.command.PaymentsCommand- payments list requested for account10000000024
2021-09-05 22:04:09,686 [http-nio-8081-exec-89] INFO  org.anatkor.controllers.command.PaymentsCommand- payments list requested for account10000000024
2021-09-05 22:04:13,326 [http-nio-8081-exec-97] INFO  org.anatkor.controllers.command.PaymentsCommand- payments list requested for account10000000024
2021-09-05 22:04:14,322 [http-nio-8081-exec-93] INFO  org.anatkor.controllers.command.PaymentsCommand- payments list requested for account10000000024
2021-09-05 22:04:24,042 [http-nio-8081-exec-91] INFO  org.anatkor.controllers.command.AccountsCommand- account list requested for user with id= 42
2021-09-05 22:04:29,428 [http-nio-8081-exec-94] INFO  org.anatkor.controllers.command.PaymentsCommand- payments list requested for user with id= 42
2021-09-05 22:04:30,548 [http-nio-8081-exec-95] INFO  org.anatkor.controllers.command.PaymentsCommand- payments list requested for user with id= 42
2021-09-05 22:04:31,115 [http-nio-8081-exec-96] INFO  org.anatkor.controllers.command.PaymentsCommand- payments list requested for user with id= 42
2021-09-05 22:04:36,740 [http-nio-8081-exec-93] INFO  org.anatkor.controllers.command.LogoutCommand- User 389999999999 is Logged out
2021-09-05 22:04:36,742 [http-nio-8081-exec-98] INFO  org.anatkor.controllers.command.LoginCommand- Not enough login data
2021-09-05 22:04:39,354 [http-nio-8081-exec-92] INFO  org.anatkor.controllers.command.LoginCommand- Admin '381111111111' is logged in
2021-09-05 22:04:41,008 [http-nio-8081-exec-95] INFO  org.anatkor.controllers.command.UsersCommand- users list requested
2021-09-05 22:04:42,337 [http-nio-8081-exec-96] INFO  org.anatkor.controllers.command.UserCommand- User 381111111111 profile called
2021-09-05 22:04:46,256 [http-nio-8081-exec-89] INFO  org.anatkor.controllers.command.PaymentsCommand- payments list requested for user with id= 40
2021-09-05 22:04:50,853 [http-nio-8081-exec-90] INFO  org.anatkor.controllers.command.AccountsCommand- account list requested for user with id= 40
2021-09-05 22:05:03,478 [http-nio-8081-exec-98] INFO  org.anatkor.controllers.command.UsersCommand- users list requested
2021-09-05 22:05:04,691 [http-nio-8081-exec-91] INFO  org.anatkor.controllers.command.UsersCommand- users list requested
2021-09-05 22:05:05,755 [http-nio-8081-exec-92] INFO  org.anatkor.controllers.command.UsersCommand- users list requested
2021-09-05 22:05:07,127 [http-nio-8081-exec-94] INFO  org.anatkor.controllers.command.UserCommand- User 381111111111 profile called
2021-09-05 22:05:08,959 [http-nio-8081-exec-95] INFO  org.anatkor.controllers.command.PaymentsCommand- payments list requested for user with id= 42
2021-09-05 22:05:10,473 [http-nio-8081-exec-96] INFO  org.anatkor.controllers.command.PaymentsCommand- payments list requested for user with id= 42
2021-09-05 22:05:11,389 [http-nio-8081-exec-89] INFO  org.anatkor.controllers.command.PaymentsCommand- payments list requested for user with id= 42
2021-09-05 22:05:12,384 [http-nio-8081-exec-90] INFO  org.anatkor.controllers.command.PaymentsCommand- payments list requested for user with id= 42
2021-09-05 22:05:14,520 [http-nio-8081-exec-97] INFO  org.anatkor.controllers.command.PaymentsCommand- payments list requested for user with id= 42
2021-09-05 22:05:19,116 [http-nio-8081-exec-98] INFO  org.anatkor.controllers.command.UsersCommand- users list requested
2021-09-05 22:05:21,801 [http-nio-8081-exec-91] INFO  org.anatkor.controllers.command.AccountsCommand- account list requested by ADMIN
2021-09-05 22:05:29,565 [http-nio-8081-exec-94] INFO  org.anatkor.controllers.command.PaymentsCommand- payments list requested for account10000000006
2021-09-05 22:05:35,507 [http-nio-8081-exec-95] INFO  org.anatkor.controllers.command.AccountsCommand- account list requested by ADMIN
2021-09-05 22:05:36,899 [http-nio-8081-exec-96] INFO  org.anatkor.controllers.command.AccountsCommand- account list requested for user with id= -1
2021-09-05 22:05:37,682 [http-nio-8081-exec-89] INFO  org.anatkor.controllers.command.AccountsCommand- account list requested for user with id= -1
2021-09-05 22:05:42,875 [http-nio-8081-exec-97] INFO  org.anatkor.controllers.command.AccountsCommand- account list requested for user with id= -1
2021-09-05 22:05:45,748 [http-nio-8081-exec-93] INFO  org.anatkor.controllers.command.PaymentsCommand- payments list requested for account10000000024
2021-09-05 22:05:47,612 [http-nio-8081-exec-98] INFO  org.anatkor.controllers.command.PaymentsCommand- payments list requested for account10000000024
2021-09-05 22:05:49,268 [http-nio-8081-exec-91] INFO  org.anatkor.controllers.command.PaymentsCommand- payments list requested for account10000000024
2021-09-05 22:05:56,868 [http-nio-8081-exec-92] INFO  org.anatkor.controllers.command.UsersCommand- users list requested
2021-09-05 22:05:59,697 [http-nio-8081-exec-94] INFO  org.anatkor.controllers.command.UsersCommand- users list requested
2021-09-05 22:06:00,600 [http-nio-8081-exec-95] INFO  org.anatkor.controllers.command.UsersCommand- users list requested
2021-09-05 22:06:03,046 [http-nio-8081-exec-96] INFO  org.anatkor.controllers.command.AccountsCommand- account list requested for user with id= 42
2021-09-05 22:06:07,070 [http-nio-8081-exec-90] INFO  org.anatkor.controllers.command.PaymentsCommand- payments list requested for account10000000026
2021-09-05 22:06:14,150 [http-nio-8081-exec-97] INFO  org.anatkor.controllers.command.PaymentsCommand- payments list requested for account10000000024
2021-09-05 22:06:15,234 [http-nio-8081-exec-93] INFO  org.anatkor.controllers.command.PaymentsCommand- payments list requested for account10000000024
2021-09-05 22:08:28,016 [http-nio-8081-exec-93] INFO  org.anatkor.controllers.command.LoginCommand- Client '382222222222' is logged in
2021-09-05 22:08:29,532 [http-nio-8081-exec-89] INFO  org.anatkor.controllers.command.AccountsCommand- account list requested for user with id= 9
2021-09-05 22:08:33,878 [http-nio-8081-exec-94] INFO  org.anatkor.controllers.command.PaymentsCommand- payments list requested for account10000000001
2021-09-05 22:08:39,382 [http-nio-8081-exec-95] INFO  org.anatkor.controllers.command.AccountsCommand- account list requested for user with id= 9
2021-09-05 22:08:43,478 [http-nio-8081-exec-100] INFO  org.anatkor.controllers.command.PaymentsCommand- payments list requested for user with id= 9
2021-09-05 22:08:49,454 [http-nio-8081-exec-102] INFO  org.anatkor.controllers.command.LogoutCommand- User 382222222222 is Logged out
2021-09-05 22:08:49,457 [http-nio-8081-exec-98] INFO  org.anatkor.controllers.command.LoginCommand- Not enough login data
2021-09-05 22:08:52,534 [http-nio-8081-exec-103] INFO  org.anatkor.controllers.command.LoginCommand- Client '389999999999' is logged in
2021-09-05 22:08:55,847 [http-nio-8081-exec-106] INFO  org.anatkor.controllers.command.PaymentsCommand- payments list requested for user with id= 42
2021-09-05 22:08:57,151 [http-nio-8081-exec-99] INFO  org.anatkor.controllers.command.PaymentsCommand- payments list requested for user with id= 42
2021-09-05 22:08:58,704 [http-nio-8081-exec-100] INFO  org.anatkor.controllers.command.PaymentsCommand- payments list requested for user with id= 42
2021-09-05 22:09:13,445 [http-nio-8081-exec-108] DEBUG org.anatkor.dao.PaymentDao- Account 10000000024 is updated, wait for commit
2021-09-05 22:09:13,447 [http-nio-8081-exec-108] INFO  org.anatkor.dao.PaymentDao- Payment from 10000000024 to 11131111111, amount 200 is added to DB
2021-09-05 22:09:13,451 [http-nio-8081-exec-103] INFO  org.anatkor.controllers.command.PaymentsCommand- payments list requested for user with id= 42
2021-09-05 22:09:15,127 [http-nio-8081-exec-104] INFO  org.anatkor.controllers.command.PaymentsCommand- payments list requested for user with id= 42
2021-09-05 22:09:16,913 [http-nio-8081-exec-106] INFO  org.anatkor.controllers.command.PaymentsCommand- payments list requested for user with id= 42
2021-09-05 22:09:19,231 [http-nio-8081-exec-99] INFO  org.anatkor.controllers.command.PaymentsCommand- payments list requested for user with id= 42
2021-09-05 22:09:22,451 [http-nio-8081-exec-100] INFO  org.anatkor.controllers.command.PaymentsCommand- payments list requested for user with id= 42
2021-09-05 22:09:27,955 [http-nio-8081-exec-101] INFO  org.anatkor.controllers.command.PaymentsCommand- payments list requested for user with id= 42
2021-09-05 22:09:29,555 [http-nio-8081-exec-107] INFO  org.anatkor.controllers.command.PaymentsCommand- payments list requested for user with id= 42
2021-09-05 22:09:30,711 [http-nio-8081-exec-102] INFO  org.anatkor.controllers.command.PaymentsCommand- payments list requested for user with id= 42
2021-09-05 22:09:32,023 [http-nio-8081-exec-108] INFO  org.anatkor.controllers.command.UserCommand- User 389999999999 profile called
2021-09-05 22:09:39,192 [http-nio-8081-exec-106] INFO  org.anatkor.controllers.command.AccountCommand- request for a new account by user id=42
2021-09-05 22:09:39,194 [http-nio-8081-exec-106] INFO  org.anatkor.dao.AccountDao- Account 10000000027 is added to DB
2021-09-05 22:09:39,195 [http-nio-8081-exec-106] INFO  org.anatkor.dao.AccountDao- Credit card is added to account id=49
2021-09-05 22:09:39,198 [http-nio-8081-exec-99] INFO  org.anatkor.controllers.command.AccountsCommand- account list requested for user with id= 42
2021-09-05 22:09:42,389 [http-nio-8081-exec-101] INFO  org.anatkor.controllers.command.LogoutCommand- User 389999999999 is Logged out
2021-09-05 22:09:42,392 [http-nio-8081-exec-107] INFO  org.anatkor.controllers.command.LoginCommand- Not enough login data
2021-09-05 22:09:44,608 [http-nio-8081-exec-102] INFO  org.anatkor.controllers.command.LoginCommand- Admin '381111111111' is logged in
2021-09-05 22:09:47,046 [http-nio-8081-exec-103] INFO  org.anatkor.dao.AccountDao- Status of account with id=49 is updated to true
2021-09-05 22:09:53,941 [http-nio-8081-exec-106] INFO  org.anatkor.controllers.command.UsersCommand- users list requested
2021-09-05 22:09:55,830 [http-nio-8081-exec-99] INFO  org.anatkor.controllers.command.UserCommand- User 381111111111 profile called
2021-09-05 22:09:57,009 [http-nio-8081-exec-100] INFO  org.anatkor.controllers.command.AccountsCommand- account list requested for user with id= 39
2021-09-05 22:10:01,015 [http-nio-8081-exec-107] INFO  org.anatkor.controllers.command.AccountsCommand- account list requested for user with id= 39
2021-09-05 22:10:04,471 [http-nio-8081-exec-102] INFO  org.anatkor.controllers.command.UsersCommand- users list requested
2021-09-05 22:10:05,775 [http-nio-8081-exec-108] INFO  org.anatkor.controllers.command.AccountsCommand- account list requested for user with id= 44
2021-09-05 22:10:08,266 [http-nio-8081-exec-103] INFO  org.anatkor.controllers.command.UserCommand- User 381111111111 profile called
2021-09-05 22:10:09,530 [http-nio-8081-exec-104] INFO  org.anatkor.controllers.command.PaymentsCommand- payments list requested for user with id= 44
2021-09-05 22:10:15,509 [http-nio-8081-exec-105] INFO  org.anatkor.controllers.command.PaymentsCommand- payments list requested for user with id= 44
2021-09-05 22:10:18,032 [http-nio-8081-exec-106] INFO  org.anatkor.controllers.command.PaymentsCommand- payments list requested for user with id= 44
2021-09-05 22:10:19,892 [http-nio-8081-exec-99] INFO  org.anatkor.controllers.command.PaymentsCommand- payments list requested for user with id= 44
2021-09-05 22:10:22,848 [http-nio-8081-exec-101] INFO  org.anatkor.controllers.command.AccountsCommand- account list requested by ADMIN
2021-09-05 22:10:23,665 [http-nio-8081-exec-107] INFO  org.anatkor.controllers.command.PaymentsCommand- payments list requested by ADMIN
2021-09-05 22:10:28,666 [http-nio-8081-exec-102] INFO  org.anatkor.controllers.command.PaymentsCommand- payments list requested for user with id= -1
2021-09-05 22:10:30,778 [http-nio-8081-exec-108] INFO  org.anatkor.controllers.command.UsersCommand- users list requested
2021-09-05 22:10:31,290 [http-nio-8081-exec-103] INFO  org.anatkor.controllers.command.PaymentsCommand- payments list requested by ADMIN
2021-09-05 22:10:33,122 [http-nio-8081-exec-104] INFO  org.anatkor.controllers.command.PaymentsCommand- payments list requested for user with id= -1
2021-09-05 22:10:34,262 [http-nio-8081-exec-105] INFO  org.anatkor.controllers.command.PaymentsCommand- payments list requested for user with id= -1
2021-09-05 22:10:35,250 [http-nio-8081-exec-106] INFO  org.anatkor.controllers.command.PaymentsCommand- payments list requested for user with id= -1
2021-09-05 22:10:36,331 [http-nio-8081-exec-99] INFO  org.anatkor.controllers.command.PaymentsCommand- payments list requested for user with id= -1
2021-09-05 22:10:37,487 [http-nio-8081-exec-100] INFO  org.anatkor.controllers.command.PaymentsCommand- payments list requested for user with id= -1
2021-09-05 22:10:38,933 [http-nio-8081-exec-101] INFO  org.anatkor.controllers.command.PaymentsCommand- payments list requested for user with id= -1
2021-09-05 22:10:39,834 [http-nio-8081-exec-107] INFO  org.anatkor.controllers.command.PaymentsCommand- payments list requested for user with id= -1
2021-09-05 22:10:40,699 [http-nio-8081-exec-102] INFO  org.anatkor.controllers.command.PaymentsCommand- payments list requested for user with id= -1
2021-09-05 22:10:42,571 [http-nio-8081-exec-108] INFO  org.anatkor.controllers.command.PaymentsCommand- payments list requested for user with id= -1
2021-09-05 22:10:45,147 [http-nio-8081-exec-104] INFO  org.anatkor.controllers.command.PaymentsCommand- payments list requested for user with id= -1
2021-09-05 22:10:45,959 [http-nio-8081-exec-105] INFO  org.anatkor.controllers.command.PaymentsCommand- payments list requested for user with id= -1
2021-09-05 22:10:46,887 [http-nio-8081-exec-106] INFO  org.anatkor.controllers.command.PaymentsCommand- payments list requested for user with id= -1
2021-09-05 22:11:33,100 [http-nio-8081-exec-101] INFO  org.anatkor.controllers.command.PaymentsCommand- payments list requested for user with id= -1
2021-09-05 22:11:34,336 [http-nio-8081-exec-107] INFO  org.anatkor.controllers.command.PaymentsCommand- payments list requested for user with id= -1
2021-09-05 22:11:35,264 [http-nio-8081-exec-102] INFO  org.anatkor.controllers.command.PaymentsCommand- payments list requested for user with id= -1
2021-09-05 22:11:38,642 [http-nio-8081-exec-108] INFO  org.anatkor.controllers.command.PaymentsCommand- payments list requested for user with id= -1
2021-09-05 22:11:39,605 [http-nio-8081-exec-103] INFO  org.anatkor.controllers.command.PaymentsCommand- payments list requested for user with id= -1
2021-09-05 22:11:40,353 [http-nio-8081-exec-104] INFO  org.anatkor.controllers.command.PaymentsCommand- payments list requested for user with id= -1
2021-09-05 22:11:42,249 [http-nio-8081-exec-105] INFO  org.anatkor.controllers.command.PaymentsCommand- payments list requested for user with id= -1
2021-09-05 22:11:43,181 [http-nio-8081-exec-106] INFO  org.anatkor.controllers.command.PaymentsCommand- payments list requested for user with id= -1
2021-09-05 22:11:44,326 [http-nio-8081-exec-99] INFO  org.anatkor.controllers.command.PaymentsCommand- payments list requested for user with id= -1
2021-09-05 22:11:45,982 [http-nio-8081-exec-100] INFO  org.anatkor.controllers.command.PaymentsCommand- payments list requested for user with id= -1
2021-09-05 22:11:46,994 [http-nio-8081-exec-101] INFO  org.anatkor.controllers.command.PaymentsCommand- payments list requested for user with id= -1
2021-09-05 22:11:47,818 [http-nio-8081-exec-107] INFO  org.anatkor.controllers.command.PaymentsCommand- payments list requested for user with id= -1
2021-09-05 22:11:50,466 [http-nio-8081-exec-102] INFO  org.anatkor.controllers.command.PaymentsCommand- payments list requested by ADMIN
2021-09-05 22:11:51,514 [http-nio-8081-exec-108] INFO  org.anatkor.controllers.command.UsersCommand- users list requested
2021-09-05 22:11:52,830 [http-nio-8081-exec-103] INFO  org.anatkor.controllers.command.PaymentsCommand- payments list requested by ADMIN
2021-09-05 22:11:54,438 [http-nio-8081-exec-105] INFO  org.anatkor.controllers.command.PaymentsCommand- payments list requested for user with id= -1
2021-09-05 22:11:55,139 [http-nio-8081-exec-106] INFO  org.anatkor.controllers.command.PaymentsCommand- payments list requested for user with id= -1
2021-09-05 22:11:56,142 [http-nio-8081-exec-99] INFO  org.anatkor.controllers.command.PaymentsCommand- payments list requested for user with id= -1
2021-09-05 22:12:07,748 [http-nio-8081-exec-100] INFO  org.anatkor.controllers.command.PaymentsCommand- payments list requested for user with id= -1
2021-09-05 22:12:22,954 [http-nio-8081-exec-107] INFO  org.anatkor.controllers.command.PaymentsCommand- payments list requested for user with id= -1
2021-09-05 22:12:32,090 [http-nio-8081-exec-102] INFO  org.anatkor.controllers.command.PaymentsCommand- payments list requested for user with id= -1
2021-09-05 22:12:35,343 [http-nio-8081-exec-108] INFO  org.anatkor.controllers.command.PaymentsCommand- payments list requested for user with id= -1
2021-09-05 22:12:37,422 [http-nio-8081-exec-103] INFO  org.anatkor.controllers.command.PaymentsCommand- payments list requested for user with id= -1
2021-09-05 22:12:48,348 [http-nio-8081-exec-105] INFO  org.anatkor.controllers.command.PaymentsCommand- payments list requested for user with id= -1
2021-09-05 22:12:49,493 [http-nio-8081-exec-106] INFO  org.anatkor.controllers.command.LogoutCommand- User 381111111111 is Logged out
2021-09-05 22:12:49,496 [http-nio-8081-exec-99] INFO  org.anatkor.controllers.command.LoginCommand- Not enough login data
2021-09-05 22:12:52,251 [http-nio-8081-exec-100] INFO  org.anatkor.controllers.command.LoginCommand- Admin '381111111111' is logged in
2021-09-05 22:12:54,392 [http-nio-8081-exec-107] INFO  org.anatkor.controllers.command.PaymentsCommand- payments list requested by ADMIN
2021-09-05 22:12:55,660 [http-nio-8081-exec-102] INFO  org.anatkor.controllers.command.PaymentsCommand- payments list requested for user with id= -1
2021-09-05 22:12:56,225 [http-nio-8081-exec-108] INFO  org.anatkor.controllers.command.PaymentsCommand- payments list requested for user with id= -1
2021-09-05 22:12:56,698 [http-nio-8081-exec-103] INFO  org.anatkor.controllers.command.PaymentsCommand- payments list requested for user with id= -1
2021-09-05 22:14:06,077 [http-nio-8081-exec-99] WARN  org.anatkor.controllers.command.filter.AdminFilter- Attempt of unauthorized access to the Admin by null
2021-09-05 22:14:06,087 [http-nio-8081-exec-99] INFO  org.anatkor.controllers.command.LoginCommand- Not enough login data
2021-09-05 22:14:09,142 [http-nio-8081-exec-108] INFO  org.anatkor.controllers.command.LoginCommand- Admin '381111111111' is logged in
2021-09-05 22:14:10,192 [http-nio-8081-exec-106] INFO  org.anatkor.controllers.command.PaymentsCommand- payments list requested by ADMIN
2021-09-05 22:14:14,297 [http-nio-8081-exec-100] INFO  org.anatkor.controllers.command.PaymentsCommand- payments list requested for user with id= -1
2021-09-05 22:14:14,990 [http-nio-8081-exec-107] INFO  org.anatkor.controllers.command.PaymentsCommand- payments list requested for user with id= -1
2021-09-05 22:14:15,657 [http-nio-8081-exec-103] INFO  org.anatkor.controllers.command.PaymentsCommand- payments list requested for user with id= -1
2021-09-05 22:14:17,565 [http-nio-8081-exec-109] INFO  org.anatkor.controllers.command.PaymentsCommand- payments list requested for user with id= -1
2021-09-05 22:14:18,658 [http-nio-8081-exec-110] INFO  org.anatkor.controllers.command.PaymentsCommand- payments list requested for user with id= -1
2021-09-05 22:14:19,310 [http-nio-8081-exec-102] INFO  org.anatkor.controllers.command.PaymentsCommand- payments list requested for user with id= -1
2021-09-05 22:15:42,182 [http-nio-8081-exec-113] INFO  org.anatkor.controllers.command.PaymentsCommand- payments list requested for user with id= -1
2021-09-05 22:15:42,871 [http-nio-8081-exec-114] INFO  org.anatkor.controllers.command.PaymentsCommand- payments list requested for user with id= -1
2021-09-05 22:15:43,442 [http-nio-8081-exec-109] INFO  org.anatkor.controllers.command.PaymentsCommand- payments list requested for user with id= -1
2021-09-05 22:15:44,322 [http-nio-8081-exec-110] INFO  org.anatkor.controllers.command.PaymentsCommand- payments list requested for user with id= -1
2021-09-05 22:15:45,147 [http-nio-8081-exec-115] INFO  org.anatkor.controllers.command.PaymentsCommand- payments list requested for user with id= -1
2021-09-05 22:15:47,091 [http-nio-8081-exec-111] INFO  org.anatkor.controllers.command.LogoutCommand- User 381111111111 is Logged out
2021-09-05 22:15:47,094 [http-nio-8081-exec-112] INFO  org.anatkor.controllers.command.LoginCommand- Not enough login data
2021-09-05 22:15:51,350 [http-nio-8081-exec-116] INFO  org.anatkor.controllers.command.LoginCommand- Client '389999999999' is logged in
2021-09-05 22:15:53,595 [http-nio-8081-exec-117] INFO  org.anatkor.controllers.command.PaymentsCommand- payments list requested for user with id= 42
2021-09-05 22:15:55,078 [http-nio-8081-exec-113] INFO  org.anatkor.controllers.command.PaymentsCommand- payments list requested for user with id= 42
2021-09-05 22:15:58,012 [http-nio-8081-exec-114] INFO  org.anatkor.controllers.command.PaymentsCommand- payments list requested for user with id= 42
2021-09-05 22:16:04,674 [http-nio-8081-exec-110] INFO  org.anatkor.controllers.command.PaymentsCommand- payments list requested for user with id= 42
2021-09-05 22:17:17,189 [http-nio-8081-exec-112] INFO  org.anatkor.controllers.command.PaymentsCommand- payments list requested for user with id= 42
2021-09-05 22:17:20,097 [http-nio-8081-exec-116] INFO  org.anatkor.controllers.command.PaymentsCommand- payments list requested for user with id= 42
2021-09-05 22:17:22,129 [http-nio-8081-exec-118] INFO  org.anatkor.controllers.command.PaymentsCommand- payments list requested for user with id= 42
2021-09-05 22:18:07,797 [http-nio-8081-exec-109] INFO  org.anatkor.controllers.command.AccountsCommand- account list requested for user with id= 42
2021-09-05 22:18:14,499 [http-nio-8081-exec-110] INFO  org.anatkor.controllers.command.LogoutCommand- User 389999999999 is Logged out
2021-09-05 22:18:14,503 [http-nio-8081-exec-111] INFO  org.anatkor.controllers.command.LoginCommand- Not enough login data
2021-09-05 22:18:16,650 [http-nio-8081-exec-115] INFO  org.anatkor.controllers.command.LoginCommand- Admin '381111111111' is logged in
2021-09-05 22:18:18,002 [http-nio-8081-exec-116] INFO  org.anatkor.controllers.command.AccountsCommand- account list requested by ADMIN
2021-09-05 22:18:19,747 [http-nio-8081-exec-118] INFO  org.anatkor.controllers.command.AccountsCommand- account list requested for user with id= -1
2021-09-05 22:18:20,491 [http-nio-8081-exec-117] INFO  org.anatkor.controllers.command.AccountsCommand- account list requested for user with id= -1
2021-09-05 22:18:29,425 [http-nio-8081-exec-114] INFO  org.anatkor.controllers.command.AccountsCommand- account list requested for user with id= -1
2021-09-05 22:18:32,832 [http-nio-8081-exec-109] INFO  org.anatkor.controllers.command.AccountsCommand- account list requested for user with id= -1
2021-09-05 22:18:34,425 [http-nio-8081-exec-110] INFO  org.anatkor.controllers.command.AccountsCommand- account list requested for user with id= -1
2021-09-05 22:18:36,041 [http-nio-8081-exec-111] INFO  org.anatkor.controllers.command.AccountsCommand- account list requested for user with id= -1
2021-09-05 22:18:37,200 [http-nio-8081-exec-115] INFO  org.anatkor.controllers.command.AccountsCommand- account list requested for user with id= -1
2021-09-05 22:18:38,341 [http-nio-8081-exec-112] INFO  org.anatkor.controllers.command.AccountsCommand- account list requested for user with id= -1
2021-09-05 22:18:40,028 [http-nio-8081-exec-116] INFO  org.anatkor.controllers.command.UsersCommand- users list requested
2021-09-05 22:18:41,661 [http-nio-8081-exec-118] INFO  org.anatkor.controllers.command.UsersCommand- users list requested
2021-09-05 22:18:43,278 [http-nio-8081-exec-117] INFO  org.anatkor.controllers.command.UsersCommand- users list requested
2021-09-05 22:18:47,418 [http-nio-8081-exec-114] INFO  org.anatkor.controllers.command.AccountsCommand- account list requested by ADMIN
2021-09-05 22:18:48,231 [http-nio-8081-exec-109] INFO  org.anatkor.controllers.command.PaymentsCommand- payments list requested by ADMIN
2021-09-05 22:18:49,382 [http-nio-8081-exec-110] INFO  org.anatkor.controllers.command.PaymentsCommand- payments list requested for user with id= -1
2021-09-05 22:18:50,326 [http-nio-8081-exec-111] INFO  org.anatkor.controllers.command.PaymentsCommand- payments list requested for user with id= -1
2021-09-05 22:18:51,470 [http-nio-8081-exec-112] INFO  org.anatkor.controllers.command.PaymentsCommand- payments list requested for user with id= -1
2021-09-05 22:18:53,631 [http-nio-8081-exec-116] INFO  org.anatkor.controllers.command.PaymentsCommand- payments list requested for user with id= -1
2021-09-05 22:18:54,999 [http-nio-8081-exec-118] INFO  org.anatkor.controllers.command.PaymentsCommand- payments list requested for user with id= -1
2021-09-05 22:18:55,906 [http-nio-8081-exec-117] INFO  org.anatkor.controllers.command.PaymentsCommand- payments list requested for user with id= -1
2021-09-05 22:19:48,372 [http-nio-8081-exec-109] INFO  org.anatkor.controllers.command.PaymentsCommand- payments list requested by ADMIN
2021-09-05 22:19:52,470 [http-nio-8081-exec-110] INFO  org.anatkor.controllers.command.PaymentsCommand- payments list requested for user with id= -1
