2021-08-29 19:52:31,965 [http-nio-8081-exec-4] INFO  org.anatkor.controllers.command.LoginCommand- Client '382222222222' is logged in
2021-08-29 19:53:26,579 [http-nio-8081-exec-8] INFO  org.anatkor.controllers.command.AccountCommand- request for a new account by user id=9
2021-08-29 19:53:26,621 [http-nio-8081-exec-8] INFO  org.anatkor.dao.AccountDao- Account 10000000009 is added to DB
2021-08-29 19:53:26,623 [http-nio-8081-exec-8] INFO  org.anatkor.dao.AccountDao- Credit card is added to account id=31
2021-08-29 19:53:26,627 [http-nio-8081-exec-9] INFO  org.anatkor.controllers.command.AccountsCommand- account list requested for user with id= 9
2021-08-29 20:05:01,858 [http-nio-8081-exec-4] INFO  org.anatkor.controllers.command.AccountsCommand- account list requested for user with id= 9
2021-08-29 20:05:11,557 [http-nio-8081-exec-3] INFO  org.anatkor.controllers.command.AccountsCommand- account list requested for user with id= 9
2021-08-29 20:05:38,907 [http-nio-8081-exec-7] INFO  org.anatkor.controllers.command.AccountsCommand- account list requested for user with id= 9
2021-08-29 20:06:01,560 [http-nio-8081-exec-1] INFO  org.anatkor.controllers.command.AccountsCommand- account list requested for user with id= 9
2021-08-29 20:06:57,517 [http-nio-8081-exec-4] INFO  org.anatkor.controllers.command.AccountsCommand- account list requested for user with id= 9
2021-08-29 20:06:58,558 [http-nio-8081-exec-3] INFO  org.anatkor.controllers.command.AccountsCommand- account list requested for user with id= 9
2021-08-29 20:06:59,185 [http-nio-8081-exec-5] INFO  org.anatkor.controllers.command.AccountsCommand- account list requested for user with id= 9
2021-08-29 20:06:59,404 [http-nio-8081-exec-6] INFO  org.anatkor.controllers.command.AccountsCommand- account list requested for user with id= 9
2021-08-29 20:06:59,609 [http-nio-8081-exec-7] INFO  org.anatkor.controllers.command.AccountsCommand- account list requested for user with id= 9
2021-08-29 20:06:59,840 [http-nio-8081-exec-9] INFO  org.anatkor.controllers.command.AccountsCommand- account list requested for user with id= 9
2021-08-29 20:07:45,530 [http-nio-8081-exec-2] INFO  org.anatkor.controllers.command.AccountsCommand- account list requested for user with id= 9
2021-08-29 20:07:46,501 [http-nio-8081-exec-10] INFO  org.anatkor.controllers.command.AccountsCommand- account list requested for user with id= 9
2021-08-29 20:07:46,706 [http-nio-8081-exec-4] INFO  org.anatkor.controllers.command.AccountsCommand- account list requested for user with id= 9
2021-08-29 20:07:47,029 [http-nio-8081-exec-3] INFO  org.anatkor.controllers.command.AccountsCommand- account list requested for user with id= 9
2021-08-29 20:07:56,419 [http-nio-8081-exec-5] INFO  org.anatkor.controllers.command.AccountsCommand- account list requested for user with id= 9
2021-08-29 20:07:57,000 [http-nio-8081-exec-6] INFO  org.anatkor.controllers.command.AccountsCommand- account list requested for user with id= 9
2021-08-29 20:07:57,479 [http-nio-8081-exec-7] INFO  org.anatkor.controllers.command.AccountsCommand- account list requested for user with id= 9
2021-08-29 20:07:57,711 [http-nio-8081-exec-9] INFO  org.anatkor.controllers.command.AccountsCommand- account list requested for user with id= 9
2021-08-29 20:08:23,266 [http-nio-8081-exec-2] INFO  org.anatkor.controllers.command.AccountsCommand- account list requested for user with id= 9
2021-08-29 20:08:23,990 [http-nio-8081-exec-10] INFO  org.anatkor.controllers.command.AccountsCommand- account list requested for user with id= 9
2021-08-29 20:08:24,249 [http-nio-8081-exec-4] INFO  org.anatkor.controllers.command.AccountsCommand- account list requested for user with id= 9
2021-08-29 20:09:11,592 [http-nio-8081-exec-6] INFO  org.anatkor.controllers.command.AccountsCommand- account list requested for user with id= 9
2021-08-29 20:09:12,504 [http-nio-8081-exec-7] INFO  org.anatkor.controllers.command.AccountsCommand- account list requested for user with id= 9
2021-08-29 20:09:12,722 [http-nio-8081-exec-9] INFO  org.anatkor.controllers.command.AccountsCommand- account list requested for user with id= 9
2021-08-29 20:09:12,931 [http-nio-8081-exec-8] INFO  org.anatkor.controllers.command.AccountsCommand- account list requested for user with id= 9
2021-08-29 20:09:13,700 [http-nio-8081-exec-1] INFO  org.anatkor.controllers.command.AccountsCommand- account list requested for user with id= 9
2021-08-29 20:09:16,037 [http-nio-8081-exec-10] INFO  org.anatkor.controllers.command.AccountsCommand- account list requested for user with id= 9
2021-08-29 20:09:30,219 [http-nio-8081-exec-4] INFO  org.anatkor.controllers.command.AccountsCommand- account list requested for user with id= 9
2021-08-29 20:09:32,536 [http-nio-8081-exec-5] INFO  org.anatkor.controllers.command.AccountsCommand- account list requested for user with id= 9
2021-08-29 20:09:34,667 [http-nio-8081-exec-6] INFO  org.anatkor.controllers.command.AccountsCommand- account list requested for user with id= 9
2021-08-29 20:09:53,923 [http-nio-8081-exec-9] INFO  org.anatkor.controllers.command.AccountsCommand- account list requested for user with id= 9
2021-08-29 20:09:55,827 [http-nio-8081-exec-8] INFO  org.anatkor.controllers.command.AccountsCommand- account list requested for user with id= 9
2021-08-29 20:09:58,790 [http-nio-8081-exec-1] INFO  org.anatkor.controllers.command.AccountsCommand- account list requested for user with id= 9
2021-08-29 20:10:08,114 [http-nio-8081-exec-2] INFO  org.anatkor.controllers.command.LogoutCommand- User 382222222222 is Logged out
2021-08-29 20:10:08,120 [http-nio-8081-exec-10] INFO  org.anatkor.controllers.command.LoginCommand- Not enough login data
2021-08-29 20:10:10,517 [http-nio-8081-exec-4] INFO  org.anatkor.controllers.command.LoginCommand- Admin '381111111111' is logged in
2021-08-29 20:10:12,340 [http-nio-8081-exec-5] INFO  org.anatkor.dao.AccountDao- Status of account with id=31 is updated to true
2021-08-29 20:10:13,162 [http-nio-8081-exec-7] INFO  org.anatkor.controllers.command.AccountsCommand- account list requested by ADMIN
2021-08-29 20:10:20,547 [http-nio-8081-exec-1] INFO  org.anatkor.controllers.command.UserCommand- User 381111111111 profile called
2021-08-29 20:10:22,680 [http-nio-8081-exec-2] INFO  org.anatkor.controllers.command.AccountsCommand- account list requested for user with id= 9
2021-08-29 20:10:47,717 [http-nio-8081-exec-3] INFO  org.anatkor.controllers.command.AccountsCommand- account list requested for user with id= 9
2021-08-29 20:10:50,508 [http-nio-8081-exec-5] INFO  org.anatkor.controllers.command.AccountsCommand- account list requested for user with id= 9
2021-08-29 20:11:12,257 [http-nio-8081-exec-9] INFO  org.anatkor.controllers.command.AccountsCommand- account list requested for user with id= 9
2021-08-29 20:11:24,900 [http-nio-8081-exec-8] INFO  org.anatkor.controllers.command.AccountsCommand- account list requested by ADMIN
2021-08-29 20:11:49,995 [http-nio-8081-exec-10] INFO  org.anatkor.controllers.command.AccountsCommand- account list requested for user with id= -1
2021-08-29 20:12:09,482 [http-nio-8081-exec-6] INFO  org.anatkor.controllers.command.UsersCommand- users list requested
2021-08-29 20:12:14,084 [http-nio-8081-exec-9] INFO  org.anatkor.controllers.command.AccountsCommand- account list requested by ADMIN
2021-08-29 20:12:18,400 [http-nio-8081-exec-2] INFO  org.anatkor.controllers.command.LogoutCommand- User 381111111111 is Logged out
2021-08-29 20:12:18,403 [http-nio-8081-exec-10] INFO  org.anatkor.controllers.command.LoginCommand- Not enough login data
2021-08-29 20:12:28,176 [http-nio-8081-exec-4] INFO  org.anatkor.dao.UserDao- User with phone number "+389999999999" is not found
2021-08-29 20:13:04,508 [http-nio-8081-exec-7] DEBUG org.anatkor.dao.UserDao- SQLException during Add user with phone 386666666666 processing class org.anatkor.dao.Utils. ERROR: duplicate key value violates unique constraint "usr_email_key"
  Detail: Key (email)=(email3@c.com) already exists.
2021-08-29 20:13:14,851 [http-nio-8081-exec-9] INFO  org.anatkor.dao.UserDao- User with phone =386666666666 is added
2021-08-29 20:13:14,853 [http-nio-8081-exec-9] INFO  org.anatkor.dao.UserDao- User with id 39 with role  is added
2021-08-29 20:13:15,003 [http-nio-8081-exec-9] INFO  org.anatkor.controllers.command.LoginCommand- Client '386666666666' is logged in
2021-08-29 20:13:19,614 [http-nio-8081-exec-1] INFO  org.anatkor.controllers.command.AccountsCommand- account list requested for user with id= 39
2021-08-29 20:13:24,347 [http-nio-8081-exec-10] INFO  org.anatkor.controllers.command.AccountsCommand- account list requested for user with id= 39
2021-08-29 20:13:33,153 [http-nio-8081-exec-5] INFO  org.anatkor.controllers.command.AccountCommand- request for a new account by user id=39
2021-08-29 20:13:33,315 [http-nio-8081-exec-5] INFO  org.anatkor.dao.AccountDao- Account 10000000010 is added to DB
2021-08-29 20:13:33,318 [http-nio-8081-exec-5] INFO  org.anatkor.dao.AccountDao- Credit card is added to account id=32
2021-08-29 20:13:33,323 [http-nio-8081-exec-6] INFO  org.anatkor.controllers.command.AccountsCommand- account list requested for user with id= 39
2021-08-29 20:13:45,745 [http-nio-8081-exec-9] INFO  org.anatkor.controllers.command.AccountCommand- request for a new account by user id=39
2021-08-29 20:13:45,786 [http-nio-8081-exec-9] INFO  org.anatkor.dao.AccountDao- Account 10000000011 is added to DB
2021-08-29 20:13:45,788 [http-nio-8081-exec-9] INFO  org.anatkor.dao.AccountDao- Credit card is added to account id=33
2021-08-29 20:13:45,791 [http-nio-8081-exec-8] INFO  org.anatkor.controllers.command.AccountsCommand- account list requested for user with id= 39
2021-08-29 20:13:51,201 [http-nio-8081-exec-10] INFO  org.anatkor.controllers.command.AccountsCommand- account list requested for user with id= 39
2021-08-29 20:13:58,514 [http-nio-8081-exec-3] INFO  org.anatkor.controllers.command.LogoutCommand- User 386666666666 is Logged out
2021-08-29 20:13:58,517 [http-nio-8081-exec-5] INFO  org.anatkor.controllers.command.LoginCommand- Not enough login data
2021-08-29 20:14:30,576 [http-nio-8081-exec-9] INFO  org.anatkor.controllers.command.LoginCommand- Admin '381111111111' is logged in
2021-08-29 20:14:32,045 [http-nio-8081-exec-1] INFO  org.anatkor.dao.AccountDao- Status of account with id=32 is updated to true
2021-08-29 20:14:33,056 [http-nio-8081-exec-10] INFO  org.anatkor.dao.AccountDao- Status of account with id=33 is updated to true
2021-08-29 20:14:34,517 [http-nio-8081-exec-3] INFO  org.anatkor.controllers.command.AccountsCommand- account list requested by ADMIN
2021-08-29 20:14:36,343 [http-nio-8081-exec-5] INFO  org.anatkor.controllers.command.AccountsCommand- account list requested by ADMIN
2021-08-29 20:14:40,191 [http-nio-8081-exec-6] INFO  org.anatkor.controllers.command.LogoutCommand- User 381111111111 is Logged out
2021-08-29 20:14:40,194 [http-nio-8081-exec-7] INFO  org.anatkor.controllers.command.LoginCommand- Not enough login data
2021-08-29 20:14:44,819 [http-nio-8081-exec-9] INFO  org.anatkor.controllers.command.LoginCommand- Client '386666666666' is logged in
2021-08-29 20:14:46,427 [http-nio-8081-exec-1] INFO  org.anatkor.controllers.command.AccountsCommand- account list requested for user with id= 39
2021-08-29 20:14:53,194 [http-nio-8081-exec-4] INFO  org.anatkor.controllers.command.AccountCommand- request to refill account id=32 with amount=30000{}
2021-08-29 20:14:53,239 [http-nio-8081-exec-4] INFO  org.anatkor.dao.AccountDao- Account (id=32) is replenished with 30000
2021-08-29 20:15:02,105 [http-nio-8081-exec-7] INFO  org.anatkor.controllers.command.AccountsCommand- account list requested for user with id= 39
2021-08-29 20:15:08,546 [http-nio-8081-exec-8] INFO  org.anatkor.controllers.command.AccountCommand- request to refill account id=33 with amount=12030{}
2021-08-29 20:15:08,587 [http-nio-8081-exec-8] INFO  org.anatkor.dao.AccountDao- Account (id=33) is replenished with 12030
2021-08-29 20:15:13,890 [http-nio-8081-exec-4] INFO  org.anatkor.controllers.command.AccountsCommand- account list requested for user with id= 39
2021-08-29 20:15:25,695 [http-nio-8081-exec-8] INFO  org.anatkor.controllers.command.UserCommand- User 386666666666 profile called
2021-08-29 20:15:39,730 [http-nio-8081-exec-3] INFO  org.anatkor.controllers.command.AccountsCommand- account list requested for user with id= 39
2021-08-29 20:15:45,534 [http-nio-8081-exec-7] INFO  org.anatkor.controllers.command.AccountsCommand- account list requested for user with id= 39
2021-08-29 20:15:50,981 [http-nio-8081-exec-1] INFO  org.anatkor.controllers.command.AccountsCommand- account list requested for user with id= 39
2021-08-29 20:15:53,959 [http-nio-8081-exec-2] INFO  org.anatkor.controllers.command.AccountsCommand- account list requested for user with id= 39
