2021-09-02 20:33:36,040 [http-nio-8081-exec-10] DEBUG org.anatkor.controllers.command.ServletMain- forward to=/jsp/login.jsp
2021-09-02 20:33:37,675 [http-nio-8081-exec-4] DEBUG org.anatkor.controllers.command.ServletMain- redirect to=/
2021-09-02 20:33:37,794 [http-nio-8081-exec-7] DEBUG org.anatkor.controllers.command.ServletMain- forward to=/jsp/login.jsp
2021-09-02 20:33:38,186 [http-nio-8081-exec-6] DEBUG org.anatkor.controllers.command.ServletMain- redirect to=/
2021-09-02 20:33:38,304 [http-nio-8081-exec-1] DEBUG org.anatkor.controllers.command.ServletMain- forward to=/jsp/login.jsp
2021-09-02 20:33:38,618 [http-nio-8081-exec-2] DEBUG org.anatkor.controllers.command.ServletMain- redirect to=/
2021-09-02 20:33:38,735 [http-nio-8081-exec-9] DEBUG org.anatkor.controllers.command.ServletMain- forward to=/jsp/login.jsp
2021-09-02 20:33:38,986 [http-nio-8081-exec-10] DEBUG org.anatkor.controllers.command.ServletMain- redirect to=/
2021-09-02 20:33:39,100 [http-nio-8081-exec-8] DEBUG org.anatkor.controllers.command.ServletMain- forward to=/jsp/login.jsp
2021-09-02 20:33:39,330 [http-nio-8081-exec-7] DEBUG org.anatkor.controllers.command.ServletMain- redirect to=/
2021-09-02 20:33:39,444 [http-nio-8081-exec-5] DEBUG org.anatkor.controllers.command.ServletMain- forward to=/jsp/login.jsp
2021-09-02 20:34:10,218 [http-nio-8081-exec-9] DEBUG org.anatkor.controllers.command.ServletMain- forward to=/jsp/login.jsp
2021-09-02 20:34:11,459 [http-nio-8081-exec-10] DEBUG org.anatkor.controllers.command.ServletMain- redirect to=/
2021-09-02 20:34:11,570 [http-nio-8081-exec-8] DEBUG org.anatkor.controllers.command.ServletMain- forward to=/jsp/login.jsp
2021-09-02 20:34:11,973 [http-nio-8081-exec-7] DEBUG org.anatkor.controllers.command.ServletMain- redirect to=/
2021-09-02 20:34:12,087 [http-nio-8081-exec-5] DEBUG org.anatkor.controllers.command.ServletMain- forward to=/jsp/login.jsp
2021-09-02 20:34:12,413 [http-nio-8081-exec-1] DEBUG org.anatkor.controllers.command.ServletMain- redirect to=/
2021-09-02 20:34:12,523 [http-nio-8081-exec-3] DEBUG org.anatkor.controllers.command.ServletMain- forward to=/jsp/login.jsp
2021-09-02 20:34:12,953 [http-nio-8081-exec-9] DEBUG org.anatkor.controllers.command.ServletMain- redirect to=/
2021-09-02 20:34:13,067 [http-nio-8081-exec-4] DEBUG org.anatkor.controllers.command.ServletMain- forward to=/jsp/login.jsp
2021-09-02 20:34:13,658 [http-nio-8081-exec-8] DEBUG org.anatkor.controllers.command.ServletMain- redirect to=/
2021-09-02 20:34:13,771 [http-nio-8081-exec-6] DEBUG org.anatkor.controllers.command.ServletMain- forward to=/jsp/login.jsp
2021-09-02 20:34:14,285 [http-nio-8081-exec-5] DEBUG org.anatkor.controllers.command.ServletMain- redirect to=/
2021-09-02 20:34:14,396 [http-nio-8081-exec-2] DEBUG org.anatkor.controllers.command.ServletMain- forward to=/jsp/login.jsp
2021-09-02 20:34:15,010 [http-nio-8081-exec-3] DEBUG org.anatkor.controllers.command.ServletMain- redirect to=/
2021-09-02 20:34:15,119 [http-nio-8081-exec-10] DEBUG org.anatkor.controllers.command.ServletMain- forward to=/jsp/login.jsp
2021-09-02 20:34:15,713 [http-nio-8081-exec-4] DEBUG org.anatkor.controllers.command.ServletMain- redirect to=/
2021-09-02 20:34:15,818 [http-nio-8081-exec-7] DEBUG org.anatkor.controllers.command.ServletMain- forward to=/jsp/login.jsp
2021-09-02 20:34:16,362 [http-nio-8081-exec-6] DEBUG org.anatkor.controllers.command.ServletMain- redirect to=/
2021-09-02 20:34:16,472 [http-nio-8081-exec-1] DEBUG org.anatkor.controllers.command.ServletMain- forward to=/jsp/login.jsp
2021-09-02 20:34:17,381 [http-nio-8081-exec-2] DEBUG org.anatkor.controllers.command.ServletMain- redirect to=/
2021-09-02 20:34:17,489 [http-nio-8081-exec-9] DEBUG org.anatkor.controllers.command.ServletMain- forward to=/jsp/login.jsp
2021-09-02 20:34:18,022 [http-nio-8081-exec-10] DEBUG org.anatkor.controllers.command.ServletMain- redirect to=/
2021-09-02 20:34:18,127 [http-nio-8081-exec-8] DEBUG org.anatkor.controllers.command.ServletMain- forward to=/jsp/login.jsp
2021-09-02 20:34:18,785 [http-nio-8081-exec-7] DEBUG org.anatkor.controllers.command.ServletMain- redirect to=/
2021-09-02 20:34:18,895 [http-nio-8081-exec-5] DEBUG org.anatkor.controllers.command.ServletMain- forward to=/jsp/login.jsp
2021-09-02 20:34:19,753 [http-nio-8081-exec-1] DEBUG org.anatkor.controllers.command.ServletMain- redirect to=/
2021-09-02 20:34:19,858 [http-nio-8081-exec-3] DEBUG org.anatkor.controllers.command.ServletMain- forward to=/jsp/login.jsp
2021-09-02 20:34:20,310 [http-nio-8081-exec-9] DEBUG org.anatkor.controllers.command.ServletMain- redirect to=/
2021-09-02 20:34:20,421 [http-nio-8081-exec-4] DEBUG org.anatkor.controllers.command.ServletMain- forward to=/jsp/login.jsp
2021-09-02 20:34:20,773 [http-nio-8081-exec-8] DEBUG org.anatkor.controllers.command.ServletMain- redirect to=/
2021-09-02 20:34:20,878 [http-nio-8081-exec-6] DEBUG org.anatkor.controllers.command.ServletMain- forward to=/jsp/login.jsp
2021-09-02 20:34:50,158 [http-nio-8081-exec-1] DEBUG org.anatkor.controllers.command.ServletMain- forward to=/jsp/login.jsp
2021-09-02 20:34:54,130 [http-nio-8081-exec-6] DEBUG org.anatkor.controllers.command.ServletMain- redirect to=/
2021-09-02 20:34:54,242 [http-nio-8081-exec-2] DEBUG org.anatkor.controllers.command.ServletMain- forward to=/jsp/login.jsp
2021-09-02 20:34:54,906 [http-nio-8081-exec-10] DEBUG org.anatkor.controllers.command.ServletMain- redirect to=/
2021-09-02 20:34:55,014 [http-nio-8081-exec-4] DEBUG org.anatkor.controllers.command.ServletMain- forward to=/jsp/login.jsp
2021-09-02 20:34:55,610 [http-nio-8081-exec-5] DEBUG org.anatkor.controllers.command.ServletMain- redirect to=/
2021-09-02 20:34:55,721 [http-nio-8081-exec-12] DEBUG org.anatkor.controllers.command.ServletMain- forward to=/jsp/login.jsp
2021-09-02 20:34:56,122 [http-nio-8081-exec-1] DEBUG org.anatkor.controllers.command.ServletMain- redirect to=/
2021-09-02 20:34:56,234 [http-nio-8081-exec-9] DEBUG org.anatkor.controllers.command.ServletMain- forward to=/jsp/login.jsp
2021-09-02 20:34:56,474 [http-nio-8081-exec-2] DEBUG org.anatkor.controllers.command.ServletMain- redirect to=/
2021-09-02 20:34:56,583 [http-nio-8081-exec-7] DEBUG org.anatkor.controllers.command.ServletMain- forward to=/jsp/login.jsp
2021-09-02 20:34:56,766 [http-nio-8081-exec-4] DEBUG org.anatkor.controllers.command.ServletMain- redirect to=/
2021-09-02 20:34:56,880 [http-nio-8081-exec-11] DEBUG org.anatkor.controllers.command.ServletMain- forward to=/jsp/login.jsp
2021-09-02 20:34:57,043 [http-nio-8081-exec-12] DEBUG org.anatkor.controllers.command.ServletMain- redirect to=/
2021-09-02 20:34:57,152 [http-nio-8081-exec-13] DEBUG org.anatkor.controllers.command.ServletMain- forward to=/jsp/login.jsp
2021-09-02 20:34:57,306 [http-nio-8081-exec-9] DEBUG org.anatkor.controllers.command.ServletMain- redirect to=/
2021-09-02 20:34:57,416 [http-nio-8081-exec-10] DEBUG org.anatkor.controllers.command.ServletMain- forward to=/jsp/login.jsp
2021-09-02 20:34:57,583 [http-nio-8081-exec-7] DEBUG org.anatkor.controllers.command.ServletMain- redirect to=/
2021-09-02 20:34:57,695 [http-nio-8081-exec-14] DEBUG org.anatkor.controllers.command.ServletMain- forward to=/jsp/login.jsp
2021-09-02 20:34:58,133 [http-nio-8081-exec-11] DEBUG org.anatkor.controllers.command.ServletMain- redirect to=/
2021-09-02 20:34:58,248 [http-nio-8081-exec-1] DEBUG org.anatkor.controllers.command.ServletMain- forward to=/jsp/login.jsp
2021-09-02 21:30:44,135 [http-nio-8081-exec-14] DEBUG org.anatkor.controllers.command.ServletMain- forward to=/jsp/login.jsp
2021-09-02 21:30:47,727 [http-nio-8081-exec-11] DEBUG org.anatkor.controllers.command.ServletMain- redirect to=/
2021-09-02 21:30:47,843 [http-nio-8081-exec-16] DEBUG org.anatkor.controllers.command.ServletMain- forward to=/jsp/login.jsp
2021-09-02 21:30:48,377 [http-nio-8081-exec-13] DEBUG org.anatkor.controllers.command.ServletMain- redirect to=/
2021-09-02 21:30:48,504 [http-nio-8081-exec-18] DEBUG org.anatkor.controllers.command.ServletMain- forward to=/jsp/login.jsp
2021-09-02 21:30:49,233 [http-nio-8081-exec-19] DEBUG org.anatkor.controllers.command.ServletMain- redirect to=/
2021-09-02 21:30:49,359 [http-nio-8081-exec-15] DEBUG org.anatkor.controllers.command.ServletMain- forward to=/jsp/login.jsp
2021-09-02 21:30:49,861 [http-nio-8081-exec-14] DEBUG org.anatkor.controllers.command.ServletMain- redirect to=/
2021-09-02 21:30:49,984 [http-nio-8081-exec-12] DEBUG org.anatkor.controllers.command.ServletMain- forward to=/jsp/login.jsp
2021-09-02 21:30:50,717 [http-nio-8081-exec-16] DEBUG org.anatkor.controllers.command.ServletMain- redirect to=/
2021-09-02 21:30:50,837 [http-nio-8081-exec-17] DEBUG org.anatkor.controllers.command.ServletMain- forward to=/jsp/login.jsp
2021-09-02 21:30:51,534 [http-nio-8081-exec-18] DEBUG org.anatkor.controllers.command.ServletMain- redirect to=/
2021-09-02 21:30:51,652 [http-nio-8081-exec-20] DEBUG org.anatkor.controllers.command.ServletMain- forward to=/jsp/login.jsp
2021-09-02 21:30:51,997 [http-nio-8081-exec-15] DEBUG org.anatkor.controllers.command.ServletMain- redirect to=/
2021-09-02 21:30:52,117 [http-nio-8081-exec-11] DEBUG org.anatkor.controllers.command.ServletMain- forward to=/jsp/login.jsp
2021-09-02 21:30:52,470 [http-nio-8081-exec-12] DEBUG org.anatkor.controllers.command.ServletMain- redirect to=/
2021-09-02 21:30:52,591 [http-nio-8081-exec-13] DEBUG org.anatkor.controllers.command.ServletMain- forward to=/jsp/login.jsp
2021-09-02 21:30:52,922 [http-nio-8081-exec-17] DEBUG org.anatkor.controllers.command.ServletMain- redirect to=/
2021-09-02 21:30:53,040 [http-nio-8081-exec-19] DEBUG org.anatkor.controllers.command.ServletMain- forward to=/jsp/login.jsp
2021-09-02 21:30:53,507 [http-nio-8081-exec-20] DEBUG org.anatkor.controllers.command.ServletMain- redirect to=/
2021-09-02 21:30:53,630 [http-nio-8081-exec-14] DEBUG org.anatkor.controllers.command.ServletMain- forward to=/jsp/login.jsp
2021-09-02 21:30:54,022 [http-nio-8081-exec-11] DEBUG org.anatkor.controllers.command.ServletMain- redirect to=/
2021-09-02 21:30:54,136 [http-nio-8081-exec-16] DEBUG org.anatkor.controllers.command.ServletMain- forward to=/jsp/login.jsp
2021-09-02 21:32:19,142 [http-nio-8081-exec-18] DEBUG org.anatkor.controllers.command.ServletMain- redirect to=/
2021-09-02 21:32:19,260 [http-nio-8081-exec-20] DEBUG org.anatkor.controllers.command.ServletMain- forward to=/jsp/login.jsp
2021-09-02 21:33:47,520 [http-nio-8081-exec-12] DEBUG org.anatkor.controllers.command.ServletMain- forward to=/jsp/login.jsp
2021-09-02 21:33:50,213 [http-nio-8081-exec-16] DEBUG org.anatkor.controllers.command.ServletMain- redirect to=/
2021-09-02 21:33:50,326 [http-nio-8081-exec-17] DEBUG org.anatkor.controllers.command.ServletMain- forward to=/jsp/login.jsp
2021-09-02 21:33:51,207 [http-nio-8081-exec-18] DEBUG org.anatkor.controllers.command.ServletMain- redirect to=/
2021-09-02 21:33:51,326 [http-nio-8081-exec-20] DEBUG org.anatkor.controllers.command.ServletMain- forward to=/jsp/login.jsp
2021-09-02 21:33:51,920 [http-nio-8081-exec-14] DEBUG org.anatkor.controllers.command.ServletMain- redirect to=/
2021-09-02 21:33:52,033 [http-nio-8081-exec-11] DEBUG org.anatkor.controllers.command.ServletMain- forward to=/jsp/login.jsp
2021-09-02 21:33:52,604 [http-nio-8081-exec-12] DEBUG org.anatkor.controllers.command.ServletMain- redirect to=/
2021-09-02 21:33:52,718 [http-nio-8081-exec-13] DEBUG org.anatkor.controllers.command.ServletMain- forward to=/jsp/login.jsp
2021-09-02 21:33:53,124 [http-nio-8081-exec-17] DEBUG org.anatkor.controllers.command.ServletMain- redirect to=/
2021-09-02 21:33:53,246 [http-nio-8081-exec-19] DEBUG org.anatkor.controllers.command.ServletMain- forward to=/jsp/login.jsp
2021-09-02 21:33:53,628 [http-nio-8081-exec-20] DEBUG org.anatkor.controllers.command.ServletMain- redirect to=/
2021-09-02 21:33:53,743 [http-nio-8081-exec-15] DEBUG org.anatkor.controllers.command.ServletMain- forward to=/jsp/login.jsp
2021-09-02 21:33:54,160 [http-nio-8081-exec-11] DEBUG org.anatkor.controllers.command.ServletMain- redirect to=/
2021-09-02 21:33:54,281 [http-nio-8081-exec-16] DEBUG org.anatkor.controllers.command.ServletMain- forward to=/jsp/login.jsp
2021-09-02 21:33:54,676 [http-nio-8081-exec-13] DEBUG org.anatkor.controllers.command.ServletMain- redirect to=/
2021-09-02 21:33:54,797 [http-nio-8081-exec-18] DEBUG org.anatkor.controllers.command.ServletMain- forward to=/jsp/login.jsp
2021-09-02 21:33:55,160 [http-nio-8081-exec-19] DEBUG org.anatkor.controllers.command.ServletMain- redirect to=/
2021-09-02 21:33:55,278 [http-nio-8081-exec-14] DEBUG org.anatkor.controllers.command.ServletMain- forward to=/jsp/login.jsp
2021-09-02 21:33:55,632 [http-nio-8081-exec-15] DEBUG org.anatkor.controllers.command.ServletMain- redirect to=/
2021-09-02 21:33:55,754 [http-nio-8081-exec-12] DEBUG org.anatkor.controllers.command.ServletMain- forward to=/jsp/login.jsp
2021-09-02 21:33:56,160 [http-nio-8081-exec-16] DEBUG org.anatkor.controllers.command.ServletMain- redirect to=/
2021-09-02 21:33:56,280 [http-nio-8081-exec-17] DEBUG org.anatkor.controllers.command.ServletMain- forward to=/jsp/login.jsp
2021-09-02 21:33:56,552 [http-nio-8081-exec-18] DEBUG org.anatkor.controllers.command.ServletMain- redirect to=/
2021-09-02 21:33:56,671 [http-nio-8081-exec-20] DEBUG org.anatkor.controllers.command.ServletMain- forward to=/jsp/login.jsp
2021-09-02 21:33:57,016 [http-nio-8081-exec-14] DEBUG org.anatkor.controllers.command.ServletMain- redirect to=/
2021-09-02 21:33:57,139 [http-nio-8081-exec-11] DEBUG org.anatkor.controllers.command.ServletMain- forward to=/jsp/login.jsp
2021-09-02 21:33:57,432 [http-nio-8081-exec-12] DEBUG org.anatkor.controllers.command.ServletMain- redirect to=/
2021-09-02 21:33:57,551 [http-nio-8081-exec-13] DEBUG org.anatkor.controllers.command.ServletMain- forward to=/jsp/login.jsp
2021-09-02 21:33:57,925 [http-nio-8081-exec-17] DEBUG org.anatkor.controllers.command.ServletMain- redirect to=/
2021-09-02 21:33:58,047 [http-nio-8081-exec-19] DEBUG org.anatkor.controllers.command.ServletMain- forward to=/jsp/login.jsp
2021-09-02 21:33:58,400 [http-nio-8081-exec-20] DEBUG org.anatkor.controllers.command.ServletMain- redirect to=/
2021-09-02 21:33:58,519 [http-nio-8081-exec-15] DEBUG org.anatkor.controllers.command.ServletMain- forward to=/jsp/login.jsp
2021-09-02 21:33:58,852 [http-nio-8081-exec-11] DEBUG org.anatkor.controllers.command.ServletMain- redirect to=/
2021-09-02 21:33:58,972 [http-nio-8081-exec-16] DEBUG org.anatkor.controllers.command.ServletMain- forward to=/jsp/login.jsp
2021-09-02 21:33:59,377 [http-nio-8081-exec-13] DEBUG org.anatkor.controllers.command.ServletMain- redirect to=/
2021-09-02 21:33:59,497 [http-nio-8081-exec-18] DEBUG org.anatkor.controllers.command.ServletMain- forward to=/jsp/login.jsp
2021-09-02 21:33:59,820 [http-nio-8081-exec-19] DEBUG org.anatkor.controllers.command.ServletMain- redirect to=/
2021-09-02 21:33:59,940 [http-nio-8081-exec-14] DEBUG org.anatkor.controllers.command.ServletMain- forward to=/jsp/login.jsp
2021-09-02 21:34:00,301 [http-nio-8081-exec-15] DEBUG org.anatkor.controllers.command.ServletMain- redirect to=/
2021-09-02 21:34:00,420 [http-nio-8081-exec-12] DEBUG org.anatkor.controllers.command.ServletMain- forward to=/jsp/login.jsp
2021-09-02 21:34:00,812 [http-nio-8081-exec-16] DEBUG org.anatkor.controllers.command.ServletMain- redirect to=/
2021-09-02 21:34:00,932 [http-nio-8081-exec-17] DEBUG org.anatkor.controllers.command.ServletMain- forward to=/jsp/login.jsp
2021-09-02 21:34:01,249 [http-nio-8081-exec-18] DEBUG org.anatkor.controllers.command.ServletMain- redirect to=/
2021-09-02 21:34:01,364 [http-nio-8081-exec-20] DEBUG org.anatkor.controllers.command.ServletMain- forward to=/jsp/login.jsp
2021-09-02 21:34:01,684 [http-nio-8081-exec-14] DEBUG org.anatkor.controllers.command.ServletMain- redirect to=/
2021-09-02 21:34:01,804 [http-nio-8081-exec-11] DEBUG org.anatkor.controllers.command.ServletMain- forward to=/jsp/login.jsp
2021-09-02 21:34:02,153 [http-nio-8081-exec-12] DEBUG org.anatkor.controllers.command.ServletMain- redirect to=/
2021-09-02 21:34:02,269 [http-nio-8081-exec-13] DEBUG org.anatkor.controllers.command.ServletMain- forward to=/jsp/login.jsp
2021-09-02 21:35:56,817 [http-nio-8081-exec-19] INFO  org.anatkor.controllers.command.LoginCommand- Client '382222222222' is logged in
2021-09-02 21:35:56,817 [http-nio-8081-exec-19] DEBUG org.anatkor.controllers.command.ServletMain- redirect to=/wallet
2021-09-02 21:35:56,861 [http-nio-8081-exec-20] DEBUG org.anatkor.controllers.command.ServletMain- forward to=/jsp/index.jsp
2021-09-02 21:35:57,152 [http-nio-8081-exec-14] DEBUG org.anatkor.controllers.command.ServletMain- forward to=/jsp/login.jsp
2021-09-02 21:36:01,829 [http-nio-8081-exec-15] INFO  org.anatkor.controllers.command.LogoutCommand- User 382222222222 is Logged out
2021-09-02 21:36:01,830 [http-nio-8081-exec-15] DEBUG org.anatkor.controllers.command.ServletMain- redirect to=/login
2021-09-02 21:36:01,833 [http-nio-8081-exec-11] INFO  org.anatkor.controllers.command.LoginCommand- Not enough login data
2021-09-02 21:36:01,833 [http-nio-8081-exec-11] DEBUG org.anatkor.controllers.command.ServletMain- forward to=/jsp/login.jsp
2021-09-02 21:36:01,949 [http-nio-8081-exec-12] DEBUG org.anatkor.controllers.command.ServletMain- forward to=/jsp/login.jsp
2021-09-02 21:36:04,370 [http-nio-8081-exec-16] INFO  org.anatkor.controllers.command.LoginCommand- Admin '381111111111' is logged in
2021-09-02 21:36:04,371 [http-nio-8081-exec-16] DEBUG org.anatkor.controllers.command.ServletMain- redirect to=/admin
2021-09-02 21:36:04,414 [http-nio-8081-exec-13] DEBUG org.anatkor.controllers.command.ServletMain- forward to=/jsp/admin.jsp
2021-09-02 21:36:04,628 [http-nio-8081-exec-17] DEBUG org.anatkor.controllers.command.ServletMain- forward to=/jsp/login.jsp
2021-09-02 21:36:09,065 [http-nio-8081-exec-18] INFO  org.anatkor.controllers.command.UsersCommand- users list requested
2021-09-02 21:36:09,111 [http-nio-8081-exec-18] DEBUG org.anatkor.controllers.command.ServletMain- forward to=/jsp/users_list.jsp
2021-09-02 21:36:09,334 [http-nio-8081-exec-19] DEBUG org.anatkor.controllers.command.ServletMain- forward to=/jsp/login.jsp
2021-09-02 21:36:10,081 [http-nio-8081-exec-20] INFO  org.anatkor.controllers.command.AccountsCommand- account list requested by ADMIN
2021-09-02 21:36:10,126 [http-nio-8081-exec-20] DEBUG org.anatkor.controllers.command.ServletMain- forward to=/jsp/accounts_list.jsp
2021-09-02 21:36:10,367 [http-nio-8081-exec-14] DEBUG org.anatkor.controllers.command.ServletMain- forward to=/jsp/login.jsp
2021-09-02 21:36:15,402 [http-nio-8081-exec-15] INFO  org.anatkor.controllers.command.AccountsCommand- account list requested for user with id= -1
2021-09-02 21:36:15,445 [http-nio-8081-exec-15] DEBUG org.anatkor.controllers.command.ServletMain- forward to=/jsp/accounts_list.jsp
2021-09-02 21:36:15,565 [http-nio-8081-exec-11] DEBUG org.anatkor.controllers.command.ServletMain- forward to=/jsp/login.jsp
2021-09-02 21:36:16,871 [http-nio-8081-exec-16] DEBUG org.anatkor.controllers.command.ServletMain- redirect to=/wallet/accounts?user_id=-1&sort_by=account_name&order=DESC
2021-09-02 21:36:16,875 [http-nio-8081-exec-13] INFO  org.anatkor.controllers.command.AccountsCommand- account list requested for user with id= -1
2021-09-02 21:36:16,916 [http-nio-8081-exec-13] DEBUG org.anatkor.controllers.command.ServletMain- forward to=/jsp/accounts_list.jsp
2021-09-02 21:36:17,036 [http-nio-8081-exec-17] DEBUG org.anatkor.controllers.command.ServletMain- forward to=/jsp/login.jsp
2021-09-02 21:36:17,416 [http-nio-8081-exec-18] DEBUG org.anatkor.controllers.command.ServletMain- redirect to=/wallet/accounts?user_id=-1&sort_by=account_name&order=DESC
2021-09-02 21:36:17,418 [http-nio-8081-exec-19] INFO  org.anatkor.controllers.command.AccountsCommand- account list requested for user with id= -1
2021-09-02 21:36:17,463 [http-nio-8081-exec-19] DEBUG org.anatkor.controllers.command.ServletMain- forward to=/jsp/accounts_list.jsp
2021-09-02 21:36:17,582 [http-nio-8081-exec-20] DEBUG org.anatkor.controllers.command.ServletMain- forward to=/jsp/login.jsp
2021-09-02 21:36:20,799 [http-nio-8081-exec-14] INFO  org.anatkor.controllers.command.AccountsCommand- account list requested for user with id= -1
2021-09-02 21:36:20,843 [http-nio-8081-exec-14] DEBUG org.anatkor.controllers.command.ServletMain- forward to=/jsp/accounts_list.jsp
2021-09-02 21:36:20,960 [http-nio-8081-exec-15] DEBUG org.anatkor.controllers.command.ServletMain- forward to=/jsp/login.jsp
2021-09-02 21:39:03,348 [http-nio-8081-exec-16] DEBUG org.anatkor.controllers.command.ServletMain- forward to=/jsp/admin.jsp
2021-09-02 21:39:03,597 [http-nio-8081-exec-13] DEBUG org.anatkor.controllers.command.ServletMain- forward to=/jsp/login.jsp
2021-09-02 21:39:07,020 [http-nio-8081-exec-17] INFO  org.anatkor.controllers.command.UsersCommand- users list requested
2021-09-02 21:39:07,065 [http-nio-8081-exec-17] DEBUG org.anatkor.controllers.command.ServletMain- forward to=/jsp/users_list.jsp
2021-09-02 21:39:07,267 [http-nio-8081-exec-18] DEBUG org.anatkor.controllers.command.ServletMain- forward to=/jsp/login.jsp
2021-09-02 21:39:08,068 [http-nio-8081-exec-19] INFO  org.anatkor.controllers.command.AccountsCommand- account list requested by ADMIN
2021-09-02 21:39:08,112 [http-nio-8081-exec-19] DEBUG org.anatkor.controllers.command.ServletMain- forward to=/jsp/accounts_list.jsp
2021-09-02 21:39:08,323 [http-nio-8081-exec-20] DEBUG org.anatkor.controllers.command.ServletMain- forward to=/jsp/login.jsp
2021-09-02 21:39:09,554 [http-nio-8081-exec-14] INFO  org.anatkor.controllers.command.LogoutCommand- User 381111111111 is Logged out
2021-09-02 21:39:09,554 [http-nio-8081-exec-14] DEBUG org.anatkor.controllers.command.ServletMain- redirect to=/login
2021-09-02 21:39:09,557 [http-nio-8081-exec-15] INFO  org.anatkor.controllers.command.LoginCommand- Not enough login data
2021-09-02 21:39:09,557 [http-nio-8081-exec-15] DEBUG org.anatkor.controllers.command.ServletMain- forward to=/jsp/login.jsp
2021-09-02 21:39:09,672 [http-nio-8081-exec-11] DEBUG org.anatkor.controllers.command.ServletMain- forward to=/jsp/login.jsp
2021-09-02 21:39:12,495 [http-nio-8081-exec-12] INFO  org.anatkor.controllers.command.LoginCommand- Client '383333333333' is logged in
2021-09-02 21:39:12,496 [http-nio-8081-exec-12] DEBUG org.anatkor.controllers.command.ServletMain- redirect to=/wallet
2021-09-02 21:39:12,536 [http-nio-8081-exec-16] DEBUG org.anatkor.controllers.command.ServletMain- forward to=/jsp/index.jsp
2021-09-02 21:39:12,741 [http-nio-8081-exec-13] DEBUG org.anatkor.controllers.command.ServletMain- forward to=/jsp/login.jsp
2021-09-02 21:39:13,820 [http-nio-8081-exec-17] INFO  org.anatkor.controllers.command.AccountsCommand- account list requested for user with id= 13
2021-09-02 21:39:13,861 [http-nio-8081-exec-17] DEBUG org.anatkor.controllers.command.ServletMain- forward to=/jsp/accounts_list.jsp
2021-09-02 21:39:13,974 [http-nio-8081-exec-18] DEBUG org.anatkor.controllers.command.ServletMain- forward to=/jsp/login.jsp
2021-09-02 21:39:16,364 [http-nio-8081-exec-19] DEBUG org.anatkor.controllers.command.ServletMain- forward to=/jsp/index.jsp
2021-09-02 21:39:16,475 [http-nio-8081-exec-20] DEBUG org.anatkor.controllers.command.ServletMain- forward to=/jsp/login.jsp
2021-09-02 21:39:23,428 [http-nio-8081-exec-14] INFO  org.anatkor.controllers.command.AccountCommand- request for a new account by user id=13
2021-09-02 21:39:23,601 [http-nio-8081-exec-14] INFO  org.anatkor.dao.AccountDao- Account 10000000013 is added to DB
2021-09-02 21:39:23,606 [http-nio-8081-exec-14] INFO  org.anatkor.dao.AccountDao- Credit card is added to account id=35
2021-09-02 21:39:23,607 [http-nio-8081-exec-14] DEBUG org.anatkor.controllers.command.ServletMain- redirect to=/wallet/accounts?message=Account is opened and is waiting for administrator unblock&&user_id=13
2021-09-02 21:39:23,613 [http-nio-8081-exec-11] INFO  org.anatkor.controllers.command.AccountsCommand- account list requested for user with id= 13
2021-09-02 21:39:23,654 [http-nio-8081-exec-11] DEBUG org.anatkor.controllers.command.ServletMain- forward to=/jsp/accounts_list.jsp
2021-09-02 21:39:23,773 [http-nio-8081-exec-12] DEBUG org.anatkor.controllers.command.ServletMain- forward to=/jsp/login.jsp
2021-09-02 21:45:01,660 [http-nio-8081-exec-16] DEBUG org.anatkor.controllers.command.ServletMain- forward to=/jsp/login.jsp
2021-09-02 21:45:05,085 [http-nio-8081-exec-13] DEBUG org.anatkor.controllers.command.ServletMain- forward to=/jsp/login.jsp
2021-09-02 21:45:22,859 [http-nio-8081-exec-14] INFO  org.anatkor.controllers.command.LoginCommand- Client '383333333333' is logged in
2021-09-02 21:45:22,859 [http-nio-8081-exec-14] DEBUG org.anatkor.controllers.command.ServletMain- redirect to=/wallet
2021-09-02 21:45:22,902 [http-nio-8081-exec-15] DEBUG org.anatkor.controllers.command.ServletMain- forward to=/jsp/index.jsp
2021-09-02 21:45:23,153 [http-nio-8081-exec-11] DEBUG org.anatkor.controllers.command.ServletMain- forward to=/jsp/login.jsp
2021-09-02 21:45:32,658 [http-nio-8081-exec-18] INFO  org.anatkor.controllers.command.AccountCommand- request for a new account by user id=13
2021-09-02 21:45:32,706 [http-nio-8081-exec-18] INFO  org.anatkor.dao.AccountDao- Account 10000000014 is added to DB
2021-09-02 21:45:32,708 [http-nio-8081-exec-18] INFO  org.anatkor.dao.AccountDao- Credit card is added to account id=36
2021-09-02 21:45:32,708 [http-nio-8081-exec-18] DEBUG org.anatkor.controllers.command.ServletMain- redirect to=/wallet/accounts?message=account_opened&user_id=13
2021-09-02 21:45:32,712 [http-nio-8081-exec-19] INFO  org.anatkor.controllers.command.AccountsCommand- account list requested for user with id= 13
2021-09-02 21:45:32,753 [http-nio-8081-exec-19] DEBUG org.anatkor.controllers.command.ServletMain- forward to=/jsp/accounts_list.jsp
2021-09-02 21:45:32,958 [http-nio-8081-exec-21] DEBUG org.anatkor.controllers.command.ServletMain- forward to=/jsp/login.jsp
2021-09-02 21:46:13,063 [http-nio-8081-exec-23] DEBUG org.anatkor.controllers.command.ServletMain- forward to=/jsp/index.jsp
2021-09-02 21:46:13,294 [http-nio-8081-exec-15] DEBUG org.anatkor.controllers.command.ServletMain- forward to=/jsp/login.jsp
2021-09-02 21:46:17,823 [http-nio-8081-exec-11] INFO  org.anatkor.controllers.command.AccountCommand- request for a new account by user id=13
2021-09-02 21:46:17,866 [http-nio-8081-exec-11] INFO  org.anatkor.dao.AccountDao- Account 10000000015 is added to DB
2021-09-02 21:46:17,868 [http-nio-8081-exec-11] INFO  org.anatkor.dao.AccountDao- Credit card is added to account id=37
2021-09-02 21:46:17,868 [http-nio-8081-exec-11] DEBUG org.anatkor.controllers.command.ServletMain- redirect to=/wallet/accounts?message=account_opened&user_id=13
2021-09-02 21:46:17,872 [http-nio-8081-exec-24] INFO  org.anatkor.controllers.command.AccountsCommand- account list requested for user with id= 13
2021-09-02 21:46:17,911 [http-nio-8081-exec-24] DEBUG org.anatkor.controllers.command.ServletMain- forward to=/jsp/accounts_list.jsp
2021-09-02 21:46:18,127 [http-nio-8081-exec-25] DEBUG org.anatkor.controllers.command.ServletMain- forward to=/jsp/login.jsp
2021-09-02 21:47:20,884 [http-nio-8081-exec-29] DEBUG org.anatkor.controllers.command.ServletMain- forward to=/jsp/login.jsp
2021-09-02 21:47:22,829 [http-nio-8081-exec-27] DEBUG org.anatkor.controllers.command.ServletMain- forward to=/jsp/login.jsp
2021-09-02 21:47:25,360 [http-nio-8081-exec-28] INFO  org.anatkor.controllers.command.LoginCommand- Client '383333333333' is logged in
2021-09-02 21:47:25,360 [http-nio-8081-exec-28] DEBUG org.anatkor.controllers.command.ServletMain- redirect to=/wallet
2021-09-02 21:47:25,520 [http-nio-8081-exec-21] DEBUG org.anatkor.controllers.command.ServletMain- forward to=/jsp/index.jsp
2021-09-02 21:47:25,733 [http-nio-8081-exec-24] DEBUG org.anatkor.controllers.command.ServletMain- forward to=/jsp/login.jsp
2021-09-02 21:47:29,653 [http-nio-8081-exec-26] INFO  org.anatkor.controllers.command.AccountCommand- request for a new account by user id=13
2021-09-02 21:47:29,812 [http-nio-8081-exec-26] INFO  org.anatkor.dao.AccountDao- Account 10000000016 is added to DB
2021-09-02 21:47:29,814 [http-nio-8081-exec-26] INFO  org.anatkor.dao.AccountDao- Credit card is added to account id=38
2021-09-02 21:47:29,815 [http-nio-8081-exec-26] DEBUG org.anatkor.controllers.command.ServletMain- redirect to=/wallet/accounts?message=account_opened&user_id=13
2021-09-02 21:47:29,818 [http-nio-8081-exec-30] INFO  org.anatkor.controllers.command.AccountsCommand- account list requested for user with id= 13
2021-09-02 21:47:29,857 [http-nio-8081-exec-30] DEBUG org.anatkor.controllers.command.ServletMain- forward to=/jsp/accounts_list.jsp
2021-09-02 21:47:30,070 [http-nio-8081-exec-23] DEBUG org.anatkor.controllers.command.ServletMain- forward to=/jsp/login.jsp
2021-09-02 21:47:41,917 [http-nio-8081-exec-31] DEBUG org.anatkor.controllers.command.ServletMain- redirect to=/wallet/accounts?message=account_opened&user_id=13
2021-09-02 21:47:41,920 [http-nio-8081-exec-29] INFO  org.anatkor.controllers.command.AccountsCommand- account list requested for user with id= 13
2021-09-02 21:47:41,964 [http-nio-8081-exec-29] DEBUG org.anatkor.controllers.command.ServletMain- forward to=/jsp/accounts_list.jsp
2021-09-02 21:47:42,117 [http-nio-8081-exec-32] DEBUG org.anatkor.controllers.command.ServletMain- forward to=/jsp/login.jsp
2021-09-02 21:47:42,831 [http-nio-8081-exec-27] DEBUG org.anatkor.controllers.command.ServletMain- redirect to=/wallet/accounts?message=account_opened&user_id=13
2021-09-02 21:47:42,834 [http-nio-8081-exec-33] INFO  org.anatkor.controllers.command.AccountsCommand- account list requested for user with id= 13
2021-09-02 21:47:42,873 [http-nio-8081-exec-33] DEBUG org.anatkor.controllers.command.ServletMain- forward to=/jsp/accounts_list.jsp
2021-09-02 21:47:42,988 [http-nio-8081-exec-21] DEBUG org.anatkor.controllers.command.ServletMain- forward to=/jsp/login.jsp
2021-09-02 21:47:43,578 [http-nio-8081-exec-24] DEBUG org.anatkor.controllers.command.ServletMain- redirect to=/wallet/accounts?message=account_opened&user_id=13
2021-09-02 21:47:43,581 [http-nio-8081-exec-30] INFO  org.anatkor.controllers.command.AccountsCommand- account list requested for user with id= 13
2021-09-02 21:47:43,622 [http-nio-8081-exec-30] DEBUG org.anatkor.controllers.command.ServletMain- forward to=/jsp/accounts_list.jsp
2021-09-02 21:47:43,735 [http-nio-8081-exec-23] DEBUG org.anatkor.controllers.command.ServletMain- forward to=/jsp/login.jsp
2021-09-02 21:47:44,678 [http-nio-8081-exec-31] DEBUG org.anatkor.controllers.command.ServletMain- redirect to=/wallet/accounts?message=account_opened&user_id=13
2021-09-02 21:47:44,681 [http-nio-8081-exec-35] INFO  org.anatkor.controllers.command.AccountsCommand- account list requested for user with id= 13
2021-09-02 21:47:44,725 [http-nio-8081-exec-35] DEBUG org.anatkor.controllers.command.ServletMain- forward to=/jsp/accounts_list.jsp
2021-09-02 21:47:44,838 [http-nio-8081-exec-32] DEBUG org.anatkor.controllers.command.ServletMain- forward to=/jsp/login.jsp
2021-09-02 21:47:45,182 [http-nio-8081-exec-27] DEBUG org.anatkor.controllers.command.ServletMain- redirect to=/wallet/accounts?message=account_opened&user_id=13
2021-09-02 21:47:45,185 [http-nio-8081-exec-33] INFO  org.anatkor.controllers.command.AccountsCommand- account list requested for user with id= 13
2021-09-02 21:47:45,228 [http-nio-8081-exec-33] DEBUG org.anatkor.controllers.command.ServletMain- forward to=/jsp/accounts_list.jsp
2021-09-02 21:47:45,341 [http-nio-8081-exec-36] DEBUG org.anatkor.controllers.command.ServletMain- forward to=/jsp/login.jsp
2021-09-02 21:47:45,711 [http-nio-8081-exec-34] DEBUG org.anatkor.controllers.command.ServletMain- redirect to=/wallet/accounts?message=account_opened&user_id=13
2021-09-02 21:47:45,714 [http-nio-8081-exec-24] INFO  org.anatkor.controllers.command.AccountsCommand- account list requested for user with id= 13
2021-09-02 21:47:45,753 [http-nio-8081-exec-24] DEBUG org.anatkor.controllers.command.ServletMain- forward to=/jsp/accounts_list.jsp
2021-09-02 21:47:45,869 [http-nio-8081-exec-30] DEBUG org.anatkor.controllers.command.ServletMain- forward to=/jsp/login.jsp
2021-09-02 21:47:46,247 [http-nio-8081-exec-23] DEBUG org.anatkor.controllers.command.ServletMain- redirect to=/wallet/accounts?message=account_opened&user_id=13
2021-09-02 21:47:46,250 [http-nio-8081-exec-31] INFO  org.anatkor.controllers.command.AccountsCommand- account list requested for user with id= 13
2021-09-02 21:47:46,292 [http-nio-8081-exec-31] DEBUG org.anatkor.controllers.command.ServletMain- forward to=/jsp/accounts_list.jsp
2021-09-02 21:47:46,410 [http-nio-8081-exec-35] DEBUG org.anatkor.controllers.command.ServletMain- forward to=/jsp/login.jsp
2021-09-02 21:49:23,755 [http-nio-8081-exec-33] INFO  org.anatkor.controllers.command.AccountsCommand- account list requested for user with id= 13
2021-09-02 21:49:23,800 [http-nio-8081-exec-33] DEBUG org.anatkor.controllers.command.ServletMain- forward to=/jsp/accounts_list.jsp
2021-09-02 21:49:24,037 [http-nio-8081-exec-36] DEBUG org.anatkor.controllers.command.ServletMain- forward to=/jsp/login.jsp
2021-09-02 21:49:32,665 [http-nio-8081-exec-38] DEBUG org.anatkor.controllers.command.ServletMain- forward to=/jsp/login.jsp
2021-09-02 21:49:35,148 [http-nio-8081-exec-31] DEBUG org.anatkor.controllers.command.ServletMain- forward to=/jsp/index.jsp
2021-09-02 21:49:35,336 [http-nio-8081-exec-35] DEBUG org.anatkor.controllers.command.ServletMain- forward to=/jsp/login.jsp
2021-09-02 21:49:40,196 [http-nio-8081-exec-32] INFO  org.anatkor.controllers.command.AccountCommand- request for a new account by user id=13
2021-09-02 21:49:40,240 [http-nio-8081-exec-32] INFO  org.anatkor.dao.AccountDao- Account 10000000017 is added to DB
2021-09-02 21:49:40,241 [http-nio-8081-exec-32] INFO  org.anatkor.dao.AccountDao- Credit card is added to account id=39
2021-09-02 21:49:40,241 [http-nio-8081-exec-32] DEBUG org.anatkor.controllers.command.ServletMain- redirect to=/wallet/accounts?message=account_opened&user_id=13
2021-09-02 21:49:40,245 [http-nio-8081-exec-37] INFO  org.anatkor.controllers.command.AccountsCommand- account list requested for user with id= 13
2021-09-02 21:49:40,285 [http-nio-8081-exec-37] DEBUG org.anatkor.controllers.command.ServletMain- forward to=/jsp/accounts_list.jsp
2021-09-02 21:49:40,397 [http-nio-8081-exec-39] DEBUG org.anatkor.controllers.command.ServletMain- forward to=/jsp/login.jsp
2021-09-02 21:51:37,816 [http-nio-8081-exec-34] DEBUG org.anatkor.controllers.command.ServletMain- forward to=/jsp/login.jsp
2021-09-02 21:51:39,353 [http-nio-8081-exec-38] DEBUG org.anatkor.controllers.command.ServletMain- forward to=/jsp/index.jsp
2021-09-02 21:51:39,471 [http-nio-8081-exec-31] DEBUG org.anatkor.controllers.command.ServletMain- forward to=/jsp/login.jsp
2021-09-02 21:51:42,984 [http-nio-8081-exec-35] INFO  org.anatkor.controllers.command.AccountCommand- request for a new account by user id=13
2021-09-02 21:51:43,028 [http-nio-8081-exec-35] INFO  org.anatkor.dao.AccountDao- Account 10000000018 is added to DB
2021-09-02 21:51:43,030 [http-nio-8081-exec-35] INFO  org.anatkor.dao.AccountDao- Credit card is added to account id=40
2021-09-02 21:51:43,030 [http-nio-8081-exec-35] DEBUG org.anatkor.controllers.command.ServletMain- redirect to=/wallet/accounts?message=account_opened&user_id=13
2021-09-02 21:51:43,033 [http-nio-8081-exec-32] INFO  org.anatkor.controllers.command.AccountsCommand- account list requested for user with id= 13
2021-09-02 21:51:43,076 [http-nio-8081-exec-32] DEBUG org.anatkor.controllers.command.ServletMain- forward to=/jsp/accounts_list.jsp
2021-09-02 21:51:43,189 [http-nio-8081-exec-37] DEBUG org.anatkor.controllers.command.ServletMain- forward to=/jsp/login.jsp
2021-09-02 21:51:59,267 [http-nio-8081-exec-39] INFO  org.anatkor.controllers.command.AccountsCommand- account list requested for user with id= 13
2021-09-02 21:51:59,307 [http-nio-8081-exec-39] DEBUG org.anatkor.controllers.command.ServletMain- forward to=/jsp/accounts_list.jsp
2021-09-02 21:51:59,520 [http-nio-8081-exec-40] DEBUG org.anatkor.controllers.command.ServletMain- forward to=/jsp/login.jsp
2021-09-02 21:52:00,187 [http-nio-8081-exec-33] INFO  org.anatkor.controllers.command.AccountsCommand- account list requested for user with id= 13
2021-09-02 21:52:00,231 [http-nio-8081-exec-33] DEBUG org.anatkor.controllers.command.ServletMain- forward to=/jsp/accounts_list.jsp
2021-09-02 21:52:00,334 [http-nio-8081-exec-36] DEBUG org.anatkor.controllers.command.ServletMain- forward to=/jsp/login.jsp
2021-09-02 21:52:01,253 [http-nio-8081-exec-38] DEBUG org.anatkor.controllers.command.ServletMain- forward to=/jsp/login.jsp
2021-09-02 21:52:02,716 [http-nio-8081-exec-31] DEBUG org.anatkor.controllers.command.ServletMain- forward to=/jsp/index.jsp
2021-09-02 21:52:02,906 [http-nio-8081-exec-35] DEBUG org.anatkor.controllers.command.ServletMain- forward to=/jsp/login.jsp
2021-09-02 21:52:06,354 [http-nio-8081-exec-32] INFO  org.anatkor.controllers.command.AccountCommand- request for a new account by user id=13
2021-09-02 21:52:06,395 [http-nio-8081-exec-32] INFO  org.anatkor.dao.AccountDao- Account 10000000019 is added to DB
2021-09-02 21:52:06,396 [http-nio-8081-exec-32] INFO  org.anatkor.dao.AccountDao- Credit card is added to account id=41
2021-09-02 21:52:06,396 [http-nio-8081-exec-32] DEBUG org.anatkor.controllers.command.ServletMain- redirect to=/wallet/accounts?message=account_opened&user_id=13
2021-09-02 21:52:06,399 [http-nio-8081-exec-37] INFO  org.anatkor.controllers.command.AccountsCommand- account list requested for user with id= 13
2021-09-02 21:52:06,437 [http-nio-8081-exec-37] DEBUG org.anatkor.controllers.command.ServletMain- forward to=/jsp/accounts_list.jsp
2021-09-02 21:52:06,548 [http-nio-8081-exec-39] DEBUG org.anatkor.controllers.command.ServletMain- forward to=/jsp/login.jsp
2021-09-02 21:53:57,367 [http-nio-8081-exec-33] INFO  org.anatkor.controllers.command.AccountsCommand- account list requested for user with id= 13
2021-09-02 21:53:57,406 [http-nio-8081-exec-33] DEBUG org.anatkor.controllers.command.ServletMain- forward to=/jsp/accounts_list.jsp
2021-09-02 21:53:57,639 [http-nio-8081-exec-36] DEBUG org.anatkor.controllers.command.ServletMain- forward to=/jsp/login.jsp
2021-09-02 21:54:00,703 [http-nio-8081-exec-34] DEBUG org.anatkor.controllers.command.ServletMain- redirect to=/wallet/accounts?message=account_opened&user_id=13
2021-09-02 21:54:00,706 [http-nio-8081-exec-38] INFO  org.anatkor.controllers.command.AccountsCommand- account list requested for user with id= 13
2021-09-02 21:54:00,746 [http-nio-8081-exec-38] DEBUG org.anatkor.controllers.command.ServletMain- forward to=/jsp/accounts_list.jsp
2021-09-02 21:54:00,864 [http-nio-8081-exec-31] DEBUG org.anatkor.controllers.command.ServletMain- forward to=/jsp/login.jsp
2021-09-02 21:54:04,445 [http-nio-8081-exec-35] DEBUG org.anatkor.controllers.command.ServletMain- redirect to=/wallet/accounts?message=account_opened&user_id=13
2021-09-02 21:54:04,448 [http-nio-8081-exec-32] INFO  org.anatkor.controllers.command.AccountsCommand- account list requested for user with id= 13
2021-09-02 21:54:04,491 [http-nio-8081-exec-32] DEBUG org.anatkor.controllers.command.ServletMain- forward to=/jsp/accounts_list.jsp
2021-09-02 21:54:04,606 [http-nio-8081-exec-37] DEBUG org.anatkor.controllers.command.ServletMain- forward to=/jsp/login.jsp
2021-09-02 21:54:24,883 [http-nio-8081-exec-33] DEBUG org.anatkor.controllers.command.ServletMain- redirect to=/wallet/accounts?message=account_opened&user_id=13
2021-09-02 21:54:24,887 [http-nio-8081-exec-36] INFO  org.anatkor.controllers.command.AccountsCommand- account list requested for user with id= 13
2021-09-02 21:54:24,932 [http-nio-8081-exec-36] DEBUG org.anatkor.controllers.command.ServletMain- forward to=/jsp/accounts_list.jsp
2021-09-02 21:54:25,171 [http-nio-8081-exec-34] DEBUG org.anatkor.controllers.command.ServletMain- forward to=/jsp/login.jsp
2021-09-02 21:54:25,525 [http-nio-8081-exec-38] DEBUG org.anatkor.controllers.command.ServletMain- redirect to=/wallet/accounts?message=account_opened&user_id=13
2021-09-02 21:54:25,527 [http-nio-8081-exec-31] INFO  org.anatkor.controllers.command.AccountsCommand- account list requested for user with id= 13
2021-09-02 21:54:25,571 [http-nio-8081-exec-31] DEBUG org.anatkor.controllers.command.ServletMain- forward to=/jsp/accounts_list.jsp
2021-09-02 21:54:25,683 [http-nio-8081-exec-35] DEBUG org.anatkor.controllers.command.ServletMain- forward to=/jsp/login.jsp
2021-09-02 21:54:26,373 [http-nio-8081-exec-32] DEBUG org.anatkor.controllers.command.ServletMain- redirect to=/wallet/accounts?message=account_opened&user_id=13
2021-09-02 21:54:26,375 [http-nio-8081-exec-37] INFO  org.anatkor.controllers.command.AccountsCommand- account list requested for user with id= 13
2021-09-02 21:54:26,535 [http-nio-8081-exec-37] DEBUG org.anatkor.controllers.command.ServletMain- forward to=/jsp/accounts_list.jsp
2021-09-02 21:54:26,648 [http-nio-8081-exec-39] DEBUG org.anatkor.controllers.command.ServletMain- forward to=/jsp/login.jsp
2021-09-02 21:54:26,968 [http-nio-8081-exec-40] DEBUG org.anatkor.controllers.command.ServletMain- redirect to=/wallet/accounts?message=account_opened&user_id=13
2021-09-02 21:54:26,972 [http-nio-8081-exec-33] INFO  org.anatkor.controllers.command.AccountsCommand- account list requested for user with id= 13
2021-09-02 21:54:27,015 [http-nio-8081-exec-33] DEBUG org.anatkor.controllers.command.ServletMain- forward to=/jsp/accounts_list.jsp
2021-09-02 21:54:27,127 [http-nio-8081-exec-36] DEBUG org.anatkor.controllers.command.ServletMain- forward to=/jsp/login.jsp
2021-09-02 21:54:28,276 [http-nio-8081-exec-34] DEBUG org.anatkor.controllers.command.ServletMain- forward to=/jsp/index.jsp
2021-09-02 21:54:28,471 [http-nio-8081-exec-38] DEBUG org.anatkor.controllers.command.ServletMain- forward to=/jsp/login.jsp
2021-09-02 21:54:32,098 [http-nio-8081-exec-31] INFO  org.anatkor.controllers.command.AccountCommand- request for a new account by user id=13
2021-09-02 21:54:32,141 [http-nio-8081-exec-31] INFO  org.anatkor.dao.AccountDao- Account 10000000020 is added to DB
2021-09-02 21:54:32,143 [http-nio-8081-exec-31] INFO  org.anatkor.dao.AccountDao- Credit card is added to account id=42
2021-09-02 21:54:32,143 [http-nio-8081-exec-31] DEBUG org.anatkor.controllers.command.ServletMain- redirect to=/wallet/accounts?message=account_opened&user_id=13
2021-09-02 21:54:32,146 [http-nio-8081-exec-35] INFO  org.anatkor.controllers.command.AccountsCommand- account list requested for user with id= 13
2021-09-02 21:54:32,187 [http-nio-8081-exec-35] DEBUG org.anatkor.controllers.command.ServletMain- forward to=/jsp/accounts_list.jsp
2021-09-02 21:54:32,306 [http-nio-8081-exec-32] DEBUG org.anatkor.controllers.command.ServletMain- forward to=/jsp/login.jsp
2021-09-02 21:54:35,440 [http-nio-8081-exec-37] DEBUG org.anatkor.controllers.command.ServletMain- redirect to=/wallet/accounts?message=account_opened&user_id=13
2021-09-02 21:54:35,444 [http-nio-8081-exec-39] INFO  org.anatkor.controllers.command.AccountsCommand- account list requested for user with id= 13
2021-09-02 21:54:35,487 [http-nio-8081-exec-39] DEBUG org.anatkor.controllers.command.ServletMain- forward to=/jsp/accounts_list.jsp
2021-09-02 21:54:35,603 [http-nio-8081-exec-40] DEBUG org.anatkor.controllers.command.ServletMain- forward to=/jsp/login.jsp
2021-09-02 21:59:00,537 [http-nio-8081-exec-34] DEBUG org.anatkor.controllers.command.ServletMain- redirect to=/wallet/accounts?message=account_opened&user_id=13
2021-09-02 21:59:00,541 [http-nio-8081-exec-38] INFO  org.anatkor.controllers.command.AccountsCommand- account list requested for user with id= 13
2021-09-02 21:59:00,585 [http-nio-8081-exec-38] DEBUG org.anatkor.controllers.command.ServletMain- forward to=/jsp/accounts_list.jsp
2021-09-02 21:59:00,741 [http-nio-8081-exec-31] DEBUG org.anatkor.controllers.command.ServletMain- forward to=/jsp/login.jsp
2021-09-02 21:59:01,022 [http-nio-8081-exec-35] DEBUG org.anatkor.controllers.command.ServletMain- redirect to=/wallet/accounts?message=account_opened&user_id=13
2021-09-02 21:59:01,024 [http-nio-8081-exec-32] INFO  org.anatkor.controllers.command.AccountsCommand- account list requested for user with id= 13
2021-09-02 21:59:01,067 [http-nio-8081-exec-32] DEBUG org.anatkor.controllers.command.ServletMain- forward to=/jsp/accounts_list.jsp
2021-09-02 21:59:01,190 [http-nio-8081-exec-37] DEBUG org.anatkor.controllers.command.ServletMain- forward to=/jsp/login.jsp
2021-09-02 21:59:01,544 [http-nio-8081-exec-39] DEBUG org.anatkor.controllers.command.ServletMain- redirect to=/wallet/accounts?message=account_opened&user_id=13
2021-09-02 21:59:01,547 [http-nio-8081-exec-40] INFO  org.anatkor.controllers.command.AccountsCommand- account list requested for user with id= 13
2021-09-02 21:59:01,589 [http-nio-8081-exec-40] DEBUG org.anatkor.controllers.command.ServletMain- forward to=/jsp/accounts_list.jsp
2021-09-02 21:59:01,707 [http-nio-8081-exec-33] DEBUG org.anatkor.controllers.command.ServletMain- forward to=/jsp/login.jsp
2021-09-02 21:59:02,100 [http-nio-8081-exec-36] DEBUG org.anatkor.controllers.command.ServletMain- redirect to=/wallet/accounts?message=account_opened&user_id=13
2021-09-02 21:59:02,103 [http-nio-8081-exec-34] INFO  org.anatkor.controllers.command.AccountsCommand- account list requested for user with id= 13
2021-09-02 21:59:02,265 [http-nio-8081-exec-34] DEBUG org.anatkor.controllers.command.ServletMain- forward to=/jsp/accounts_list.jsp
2021-09-02 21:59:02,384 [http-nio-8081-exec-38] DEBUG org.anatkor.controllers.command.ServletMain- forward to=/jsp/login.jsp
2021-09-02 21:59:02,709 [http-nio-8081-exec-31] DEBUG org.anatkor.controllers.command.ServletMain- redirect to=/wallet/accounts?message=account_opened&user_id=13
2021-09-02 21:59:02,712 [http-nio-8081-exec-35] INFO  org.anatkor.controllers.command.AccountsCommand- account list requested for user with id= 13
2021-09-02 21:59:02,753 [http-nio-8081-exec-35] DEBUG org.anatkor.controllers.command.ServletMain- forward to=/jsp/accounts_list.jsp
2021-09-02 21:59:02,862 [http-nio-8081-exec-32] DEBUG org.anatkor.controllers.command.ServletMain- forward to=/jsp/login.jsp
2021-09-02 21:59:03,292 [http-nio-8081-exec-37] DEBUG org.anatkor.controllers.command.ServletMain- redirect to=/wallet/accounts?message=account_opened&user_id=13
2021-09-02 21:59:03,295 [http-nio-8081-exec-39] INFO  org.anatkor.controllers.command.AccountsCommand- account list requested for user with id= 13
2021-09-02 21:59:03,337 [http-nio-8081-exec-39] DEBUG org.anatkor.controllers.command.ServletMain- forward to=/jsp/accounts_list.jsp
2021-09-02 21:59:03,452 [http-nio-8081-exec-40] DEBUG org.anatkor.controllers.command.ServletMain- forward to=/jsp/login.jsp
2021-09-02 21:59:03,732 [http-nio-8081-exec-33] DEBUG org.anatkor.controllers.command.ServletMain- redirect to=/wallet/accounts?message=account_opened&user_id=13
2021-09-02 21:59:03,734 [http-nio-8081-exec-36] INFO  org.anatkor.controllers.command.AccountsCommand- account list requested for user with id= 13
2021-09-02 21:59:03,775 [http-nio-8081-exec-36] DEBUG org.anatkor.controllers.command.ServletMain- forward to=/jsp/accounts_list.jsp
2021-09-02 21:59:03,886 [http-nio-8081-exec-34] DEBUG org.anatkor.controllers.command.ServletMain- forward to=/jsp/login.jsp
2021-09-02 21:59:04,328 [http-nio-8081-exec-38] DEBUG org.anatkor.controllers.command.ServletMain- redirect to=/wallet/accounts?message=account_opened&user_id=13
2021-09-02 21:59:04,331 [http-nio-8081-exec-31] INFO  org.anatkor.controllers.command.AccountsCommand- account list requested for user with id= 13
2021-09-02 21:59:04,374 [http-nio-8081-exec-31] DEBUG org.anatkor.controllers.command.ServletMain- forward to=/jsp/accounts_list.jsp
2021-09-02 21:59:04,485 [http-nio-8081-exec-35] DEBUG org.anatkor.controllers.command.ServletMain- forward to=/jsp/login.jsp
2021-09-02 21:59:05,029 [http-nio-8081-exec-32] DEBUG org.anatkor.controllers.command.ServletMain- redirect to=/wallet/accounts?message=account_opened&user_id=13
2021-09-02 21:59:05,032 [http-nio-8081-exec-37] INFO  org.anatkor.controllers.command.AccountsCommand- account list requested for user with id= 13
2021-09-02 21:59:05,071 [http-nio-8081-exec-37] DEBUG org.anatkor.controllers.command.ServletMain- forward to=/jsp/accounts_list.jsp
2021-09-02 21:59:05,184 [http-nio-8081-exec-39] DEBUG org.anatkor.controllers.command.ServletMain- forward to=/jsp/login.jsp
2021-09-02 21:59:06,309 [http-nio-8081-exec-40] DEBUG org.anatkor.controllers.command.ServletMain- redirect to=/wallet/accounts?message=account_opened&user_id=13
2021-09-02 21:59:06,312 [http-nio-8081-exec-33] INFO  org.anatkor.controllers.command.AccountsCommand- account list requested for user with id= 13
2021-09-02 21:59:06,354 [http-nio-8081-exec-33] DEBUG org.anatkor.controllers.command.ServletMain- forward to=/jsp/accounts_list.jsp
2021-09-02 21:59:06,464 [http-nio-8081-exec-36] DEBUG org.anatkor.controllers.command.ServletMain- forward to=/jsp/login.jsp
