2021-08-19 23:14:07,123 [http-nio-8081-exec-4] INFO  org.anatkor.servlets.LoginServlet- User servlet called
2021-08-19 23:15:44,653 [http-nio-8081-exec-4] INFO  org.anatkor.servlets.LoginServlet- User servlet called
2021-08-19 23:17:54,036 [http-nio-8081-exec-14] INFO  org.anatkor.servlets.BikesListServlet- Bike servlet called
2021-08-19 23:18:00,057 [http-nio-8081-exec-11] DEBUG org.anatkor.servlets.UserServlet- User servlet called
2021-08-19 23:18:32,484 [http-nio-8081-exec-13] INFO  org.anatkor.servlets.LogoutServlet- User Semen Logout
2021-08-19 23:19:19,291 [http-nio-8081-exec-11] INFO  org.anatkor.servlets.LoginServlet- User servlet called
2021-08-19 23:19:34,423 [http-nio-8081-exec-11] INFO  org.anatkor.servlets.LoginServlet- User servlet called
2021-08-19 23:24:03,686 [http-nio-8081-exec-14] DEBUG org.anatkor.servlets.UserServlet- User servlet called
2021-08-19 23:24:23,198 [http-nio-8081-exec-25] INFO  org.anatkor.servlets.LoginServlet- User servlet called
2021-08-19 23:24:42,136 [http-nio-8081-exec-27] DEBUG org.anatkor.servlets.UserServlet- User servlet called
2021-08-19 23:38:47,404 [http-nio-8081-exec-28] INFO  org.anatkor.servlets.LoginServlet- User servlet called
2021-08-19 23:39:14,717 [http-nio-8081-exec-25] INFO  org.anatkor.servlets.LoginServlet- User servlet called
2021-08-19 23:39:25,306 [http-nio-8081-exec-24] INFO  org.anatkor.servlets.LoginServlet- User servlet called
2021-08-19 23:39:42,159 [http-nio-8081-exec-32] INFO  org.anatkor.servlets.LoginServlet- User servlet called
2021-08-19 23:39:58,813 [http-nio-8081-exec-33] INFO  org.anatkor.servlets.LoginServlet- User servlet called
2021-08-19 23:43:56,686 [http-nio-8081-exec-35] INFO  org.anatkor.servlets.LoginServlet- User servlet called
2021-08-19 23:44:24,602 [http-nio-8081-exec-41] INFO  org.anatkor.servlets.LoginServlet- User servlet called
2021-08-19 23:44:36,708 [http-nio-8081-exec-42] INFO  org.anatkor.servlets.BikesListServlet- Bike servlet called
2021-08-19 23:45:08,119 [http-nio-8081-exec-45] INFO  org.anatkor.servlets.LogoutServlet- User Semen Logout
2021-08-19 23:45:27,493 [http-nio-8081-exec-47] INFO  org.anatkor.servlets.BikesListServlet- Bike servlet called
2021-08-19 23:45:48,433 [http-nio-8081-exec-41] INFO  org.anatkor.servlets.LoginServlet- User servlet called
2021-08-19 23:49:44,140 [http-nio-8081-exec-57] INFO  org.anatkor.servlets.LoginServlet- User servlet called
2021-08-19 23:50:08,143 [http-nio-8081-exec-55] INFO  org.anatkor.servlets.BikesListServlet- Bike servlet called
2021-08-19 23:50:42,119 [http-nio-8081-exec-56] DEBUG org.anatkor.servlets.UserServlet- User servlet called
2021-08-19 23:51:16,537 [http-nio-8081-exec-51] WARN  org.anatkor.servlets.filter.AdminFilter- Attempt of unauthorized access to the Admin by org.anatkor.model.User@57c9f211
2021-08-19 23:51:16,586 [http-nio-8081-exec-51] DEBUG org.anatkor.dao.UserDao- SQLException during Query SELECT * FROM usr; processing from class org.anatkor.dao.Utils.
2021-08-19 23:51:26,906 [http-nio-8081-exec-56] INFO  org.anatkor.servlets.LoginServlet- User servlet called
2021-08-19 23:51:26,954 [http-nio-8081-exec-53] DEBUG org.anatkor.servlets.AdminServlet- Admin servlet called
2021-08-19 23:51:37,120 [http-nio-8081-exec-54] DEBUG org.anatkor.servlets.AdminServlet- Admin servlet called
2021-08-19 23:51:40,312 [http-nio-8081-exec-57] INFO  org.anatkor.servlets.BikesListServlet- Bike servlet called
2021-08-19 23:51:44,420 [http-nio-8081-exec-60] DEBUG org.anatkor.servlets.AdminServlet- Admin servlet called
2021-08-19 23:53:41,184 [http-nio-8081-exec-51] INFO  org.anatkor.servlets.LogoutServlet- User Петро Logout
2021-08-19 23:53:44,422 [http-nio-8081-exec-53] INFO  org.anatkor.servlets.LoginServlet- User servlet called
2021-08-19 23:53:54,743 [http-nio-8081-exec-54] INFO  org.anatkor.servlets.LogoutServlet- User Semen Logout
2021-08-19 23:54:13,981 [http-nio-8081-exec-58] DEBUG org.anatkor.servlets.UserServlet- User servlet called
2021-08-19 23:54:29,482 [http-nio-8081-exec-57] INFO  org.anatkor.servlets.LoginServlet- User servlet called
2021-08-19 23:54:36,110 [http-nio-8081-exec-55] INFO  org.anatkor.servlets.BikesListServlet- Bike servlet called
2021-08-19 23:54:38,024 [http-nio-8081-exec-52] INFO  org.anatkor.servlets.LogoutServlet- User Semen Logout
2021-08-19 23:55:43,582 [http-nio-8081-exec-60] DEBUG org.anatkor.servlets.UserServlet- User servlet called
2021-08-19 23:55:47,858 [http-nio-8081-exec-58] INFO  org.anatkor.servlets.LoginServlet- User servlet called
2021-08-19 23:55:50,310 [http-nio-8081-exec-51] INFO  org.anatkor.servlets.BikesListServlet- Bike servlet called
2021-08-19 23:56:05,089 [http-nio-8081-exec-56] WARN  org.anatkor.servlets.filter.AdminFilter- Attempt of unauthorized access to the Admin by org.anatkor.model.User@5d2b112b
2021-08-19 23:56:05,091 [http-nio-8081-exec-56] DEBUG org.anatkor.servlets.AdminServlet- Admin servlet called
2021-08-19 23:56:19,790 [http-nio-8081-exec-59] INFO  org.anatkor.servlets.LoginServlet- User servlet called
2021-08-19 23:56:19,838 [http-nio-8081-exec-54] DEBUG org.anatkor.servlets.AdminServlet- Admin servlet called
2021-08-19 23:56:24,673 [http-nio-8081-exec-57] DEBUG org.anatkor.dao.UserDao- SQLException during Query SELECT * FROM usr; processing from class org.anatkor.dao.Utils.
2021-08-19 23:56:26,906 [http-nio-8081-exec-60] DEBUG org.anatkor.servlets.AdminServlet- Admin servlet called
2021-08-19 23:56:29,135 [http-nio-8081-exec-55] DEBUG org.anatkor.servlets.AdminServlet- Admin servlet called
2021-08-19 23:56:31,340 [http-nio-8081-exec-58] INFO  org.anatkor.servlets.BikesListServlet- Bike servlet called
2021-08-19 23:56:34,739 [http-nio-8081-exec-52] DEBUG org.anatkor.servlets.AdminServlet- Admin servlet called
2021-08-19 23:56:36,545 [http-nio-8081-exec-51] INFO  org.anatkor.servlets.LogoutServlet- User Петро Logout
2021-08-19 23:56:39,576 [http-nio-8081-exec-53] INFO  org.anatkor.servlets.LoginServlet- User servlet called
2021-08-19 23:56:41,716 [http-nio-8081-exec-57] INFO  org.anatkor.servlets.BikesListServlet- Bike servlet called
2021-08-19 23:57:24,803 [http-nio-8081-exec-58] INFO  org.anatkor.servlets.BikesListServlet- Bike servlet called
2021-08-19 23:57:34,062 [http-nio-8081-exec-51] INFO  org.anatkor.servlets.BikesListServlet- Bike servlet called
2021-08-19 23:57:42,117 [http-nio-8081-exec-57] INFO  org.anatkor.servlets.BikesListServlet- Bike servlet called
2021-08-19 23:57:42,990 [http-nio-8081-exec-60] INFO  org.anatkor.servlets.BikesListServlet- Bike servlet called
2021-08-19 23:57:43,651 [http-nio-8081-exec-55] INFO  org.anatkor.servlets.BikesListServlet- Bike servlet called
2021-08-19 23:57:44,096 [http-nio-8081-exec-58] INFO  org.anatkor.servlets.BikesListServlet- Bike servlet called
2021-08-19 23:57:44,555 [http-nio-8081-exec-52] INFO  org.anatkor.servlets.BikesListServlet- Bike servlet called
2021-08-19 23:57:50,363 [http-nio-8081-exec-53] INFO  org.anatkor.servlets.LogoutServlet- User Semen Logout
2021-08-19 23:57:57,156 [http-nio-8081-exec-54] INFO  org.anatkor.servlets.BikesListServlet- Bike servlet called
2021-08-20 00:04:27,133 [http-nio-8081-exec-69] INFO  org.anatkor.servlets.LoginServlet- User servlet called
2021-08-20 00:04:30,409 [http-nio-8081-exec-63] INFO  org.anatkor.servlets.BikesListServlet- Bike servlet called
2021-08-20 00:04:37,906 [http-nio-8081-exec-65] INFO  org.anatkor.servlets.BikesListServlet- Bike servlet called
2021-08-20 00:04:42,279 [http-nio-8081-exec-72] INFO  org.anatkor.servlets.LogoutServlet- User Semen Logout
2021-08-20 00:05:07,545 [http-nio-8081-exec-78] INFO  org.anatkor.servlets.LoginServlet- User servlet called
2021-08-20 00:05:07,590 [http-nio-8081-exec-71] DEBUG org.anatkor.servlets.AdminServlet- Admin servlet called
2021-08-20 00:05:10,130 [http-nio-8081-exec-72] INFO  org.anatkor.servlets.BikesListServlet- Bike servlet called
2021-08-20 00:05:17,090 [http-nio-8081-exec-74] DEBUG org.anatkor.servlets.AdminServlet- Admin servlet called
2021-08-20 00:05:53,064 [http-nio-8081-exec-75] INFO  org.anatkor.servlets.BikesListServlet- Bike servlet called
2021-08-20 00:06:11,938 [http-nio-8081-exec-77] INFO  org.anatkor.servlets.LoginServlet- User servlet called
2021-08-20 00:06:13,201 [http-nio-8081-exec-71] INFO  org.anatkor.servlets.BikesListServlet- Bike servlet called
2021-08-20 00:06:19,353 [http-nio-8081-exec-82] INFO  org.anatkor.servlets.LogoutServlet- User Semen Logout
2021-08-20 00:06:22,257 [http-nio-8081-exec-84] INFO  org.anatkor.servlets.LoginServlet- User servlet called
2021-08-20 00:06:22,305 [http-nio-8081-exec-85] DEBUG org.anatkor.servlets.AdminServlet- Admin servlet called
2021-08-20 00:06:29,743 [http-nio-8081-exec-88] DEBUG org.anatkor.servlets.AdminServlet- Admin servlet called
2021-08-20 00:06:30,930 [http-nio-8081-exec-79] INFO  org.anatkor.servlets.BikesListServlet- Bike servlet called
