2021-09-06 16:16:16,089 [http-nio-8081-exec-9] INFO  org.anatkor.controllers.command.LoginCommand- Client '382222222222' is logged in
2021-09-06 16:16:17,657 [http-nio-8081-exec-1] INFO  org.anatkor.controllers.command.PaymentsCommand- payments list requested for user with id= 9
2021-09-06 16:16:23,061 [http-nio-8081-exec-3] INFO  org.anatkor.controllers.command.PaymentsCommand- payments list requested for user with id= 9
2021-09-06 16:16:26,246 [http-nio-8081-exec-6] INFO  org.anatkor.controllers.command.LogoutCommand- User 382222222222 is Logged out
2021-09-06 16:16:26,251 [http-nio-8081-exec-9] INFO  org.anatkor.controllers.command.LoginCommand- Not enough login data
2021-09-06 16:16:29,536 [http-nio-8081-exec-10] INFO  org.anatkor.controllers.command.LoginCommand- Client '389999999999' is logged in
2021-09-06 16:16:31,047 [http-nio-8081-exec-3] INFO  org.anatkor.controllers.command.PaymentsCommand- payments list requested for user with id= 42
2021-09-06 16:16:32,830 [http-nio-8081-exec-5] INFO  org.anatkor.controllers.command.PaymentsCommand- payments list requested for user with id= 42
2021-09-06 16:16:34,727 [http-nio-8081-exec-6] INFO  org.anatkor.controllers.command.PaymentsCommand- payments list requested for user with id= 42
2021-09-06 16:17:41,792 [http-nio-8081-exec-1] INFO  org.anatkor.controllers.command.PaymentsCommand- payments list requested for user with id= 42
2021-09-06 16:17:43,070 [http-nio-8081-exec-3] INFO  org.anatkor.controllers.command.PaymentsCommand- payments list requested for user with id= 42
2021-09-06 16:17:45,828 [http-nio-8081-exec-5] INFO  org.anatkor.controllers.command.PaymentsCommand- payments list requested for user with id= 42
2021-09-06 16:17:52,317 [http-nio-8081-exec-9] INFO  org.anatkor.controllers.command.PaymentsCommand- payments list requested for user with id= 42
2021-09-06 16:17:56,165 [http-nio-8081-exec-10] INFO  org.anatkor.controllers.command.PaymentsCommand- payments list requested for user with id= 42
2021-09-06 16:18:22,225 [http-nio-8081-exec-3] INFO  org.anatkor.controllers.command.PaymentsCommand- payments list requested for user with id= 42
2021-09-06 16:18:26,994 [http-nio-8081-exec-9] INFO  org.anatkor.controllers.command.UserCommand- User 389999999999 profile called
2021-09-06 16:18:32,478 [http-nio-8081-exec-2] INFO  org.anatkor.controllers.command.UserCommand- User 389999999999 profile called
2021-09-06 16:18:39,779 [http-nio-8081-exec-7] INFO  org.anatkor.controllers.command.UserCommand- User 389999999999 profile called
2021-09-06 16:18:50,380 [http-nio-8081-exec-1] INFO  org.anatkor.controllers.command.UserCommand- User 389999999999 profile called
2021-09-06 16:18:55,901 [http-nio-8081-exec-5] INFO  org.anatkor.controllers.command.UserCommand- User 389999999999 profile called
2021-09-06 16:19:51,955 [http-nio-8081-exec-1] INFO  org.anatkor.controllers.command.AccountsCommand- account list requested for user with id= 42
2021-09-06 16:19:57,043 [http-nio-8081-exec-5] INFO  org.anatkor.controllers.command.UserCommand- User 389999999999 profile called
2021-09-06 16:23:47,351 [http-nio-8081-exec-8] INFO  org.anatkor.controllers.command.UserCommand- User 389999999999 profile called
2021-09-06 16:51:18,633 [http-nio-8081-exec-5] INFO  org.anatkor.controllers.command.LogoutCommand- User 389999999999 is Logged out
2021-09-06 16:51:18,637 [http-nio-8081-exec-7] INFO  org.anatkor.controllers.command.LoginCommand- Not enough login data
2021-09-06 16:51:20,880 [http-nio-8081-exec-9] INFO  org.anatkor.controllers.command.LoginCommand- Admin '381111111111' is logged in
2021-09-06 16:51:22,433 [http-nio-8081-exec-1] INFO  org.anatkor.controllers.command.UsersCommand- users list requested
2021-09-06 16:51:25,504 [http-nio-8081-exec-3] INFO  org.anatkor.controllers.command.AccountsCommand- account list requested for user with id= 40
2021-09-06 16:51:29,237 [http-nio-8081-exec-7] INFO  org.anatkor.controllers.command.AccountsCommand- account list requested for user with id= 37
2021-09-06 16:51:34,105 [http-nio-8081-exec-8] INFO  org.anatkor.controllers.command.AccountsCommand- account list requested for user with id= 8
2021-09-06 16:51:38,769 [http-nio-8081-exec-2] INFO  org.anatkor.controllers.command.UserCommand- User 381111111111 profile called
2021-09-06 16:51:41,447 [http-nio-8081-exec-7] INFO  org.anatkor.controllers.command.UsersCommand- users list requested
2021-09-06 16:51:42,879 [http-nio-8081-exec-9] INFO  org.anatkor.controllers.command.AccountsCommand- account list requested for user with id= 42
2021-09-06 16:51:48,648 [http-nio-8081-exec-1] INFO  org.anatkor.controllers.command.UsersCommand- users list requested
2021-09-06 16:52:06,225 [http-nio-8081-exec-4] INFO  org.anatkor.controllers.command.AccountsCommand- account list requested for user with id= 13
2021-09-06 16:52:09,662 [http-nio-8081-exec-7] INFO  org.anatkor.controllers.command.PaymentsCommand- payments list requested for account10000000019
2021-09-06 16:52:19,442 [http-nio-8081-exec-6] INFO  org.anatkor.controllers.command.PaymentsCommand- payments list requested for account10000000019
2021-09-06 16:52:19,442 [http-nio-8081-exec-9] INFO  org.anatkor.controllers.command.PaymentsCommand- payments list requested for account10000000023
2021-09-06 16:52:29,276 [http-nio-8081-exec-2] INFO  org.anatkor.controllers.command.UsersCommand- users list requested
2021-09-06 16:52:29,710 [http-nio-8081-exec-4] INFO  org.anatkor.controllers.command.AccountsCommand- account list requested by ADMIN
2021-09-06 16:52:33,870 [http-nio-8081-exec-6] INFO  org.anatkor.controllers.command.UserCommand- User 381111111111 profile called
2021-09-06 16:52:35,225 [http-nio-8081-exec-10] INFO  org.anatkor.controllers.command.PaymentsCommand- payments list requested for user with id= 42
2021-09-06 16:52:43,930 [http-nio-8081-exec-3] INFO  org.anatkor.controllers.command.AccountsCommand- account list requested for user with id= 42
2021-09-06 16:52:46,135 [http-nio-8081-exec-9] INFO  org.anatkor.controllers.command.PaymentsCommand- payments list requested for user with id= 42
2021-09-06 16:52:54,583 [http-nio-8081-exec-2] INFO  org.anatkor.controllers.command.UsersCommand- users list requested
2021-09-06 16:52:57,959 [http-nio-8081-exec-4] INFO  org.anatkor.controllers.command.AccountsCommand- account list requested for user with id= 58
2021-09-06 16:53:06,800 [http-nio-8081-exec-7] INFO  org.anatkor.controllers.command.UsersCommand- users list requested
2021-09-06 16:53:10,696 [http-nio-8081-exec-8] INFO  org.anatkor.controllers.command.AccountsCommand- account list requested for user with id= 9
2021-09-06 16:53:14,169 [http-nio-8081-exec-3] INFO  org.anatkor.controllers.command.UsersCommand- users list requested
2021-09-06 16:53:16,921 [http-nio-8081-exec-5] INFO  org.anatkor.controllers.command.AccountsCommand- account list requested for user with id= 14
2021-09-06 16:53:19,489 [http-nio-8081-exec-6] INFO  org.anatkor.controllers.command.UserCommand- User 381111111111 profile called
2021-09-06 16:53:21,038 [http-nio-8081-exec-10] INFO  org.anatkor.controllers.command.PaymentsCommand- payments list requested for user with id= 14
2021-09-06 16:53:28,886 [http-nio-8081-exec-3] INFO  org.anatkor.controllers.command.UsersCommand- users list requested
2021-09-06 16:53:29,582 [http-nio-8081-exec-5] INFO  org.anatkor.controllers.command.AccountsCommand- account list requested by ADMIN
2021-09-06 16:53:32,585 [http-nio-8081-exec-7] INFO  org.anatkor.controllers.command.AccountsCommand- account list requested for user with id= -1
2021-09-06 16:53:34,019 [http-nio-8081-exec-10] INFO  org.anatkor.controllers.command.AccountsCommand- account list requested for user with id= -1
2021-09-06 16:53:36,107 [http-nio-8081-exec-2] INFO  org.anatkor.controllers.command.AccountsCommand- account list requested for user with id= -1
2021-09-06 16:53:38,283 [http-nio-8081-exec-4] INFO  org.anatkor.controllers.command.AccountsCommand- account list requested for user with id= -1
2021-09-06 17:49:22,367 [http-nio-8081-exec-9] INFO  org.anatkor.controllers.command.LoginCommand- Admin '381111111111' is logged in
2021-09-06 17:49:24,072 [http-nio-8081-exec-8] INFO  org.anatkor.controllers.command.PaymentsCommand- payments list requested by ADMIN
2021-09-06 17:49:27,864 [http-nio-8081-exec-3] INFO  org.anatkor.controllers.command.UsersCommand- users list requested
2021-09-06 17:49:32,716 [http-nio-8081-exec-4] INFO  org.anatkor.controllers.command.UsersCommand- users list requested
2021-09-06 17:49:33,828 [http-nio-8081-exec-7] INFO  org.anatkor.controllers.command.AccountsCommand- account list requested by ADMIN
2021-09-06 17:49:34,790 [http-nio-8081-exec-8] INFO  org.anatkor.controllers.command.PaymentsCommand- payments list requested by ADMIN
2021-09-06 17:49:38,877 [http-nio-8081-exec-3] INFO  org.anatkor.controllers.command.LogoutCommand- User 381111111111 is Logged out
2021-09-06 17:49:38,880 [http-nio-8081-exec-5] INFO  org.anatkor.controllers.command.LoginCommand- Not enough login data
2021-09-06 17:56:40,302 [http-nio-8081-exec-9] INFO  org.anatkor.dao.UserDao- User with phone =384563218954 is added
2021-09-06 17:56:40,305 [http-nio-8081-exec-9] INFO  org.anatkor.dao.UserDao- User with id 71 with role  is added
2021-09-06 17:56:45,586 [http-nio-8081-exec-8] INFO  org.anatkor.controllers.command.LoginCommand- Client '384563218954' is logged in
2021-09-06 17:56:49,663 [http-nio-8081-exec-2] INFO  org.anatkor.controllers.command.LogoutCommand- User 384563218954 is Logged out
2021-09-06 17:56:49,665 [http-nio-8081-exec-3] INFO  org.anatkor.controllers.command.LoginCommand- Not enough login data
2021-09-06 17:57:00,648 [http-nio-8081-exec-9] INFO  org.anatkor.controllers.command.LoginCommand- Not enough login data
2021-09-06 17:57:01,185 [http-nio-8081-exec-10] INFO  org.anatkor.controllers.command.LoginCommand- Not enough login data
2021-09-06 17:57:01,848 [http-nio-8081-exec-3] INFO  org.anatkor.controllers.command.LoginCommand- Not enough login data
2021-09-06 17:57:02,371 [http-nio-8081-exec-9] INFO  org.anatkor.controllers.command.LoginCommand- Not enough login data
2021-09-06 17:57:02,835 [http-nio-8081-exec-6] INFO  org.anatkor.controllers.command.LoginCommand- Not enough login data
2021-09-06 17:57:03,475 [http-nio-8081-exec-2] INFO  org.anatkor.controllers.command.LoginCommand- Not enough login data
2021-09-06 17:57:03,851 [http-nio-8081-exec-4] INFO  org.anatkor.controllers.command.LoginCommand- Not enough login data
2021-09-06 17:57:04,279 [http-nio-8081-exec-8] INFO  org.anatkor.controllers.command.LoginCommand- Not enough login data
2021-09-06 17:57:04,658 [http-nio-8081-exec-1] INFO  org.anatkor.controllers.command.LoginCommand- Not enough login data
2021-09-06 17:57:15,865 [http-nio-8081-exec-4] DEBUG org.anatkor.dao.UserDao- SQLException during Add user with phone 380975435210 processing class org.anatkor.dao.Utils. ERROR: duplicate key value violates unique constraint "usr_phone_number_key"
  Detail: Key (phone_number)=(380975435210) already exists.
2021-09-06 17:57:29,742 [http-nio-8081-exec-8] DEBUG org.anatkor.dao.UserDao- SQLException during Add user with phone 381111111111 processing class org.anatkor.dao.Utils. ERROR: duplicate key value violates unique constraint "usr_phone_number_key"
  Detail: Key (phone_number)=(381111111111) already exists.
2021-09-06 17:57:41,521 [http-nio-8081-exec-10] DEBUG org.anatkor.dao.UserDao- SQLException during Add user with phone 380975435210 processing class org.anatkor.dao.Utils. ERROR: duplicate key value violates unique constraint "usr_phone_number_key"
  Detail: Key (phone_number)=(380975435210) already exists.
2021-09-06 17:57:53,561 [http-nio-8081-exec-3] DEBUG org.anatkor.dao.UserDao- SQLException during Add user with phone 384564556498 processing class org.anatkor.dao.Utils. ERROR: duplicate key value violates unique constraint "usr_email_key"
  Detail: Key (email)=(email@c.com) already exists.
2021-09-06 18:02:23,437 [http-nio-8081-exec-3] DEBUG org.anatkor.dao.UserDao- SQLException during Add user with phone 381111111111 processing class org.anatkor.dao.Utils. ERROR: duplicate key value violates unique constraint "usr_email_key"
  Detail: Key (email)=(email@c.com) already exists.
2021-09-06 18:02:43,024 [http-nio-8081-exec-4] INFO  org.anatkor.dao.UserDao- User with phone =387897898764 is added
2021-09-06 18:02:43,026 [http-nio-8081-exec-4] INFO  org.anatkor.dao.UserDao- User with id 77 with role  is added
2021-09-06 18:02:51,958 [http-nio-8081-exec-6] INFO  org.anatkor.controllers.command.LoginCommand- Client '387897898764' is logged in
2021-09-06 18:03:03,583 [http-nio-8081-exec-3] INFO  org.anatkor.controllers.command.PaymentsCommand- payments list requested for user with id= 77
2021-09-06 18:03:07,944 [http-nio-8081-exec-9] INFO  org.anatkor.controllers.command.AccountsCommand- account list requested for user with id= 77
2021-09-06 18:03:18,060 [http-nio-8081-exec-10] INFO  org.anatkor.controllers.command.AccountCommand- request for a new account by user id=77
2021-09-06 18:03:18,065 [http-nio-8081-exec-10] INFO  org.anatkor.dao.AccountDao- Account 10000000029 is added to DB
2021-09-06 18:03:18,066 [http-nio-8081-exec-10] INFO  org.anatkor.dao.AccountDao- Credit card is added to account id=51
2021-09-06 18:03:18,070 [http-nio-8081-exec-1] INFO  org.anatkor.controllers.command.AccountsCommand- account list requested for user with id= 77
2021-09-06 18:04:07,357 [http-nio-8081-exec-5] INFO  org.anatkor.controllers.command.LogoutCommand- User 387897898764 is Logged out
2021-09-06 18:04:07,362 [http-nio-8081-exec-4] INFO  org.anatkor.controllers.command.LoginCommand- Not enough login data
2021-09-06 18:04:10,083 [http-nio-8081-exec-7] INFO  org.anatkor.controllers.command.LoginCommand- Admin '381111111111' is logged in
2021-09-06 18:04:25,298 [http-nio-8081-exec-9] INFO  org.anatkor.dao.AccountDao- Status of account with id=51 is updated to true
2021-09-06 18:04:27,488 [http-nio-8081-exec-10] INFO  org.anatkor.controllers.command.LogoutCommand- User 381111111111 is Logged out
2021-09-06 18:04:27,491 [http-nio-8081-exec-1] INFO  org.anatkor.controllers.command.LoginCommand- Not enough login data
2021-09-06 18:04:34,616 [http-nio-8081-exec-3] INFO  org.anatkor.controllers.command.LoginCommand- Client '382222222222' is logged in
2021-09-06 18:04:47,577 [http-nio-8081-exec-9] INFO  org.anatkor.controllers.command.AccountsCommand- account list requested for user with id= 9
2021-09-06 18:04:56,196 [http-nio-8081-exec-6] INFO  org.anatkor.controllers.command.AccountsCommand- account list requested for user with id= 9
2021-09-06 18:04:58,073 [http-nio-8081-exec-1] INFO  org.anatkor.controllers.command.AccountsCommand- account list requested for user with id= 9
2021-09-06 18:05:00,711 [http-nio-8081-exec-5] INFO  org.anatkor.controllers.command.AccountsCommand- account list requested for user with id= 9
2021-09-06 18:05:01,277 [http-nio-8081-exec-7] INFO  org.anatkor.controllers.command.AccountsCommand- account list requested for user with id= 9
2021-09-06 18:05:02,410 [http-nio-8081-exec-10] INFO  org.anatkor.controllers.command.AccountsCommand- account list requested for user with id= 9
2021-09-06 18:05:03,022 [http-nio-8081-exec-3] INFO  org.anatkor.controllers.command.AccountsCommand- account list requested for user with id= 9
2021-09-06 18:05:08,774 [http-nio-8081-exec-4] INFO  org.anatkor.controllers.command.AccountsCommand- account list requested for user with id= 9
2021-09-06 18:05:12,197 [http-nio-8081-exec-7] INFO  org.anatkor.controllers.command.AccountsCommand- account list requested for user with id= 9
2021-09-06 18:05:21,278 [http-nio-8081-exec-2] INFO  org.anatkor.controllers.command.PaymentsCommand- payments list requested for user with id= 9
2021-09-06 18:05:25,414 [http-nio-8081-exec-5] INFO  org.anatkor.controllers.command.PaymentsCommand- payments list requested for user with id= 9
2021-09-06 18:05:29,791 [http-nio-8081-exec-9] INFO  org.anatkor.controllers.command.LogoutCommand- User 382222222222 is Logged out
2021-09-06 18:05:29,794 [http-nio-8081-exec-7] INFO  org.anatkor.controllers.command.LoginCommand- Not enough login data
2021-09-06 18:05:33,297 [http-nio-8081-exec-6] INFO  org.anatkor.controllers.command.LoginCommand- Client '389999999999' is logged in
2021-09-06 18:05:35,156 [http-nio-8081-exec-2] INFO  org.anatkor.controllers.command.AccountsCommand- account list requested for user with id= 42
2021-09-06 18:05:39,192 [http-nio-8081-exec-9] INFO  org.anatkor.controllers.command.PaymentsCommand- payments list requested for user with id= 42
2021-09-06 18:05:42,705 [http-nio-8081-exec-8] INFO  org.anatkor.controllers.command.PaymentsCommand- payments list requested for user with id= 42
2021-09-06 18:05:44,641 [http-nio-8081-exec-10] INFO  org.anatkor.controllers.command.PaymentsCommand- payments list requested for user with id= 42
2021-09-06 18:05:47,269 [http-nio-8081-exec-2] INFO  org.anatkor.controllers.command.PaymentsCommand- payments list requested for user with id= 42
2021-09-06 18:06:37,975 [http-nio-8081-exec-4] DEBUG org.anatkor.dao.PaymentDao- Account 10000000026 is updated, wait for commit
2021-09-06 18:06:37,976 [http-nio-8081-exec-4] INFO  org.anatkor.dao.PaymentDao- Payment from 10000000026 to 13454354411, amount 4500 is added to DB
2021-09-06 18:06:37,979 [http-nio-8081-exec-9] INFO  org.anatkor.controllers.command.PaymentsCommand- payments list requested for user with id= 42
2021-09-06 18:06:42,148 [http-nio-8081-exec-6] INFO  org.anatkor.controllers.command.PaymentsCommand- payments list requested for user with id= 42
2021-09-06 18:06:42,865 [http-nio-8081-exec-2] INFO  org.anatkor.controllers.command.PaymentsCommand- payments list requested for user with id= 42
2021-09-06 18:06:43,525 [http-nio-8081-exec-4] INFO  org.anatkor.controllers.command.PaymentsCommand- payments list requested for user with id= 42
2021-09-06 18:06:43,954 [http-nio-8081-exec-8] INFO  org.anatkor.controllers.command.PaymentsCommand- payments list requested for user with id= 42
2021-09-06 18:06:44,349 [http-nio-8081-exec-1] INFO  org.anatkor.controllers.command.PaymentsCommand- payments list requested for user with id= 42
2021-09-06 18:06:44,625 [http-nio-8081-exec-5] INFO  org.anatkor.controllers.command.PaymentsCommand- payments list requested for user with id= 42
2021-09-06 18:06:57,909 [http-nio-8081-exec-7] INFO  org.anatkor.controllers.command.PaymentsCommand- payments list requested for user with id= 42
2021-09-06 18:07:33,165 [http-nio-8081-exec-6] DEBUG org.anatkor.dao.PaymentDao- Account 10000000026 is updated, wait for commit
2021-09-06 18:07:33,166 [http-nio-8081-exec-6] INFO  org.anatkor.dao.PaymentDao- Payment from 10000000026 to 13454354411, amount 1000 is added to DB
2021-09-06 18:07:33,169 [http-nio-8081-exec-10] INFO  org.anatkor.controllers.command.PaymentsCommand- payments list requested for user with id= 42
2021-09-06 18:07:36,314 [http-nio-8081-exec-2] INFO  org.anatkor.controllers.command.UserCommand- User 389999999999 profile called
2021-09-06 18:07:41,205 [http-nio-8081-exec-5] INFO  org.anatkor.controllers.command.LogoutCommand- User 389999999999 is Logged out
2021-09-06 18:07:41,208 [http-nio-8081-exec-4] INFO  org.anatkor.controllers.command.LoginCommand- Not enough login data
2021-09-06 18:07:43,329 [http-nio-8081-exec-7] INFO  org.anatkor.controllers.command.LoginCommand- Admin '381111111111' is logged in
2021-09-06 18:07:51,582 [http-nio-8081-exec-10] INFO  org.anatkor.controllers.command.UsersCommand- users list requested
2021-09-06 18:07:53,286 [http-nio-8081-exec-3] INFO  org.anatkor.controllers.command.UsersCommand- users list requested
2021-09-06 18:07:54,581 [http-nio-8081-exec-4] INFO  org.anatkor.controllers.command.UsersCommand- users list requested
2021-09-06 18:07:57,623 [http-nio-8081-exec-7] INFO  org.anatkor.controllers.command.UserCommand- User 381111111111 profile called
2021-09-06 18:08:00,544 [http-nio-8081-exec-6] INFO  org.anatkor.controllers.command.UserCommand- User 381111111111 profile called
2021-09-06 18:08:00,545 [http-nio-8081-exec-6] INFO  org.anatkor.dao.UserDao- Status of user with phone=387777777777 is updated to false
2021-09-06 18:08:00,549 [http-nio-8081-exec-10] INFO  org.anatkor.controllers.command.UserCommand- User 381111111111 profile called
2021-09-06 18:08:03,692 [http-nio-8081-exec-2] INFO  org.anatkor.controllers.command.UserCommand- User 381111111111 profile called
2021-09-06 18:08:03,694 [http-nio-8081-exec-2] INFO  org.anatkor.dao.UserDao- Status of user with phone=387777777777 is updated to true
2021-09-06 18:08:03,697 [http-nio-8081-exec-3] INFO  org.anatkor.controllers.command.UserCommand- User 381111111111 profile called
2021-09-06 18:08:06,747 [http-nio-8081-exec-4] INFO  org.anatkor.controllers.command.PaymentsCommand- payments list requested for user with id= 40
2021-09-06 18:08:11,089 [http-nio-8081-exec-8] INFO  org.anatkor.controllers.command.UsersCommand- users list requested
2021-09-06 18:08:12,300 [http-nio-8081-exec-10] INFO  org.anatkor.controllers.command.UsersCommand- users list requested
2021-09-06 18:08:15,074 [http-nio-8081-exec-3] INFO  org.anatkor.controllers.command.UserCommand- User 381111111111 profile called
2021-09-06 18:08:18,109 [http-nio-8081-exec-4] INFO  org.anatkor.controllers.command.PaymentsCommand- payments list requested for user with id= 42
2021-09-06 18:08:19,474 [http-nio-8081-exec-7] INFO  org.anatkor.controllers.command.PaymentsCommand- payments list requested for user with id= 42
2021-09-06 18:08:20,926 [http-nio-8081-exec-6] INFO  org.anatkor.controllers.command.PaymentsCommand- payments list requested for user with id= 42
2021-09-06 18:08:23,274 [http-nio-8081-exec-1] INFO  org.anatkor.controllers.command.PaymentsCommand- payments list requested for user with id= 42
2021-09-06 18:08:29,146 [http-nio-8081-exec-7] INFO  org.anatkor.controllers.command.AccountsCommand- account list requested for user with id= 42
2021-09-06 18:08:41,408 [http-nio-8081-exec-1] INFO  org.anatkor.dao.AccountDao- Status of account with id=46 is updated to false
2021-09-06 18:08:45,515 [http-nio-8081-exec-5] INFO  org.anatkor.controllers.command.PaymentsCommand- payments list requested by ADMIN
2021-09-06 18:08:48,359 [http-nio-8081-exec-9] INFO  org.anatkor.controllers.command.PaymentsCommand- payments list requested for user with id= -1
2021-09-06 18:08:49,980 [http-nio-8081-exec-6] INFO  org.anatkor.controllers.command.AccountsCommand- account list requested by ADMIN
2021-09-06 18:08:50,633 [http-nio-8081-exec-1] INFO  org.anatkor.controllers.command.UsersCommand- users list requested
2021-09-06 18:08:51,988 [http-nio-8081-exec-4] INFO  org.anatkor.controllers.command.UsersCommand- users list requested
2021-09-06 18:09:11,686 [http-nio-8081-exec-6] INFO  org.anatkor.controllers.command.UsersCommand- users list requested
2021-09-06 18:09:12,312 [http-nio-8081-exec-2] INFO  org.anatkor.controllers.command.UsersCommand- users list requested
2021-09-06 18:09:13,318 [http-nio-8081-exec-4] INFO  org.anatkor.controllers.command.UsersCommand- users list requested
2021-09-06 18:09:13,752 [http-nio-8081-exec-8] INFO  org.anatkor.controllers.command.UsersCommand- users list requested
2021-09-06 18:09:15,470 [http-nio-8081-exec-10] INFO  org.anatkor.controllers.command.AccountsCommand- account list requested by ADMIN
2021-09-06 18:09:16,373 [http-nio-8081-exec-3] INFO  org.anatkor.controllers.command.AccountsCommand- account list requested by ADMIN
2021-09-06 18:09:16,801 [http-nio-8081-exec-9] INFO  org.anatkor.controllers.command.AccountsCommand- account list requested by ADMIN
2021-09-06 18:09:17,338 [http-nio-8081-exec-6] INFO  org.anatkor.controllers.command.AccountsCommand- account list requested by ADMIN
2021-09-06 18:09:17,841 [http-nio-8081-exec-2] INFO  org.anatkor.controllers.command.AccountsCommand- account list requested by ADMIN
2021-09-06 18:09:19,399 [http-nio-8081-exec-5] INFO  org.anatkor.controllers.command.UserCommand- User 381111111111 profile called
2021-09-06 18:09:19,906 [http-nio-8081-exec-7] INFO  org.anatkor.controllers.command.UserCommand- User 381111111111 profile called
2021-09-06 18:09:20,309 [http-nio-8081-exec-10] INFO  org.anatkor.controllers.command.UserCommand- User 381111111111 profile called
2021-09-06 18:09:20,780 [http-nio-8081-exec-3] INFO  org.anatkor.controllers.command.UserCommand- User 381111111111 profile called
2021-09-06 18:09:21,731 [http-nio-8081-exec-9] INFO  org.anatkor.controllers.command.UserCommand- User 381111111111 profile called
2021-09-06 18:09:25,003 [http-nio-8081-exec-3] INFO  org.anatkor.controllers.command.UsersCommand- users list requested
2021-09-06 18:09:27,348 [http-nio-8081-exec-9] INFO  org.anatkor.controllers.command.UsersCommand- users list requested
2021-09-06 18:09:27,970 [http-nio-8081-exec-6] INFO  org.anatkor.controllers.command.UsersCommand- users list requested
2021-09-06 18:09:28,871 [http-nio-8081-exec-2] INFO  org.anatkor.controllers.command.UsersCommand- users list requested
2021-09-06 18:09:29,751 [http-nio-8081-exec-4] INFO  org.anatkor.controllers.command.UsersCommand- users list requested
2021-09-06 18:09:30,696 [http-nio-8081-exec-8] INFO  org.anatkor.controllers.command.UsersCommand- users list requested
2021-09-06 18:09:31,178 [http-nio-8081-exec-1] INFO  org.anatkor.controllers.command.UsersCommand- users list requested
2021-09-06 18:09:31,619 [http-nio-8081-exec-5] INFO  org.anatkor.controllers.command.UsersCommand- users list requested
2021-09-06 18:09:32,023 [http-nio-8081-exec-8] INFO  org.anatkor.controllers.command.UsersCommand- users list requested
2021-09-06 18:09:32,527 [http-nio-8081-exec-1] INFO  org.anatkor.controllers.command.UsersCommand- users list requested
2021-09-06 18:09:32,971 [http-nio-8081-exec-5] INFO  org.anatkor.controllers.command.UsersCommand- users list requested
2021-09-06 18:09:34,084 [http-nio-8081-exec-9] INFO  org.anatkor.controllers.command.UsersCommand- users list requested
2021-09-06 18:09:34,771 [http-nio-8081-exec-10] INFO  org.anatkor.controllers.command.UsersCommand- users list requested
2021-09-06 18:09:37,752 [http-nio-8081-exec-3] INFO  org.anatkor.controllers.command.UsersCommand- users list requested
2021-09-06 18:09:38,150 [http-nio-8081-exec-7] INFO  org.anatkor.controllers.command.UsersCommand- users list requested
2021-09-06 18:09:51,718 [http-nio-8081-exec-8] INFO  org.anatkor.controllers.command.LogoutCommand- User 381111111111 is Logged out
2021-09-06 18:09:51,721 [http-nio-8081-exec-6] INFO  org.anatkor.controllers.command.LoginCommand- Not enough login data
2021-09-06 18:13:50,922 [http-nio-8081-exec-7] WARN  org.anatkor.controllers.command.filter.AdminFilter- Attempt of unauthorized access to the Admin by null
2021-09-06 18:13:50,923 [http-nio-8081-exec-7] INFO  org.anatkor.controllers.command.LoginCommand- Not enough login data
2021-09-06 18:13:58,010 [http-nio-8081-exec-6] WARN  org.anatkor.controllers.command.filter.AdminFilter- Attempt of unauthorized access to the Admin by null
2021-09-06 18:13:58,011 [http-nio-8081-exec-6] INFO  org.anatkor.controllers.command.LoginCommand- Not enough login data
2021-09-06 18:13:58,930 [http-nio-8081-exec-2] WARN  org.anatkor.controllers.command.filter.AdminFilter- Attempt of unauthorized access to the Admin by null
2021-09-06 18:13:58,930 [http-nio-8081-exec-2] INFO  org.anatkor.controllers.command.LoginCommand- Not enough login data
2021-09-06 18:13:59,277 [http-nio-8081-exec-4] WARN  org.anatkor.controllers.command.filter.AdminFilter- Attempt of unauthorized access to the Admin by null
2021-09-06 18:13:59,278 [http-nio-8081-exec-4] INFO  org.anatkor.controllers.command.LoginCommand- Not enough login data
2021-09-06 18:13:59,661 [http-nio-8081-exec-8] WARN  org.anatkor.controllers.command.filter.AdminFilter- Attempt of unauthorized access to the Admin by null
2021-09-06 18:13:59,661 [http-nio-8081-exec-8] INFO  org.anatkor.controllers.command.LoginCommand- Not enough login data
2021-09-06 18:13:59,985 [http-nio-8081-exec-1] WARN  org.anatkor.controllers.command.filter.AdminFilter- Attempt of unauthorized access to the Admin by null
2021-09-06 18:13:59,985 [http-nio-8081-exec-1] INFO  org.anatkor.controllers.command.LoginCommand- Not enough login data
2021-09-06 18:14:00,305 [http-nio-8081-exec-5] WARN  org.anatkor.controllers.command.filter.AdminFilter- Attempt of unauthorized access to the Admin by null
2021-09-06 18:14:00,306 [http-nio-8081-exec-5] INFO  org.anatkor.controllers.command.LoginCommand- Not enough login data
2021-09-06 18:14:00,700 [http-nio-8081-exec-9] WARN  org.anatkor.controllers.command.filter.AdminFilter- Attempt of unauthorized access to the Admin by null
2021-09-06 18:14:00,701 [http-nio-8081-exec-9] INFO  org.anatkor.controllers.command.LoginCommand- Not enough login data
2021-09-06 18:14:27,340 [http-nio-8081-exec-2] INFO  org.anatkor.controllers.command.LoginCommand- Client '382222222222' is logged in
2021-09-06 18:14:34,493 [http-nio-8081-exec-4] INFO  org.anatkor.controllers.command.LoginCommand- Client '382222222222' is logged in
2021-09-06 18:15:12,035 [http-nio-8081-exec-6] INFO  org.anatkor.controllers.command.AccountCommand- request for a new account by user id=9
2021-09-06 18:15:12,037 [http-nio-8081-exec-6] INFO  org.anatkor.dao.AccountDao- Account 10000000030 is added to DB
2021-09-06 18:15:12,039 [http-nio-8081-exec-6] INFO  org.anatkor.dao.AccountDao- Credit card is added to account id=52
2021-09-06 18:15:12,041 [http-nio-8081-exec-10] INFO  org.anatkor.controllers.command.AccountsCommand- account list requested for user with id= 9
2021-09-06 18:16:31,997 [http-nio-8081-exec-9] INFO  org.anatkor.controllers.command.PaymentsCommand- payments list requested for user with id= 9
