2021-09-11 14:41:58,754 [http-nio-8081-exec-9] INFO  org.anatkor.controllers.command.LoginCommand- Client '383333333333' is logged in
2021-09-11 14:42:00,601 [http-nio-8081-exec-1] INFO  org.anatkor.controllers.command.TransactionsCommand- transactions list requested for user with id= 13
2021-09-11 14:42:07,257 [http-nio-8081-exec-4] INFO  org.anatkor.controllers.command.AccountsCommand- account list requested for user with id= 13
2021-09-11 14:42:09,160 [http-nio-8081-exec-5] INFO  org.anatkor.controllers.command.TransactionsCommand- payments list requested for account10000000018
2021-09-11 14:42:11,687 [http-nio-8081-exec-6] INFO  org.anatkor.controllers.command.TransactionsCommand- payments list requested for account10000000016
2021-09-11 14:42:15,360 [http-nio-8081-exec-7] INFO  org.anatkor.controllers.command.TransactionsCommand- payments list requested for account10000000016
2021-09-11 14:42:25,084 [http-nio-8081-exec-8] INFO  org.anatkor.controllers.command.UserCommand- User 383333333333 profile called
2021-09-11 14:42:27,354 [http-nio-8081-exec-9] INFO  org.anatkor.controllers.command.LogoutCommand- User 383333333333 is Logged out
2021-09-11 14:42:27,357 [http-nio-8081-exec-10] INFO  org.anatkor.controllers.command.LoginCommand- Not enough login data
2021-09-11 14:42:30,005 [http-nio-8081-exec-3] INFO  org.anatkor.controllers.command.LoginCommand- Admin '381111111111' is logged in
2021-09-11 14:42:31,388 [http-nio-8081-exec-4] INFO  org.anatkor.controllers.command.UsersCommand- users list requested
2021-09-11 14:42:32,781 [http-nio-8081-exec-5] INFO  org.anatkor.controllers.command.UserCommand- User 381111111111 profile called
2021-09-11 14:42:36,473 [http-nio-8081-exec-6] INFO  org.anatkor.controllers.command.AccountsCommand- account list requested for user with id= 14
2021-09-11 14:44:39,980 [http-nio-8081-exec-9] INFO  org.anatkor.controllers.command.UserCommand- User 381111111111 profile called
2021-09-11 14:44:41,794 [http-nio-8081-exec-10] INFO  org.anatkor.controllers.command.TransactionsCommand- transactions list requested for user with id= 14
2021-09-11 14:44:48,826 [http-nio-8081-exec-3] INFO  org.anatkor.controllers.command.UsersCommand- users list requested
2021-09-11 14:44:53,831 [http-nio-8081-exec-2] INFO  org.anatkor.controllers.command.UserCommand- User 381111111111 profile called
2021-09-11 14:44:55,752 [http-nio-8081-exec-4] INFO  org.anatkor.controllers.command.TransactionsCommand- transactions list requested for user with id= 42
2021-09-11 14:44:58,037 [http-nio-8081-exec-5] INFO  org.anatkor.controllers.command.TransactionsCommand- transactions list requested for user with id= 42
2021-09-11 14:44:59,429 [http-nio-8081-exec-6] INFO  org.anatkor.controllers.command.TransactionsCommand- transactions list requested for user with id= 42
2021-09-11 14:45:06,141 [http-nio-8081-exec-8] INFO  org.anatkor.controllers.command.TransactionsCommand- transactions list requested for user with id= 42
2021-09-11 14:45:07,034 [http-nio-8081-exec-9] INFO  org.anatkor.controllers.command.TransactionsCommand- transactions list requested for user with id= 42
2021-09-11 14:45:20,595 [http-nio-8081-exec-10] INFO  org.anatkor.controllers.command.TransactionsCommand- transactions list requested for user with id= 42
2021-09-11 14:45:21,878 [http-nio-8081-exec-1] INFO  org.anatkor.controllers.command.TransactionsCommand- transactions list requested for user with id= 42
2021-09-11 14:45:23,760 [http-nio-8081-exec-3] INFO  org.anatkor.controllers.command.AccountsCommand- account list requested by ADMIN
2021-09-11 14:45:25,639 [http-nio-8081-exec-2] INFO  org.anatkor.controllers.command.AccountsCommand- account list requested for user with id= -1
2021-09-11 14:45:26,516 [http-nio-8081-exec-4] INFO  org.anatkor.controllers.command.AccountsCommand- account list requested for user with id= -1
2021-09-11 14:45:27,183 [http-nio-8081-exec-6] INFO  org.anatkor.controllers.command.AccountsCommand- account list requested for user with id= -1
2021-09-11 14:45:27,387 [http-nio-8081-exec-7] INFO  org.anatkor.controllers.command.AccountsCommand- account list requested for user with id= -1
2021-09-11 14:47:43,997 [http-nio-8081-exec-2] WARN  org.anatkor.controllers.command.filter.AdminFilter- Attempt of unauthorized access to the Admin by null
2021-09-11 14:47:44,007 [http-nio-8081-exec-2] INFO  org.anatkor.controllers.command.LoginCommand- Not enough login data
2021-09-11 14:47:47,449 [http-nio-8081-exec-3] INFO  org.anatkor.controllers.command.LoginCommand- Admin '381111111111' is logged in
2021-09-11 14:47:49,241 [http-nio-8081-exec-4] INFO  org.anatkor.controllers.command.AccountsCommand- account list requested by ADMIN
2021-09-11 14:47:50,626 [http-nio-8081-exec-7] INFO  org.anatkor.controllers.command.AccountsCommand- account list requested for user with id= -1
2021-09-11 14:47:51,326 [http-nio-8081-exec-9] INFO  org.anatkor.controllers.command.AccountsCommand- account list requested for user with id= -1
2021-09-11 14:47:52,114 [http-nio-8081-exec-8] INFO  org.anatkor.controllers.command.AccountsCommand- account list requested for user with id= -1
2021-09-11 14:47:54,063 [http-nio-8081-exec-6] INFO  org.anatkor.controllers.command.AccountsCommand- account list requested for user with id= -1
2021-09-11 14:47:56,208 [http-nio-8081-exec-1] INFO  org.anatkor.controllers.command.AccountsCommand- account list requested for user with id= -1
2021-09-11 14:47:58,095 [http-nio-8081-exec-5] INFO  org.anatkor.controllers.command.AccountsCommand- account list requested for user with id= -1
2021-09-11 14:47:58,599 [http-nio-8081-exec-11] INFO  org.anatkor.controllers.command.AccountsCommand- account list requested for user with id= -1
2021-09-11 14:47:58,916 [http-nio-8081-exec-12] INFO  org.anatkor.controllers.command.AccountsCommand- account list requested for user with id= -1
2021-09-11 14:48:03,408 [http-nio-8081-exec-10] INFO  org.anatkor.controllers.command.AccountsCommand- account list requested for user with id= -1
2021-09-11 14:48:03,965 [http-nio-8081-exec-13] INFO  org.anatkor.controllers.command.AccountsCommand- account list requested for user with id= -1
2021-09-11 14:48:04,176 [http-nio-8081-exec-14] INFO  org.anatkor.controllers.command.AccountsCommand- account list requested for user with id= -1
2021-09-11 14:48:05,008 [http-nio-8081-exec-9] INFO  org.anatkor.controllers.command.AccountsCommand- account list requested for user with id= -1
2021-09-11 14:48:05,371 [http-nio-8081-exec-16] INFO  org.anatkor.controllers.command.AccountsCommand- account list requested for user with id= -1
2021-09-11 14:48:05,744 [http-nio-8081-exec-17] INFO  org.anatkor.controllers.command.AccountsCommand- account list requested for user with id= -1
2021-09-11 14:48:08,360 [http-nio-8081-exec-18] INFO  org.anatkor.controllers.command.AccountsCommand- account list requested by ADMIN
2021-09-11 14:48:09,424 [http-nio-8081-exec-11] INFO  org.anatkor.controllers.command.AccountsCommand- account list requested by ADMIN
2021-09-11 14:49:04,243 [http-nio-8081-exec-13] INFO  org.anatkor.controllers.command.AccountsCommand- account list requested for user with id= -1
2021-09-11 14:49:07,708 [http-nio-8081-exec-14] INFO  org.anatkor.controllers.command.AccountsCommand- account list requested for user with id= -1
2021-09-11 14:49:52,895 [http-nio-8081-exec-17] INFO  org.anatkor.controllers.command.LoginCommand- Not enough login data
2021-09-11 14:49:55,475 [http-nio-8081-exec-12] INFO  org.anatkor.controllers.command.LoginCommand- Admin '381111111111' is logged in
2021-09-11 14:49:56,716 [http-nio-8081-exec-16] INFO  org.anatkor.controllers.command.AccountsCommand- account list requested by ADMIN
2021-09-11 14:49:59,172 [http-nio-8081-exec-11] INFO  org.anatkor.controllers.command.AccountsCommand- account list requested for user with id= -1
2021-09-11 14:50:00,372 [http-nio-8081-exec-14] INFO  org.anatkor.controllers.command.AccountsCommand- account list requested for user with id= -1
2021-09-11 14:50:01,317 [http-nio-8081-exec-15] INFO  org.anatkor.controllers.command.AccountsCommand- account list requested for user with id= -1
2021-09-11 14:50:03,117 [http-nio-8081-exec-18] INFO  org.anatkor.controllers.command.AccountsCommand- account list requested for user with id= -1
2021-09-11 14:50:04,129 [http-nio-8081-exec-13] INFO  org.anatkor.controllers.command.AccountsCommand- account list requested for user with id= -1
2021-09-11 14:50:06,233 [http-nio-8081-exec-21] INFO  org.anatkor.controllers.command.AccountsCommand- account list requested for user with id= -1
2021-09-11 14:50:09,942 [http-nio-8081-exec-17] INFO  org.anatkor.controllers.command.AccountsCommand- account list requested for user with id= -1
2021-09-11 14:50:11,473 [http-nio-8081-exec-22] INFO  org.anatkor.controllers.command.AccountsCommand- account list requested for user with id= -1
2021-09-11 14:50:12,391 [http-nio-8081-exec-19] INFO  org.anatkor.controllers.command.AccountsCommand- account list requested for user with id= -1
2021-09-11 14:50:13,885 [http-nio-8081-exec-24] INFO  org.anatkor.controllers.command.AccountsCommand- account list requested for user with id= -1
2021-09-11 14:50:14,594 [http-nio-8081-exec-25] INFO  org.anatkor.controllers.command.AccountsCommand- account list requested for user with id= -1
2021-09-11 14:50:14,942 [http-nio-8081-exec-15] INFO  org.anatkor.controllers.command.AccountsCommand- account list requested for user with id= -1
2021-09-11 14:50:15,165 [http-nio-8081-exec-26] INFO  org.anatkor.controllers.command.AccountsCommand- account list requested for user with id= -1
2021-09-11 14:50:45,453 [http-nio-8081-exec-28] INFO  org.anatkor.controllers.command.AccountsCommand- account list requested for user with id= -1
2021-09-11 14:50:46,285 [http-nio-8081-exec-22] INFO  org.anatkor.controllers.command.AccountsCommand- account list requested for user with id= -1
2021-09-11 14:50:48,386 [http-nio-8081-exec-29] INFO  org.anatkor.controllers.command.AccountsCommand- account list requested for user with id= -1
2021-09-11 14:50:54,510 [http-nio-8081-exec-23] INFO  org.anatkor.controllers.command.AccountsCommand- account list requested for user with id= -1
2021-09-11 14:50:57,407 [http-nio-8081-exec-24] INFO  org.anatkor.controllers.command.AccountsCommand- account list requested for user with id= -1
2021-09-11 14:50:58,195 [http-nio-8081-exec-25] INFO  org.anatkor.controllers.command.AccountsCommand- account list requested for user with id= -1
2021-09-11 14:50:58,391 [http-nio-8081-exec-30] INFO  org.anatkor.controllers.command.AccountsCommand- account list requested for user with id= -1
2021-09-11 14:51:39,231 [http-nio-8081-exec-21] INFO  org.anatkor.controllers.command.AccountsCommand- account list requested by ADMIN
2021-09-11 14:51:41,137 [http-nio-8081-exec-28] INFO  org.anatkor.controllers.command.AccountsCommand- account list requested for user with id= -1
2021-09-11 14:51:41,787 [http-nio-8081-exec-22] INFO  org.anatkor.controllers.command.AccountsCommand- account list requested for user with id= -1
2021-09-11 14:51:42,995 [http-nio-8081-exec-29] INFO  org.anatkor.controllers.command.AccountsCommand- account list requested for user with id= -1
2021-09-11 14:51:43,240 [http-nio-8081-exec-23] INFO  org.anatkor.controllers.command.AccountsCommand- account list requested for user with id= -1
2021-09-11 14:51:46,176 [http-nio-8081-exec-24] INFO  org.anatkor.controllers.command.AccountsCommand- account list requested for user with id= -1
2021-09-11 14:51:46,864 [http-nio-8081-exec-25] INFO  org.anatkor.controllers.command.AccountsCommand- account list requested for user with id= -1
2021-09-11 14:51:47,319 [http-nio-8081-exec-30] INFO  org.anatkor.controllers.command.AccountsCommand- account list requested for user with id= -1
2021-09-11 14:51:50,225 [http-nio-8081-exec-26] INFO  org.anatkor.controllers.command.AccountsCommand- account list requested for user with id= -1
2021-09-11 14:51:51,340 [http-nio-8081-exec-27] INFO  org.anatkor.controllers.command.AccountsCommand- account list requested for user with id= -1
2021-09-11 14:51:52,061 [http-nio-8081-exec-21] INFO  org.anatkor.controllers.command.AccountsCommand- account list requested for user with id= -1
2021-09-11 14:51:52,686 [http-nio-8081-exec-28] INFO  org.anatkor.controllers.command.AccountsCommand- account list requested for user with id= -1
2021-09-11 14:51:53,973 [http-nio-8081-exec-22] INFO  org.anatkor.controllers.command.AccountsCommand- account list requested for user with id= -1
2021-09-11 14:51:54,352 [http-nio-8081-exec-29] INFO  org.anatkor.controllers.command.AccountsCommand- account list requested for user with id= -1
2021-09-11 14:51:54,693 [http-nio-8081-exec-23] INFO  org.anatkor.controllers.command.AccountsCommand- account list requested for user with id= -1
2021-09-11 14:51:58,893 [http-nio-8081-exec-24] INFO  org.anatkor.controllers.command.AccountsCommand- account list requested for user with id= -1
2021-09-11 14:51:59,653 [http-nio-8081-exec-25] INFO  org.anatkor.controllers.command.AccountsCommand- account list requested for user with id= -1
2021-09-11 14:52:00,166 [http-nio-8081-exec-30] INFO  org.anatkor.controllers.command.AccountsCommand- account list requested for user with id= -1
2021-09-11 14:52:00,613 [http-nio-8081-exec-27] INFO  org.anatkor.controllers.command.AccountsCommand- account list requested for user with id= -1
2021-09-11 14:52:05,856 [http-nio-8081-exec-21] INFO  org.anatkor.controllers.command.AccountsCommand- account list requested for user with id= -1
2021-09-11 14:52:06,965 [http-nio-8081-exec-28] INFO  org.anatkor.controllers.command.AccountsCommand- account list requested for user with id= -1
2021-09-11 14:52:07,610 [http-nio-8081-exec-22] INFO  org.anatkor.controllers.command.AccountsCommand- account list requested for user with id= -1
2021-09-11 14:52:08,396 [http-nio-8081-exec-29] INFO  org.anatkor.controllers.command.AccountsCommand- account list requested for user with id= -1
2021-09-11 14:52:12,906 [http-nio-8081-exec-23] INFO  org.anatkor.controllers.command.AccountsCommand- account list requested for user with id= -1
2021-09-11 14:52:14,483 [http-nio-8081-exec-24] INFO  org.anatkor.controllers.command.AccountsCommand- account list requested for user with id= -1
2021-09-11 14:52:15,234 [http-nio-8081-exec-25] INFO  org.anatkor.controllers.command.AccountsCommand- account list requested for user with id= -1
2021-09-11 14:52:15,801 [http-nio-8081-exec-26] INFO  org.anatkor.controllers.command.AccountsCommand- account list requested for user with id= -1
2021-09-11 14:52:29,929 [http-nio-8081-exec-27] INFO  org.anatkor.controllers.command.TransactionsCommand- payments list requested for account10000000032
2021-09-11 14:52:29,930 [http-nio-8081-exec-27] INFO  org.anatkor.controllers.command.TransactionsCommand- transactions list requested by ADMIN
2021-09-11 14:52:49,326 [http-nio-8081-exec-21] INFO  org.anatkor.controllers.command.TransactionsCommand- payments list requested for account10000000032
2021-09-11 14:52:49,327 [http-nio-8081-exec-21] INFO  org.anatkor.controllers.command.TransactionsCommand- transactions list requested by ADMIN
2021-09-11 14:53:01,307 [http-nio-8081-exec-22] INFO  org.anatkor.controllers.command.AccountsCommand- account list requested by ADMIN
2021-09-11 14:53:01,943 [http-nio-8081-exec-29] INFO  org.anatkor.controllers.command.TransactionsCommand- transactions list requested by ADMIN
2021-09-11 14:53:29,323 [http-nio-8081-exec-25] INFO  org.anatkor.controllers.command.TransactionsCommand- transactions list requested by ADMIN
2021-09-11 14:53:31,253 [http-nio-8081-exec-26] INFO  org.anatkor.controllers.command.TransactionsCommand- transactions list requested by ADMIN
2021-09-11 14:53:32,443 [http-nio-8081-exec-30] INFO  org.anatkor.controllers.command.TransactionsCommand- transactions list requested by ADMIN
2021-09-11 14:53:33,443 [http-nio-8081-exec-27] INFO  org.anatkor.controllers.command.TransactionsCommand- transactions list requested by ADMIN
2021-09-11 14:53:34,267 [http-nio-8081-exec-21] INFO  org.anatkor.controllers.command.TransactionsCommand- transactions list requested by ADMIN
2021-09-11 14:53:35,476 [http-nio-8081-exec-28] INFO  org.anatkor.controllers.command.UsersCommand- users list requested
2021-09-11 14:53:37,156 [http-nio-8081-exec-22] INFO  org.anatkor.controllers.command.UserCommand- User 381111111111 profile called
2021-09-11 14:53:39,531 [http-nio-8081-exec-29] INFO  org.anatkor.controllers.command.TransactionsCommand- transactions list requested for user with id= 39
2021-09-11 14:53:46,240 [http-nio-8081-exec-23] INFO  org.anatkor.controllers.command.UsersCommand- users list requested
2021-09-11 14:53:51,453 [http-nio-8081-exec-25] INFO  org.anatkor.controllers.command.UserCommand- User 381111111111 profile called
2021-09-11 14:53:53,237 [http-nio-8081-exec-26] INFO  org.anatkor.controllers.command.TransactionsCommand- transactions list requested for user with id= 42
2021-09-11 14:53:55,666 [http-nio-8081-exec-30] INFO  org.anatkor.controllers.command.TransactionsCommand- transactions list requested for user with id= 42
2021-09-11 14:53:58,338 [http-nio-8081-exec-27] INFO  org.anatkor.controllers.command.TransactionsCommand- transactions list requested for user with id= 42
2021-09-11 14:54:02,186 [http-nio-8081-exec-21] INFO  org.anatkor.controllers.command.TransactionsCommand- transactions list requested for user with id= 42
2021-09-11 14:54:03,510 [http-nio-8081-exec-28] INFO  org.anatkor.controllers.command.TransactionsCommand- transactions list requested for user with id= 42
2021-09-11 14:54:06,758 [http-nio-8081-exec-22] INFO  org.anatkor.controllers.command.TransactionsCommand- transactions list requested for user with id= 42
2021-09-11 14:54:07,855 [http-nio-8081-exec-29] INFO  org.anatkor.controllers.command.TransactionsCommand- transactions list requested for user with id= 42
2021-09-11 14:54:08,586 [http-nio-8081-exec-23] INFO  org.anatkor.controllers.command.TransactionsCommand- transactions list requested by ADMIN
2021-09-11 14:54:11,687 [http-nio-8081-exec-25] INFO  org.anatkor.controllers.command.TransactionsCommand- transactions list requested by ADMIN
2021-09-11 14:54:12,211 [http-nio-8081-exec-26] INFO  org.anatkor.controllers.command.TransactionsCommand- transactions list requested by ADMIN
2021-09-11 14:54:12,600 [http-nio-8081-exec-30] INFO  org.anatkor.controllers.command.TransactionsCommand- transactions list requested by ADMIN
2021-09-11 14:54:13,884 [http-nio-8081-exec-27] INFO  org.anatkor.controllers.command.TransactionsCommand- transactions list requested by ADMIN
2021-09-11 14:54:15,232 [http-nio-8081-exec-21] INFO  org.anatkor.controllers.command.TransactionsCommand- transactions list requested by ADMIN
2021-09-11 14:54:16,128 [http-nio-8081-exec-28] INFO  org.anatkor.controllers.command.TransactionsCommand- transactions list requested by ADMIN
2021-09-11 14:54:20,776 [http-nio-8081-exec-22] INFO  org.anatkor.controllers.command.UsersCommand- users list requested
2021-09-11 14:54:24,500 [http-nio-8081-exec-29] INFO  org.anatkor.controllers.command.AccountsCommand- account list requested for user with id= 42
2021-09-11 14:54:27,745 [http-nio-8081-exec-23] INFO  org.anatkor.controllers.command.TransactionsCommand- payments list requested for account10000000032
2021-09-11 14:54:27,746 [http-nio-8081-exec-23] INFO  org.anatkor.controllers.command.TransactionsCommand- transactions list requested by ADMIN
2021-09-11 14:54:38,122 [http-nio-8081-exec-25] INFO  org.anatkor.controllers.command.LogoutCommand- User 381111111111 is Logged out
2021-09-11 14:54:38,125 [http-nio-8081-exec-26] INFO  org.anatkor.controllers.command.LoginCommand- Not enough login data
2021-09-11 14:54:41,846 [http-nio-8081-exec-30] INFO  org.anatkor.controllers.command.LoginCommand- Client '389999999999' is logged in
2021-09-11 14:54:44,215 [http-nio-8081-exec-21] INFO  org.anatkor.controllers.command.TransactionsCommand- transactions list requested for user with id= 42
2021-09-11 14:54:46,447 [http-nio-8081-exec-28] INFO  org.anatkor.controllers.command.TransactionsCommand- transactions list requested for user with id= 42
2021-09-11 14:54:47,547 [http-nio-8081-exec-22] INFO  org.anatkor.controllers.command.TransactionsCommand- transactions list requested for user with id= 42
2021-09-11 14:54:50,495 [http-nio-8081-exec-23] INFO  org.anatkor.controllers.command.AccountsCommand- account list requested for user with id= 42
2021-09-11 14:54:53,987 [http-nio-8081-exec-24] INFO  org.anatkor.controllers.command.TransactionsCommand- payments list requested for account10000000031
2021-09-11 14:54:58,892 [http-nio-8081-exec-25] INFO  org.anatkor.controllers.command.TransactionsCommand- payments list requested for account10000000031
2021-09-11 14:55:14,755 [http-nio-8081-exec-30] INFO  org.anatkor.controllers.command.TransactionsCommand- payments list requested for account10000000026
2021-09-11 14:55:37,729 [http-nio-8081-exec-28] INFO  org.anatkor.controllers.command.AccountsCommand- account list requested for user with id= 42
2021-09-11 14:55:44,101 [http-nio-8081-exec-22] INFO  org.anatkor.controllers.command.TransactionsCommand- transactions list requested for user with id= 42
2021-09-11 14:55:45,861 [http-nio-8081-exec-29] INFO  org.anatkor.controllers.command.TransactionsCommand- transactions list requested for user with id= 42
2021-09-11 14:55:47,405 [http-nio-8081-exec-23] INFO  org.anatkor.controllers.command.TransactionsCommand- transactions list requested for user with id= 42
2021-09-11 14:55:51,442 [http-nio-8081-exec-24] INFO  org.anatkor.controllers.command.TransactionsCommand- transactions list requested for user with id= 42
2021-09-11 14:55:54,007 [http-nio-8081-exec-25] INFO  org.anatkor.controllers.command.TransactionsCommand- transactions list requested for user with id= 42
2021-09-11 14:55:55,311 [http-nio-8081-exec-26] INFO  org.anatkor.controllers.command.TransactionsCommand- transactions list requested for user with id= 42
2021-09-11 14:55:56,519 [http-nio-8081-exec-30] INFO  org.anatkor.controllers.command.TransactionsCommand- transactions list requested for user with id= 42
2021-09-11 14:56:08,059 [http-nio-8081-exec-28] INFO  org.anatkor.controllers.command.AccountsCommand- account list requested for user with id= 42
2021-09-11 14:56:10,203 [http-nio-8081-exec-22] INFO  org.anatkor.controllers.command.TransactionsCommand- payments list requested for account10000000027
2021-09-11 14:56:12,844 [http-nio-8081-exec-29] INFO  org.anatkor.controllers.command.TransactionsCommand- payments list requested for account10000000031
2021-09-11 14:56:16,516 [http-nio-8081-exec-23] INFO  org.anatkor.controllers.command.TransactionsCommand- payments list requested for account10000000024
2021-09-11 14:56:19,121 [http-nio-8081-exec-24] INFO  org.anatkor.controllers.command.TransactionsCommand- payments list requested for account10000000024
2021-09-11 14:56:35,952 [http-nio-8081-exec-26] INFO  org.anatkor.controllers.command.TransactionsCommand- payments list requested for account10000000024
2021-09-11 14:56:40,336 [http-nio-8081-exec-30] INFO  org.anatkor.controllers.command.TransactionsCommand- payments list requested for account10000000024
2021-09-11 14:56:49,399 [http-nio-8081-exec-21] INFO  org.anatkor.controllers.command.LogoutCommand- User 389999999999 is Logged out
2021-09-11 14:56:49,402 [http-nio-8081-exec-28] INFO  org.anatkor.controllers.command.LoginCommand- Not enough login data
2021-09-11 14:56:51,722 [http-nio-8081-exec-22] INFO  org.anatkor.controllers.command.LoginCommand- Admin '381111111111' is logged in
2021-09-11 14:56:53,403 [http-nio-8081-exec-23] INFO  org.anatkor.controllers.command.AccountsCommand- account list requested by ADMIN
2021-09-11 14:56:58,157 [http-nio-8081-exec-25] INFO  org.anatkor.controllers.command.TransactionsCommand- payments list requested for account10000000034
2021-09-11 14:56:58,158 [http-nio-8081-exec-25] INFO  org.anatkor.controllers.command.TransactionsCommand- transactions list requested by ADMIN
2021-09-11 14:57:34,677 [http-nio-8081-exec-27] INFO  org.anatkor.controllers.command.AccountsCommand- account list requested by ADMIN
2021-09-11 14:57:40,918 [http-nio-8081-exec-21] INFO  org.anatkor.controllers.command.TransactionsCommand- payments list requested for account10000000032
2021-09-11 14:59:10,674 [http-nio-8081-exec-21] INFO  org.anatkor.controllers.command.TransactionsCommand- transactions list requested by ADMIN
2021-09-11 14:59:50,596 [http-nio-8081-exec-28] WARN  org.anatkor.controllers.command.filter.AdminFilter- Attempt of unauthorized access to the Admin by null
2021-09-11 14:59:50,605 [http-nio-8081-exec-28] INFO  org.anatkor.controllers.command.LoginCommand- Not enough login data
2021-09-11 14:59:53,346 [http-nio-8081-exec-22] INFO  org.anatkor.controllers.command.LoginCommand- Admin '381111111111' is logged in
2021-09-11 14:59:57,146 [http-nio-8081-exec-27] INFO  org.anatkor.controllers.command.AccountsCommand- account list requested by ADMIN
2021-09-11 14:59:59,540 [http-nio-8081-exec-24] INFO  org.anatkor.controllers.command.TransactionsCommand- payments list requested for account10000000001
2021-09-11 15:00:04,857 [http-nio-8081-exec-21] INFO  org.anatkor.controllers.command.TransactionsCommand- payments list requested for account10000000001
2021-09-11 15:00:11,517 [http-nio-8081-exec-25] INFO  org.anatkor.controllers.command.TransactionsCommand- payments list requested for account10000000001
2021-09-11 15:00:14,994 [http-nio-8081-exec-26] INFO  org.anatkor.controllers.command.UsersCommand- users list requested
2021-09-11 15:00:17,369 [http-nio-8081-exec-29] INFO  org.anatkor.controllers.command.AccountsCommand- account list requested for user with id= 8
2021-09-11 15:01:40,246 [http-nio-8081-exec-33] INFO  org.anatkor.controllers.command.AccountsCommand- account list requested for user with id= 8
2021-09-11 15:01:55,476 [http-nio-8081-exec-34] INFO  org.anatkor.controllers.command.AccountsCommand- account list requested for user with id= 8
2021-09-11 15:01:57,891 [http-nio-8081-exec-36] INFO  org.anatkor.controllers.command.AccountsCommand- account list requested for user with id= 8
2021-09-11 15:01:59,535 [http-nio-8081-exec-38] INFO  org.anatkor.controllers.command.AccountsCommand- account list requested for user with id= 8
2021-09-11 15:02:00,166 [http-nio-8081-exec-32] INFO  org.anatkor.controllers.command.AccountsCommand- account list requested for user with id= 8
2021-09-11 15:02:01,448 [http-nio-8081-exec-40] INFO  org.anatkor.controllers.command.UsersCommand- users list requested
2021-09-11 15:02:02,584 [http-nio-8081-exec-33] INFO  org.anatkor.controllers.command.UserCommand- User 381111111111 profile called
2021-09-11 15:03:52,152 [http-nio-8081-exec-36] INFO  org.anatkor.controllers.command.UsersCommand- users list requested
2021-09-11 15:03:53,673 [http-nio-8081-exec-37] INFO  org.anatkor.controllers.command.UserCommand- User 381111111111 profile called
2021-09-11 15:03:54,885 [http-nio-8081-exec-38] INFO  org.anatkor.controllers.command.TransactionsCommand- transactions list requested for user with id= 59
2021-09-11 15:04:27,196 [http-nio-8081-exec-35] INFO  org.anatkor.controllers.command.LoginCommand- Not enough login data
2021-09-11 15:04:30,521 [http-nio-8081-exec-37] INFO  org.anatkor.controllers.command.LoginCommand- Admin '381111111111' is logged in
2021-09-11 15:04:32,720 [http-nio-8081-exec-40] INFO  org.anatkor.controllers.command.UsersCommand- users list requested
2021-09-11 15:05:41,418 [http-nio-8081-exec-46] WARN  org.anatkor.controllers.command.filter.AdminFilter- Attempt of unauthorized access to the Admin by null
2021-09-11 15:05:41,431 [http-nio-8081-exec-46] INFO  org.anatkor.controllers.command.LoginCommand- Not enough login data
2021-09-11 15:05:43,908 [http-nio-8081-exec-41] INFO  org.anatkor.controllers.command.LoginCommand- Admin '381111111111' is logged in
2021-09-11 15:06:12,383 [http-nio-8081-exec-49] INFO  org.anatkor.controllers.command.UsersCommand- users list requested
2021-09-11 15:06:14,686 [http-nio-8081-exec-50] INFO  org.anatkor.controllers.command.UsersCommand- users list requested
2021-09-11 15:06:17,703 [http-nio-8081-exec-52] INFO  org.anatkor.controllers.command.UsersCommand- users list requested
2021-09-11 15:06:18,238 [http-nio-8081-exec-53] INFO  org.anatkor.controllers.command.UsersCommand- users list requested
2021-09-11 15:06:18,798 [http-nio-8081-exec-54] INFO  org.anatkor.controllers.command.UsersCommand- users list requested
2021-09-11 15:06:19,286 [http-nio-8081-exec-56] INFO  org.anatkor.controllers.command.UsersCommand- users list requested
2021-09-11 15:06:19,854 [http-nio-8081-exec-50] INFO  org.anatkor.controllers.command.UsersCommand- users list requested
2021-09-11 15:06:20,335 [http-nio-8081-exec-52] INFO  org.anatkor.controllers.command.UsersCommand- users list requested
2021-09-11 15:06:21,710 [http-nio-8081-exec-53] INFO  org.anatkor.controllers.command.UsersCommand- users list requested
2021-09-11 15:06:22,211 [http-nio-8081-exec-54] INFO  org.anatkor.controllers.command.UsersCommand- users list requested
2021-09-11 15:06:22,886 [http-nio-8081-exec-56] INFO  org.anatkor.controllers.command.UsersCommand- users list requested
2021-09-11 15:06:23,400 [http-nio-8081-exec-59] INFO  org.anatkor.controllers.command.UsersCommand- users list requested
2021-09-11 15:06:30,365 [http-nio-8081-exec-51] INFO  org.anatkor.controllers.command.UsersCommand- users list requested
2021-09-11 15:06:32,165 [http-nio-8081-exec-52] INFO  org.anatkor.controllers.command.UsersCommand- users list requested
2021-09-11 15:06:33,121 [http-nio-8081-exec-58] INFO  org.anatkor.controllers.command.UsersCommand- users list requested
2021-09-11 15:06:33,878 [http-nio-8081-exec-60] INFO  org.anatkor.controllers.command.UsersCommand- users list requested
2021-09-11 15:06:34,411 [http-nio-8081-exec-54] INFO  org.anatkor.controllers.command.UsersCommand- users list requested
2021-09-11 15:06:35,422 [http-nio-8081-exec-55] INFO  org.anatkor.controllers.command.UsersCommand- users list requested
2021-09-11 15:06:35,974 [http-nio-8081-exec-56] INFO  org.anatkor.controllers.command.UsersCommand- users list requested
2021-09-11 15:06:37,838 [http-nio-8081-exec-57] INFO  org.anatkor.controllers.command.UserCommand- User 381111111111 profile called
2021-09-11 15:06:43,015 [http-nio-8081-exec-59] INFO  org.anatkor.controllers.command.UserCommand- User 381111111111 profile called
2021-09-11 15:06:43,018 [http-nio-8081-exec-59] INFO  org.anatkor.dao.UserDao- Status of user with phone=387777777777 is updated to false
2021-09-11 15:06:43,021 [http-nio-8081-exec-51] INFO  org.anatkor.controllers.command.UserCommand- User 381111111111 profile called
2021-09-11 15:06:44,718 [http-nio-8081-exec-52] INFO  org.anatkor.controllers.command.TransactionsCommand- transactions list requested for user with id= 40
2021-09-11 15:06:47,375 [http-nio-8081-exec-53] INFO  org.anatkor.controllers.command.AccountsCommand- account list requested for user with id= 40
2021-09-11 15:06:51,604 [http-nio-8081-exec-58] INFO  org.anatkor.controllers.command.UsersCommand- users list requested
2021-09-11 15:06:53,500 [http-nio-8081-exec-60] INFO  org.anatkor.controllers.command.UsersCommand- users list requested
2021-09-11 15:07:42,044 [http-nio-8081-exec-56] INFO  org.anatkor.controllers.command.LogoutCommand- User 381111111111 is Logged out
2021-09-11 15:07:42,047 [http-nio-8081-exec-57] INFO  org.anatkor.controllers.command.LoginCommand- Not enough login data
2021-09-11 15:07:45,300 [http-nio-8081-exec-59] INFO  org.anatkor.controllers.command.LoginCommand- Client '382222222222' is logged in
2021-09-11 15:07:48,274 [http-nio-8081-exec-52] INFO  org.anatkor.controllers.command.AccountsCommand- account list requested for user with id= 9
2021-09-11 15:08:00,633 [http-nio-8081-exec-58] INFO  org.anatkor.controllers.command.AccountsCommand- account list requested for user with id= 42
2021-09-11 15:14:46,122 [http-nio-8081-exec-57] INFO  org.anatkor.controllers.command.TransactionsCommand- transactions list requested for user with id= 9
2021-09-11 15:14:49,723 [http-nio-8081-exec-59] INFO  org.anatkor.controllers.command.TransactionsCommand- transactions list requested for user with id= 9
2021-09-11 15:15:03,699 [http-nio-8081-exec-52] INFO  org.anatkor.controllers.command.AccountsCommand- account list requested for user with id= 9
2021-09-11 15:15:10,157 [http-nio-8081-exec-53] INFO  org.anatkor.controllers.command.AccountsCommand- account list requested for user with id= 9
2021-09-11 15:15:15,569 [http-nio-8081-exec-58] INFO  org.anatkor.controllers.command.AccountsCommand- account list requested for user with id= 9
2021-09-11 15:15:17,093 [http-nio-8081-exec-60] INFO  org.anatkor.controllers.command.AccountsCommand- account list requested for user with id= 9
2021-09-11 15:15:18,196 [http-nio-8081-exec-54] INFO  org.anatkor.controllers.command.AccountsCommand- account list requested for user with id= 9
2021-09-11 15:15:24,809 [http-nio-8081-exec-56] INFO  org.anatkor.controllers.command.AccountsCommand- account list requested for user with id= 42
2021-09-11 15:15:38,792 [http-nio-8081-exec-59] INFO  org.anatkor.controllers.command.TransactionsCommand- transactions list requested for user with id= 9
2021-09-11 15:21:06,608 [http-nio-8081-exec-59] INFO  org.anatkor.controllers.command.LoginCommand- Client '382222222222' is logged in
2021-09-11 15:26:33,370 [http-nio-8081-exec-70] INFO  org.anatkor.controllers.command.LoginCommand- Admin '381111111111' is logged in
2021-09-11 15:26:36,598 [http-nio-8081-exec-67] INFO  org.anatkor.controllers.command.UsersCommand- users list requested
2021-09-11 15:26:38,190 [http-nio-8081-exec-64] INFO  org.anatkor.controllers.command.UserCommand- User 381111111111 profile called
2021-09-11 15:26:43,447 [http-nio-8081-exec-61] INFO  org.anatkor.controllers.command.AccountsCommand- account list requested for user with id= 9
2021-09-11 15:27:00,561 [http-nio-8081-exec-66] INFO  org.anatkor.controllers.command.LogoutCommand- User 381111111111 is Logged out
2021-09-11 15:27:00,565 [http-nio-8081-exec-62] INFO  org.anatkor.controllers.command.LoginCommand- Not enough login data
2021-09-11 15:27:02,840 [http-nio-8081-exec-69] INFO  org.anatkor.controllers.command.LoginCommand- Client '382222222222' is logged in
2021-09-11 15:28:18,777 [http-nio-8081-exec-75] INFO  org.anatkor.controllers.command.LoginCommand- Client '382222222222' is logged in
2021-09-11 15:30:58,523 [http-nio-8081-exec-83] INFO  org.anatkor.controllers.command.LoginCommand- Client '382222222222' is logged in
2021-09-11 15:31:07,684 [http-nio-8081-exec-89] INFO  org.anatkor.controllers.command.TransactionsCommand- transactions list requested for user with id= 9
2021-09-11 15:31:09,573 [http-nio-8081-exec-82] INFO  org.anatkor.controllers.command.TransactionsCommand- transactions list requested for user with id= 9
2021-09-11 15:31:11,347 [http-nio-8081-exec-72] INFO  org.anatkor.controllers.command.TransactionsCommand- transactions list requested for user with id= 9
2021-09-11 15:31:12,352 [http-nio-8081-exec-85] INFO  org.anatkor.controllers.command.TransactionsCommand- transactions list requested for user with id= 9
2021-09-11 15:31:13,892 [http-nio-8081-exec-88] INFO  org.anatkor.controllers.command.TransactionsCommand- transactions list requested for user with id= 9
2021-09-11 15:31:14,577 [http-nio-8081-exec-87] INFO  org.anatkor.controllers.command.TransactionsCommand- transactions list requested for user with id= 9
2021-09-11 15:31:15,220 [http-nio-8081-exec-90] INFO  org.anatkor.controllers.command.TransactionsCommand- transactions list requested for user with id= 9
2021-09-11 15:31:15,861 [http-nio-8081-exec-91] INFO  org.anatkor.controllers.command.TransactionsCommand- transactions list requested for user with id= 9
2021-09-11 15:31:16,476 [http-nio-8081-exec-92] INFO  org.anatkor.controllers.command.TransactionsCommand- transactions list requested for user with id= 9
2021-09-11 15:31:17,164 [http-nio-8081-exec-93] INFO  org.anatkor.controllers.command.TransactionsCommand- transactions list requested for user with id= 9
2021-09-11 15:31:18,477 [http-nio-8081-exec-94] INFO  org.anatkor.controllers.command.TransactionsCommand- transactions list requested for user with id= 9
2021-09-11 15:31:19,336 [http-nio-8081-exec-95] INFO  org.anatkor.controllers.command.TransactionsCommand- transactions list requested for user with id= 9
2021-09-11 15:31:20,244 [http-nio-8081-exec-96] INFO  org.anatkor.controllers.command.TransactionsCommand- transactions list requested for user with id= 9
2021-09-11 15:31:21,693 [http-nio-8081-exec-97] INFO  org.anatkor.controllers.command.TransactionsCommand- transactions list requested for user with id= 9
2021-09-11 15:31:28,776 [http-nio-8081-exec-87] INFO  org.anatkor.controllers.command.TransactionsCommand- transactions list requested for user with id= 9
2021-09-11 15:31:29,941 [http-nio-8081-exec-90] INFO  org.anatkor.controllers.command.TransactionsCommand- transactions list requested for user with id= 9
2021-09-11 15:31:31,749 [http-nio-8081-exec-98] INFO  org.anatkor.controllers.command.TransactionsCommand- transactions list requested for user with id= 9
2021-09-11 15:31:33,117 [http-nio-8081-exec-91] INFO  org.anatkor.controllers.command.TransactionsCommand- transactions list requested for user with id= 9
2021-09-11 15:31:44,168 [http-nio-8081-exec-93] INFO  org.anatkor.controllers.command.TransactionsCommand- transactions list requested for user with id= 9
2021-09-11 15:31:51,212 [http-nio-8081-exec-94] INFO  org.anatkor.controllers.command.TransactionsCommand- transactions list requested for user with id= 9
2021-09-11 15:31:59,120 [http-nio-8081-exec-95] INFO  org.anatkor.controllers.command.TransactionsCommand- transactions list requested for user with id= 9
2021-09-11 15:32:07,735 [http-nio-8081-exec-97] INFO  org.anatkor.controllers.command.TransactionsCommand- transactions list requested for user with id= 9
2021-09-11 15:32:16,395 [http-nio-8081-exec-99] INFO  org.anatkor.controllers.command.TransactionsCommand- transactions list requested for user with id= 9
2021-09-11 15:32:21,219 [http-nio-8081-exec-90] INFO  org.anatkor.controllers.command.TransactionsCommand- transactions list requested for user with id= 9
2021-09-11 15:32:22,076 [http-nio-8081-exec-98] INFO  org.anatkor.controllers.command.TransactionsCommand- transactions list requested for user with id= 9
2021-09-11 15:32:22,920 [http-nio-8081-exec-91] INFO  org.anatkor.controllers.command.TransactionsCommand- transactions list requested for user with id= 9
2021-09-11 15:32:23,499 [http-nio-8081-exec-92] INFO  org.anatkor.controllers.command.TransactionsCommand- transactions list requested for user with id= 9
2021-09-11 15:32:24,871 [http-nio-8081-exec-94] INFO  org.anatkor.controllers.command.TransactionsCommand- transactions list requested for user with id= 9
2021-09-11 15:32:25,835 [http-nio-8081-exec-95] INFO  org.anatkor.controllers.command.TransactionsCommand- transactions list requested for user with id= 9
2021-09-11 15:32:33,396 [http-nio-8081-exec-96] INFO  org.anatkor.controllers.command.TransactionsCommand- transactions list requested for user with id= 9
2021-09-11 15:32:34,692 [http-nio-8081-exec-97] INFO  org.anatkor.controllers.command.TransactionsCommand- transactions list requested for user with id= 9
2021-09-11 15:32:35,396 [http-nio-8081-exec-99] INFO  org.anatkor.controllers.command.TransactionsCommand- transactions list requested for user with id= 9
2021-09-11 15:32:36,021 [http-nio-8081-exec-90] INFO  org.anatkor.controllers.command.TransactionsCommand- transactions list requested for user with id= 9
2021-09-11 15:32:36,464 [http-nio-8081-exec-98] INFO  org.anatkor.controllers.command.TransactionsCommand- transactions list requested for user with id= 9
2021-09-11 15:32:37,760 [http-nio-8081-exec-91] INFO  org.anatkor.controllers.command.TransactionsCommand- transactions list requested for user with id= 9
2021-09-11 15:32:38,381 [http-nio-8081-exec-92] INFO  org.anatkor.controllers.command.TransactionsCommand- transactions list requested for user with id= 9
2021-09-11 15:32:38,869 [http-nio-8081-exec-93] INFO  org.anatkor.controllers.command.TransactionsCommand- transactions list requested for user with id= 9
2021-09-11 15:32:49,643 [http-nio-8081-exec-96] INFO  org.anatkor.controllers.command.TransactionsCommand- transactions list requested for user with id= 9
2021-09-11 15:33:00,641 [http-nio-8081-exec-99] INFO  org.anatkor.controllers.command.LoginCommand- Not enough login data
2021-09-11 15:33:15,586 [http-nio-8081-exec-92] INFO  org.anatkor.controllers.command.AccountsCommand- account list requested for user with id= 9
2021-09-11 15:33:27,018 [http-nio-8081-exec-94] INFO  org.anatkor.controllers.command.LoginCommand- Not enough login data
2021-09-11 15:33:37,408 [http-nio-8081-exec-97] INFO  org.anatkor.controllers.command.TransactionsCommand- transactions list requested for user with id= 9
2021-09-11 15:33:45,081 [http-nio-8081-exec-99] INFO  org.anatkor.controllers.command.TransactionsCommand- transactions list requested for user with id= 9
2021-09-11 15:33:56,437 [http-nio-8081-exec-91] INFO  org.anatkor.controllers.command.LoginCommand- Not enough login data
2021-09-11 15:34:08,225 [http-nio-8081-exec-93] INFO  org.anatkor.controllers.command.AccountsCommand- account list requested for user with id= 9
2021-09-11 15:34:13,856 [http-nio-8081-exec-94] INFO  org.anatkor.controllers.command.TransactionsCommand- payments list requested for account10000000005
2021-09-11 15:34:23,416 [http-nio-8081-exec-96] INFO  org.anatkor.controllers.command.TransactionsCommand- payments list requested for account10000000005
2021-09-11 15:34:28,080 [http-nio-8081-exec-97] INFO  org.anatkor.controllers.command.TransactionsCommand- payments list requested for account10000000003
2021-09-11 15:34:34,393 [http-nio-8081-exec-99] INFO  org.anatkor.controllers.command.TransactionsCommand- payments list requested for account10000000042
2021-09-11 15:34:41,928 [http-nio-8081-exec-98] INFO  org.anatkor.controllers.command.TransactionsCommand- payments list requested for account10000000024
2021-09-11 15:34:52,636 [http-nio-8081-exec-93] INFO  org.anatkor.controllers.command.TransactionsCommand- transactions list requested for user with id= 9
2021-09-11 15:35:17,667 [http-nio-8081-exec-97] INFO  org.anatkor.controllers.command.AccountsCommand- account list requested for user with id= 9
2021-09-11 15:35:21,987 [http-nio-8081-exec-99] INFO  org.anatkor.controllers.command.AccountsCommand- account list requested for user with id= 9
2021-09-11 15:35:24,351 [http-nio-8081-exec-90] INFO  org.anatkor.controllers.command.AccountsCommand- account list requested for user with id= 9
2021-09-11 15:35:25,054 [http-nio-8081-exec-98] INFO  org.anatkor.controllers.command.AccountsCommand- account list requested for user with id= 9
2021-09-11 15:35:25,686 [http-nio-8081-exec-91] INFO  org.anatkor.controllers.command.AccountsCommand- account list requested for user with id= 9
2021-09-11 15:35:26,206 [http-nio-8081-exec-92] INFO  org.anatkor.controllers.command.AccountsCommand- account list requested for user with id= 9
2021-09-11 15:35:26,682 [http-nio-8081-exec-93] INFO  org.anatkor.controllers.command.AccountsCommand- account list requested for user with id= 9
2021-09-11 15:35:27,143 [http-nio-8081-exec-94] INFO  org.anatkor.controllers.command.AccountsCommand- account list requested for user with id= 9
2021-09-11 15:35:27,612 [http-nio-8081-exec-95] INFO  org.anatkor.controllers.command.AccountsCommand- account list requested for user with id= 9
2021-09-11 15:35:28,050 [http-nio-8081-exec-96] INFO  org.anatkor.controllers.command.AccountsCommand- account list requested for user with id= 9
2021-09-11 15:35:28,559 [http-nio-8081-exec-97] INFO  org.anatkor.controllers.command.AccountsCommand- account list requested for user with id= 9
2021-09-11 15:35:28,902 [http-nio-8081-exec-99] INFO  org.anatkor.controllers.command.AccountsCommand- account list requested for user with id= 9
2021-09-11 15:35:29,880 [http-nio-8081-exec-90] INFO  org.anatkor.controllers.command.AccountsCommand- account list requested for user with id= 9
2021-09-11 15:35:30,351 [http-nio-8081-exec-98] INFO  org.anatkor.controllers.command.AccountsCommand- account list requested for user with id= 9
2021-09-11 15:35:51,299 [http-nio-8081-exec-93] INFO  org.anatkor.controllers.command.AccountsCommand- account list requested for user with id= 9
2021-09-11 15:35:57,986 [http-nio-8081-exec-94] INFO  org.anatkor.controllers.command.AccountsCommand- account list requested for user with id= 9
2021-09-11 15:36:21,511 [http-nio-8081-exec-96] INFO  org.anatkor.controllers.command.AccountsCommand- account list requested for user with id= 9
2021-09-11 15:38:48,548 [http-nio-8081-exec-90] INFO  org.anatkor.controllers.command.LoginCommand- Client '382222222222' is logged in
2021-09-11 15:41:41,296 [http-nio-8081-exec-104] INFO  org.anatkor.controllers.command.LoginCommand- Not enough login data
2021-09-11 15:41:49,500 [http-nio-8081-exec-102] INFO  org.anatkor.controllers.command.LoginCommand- Client '382222222222' is logged in
2021-09-11 15:41:51,039 [http-nio-8081-exec-105] INFO  org.anatkor.controllers.command.TransactionsCommand- transactions list requested for user with id= 9
2021-09-11 15:42:19,476 [http-nio-8081-exec-108] INFO  org.anatkor.controllers.command.LoginCommand- Not enough login data
2021-09-11 15:42:21,888 [http-nio-8081-exec-109] INFO  org.anatkor.controllers.command.LoginCommand- Not enough login data
2021-09-11 15:42:24,516 [http-nio-8081-exec-110] INFO  org.anatkor.controllers.command.AccountsCommand- account list requested for user with id= 9
2021-09-11 15:42:26,837 [http-nio-8081-exec-103] INFO  org.anatkor.controllers.command.TransactionsCommand- payments list requested for account10000000003
2021-09-11 15:42:32,320 [http-nio-8081-exec-111] INFO  org.anatkor.controllers.command.AccountsCommand- account list requested for user with id= 9
2021-09-11 15:42:41,825 [http-nio-8081-exec-114] INFO  org.anatkor.controllers.command.LoginCommand- Not enough login data
2021-09-11 15:43:40,999 [http-nio-8081-exec-116] INFO  org.anatkor.controllers.command.AccountsCommand- account list requested for user with id= 9
2021-09-11 15:43:49,598 [http-nio-8081-exec-110] INFO  org.anatkor.controllers.command.TransactionsCommand- payments list requested for account10000000004
2021-09-11 15:43:59,527 [http-nio-8081-exec-111] INFO  org.anatkor.controllers.command.TransactionsCommand- payments list requested for account10000000024
2021-09-11 15:44:22,625 [http-nio-8081-exec-114] INFO  org.anatkor.controllers.command.TransactionsCommand- payments list requested for account10000000024
2021-09-11 15:46:26,984 [http-nio-8081-exec-116] INFO  org.anatkor.controllers.command.AccountsCommand- account list requested for user with id= 9
2021-09-11 16:22:15,574 [http-nio-8081-exec-112] INFO  org.anatkor.controllers.command.LoginCommand- Not enough login data
2021-09-11 16:22:18,006 [http-nio-8081-exec-113] INFO  org.anatkor.controllers.command.LoginCommand- Admin '381111111111' is logged in
2021-09-11 16:22:19,344 [http-nio-8081-exec-118] INFO  org.anatkor.controllers.command.UsersCommand- users list requested
2021-09-11 16:22:20,155 [http-nio-8081-exec-115] INFO  org.anatkor.controllers.command.AccountsCommand- account list requested by ADMIN
2021-09-11 16:22:21,023 [http-nio-8081-exec-109] INFO  org.anatkor.controllers.command.TransactionsCommand- transactions list requested by ADMIN
2021-09-11 16:24:55,163 [http-nio-8081-exec-114] WARN  org.anatkor.controllers.command.filter.AdminFilter- Attempt of unauthorized access to the Admin by null
2021-09-11 16:24:55,172 [http-nio-8081-exec-114] INFO  org.anatkor.controllers.command.LoginCommand- Not enough login data
2021-09-11 16:24:57,893 [http-nio-8081-exec-117] INFO  org.anatkor.controllers.command.LoginCommand- Client '382222222222' is logged in
2021-09-11 16:25:11,626 [http-nio-8081-exec-109] INFO  org.anatkor.controllers.command.TransactionsCommand- transactions list requested for user with id= 9
2021-09-11 16:25:20,630 [http-nio-8081-exec-113] INFO  org.anatkor.controllers.command.AccountsCommand- account list requested for user with id= 9
2021-09-11 16:25:47,973 [http-nio-8081-exec-116] INFO  org.anatkor.controllers.command.TransactionsCommand- transactions list requested for user with id= 9
2021-09-11 16:25:50,945 [http-nio-8081-exec-122] INFO  org.anatkor.controllers.command.AccountsCommand- account list requested for user with id= 9
2021-09-11 16:26:49,182 [http-nio-8081-exec-126] INFO  org.anatkor.controllers.command.LogoutCommand- User 382222222222 is Logged out
2021-09-11 16:26:49,185 [http-nio-8081-exec-119] INFO  org.anatkor.controllers.command.LoginCommand- Not enough login data
2021-09-11 16:28:18,328 [http-nio-8081-exec-120] INFO  org.anatkor.controllers.command.LoginCommand- Client '382222222222' is logged in
2021-09-11 16:28:20,040 [http-nio-8081-exec-122] INFO  org.anatkor.controllers.command.LogoutCommand- User 382222222222 is Logged out
2021-09-11 16:28:20,043 [http-nio-8081-exec-124] INFO  org.anatkor.controllers.command.LoginCommand- Not enough login data
2021-09-11 16:28:59,772 [http-nio-8081-exec-123] INFO  org.anatkor.controllers.command.LoginCommand- Client '382222222222' is logged in
2021-09-11 16:29:01,665 [http-nio-8081-exec-125] INFO  org.anatkor.controllers.command.LoginCommand- Client '382222222222' is logged in
2021-09-11 16:29:24,707 [http-nio-8081-exec-123] INFO  org.anatkor.controllers.command.LoginCommand- Not enough login data
2021-09-11 16:29:35,796 [http-nio-8081-exec-125] INFO  org.anatkor.controllers.command.LoginCommand- Client '382222222222' is logged in
2021-09-11 16:29:40,178 [http-nio-8081-exec-119] INFO  org.anatkor.controllers.command.AccountsCommand- account list requested for user with id= 9
2021-09-11 16:30:07,274 [http-nio-8081-exec-128] INFO  org.anatkor.controllers.command.TransactionsCommand- payments list requested for account10000000001
2021-09-11 16:30:15,386 [http-nio-8081-exec-130] INFO  org.anatkor.controllers.command.TransactionsCommand- transactions list requested for user with id= 9
2021-09-11 16:30:29,799 [http-nio-8081-exec-132] INFO  org.anatkor.controllers.command.AccountsCommand- account list requested for user with id= 9
2021-09-11 16:30:34,532 [http-nio-8081-exec-133] INFO  org.anatkor.controllers.command.TransactionsCommand- payments list requested for account10000000005
2021-09-11 16:30:50,457 [http-nio-8081-exec-135] INFO  org.anatkor.controllers.command.LoginCommand- Not enough login data
2021-09-11 16:31:19,852 [http-nio-8081-exec-131] INFO  org.anatkor.controllers.command.TransactionsCommand- transactions list requested for user with id= 9
2021-09-11 16:31:26,324 [http-nio-8081-exec-137] INFO  org.anatkor.controllers.command.TransactionsCommand- transactions list requested for user with id= 9
2021-09-11 16:31:32,917 [http-nio-8081-exec-132] INFO  org.anatkor.controllers.command.AccountsCommand- account list requested for user with id= 9
2021-09-11 16:32:10,906 [http-nio-8081-exec-129] INFO  org.anatkor.controllers.command.AccountsCommand- account list requested for user with id= 9
2021-09-11 16:32:14,661 [http-nio-8081-exec-136] INFO  org.anatkor.controllers.command.AccountsCommand- account list requested for user with id= 9
2021-09-11 16:32:22,740 [http-nio-8081-exec-131] INFO  org.anatkor.controllers.command.TransactionsCommand- payments list requested for account10000000021
2021-09-11 16:32:28,887 [http-nio-8081-exec-132] INFO  org.anatkor.controllers.command.AccountsCommand- account list requested for user with id= 9
2021-09-11 16:32:32,728 [http-nio-8081-exec-133] INFO  org.anatkor.controllers.command.TransactionsCommand- payments list requested for account10000000003
2021-09-11 16:32:39,751 [http-nio-8081-exec-135] INFO  org.anatkor.controllers.command.AccountsCommand- account list requested for user with id= 9
2021-09-11 16:32:43,658 [http-nio-8081-exec-129] INFO  org.anatkor.controllers.command.TransactionsCommand- payments list requested for account10000000003
2021-09-11 16:32:54,438 [http-nio-8081-exec-136] INFO  org.anatkor.controllers.command.TransactionsCommand- transactions list requested for user with id= 9
2021-09-11 16:33:03,543 [http-nio-8081-exec-137] INFO  org.anatkor.controllers.command.TransactionsCommand- transactions list requested for user with id= 9
2021-09-11 16:33:10,023 [http-nio-8081-exec-132] INFO  org.anatkor.controllers.command.AccountsCommand- account list requested for user with id= 9
2021-09-11 16:33:13,866 [http-nio-8081-exec-138] INFO  org.anatkor.controllers.command.TransactionsCommand- payments list requested for account10000000004
2021-09-11 16:33:26,109 [http-nio-8081-exec-134] INFO  org.anatkor.controllers.command.LogoutCommand- User 382222222222 is Logged out
2021-09-11 16:33:26,113 [http-nio-8081-exec-135] INFO  org.anatkor.controllers.command.LoginCommand- Not enough login data
2021-09-11 16:33:33,287 [http-nio-8081-exec-129] INFO  org.anatkor.controllers.command.LoginCommand- Admin '381111111111' is logged in
2021-09-11 16:33:38,116 [http-nio-8081-exec-136] INFO  org.anatkor.controllers.command.AccountsCommand- account list requested by ADMIN
2021-09-11 16:33:51,915 [http-nio-8081-exec-131] INFO  org.anatkor.controllers.command.TransactionsCommand- payments list requested for account10000000004
2021-09-11 16:33:58,990 [http-nio-8081-exec-132] INFO  org.anatkor.controllers.command.UsersCommand- users list requested
2021-09-11 16:34:08,323 [http-nio-8081-exec-138] INFO  org.anatkor.controllers.command.AccountsCommand- account list requested for user with id= 59
2021-09-11 16:34:17,121 [http-nio-8081-exec-133] INFO  org.anatkor.controllers.command.UsersCommand- users list requested
2021-09-11 16:34:22,796 [http-nio-8081-exec-135] INFO  org.anatkor.controllers.command.AccountsCommand- account list requested for user with id= 42
2021-09-11 16:34:32,858 [http-nio-8081-exec-129] INFO  org.anatkor.controllers.command.TransactionsCommand- payments list requested for account10000000025
2021-09-11 16:34:54,264 [http-nio-8081-exec-136] INFO  org.anatkor.controllers.command.TransactionsCommand- payments list requested for account10000000038
2021-09-11 16:34:56,613 [http-nio-8081-exec-137] INFO  org.anatkor.controllers.command.LogoutCommand- User 381111111111 is Logged out
2021-09-11 16:34:56,616 [http-nio-8081-exec-131] INFO  org.anatkor.controllers.command.LoginCommand- Not enough login data
2021-09-11 16:34:59,326 [http-nio-8081-exec-132] INFO  org.anatkor.controllers.command.LoginCommand- Client '389999999999' is logged in
2021-09-11 16:35:06,132 [http-nio-8081-exec-133] INFO  org.anatkor.controllers.command.TransactionsCommand- transactions list requested for user with id= 42
2021-09-11 16:35:12,556 [http-nio-8081-exec-135] INFO  org.anatkor.controllers.command.AccountsCommand- account list requested for user with id= 42
2021-09-11 16:35:16,274 [http-nio-8081-exec-129] INFO  org.anatkor.controllers.command.TransactionsCommand- payments list requested for account10000000027
2021-09-11 16:36:41,086 [http-nio-8081-exec-132] INFO  org.anatkor.controllers.command.AccountsCommand- account list requested for user with id= 42
2021-09-11 16:36:52,854 [http-nio-8081-exec-134] INFO  org.anatkor.controllers.command.TransactionsCommand- payments list requested for account10000000025
2021-09-11 16:37:01,657 [http-nio-8081-exec-135] INFO  org.anatkor.controllers.command.UserCommand- User 389999999999 profile called
2021-09-11 16:37:08,235 [http-nio-8081-exec-129] INFO  org.anatkor.controllers.command.UserCommand- User 389999999999 profile called
2021-09-11 16:37:12,190 [http-nio-8081-exec-130] INFO  org.anatkor.controllers.command.UserCommand- User 389999999999 profile called
2021-09-11 16:37:16,706 [http-nio-8081-exec-137] INFO  org.anatkor.controllers.command.UserCommand- User 389999999999 profile called
2021-09-11 16:37:20,736 [http-nio-8081-exec-131] INFO  org.anatkor.controllers.command.UserCommand- User 389999999999 profile called
2021-09-11 16:37:42,338 [http-nio-8081-exec-133] INFO  org.anatkor.controllers.command.UserCommand- User 389999999999 profile called
2021-09-11 16:37:50,941 [http-nio-8081-exec-134] INFO  org.anatkor.controllers.command.UserCommand- User 389999999999 profile called
2021-09-11 16:38:00,243 [http-nio-8081-exec-135] INFO  org.anatkor.controllers.command.UserCommand- User 389999999999 profile called
2021-09-11 16:38:03,870 [http-nio-8081-exec-136] INFO  org.anatkor.controllers.command.UserCommand- User 389999999999 profile called
2021-09-11 16:38:08,542 [http-nio-8081-exec-137] INFO  org.anatkor.controllers.command.AccountsCommand- account list requested for user with id= 42
2021-09-11 16:38:13,840 [http-nio-8081-exec-131] INFO  org.anatkor.controllers.command.AccountsCommand- account list requested for user with id= 42
2021-09-11 16:38:19,968 [http-nio-8081-exec-138] INFO  org.anatkor.controllers.command.UserCommand- User 389999999999 profile called
2021-09-11 16:38:31,669 [http-nio-8081-exec-134] INFO  org.anatkor.controllers.command.UserCommand- User 389999999999 profile called
2021-09-11 16:39:34,626 [http-nio-8081-exec-130] INFO  org.anatkor.controllers.command.UserCommand- User 389999999999 profile called
2021-09-11 16:39:39,109 [http-nio-8081-exec-136] INFO  org.anatkor.controllers.command.UserCommand- User 389999999999 profile called
2021-09-11 16:39:45,041 [http-nio-8081-exec-137] INFO  org.anatkor.controllers.command.UserCommand- User 389999999999 profile called
2021-09-11 16:39:50,397 [http-nio-8081-exec-132] INFO  org.anatkor.controllers.command.AccountsCommand- account list requested for user with id= 42
2021-09-11 16:39:54,281 [http-nio-8081-exec-133] INFO  org.anatkor.controllers.command.UserCommand- User 389999999999 profile called
2021-09-11 16:39:59,695 [http-nio-8081-exec-129] INFO  org.anatkor.controllers.command.UserCommand- User 389999999999 profile called
2021-09-11 16:40:36,962 [http-nio-8081-exec-136] INFO  org.anatkor.controllers.command.LogoutCommand- User 389999999999 is Logged out
2021-09-11 16:40:36,965 [http-nio-8081-exec-137] INFO  org.anatkor.controllers.command.LoginCommand- Not enough login data
2021-09-11 16:40:39,278 [http-nio-8081-exec-131] INFO  org.anatkor.controllers.command.LoginCommand- Admin '381111111111' is logged in
2021-09-11 16:40:40,290 [http-nio-8081-exec-138] INFO  org.anatkor.controllers.command.UsersCommand- users list requested
2021-09-11 16:40:44,951 [http-nio-8081-exec-133] INFO  org.anatkor.controllers.command.UserCommand- User 381111111111 profile called
2021-09-11 16:41:14,198 [http-nio-8081-exec-135] INFO  org.anatkor.controllers.command.AccountsCommand- account list requested by ADMIN
2021-09-11 16:41:16,433 [http-nio-8081-exec-130] INFO  org.anatkor.controllers.command.LogoutCommand- User 381111111111 is Logged out
2021-09-11 16:41:16,437 [http-nio-8081-exec-136] INFO  org.anatkor.controllers.command.LoginCommand- Not enough login data
2021-09-11 16:41:20,018 [http-nio-8081-exec-137] INFO  org.anatkor.controllers.command.LoginCommand- Client '382222222222' is logged in
2021-09-11 16:41:24,884 [http-nio-8081-exec-132] INFO  org.anatkor.controllers.command.AccountsCommand- account list requested for user with id= 9
2021-09-11 16:41:31,032 [http-nio-8081-exec-133] INFO  org.anatkor.controllers.command.LoginCommand- Not enough login data
2021-09-11 16:41:34,712 [http-nio-8081-exec-129] INFO  org.anatkor.controllers.command.AccountsCommand- account list requested for user with id= 9
2021-09-11 16:41:37,846 [http-nio-8081-exec-130] INFO  org.anatkor.controllers.command.AccountsCommand- account list requested for user with id= 9
2021-09-11 16:41:42,407 [http-nio-8081-exec-137] INFO  org.anatkor.controllers.command.LoginCommand- Not enough login data
2021-09-11 16:41:45,930 [http-nio-8081-exec-132] INFO  org.anatkor.controllers.command.AccountsCommand- account list requested for user with id= 9
2021-09-11 16:41:47,752 [http-nio-8081-exec-138] INFO  org.anatkor.controllers.command.TransactionsCommand- payments list requested for account10000000004
2021-09-11 16:41:53,438 [http-nio-8081-exec-134] INFO  org.anatkor.controllers.command.LoginCommand- Not enough login data
