2021-09-16 18:12:06,576 [http-nio-8081-exec-2] INFO  org.anatkor.controllers.command.LoginCommand- Admin '381111111111' is logged in
2021-09-16 18:12:09,227 [http-nio-8081-exec-5] INFO  org.anatkor.controllers.command.LogoutCommand- User 381111111111 is Logged out
2021-09-16 18:12:09,232 [http-nio-8081-exec-6] INFO  org.anatkor.controllers.command.LoginCommand- Not enough login data
2021-09-16 18:12:12,119 [http-nio-8081-exec-8] INFO  org.anatkor.controllers.command.LoginCommand- Client '389999999999' is logged in
2021-09-16 18:12:56,189 [http-nio-8081-exec-6] INFO  org.anatkor.dao.AccountDao- Account 10000000032 is updated with -10000
2021-09-16 18:12:56,189 [http-nio-8081-exec-6] INFO  org.anatkor.dao.TransactionDao- Amount 10000 is deducted from the account 10000000032
2021-09-16 18:12:56,190 [http-nio-8081-exec-6] INFO  org.anatkor.dao.AccountDao- Account 10000000003 is updated with 10000
2021-09-16 18:12:56,190 [http-nio-8081-exec-6] INFO  org.anatkor.dao.TransactionDao- Account 10000000003 is refilled with amount 10000
2021-09-16 18:12:56,192 [http-nio-8081-exec-6] INFO  org.anatkor.dao.TransactionDao- Transaction from 10000000032 to 10000000003, amount 10000 is added to DB
2021-09-16 18:12:56,196 [http-nio-8081-exec-7] INFO  org.anatkor.controllers.command.TransactionsCommand- transactions list requested for user with id= 42
2021-09-16 18:13:44,224 [http-nio-8081-exec-2] INFO  org.anatkor.controllers.command.LoginCommand- Not enough login data
2021-09-16 18:13:50,804 [http-nio-8081-exec-6] INFO  org.anatkor.controllers.command.TransactionsCommand- transactions list requested for user with id= 42
2021-09-16 18:13:55,661 [http-nio-8081-exec-1] INFO  org.anatkor.controllers.command.LoginCommand- Not enough login data
2021-09-16 18:14:23,551 [http-nio-8081-exec-5] INFO  org.anatkor.controllers.command.AccountsCommand- account list requested for user with id= 42
2021-09-16 18:14:26,772 [http-nio-8081-exec-7] INFO  org.anatkor.controllers.command.TransactionsCommand- payments list requested for account10000000026
2021-09-16 18:14:36,340 [http-nio-8081-exec-9] INFO  org.anatkor.controllers.command.LoginCommand- Not enough login data
2021-09-16 18:26:51,341 [http-nio-8081-exec-6] INFO  org.anatkor.controllers.command.LogoutCommand- User 389999999999 is Logged out
2021-09-16 18:26:51,344 [http-nio-8081-exec-7] INFO  org.anatkor.controllers.command.LoginCommand- Not enough login data
2021-09-16 18:44:38,089 [http-nio-8081-exec-10] INFO  org.anatkor.controllers.command.LoginCommand- Client '389999999999' is logged in
2021-09-16 18:44:39,673 [http-nio-8081-exec-4] INFO  org.anatkor.controllers.command.LogoutCommand- User 389999999999 is Logged out
2021-09-16 18:44:39,675 [http-nio-8081-exec-5] INFO  org.anatkor.controllers.command.LoginCommand- Not enough login data
2021-09-16 18:52:31,448 [http-nio-8081-exec-1] INFO  org.anatkor.controllers.command.LoginCommand- Client '382222222222' is logged in
2021-09-16 18:52:32,831 [http-nio-8081-exec-2] INFO  org.anatkor.controllers.command.LogoutCommand- User 382222222222 is Logged out
2021-09-16 18:52:32,834 [http-nio-8081-exec-3] INFO  org.anatkor.controllers.command.LoginCommand- Not enough login data
2021-09-16 18:57:02,971 [http-nio-8081-exec-7] INFO  org.anatkor.controllers.command.LoginCommand- Client '389999999999' is logged in
2021-09-16 18:57:33,767 [http-nio-8081-exec-10] INFO  org.anatkor.dao.AccountDao- Account 10000000032 is updated with -10000
2021-09-16 18:57:33,768 [http-nio-8081-exec-10] INFO  org.anatkor.dao.TransactionDao- Amount 10000 is deducted from the account 10000000032
2021-09-16 18:57:33,768 [http-nio-8081-exec-10] INFO  org.anatkor.dao.AccountDao- Account 10000000003 is updated with 10000
2021-09-16 18:57:33,768 [http-nio-8081-exec-10] INFO  org.anatkor.dao.TransactionDao- Account 10000000003 is refilled with amount 10000
2021-09-16 18:57:33,771 [http-nio-8081-exec-10] INFO  org.anatkor.dao.TransactionDao- Transaction from 10000000032 to 10000000003, amount 10000 is added to DB
2021-09-16 18:57:33,774 [http-nio-8081-exec-2] INFO  org.anatkor.controllers.command.TransactionsCommand- transactions list requested for user with id= 42
2021-09-16 18:57:49,807 [http-nio-8081-exec-7] INFO  org.anatkor.controllers.command.TransactionsCommand- transactions list requested for user with id= 42
2021-09-16 18:57:52,528 [http-nio-8081-exec-10] INFO  org.anatkor.controllers.command.TransactionsCommand- transactions list requested for user with id= 42
2021-09-16 18:58:01,233 [http-nio-8081-exec-3] INFO  org.anatkor.controllers.command.TransactionsCommand- transactions list requested for user with id= 42
2021-09-16 18:58:14,007 [http-nio-8081-exec-8] INFO  org.anatkor.controllers.command.AccountsCommand- account list requested for user with id= 42
2021-09-16 18:58:15,167 [http-nio-8081-exec-9] INFO  org.anatkor.controllers.command.TransactionsCommand- payments list requested for account10000000026
2021-09-16 18:58:36,623 [http-nio-8081-exec-5] INFO  org.anatkor.controllers.command.LoginCommand- Not enough login data
