2021-08-06 11:13:39,590 [http-nio-8081-exec-5] INFO  org.anatkor.servlets.BikesListServlet- Bike servlet called
2021-08-06 11:13:46,841 [http-nio-8081-exec-3] INFO  org.anatkor.servlets.BikesListServlet- Bike servlet called
2021-08-06 11:30:25,671 [http-nio-8081-exec-4] INFO  org.anatkor.servlets.BikesListServlet- Bike servlet called
2021-08-06 11:30:34,106 [http-nio-8081-exec-1] INFO  org.anatkor.servlets.BikesListServlet- Bike servlet called
2021-08-06 11:30:43,747 [http-nio-8081-exec-11] INFO  org.anatkor.servlets.BikesListServlet- Bike servlet called
2021-08-06 11:30:46,816 [http-nio-8081-exec-5] INFO  org.anatkor.servlets.BikesListServlet- Bike servlet called
2021-08-06 11:30:48,564 [http-nio-8081-exec-2] INFO  org.anatkor.servlets.BikesListServlet- Bike servlet called
2021-08-06 11:30:49,352 [http-nio-8081-exec-7] INFO  org.anatkor.servlets.BikesListServlet- Bike servlet called
2021-08-06 11:30:49,949 [http-nio-8081-exec-9] INFO  org.anatkor.servlets.BikesListServlet- Bike servlet called
2021-08-06 11:30:51,253 [http-nio-8081-exec-16] INFO  org.anatkor.servlets.BikesListServlet- Bike servlet called
2021-08-06 11:30:52,437 [http-nio-8081-exec-17] INFO  org.anatkor.servlets.BikesListServlet- Bike servlet called
2021-08-06 11:30:54,053 [http-nio-8081-exec-18] INFO  org.anatkor.servlets.BikesListServlet- Bike servlet called
2021-08-06 11:30:54,953 [http-nio-8081-exec-7] INFO  org.anatkor.servlets.BikesListServlet- Bike servlet called
2021-08-06 11:30:56,638 [http-nio-8081-exec-19] INFO  org.anatkor.servlets.BikesListServlet- Bike servlet called
2021-08-06 11:30:57,846 [http-nio-8081-exec-16] INFO  org.anatkor.servlets.BikesListServlet- Bike servlet called
2021-08-06 11:30:58,902 [http-nio-8081-exec-17] INFO  org.anatkor.servlets.BikesListServlet- Bike servlet called
2021-08-06 11:31:00,178 [http-nio-8081-exec-18] INFO  org.anatkor.servlets.BikesListServlet- Bike servlet called
2021-08-06 11:32:38,656 [http-nio-8081-exec-16] INFO  org.anatkor.servlets.BikesListServlet- Bike servlet called
2021-08-06 11:32:46,624 [http-nio-8081-exec-18] INFO  org.anatkor.servlets.BikesListServlet- Bike servlet called
2021-08-06 11:32:48,109 [http-nio-8081-exec-20] INFO  org.anatkor.servlets.BikesListServlet- Bike servlet called
2021-08-06 11:32:50,202 [http-nio-8081-exec-16] INFO  org.anatkor.servlets.BikesListServlet- Bike servlet called
2021-08-06 11:32:52,237 [http-nio-8081-exec-17] INFO  org.anatkor.servlets.BikesListServlet- Bike servlet called
2021-08-06 11:32:53,534 [http-nio-8081-exec-18] INFO  org.anatkor.servlets.BikesListServlet- Bike servlet called
2021-08-06 11:32:56,427 [http-nio-8081-exec-20] INFO  org.anatkor.dao.BikeDao- Bike id = 8 is taken from DB
2021-08-06 11:33:15,486 [http-nio-8081-exec-13] INFO  org.anatkor.dao.BikeDao- Bike car is added
2021-08-06 11:33:15,489 [http-nio-8081-exec-18] INFO  org.anatkor.servlets.BikesListServlet- Bike servlet called
2021-08-06 11:33:24,757 [http-nio-8081-exec-11] INFO  org.anatkor.servlets.BikesListServlet- Bike servlet called
2021-08-06 11:35:03,542 [http-nio-8081-exec-14] INFO  org.anatkor.servlets.BikesListServlet- Bike servlet called
2021-08-06 11:35:39,481 [http-nio-8081-exec-17] INFO  org.anatkor.dao.BikeDao- Bike admin is added
2021-08-06 11:35:39,484 [http-nio-8081-exec-13] INFO  org.anatkor.servlets.BikesListServlet- Bike servlet called
2021-08-06 11:36:05,883 [http-nio-8081-exec-16] INFO  org.anatkor.dao.BikeDao- Bike bike new is added
2021-08-06 11:36:05,887 [http-nio-8081-exec-12] INFO  org.anatkor.servlets.BikesListServlet- Bike servlet called
2021-08-06 11:37:02,514 [http-nio-8081-exec-16] INFO  org.anatkor.dao.BikeDao- Bike bmw 10-50 is added
2021-08-06 11:37:02,518 [http-nio-8081-exec-12] INFO  org.anatkor.servlets.BikesListServlet- Bike servlet called
2021-08-06 11:37:13,741 [http-nio-8081-exec-14] INFO  org.anatkor.servlets.BikesListServlet- Bike servlet called
2021-08-06 11:37:34,716 [http-nio-8081-exec-17] INFO  org.anatkor.dao.BikeDao- Bike Flight is added
2021-08-06 11:37:34,719 [http-nio-8081-exec-13] INFO  org.anatkor.servlets.BikesListServlet- Bike servlet called
2021-08-06 11:37:36,661 [http-nio-8081-exec-14] INFO  org.anatkor.servlets.BikesListServlet- Bike servlet called
2021-08-06 11:37:39,216 [http-nio-8081-exec-15] INFO  org.anatkor.servlets.BikesListServlet- Bike servlet called
2021-08-06 11:37:40,556 [http-nio-8081-exec-11] INFO  org.anatkor.servlets.BikesListServlet- Bike servlet called
2021-08-06 11:37:41,809 [http-nio-8081-exec-12] INFO  org.anatkor.servlets.BikesListServlet- Bike servlet called
2021-08-06 11:37:54,565 [http-nio-8081-exec-14] INFO  org.anatkor.servlets.BikesListServlet- Bike servlet called
2021-08-06 11:38:00,027 [http-nio-8081-exec-19] INFO  org.anatkor.servlets.BikesListServlet- Bike servlet called
2021-08-06 11:38:01,282 [http-nio-8081-exec-16] INFO  org.anatkor.servlets.BikesListServlet- Bike servlet called
2021-08-06 11:38:02,938 [http-nio-8081-exec-17] INFO  org.anatkor.servlets.BikesListServlet- Bike servlet called
2021-08-06 11:38:05,074 [http-nio-8081-exec-18] INFO  org.anatkor.servlets.BikesListServlet- Bike servlet called
2021-08-06 11:38:06,067 [http-nio-8081-exec-20] INFO  org.anatkor.servlets.BikesListServlet- Bike servlet called
2021-08-06 11:38:07,186 [http-nio-8081-exec-19] INFO  org.anatkor.servlets.BikesListServlet- Bike servlet called
2021-08-06 11:38:08,255 [http-nio-8081-exec-16] INFO  org.anatkor.servlets.BikesListServlet- Bike servlet called
2021-08-06 11:38:09,419 [http-nio-8081-exec-17] INFO  org.anatkor.servlets.BikesListServlet- Bike servlet called
2021-08-06 11:38:10,331 [http-nio-8081-exec-18] INFO  org.anatkor.servlets.BikesListServlet- Bike servlet called
2021-08-06 11:38:24,300 [http-nio-8081-exec-11] INFO  org.anatkor.servlets.BikesListServlet- Bike servlet called
2021-08-06 11:38:51,293 [http-nio-8081-exec-13] INFO  org.anatkor.servlets.BikesListServlet- Bike servlet called
2021-08-06 11:38:52,676 [http-nio-8081-exec-14] INFO  org.anatkor.servlets.BikesListServlet- Bike servlet called
2021-08-06 11:40:25,708 [http-nio-8081-exec-13] INFO  org.anatkor.servlets.BikesListServlet- Bike servlet called
2021-08-06 11:41:53,594 [http-nio-8081-exec-11] INFO  org.anatkor.servlets.BikesListServlet- Bike servlet called
2021-08-06 11:42:07,313 [http-nio-8081-exec-12] INFO  org.anatkor.servlets.BikesListServlet- Bike servlet called
2021-08-06 11:42:09,748 [http-nio-8081-exec-13] INFO  org.anatkor.servlets.BikesListServlet- Bike servlet called
2021-08-06 11:42:24,010 [http-nio-8081-exec-20] INFO  org.anatkor.servlets.BikesListServlet- Bike servlet called
2021-08-06 11:42:47,299 [http-nio-8081-exec-16] INFO  org.anatkor.dao.BikeDao- Bike id = 5 is taken from DB
2021-08-06 11:42:53,722 [http-nio-8081-exec-17] INFO  org.anatkor.dao.BikeDao- Bike MLK First is added
2021-08-06 11:42:53,726 [http-nio-8081-exec-13] INFO  org.anatkor.servlets.BikesListServlet- Bike servlet called
2021-08-06 11:42:58,876 [http-nio-8081-exec-14] INFO  org.anatkor.dao.BikeDao- Bike id = 28 is taken from DB
2021-08-06 11:43:11,032 [http-nio-8081-exec-19] INFO  org.anatkor.dao.BikeDao- Bike First by date MLK is added
2021-08-06 11:43:11,035 [http-nio-8081-exec-11] INFO  org.anatkor.servlets.BikesListServlet- Bike servlet called
2021-08-06 11:43:13,060 [http-nio-8081-exec-12] INFO  org.anatkor.servlets.BikesListServlet- Bike servlet called
2021-08-06 11:43:32,278 [http-nio-8081-exec-18] INFO  org.anatkor.servlets.BikesListServlet- Bike servlet called
2021-08-06 11:43:46,392 [http-nio-8081-exec-20] INFO  org.anatkor.servlets.BikesListServlet- Bike servlet called
2021-08-06 11:43:52,136 [http-nio-8081-exec-19] INFO  org.anatkor.servlets.BikesListServlet- Bike servlet called
2021-08-06 11:44:16,354 [http-nio-8081-exec-17] INFO  org.anatkor.dao.BikeDao- Bike id = 29 is taken from DB
2021-08-06 11:44:22,550 [http-nio-8081-exec-18] INFO  org.anatkor.dao.BikeDao- Bike Last by date MLK is added
2021-08-06 11:44:22,553 [http-nio-8081-exec-14] INFO  org.anatkor.servlets.BikesListServlet- Bike servlet called
2021-08-06 11:44:27,780 [http-nio-8081-exec-15] INFO  org.anatkor.servlets.BikesListServlet- Bike servlet called
2021-08-06 11:44:31,559 [http-nio-8081-exec-11] INFO  org.anatkor.servlets.BikesListServlet- Bike servlet called
2021-08-06 11:44:37,879 [http-nio-8081-exec-17] INFO  org.anatkor.dao.BikeDao- Bike id = 29 is taken from DB
2021-08-06 11:44:39,713 [http-nio-8081-exec-18] INFO  org.anatkor.dao.BikeDao- Bike with id=29 is deleted
2021-08-06 11:44:39,716 [http-nio-8081-exec-14] INFO  org.anatkor.servlets.BikesListServlet- Bike servlet called
2021-08-06 11:45:45,045 [http-nio-8081-exec-11] INFO  org.anatkor.servlets.BikesListServlet- Bike servlet called
2021-08-06 11:45:48,187 [http-nio-8081-exec-12] INFO  org.anatkor.servlets.BikesListServlet- Bike servlet called
2021-08-06 11:45:49,964 [http-nio-8081-exec-13] INFO  org.anatkor.servlets.BikesListServlet- Bike servlet called
2021-08-06 11:45:52,175 [http-nio-8081-exec-14] INFO  org.anatkor.servlets.BikesListServlet- Bike servlet called
2021-08-06 11:46:00,717 [http-nio-8081-exec-15] INFO  org.anatkor.servlets.BikesListServlet- Bike servlet called
2021-08-06 11:46:06,426 [http-nio-8081-exec-16] INFO  org.anatkor.servlets.BikesListServlet- Bike servlet called
2021-08-06 11:46:08,301 [http-nio-8081-exec-17] INFO  org.anatkor.servlets.BikesListServlet- Bike servlet called
2021-08-06 11:46:10,549 [http-nio-8081-exec-18] INFO  org.anatkor.servlets.BikesListServlet- Bike servlet called
2021-08-06 11:46:21,351 [http-nio-8081-exec-20] INFO  org.anatkor.servlets.BikesListServlet- Bike servlet called
2021-08-06 11:46:24,408 [http-nio-8081-exec-19] INFO  org.anatkor.servlets.BikesListServlet- Bike servlet called
2021-08-06 11:46:32,737 [http-nio-8081-exec-12] INFO  org.anatkor.servlets.BikesListServlet- Bike servlet called
2021-08-06 11:46:55,172 [http-nio-8081-exec-14] INFO  org.anatkor.servlets.BikesListServlet- Bike servlet called
2021-08-06 11:47:01,271 [http-nio-8081-exec-15] INFO  org.anatkor.servlets.BikesListServlet- Bike servlet called
2021-08-06 11:47:22,682 [http-nio-8081-exec-12] INFO  org.anatkor.servlets.BikesListServlet- Bike servlet called
2021-08-06 11:47:33,012 [http-nio-8081-exec-18] INFO  org.anatkor.servlets.BikesListServlet- Bike servlet called
2021-08-06 11:47:34,291 [http-nio-8081-exec-14] INFO  org.anatkor.servlets.BikesListServlet- Bike servlet called
2021-08-06 11:47:35,454 [http-nio-8081-exec-15] INFO  org.anatkor.servlets.BikesListServlet- Bike servlet called
2021-08-06 11:47:36,647 [http-nio-8081-exec-11] INFO  org.anatkor.servlets.BikesListServlet- Bike servlet called
2021-08-06 11:47:37,635 [http-nio-8081-exec-12] INFO  org.anatkor.servlets.BikesListServlet- Bike servlet called
2021-08-06 11:47:38,607 [http-nio-8081-exec-18] INFO  org.anatkor.servlets.BikesListServlet- Bike servlet called
2021-08-06 11:47:39,836 [http-nio-8081-exec-14] INFO  org.anatkor.servlets.BikesListServlet- Bike servlet called
2021-08-06 11:47:40,860 [http-nio-8081-exec-15] INFO  org.anatkor.servlets.BikesListServlet- Bike servlet called
2021-08-06 11:47:51,361 [http-nio-8081-exec-16] INFO  org.anatkor.servlets.BikesListServlet- Bike servlet called
2021-08-06 11:47:53,757 [http-nio-8081-exec-17] INFO  org.anatkor.servlets.BikesListServlet- Bike servlet called
2021-08-06 11:48:01,541 [http-nio-8081-exec-13] INFO  org.anatkor.dao.BikeDao- Bike id = 23 is taken from DB
2021-08-06 11:48:05,847 [http-nio-8081-exec-20] INFO  org.anatkor.dao.BikeDao- Bike car is added
2021-08-06 11:48:05,849 [http-nio-8081-exec-15] INFO  org.anatkor.servlets.BikesListServlet- Bike servlet called
2021-08-06 11:48:08,346 [http-nio-8081-exec-11] INFO  org.anatkor.servlets.BikesListServlet- Bike servlet called
2021-08-06 11:48:09,914 [http-nio-8081-exec-12] INFO  org.anatkor.servlets.BikesListServlet- Bike servlet called
2021-08-06 11:48:22,945 [http-nio-8081-exec-13] INFO  org.anatkor.dao.BikeDao- Bike id = 26 is taken from DB
2021-08-06 11:49:12,955 [http-nio-8081-exec-19] INFO  org.anatkor.dao.BikeDao- Bike bmw 10-50 is added
2021-08-06 11:49:12,958 [http-nio-8081-exec-11] INFO  org.anatkor.servlets.BikesListServlet- Bike servlet called
2021-08-06 11:49:33,562 [http-nio-8081-exec-18] INFO  org.anatkor.dao.BikeDao- Bike id = 23 is taken from DB
2021-08-06 11:49:49,347 [http-nio-8081-exec-14] INFO  org.anatkor.dao.BikeDao- Bike car is added
2021-08-06 11:49:49,350 [http-nio-8081-exec-20] INFO  org.anatkor.servlets.BikesListServlet- Bike servlet called
2021-08-06 11:50:10,524 [http-nio-8081-exec-16] INFO  org.anatkor.dao.BikeDao- Bike id = 26 is taken from DB
2021-08-06 11:51:59,814 [http-nio-8081-exec-12] INFO  org.anatkor.dao.BikeDao- Bike bmw 10-50 is added
2021-08-06 11:52:02,097 [http-nio-8081-exec-20] INFO  org.anatkor.servlets.BikesListServlet- Bike servlet called
2021-08-06 11:52:15,464 [http-nio-8081-exec-19] INFO  org.anatkor.dao.BikeDao- Bike id = 30 is taken from DB
2021-08-06 11:52:27,908 [http-nio-8081-exec-16] INFO  org.anatkor.dao.BikeDao- Bike Not Last by date MLK is added
2021-08-06 11:52:27,912 [http-nio-8081-exec-18] INFO  org.anatkor.servlets.BikesListServlet- Bike servlet called
2021-08-06 11:52:30,922 [http-nio-8081-exec-12] INFO  org.anatkor.servlets.BikesListServlet- Bike servlet called
2021-08-06 11:52:32,430 [http-nio-8081-exec-20] INFO  org.anatkor.servlets.BikesListServlet- Bike servlet called
2021-08-06 11:52:33,703 [http-nio-8081-exec-19] INFO  org.anatkor.servlets.BikesListServlet- Bike servlet called
2021-08-06 11:52:36,271 [http-nio-8081-exec-17] INFO  org.anatkor.servlets.BikesListServlet- Bike servlet called
2021-08-06 11:52:38,994 [http-nio-8081-exec-18] INFO  org.anatkor.servlets.BikesListServlet- Bike servlet called
2021-08-06 11:52:39,883 [http-nio-8081-exec-12] INFO  org.anatkor.servlets.BikesListServlet- Bike servlet called
2021-08-06 11:52:40,959 [http-nio-8081-exec-20] INFO  org.anatkor.servlets.BikesListServlet- Bike servlet called
2021-08-06 11:52:45,984 [http-nio-8081-exec-19] INFO  org.anatkor.servlets.BikesListServlet- Bike servlet called
2021-08-06 11:52:47,260 [http-nio-8081-exec-17] INFO  org.anatkor.servlets.BikesListServlet- Bike servlet called
2021-08-06 11:52:48,780 [http-nio-8081-exec-18] INFO  org.anatkor.servlets.BikesListServlet- Bike servlet called
2021-08-06 12:02:36,887 [http-nio-8081-exec-19] INFO  org.anatkor.servlets.BikesListServlet- Bike servlet called
2021-08-06 12:02:38,134 [http-nio-8081-exec-16] INFO  org.anatkor.servlets.BikesListServlet- Bike servlet called
2021-08-06 12:02:44,223 [http-nio-8081-exec-17] INFO  org.anatkor.servlets.BikesListServlet- Bike servlet called
2021-08-06 12:02:49,354 [http-nio-8081-exec-12] INFO  org.anatkor.servlets.BikesListServlet- Bike servlet called
2021-08-06 12:02:55,246 [http-nio-8081-exec-14] INFO  org.anatkor.dao.BikeDao- Bike id = 34 is taken from DB
2021-08-06 12:03:03,851 [http-nio-8081-exec-15] INFO  org.anatkor.dao.BikeDao- Bike Last by date bmw 10-50 is processed
2021-08-06 12:03:03,854 [http-nio-8081-exec-22] INFO  org.anatkor.servlets.BikesListServlet- Bike servlet called
2021-08-06 12:03:51,375 [http-nio-8081-exec-24] INFO  org.anatkor.dao.BikeDao- Bike id = 33 is taken from DB
2021-08-06 12:03:56,076 [http-nio-8081-exec-21] INFO  org.anatkor.dao.BikeDao- Bike car 1 is processed
2021-08-06 12:03:56,079 [http-nio-8081-exec-26] INFO  org.anatkor.servlets.BikesListServlet- Bike servlet called
2021-08-06 12:04:30,725 [http-nio-8081-exec-26] INFO  org.anatkor.dao.BikeDao- Bike id = 33 is taken from DB
2021-08-06 12:04:33,920 [http-nio-8081-exec-27] INFO  org.anatkor.dao.BikeDao- Bike car 11 is processed
2021-08-06 12:04:33,925 [http-nio-8081-exec-11] INFO  org.anatkor.servlets.BikesListServlet- Bike servlet called
2021-08-06 12:04:50,548 [http-nio-8081-exec-21] INFO  org.anatkor.dao.BikeDao- Bike id = 33 is taken from DB
2021-08-06 12:04:53,525 [http-nio-8081-exec-30] INFO  org.anatkor.dao.BikeDao- Bike car 111 is processed
2021-08-06 12:04:53,529 [http-nio-8081-exec-31] INFO  org.anatkor.servlets.BikesListServlet- Bike servlet called
2021-08-06 12:14:40,442 [http-nio-8081-exec-34] INFO  org.anatkor.servlets.BikesListServlet- Bike servlet called
2021-08-06 12:14:44,476 [http-nio-8081-exec-30] INFO  org.anatkor.servlets.BikesListServlet- Bike servlet called
2021-08-06 12:14:45,627 [http-nio-8081-exec-32] INFO  org.anatkor.servlets.BikesListServlet- Bike servlet called
2021-08-06 12:14:47,915 [http-nio-8081-exec-36] INFO  org.anatkor.servlets.BikesListServlet- Bike servlet called
2021-08-06 12:14:49,218 [http-nio-8081-exec-38] INFO  org.anatkor.servlets.BikesListServlet- Bike servlet called
2021-08-06 12:14:51,895 [http-nio-8081-exec-34] INFO  org.anatkor.servlets.BikesListServlet- Bike servlet called
2021-08-06 12:14:56,052 [http-nio-8081-exec-30] INFO  org.anatkor.servlets.BikesListServlet- Bike servlet called
2021-08-06 12:14:58,528 [http-nio-8081-exec-32] INFO  org.anatkor.servlets.BikesListServlet- Bike servlet called
2021-08-06 12:15:47,139 [http-nio-8081-exec-38] INFO  org.anatkor.servlets.BikesListServlet- Bike servlet called
2021-08-06 12:15:50,667 [http-nio-8081-exec-34] INFO  org.anatkor.servlets.BikesListServlet- Bike servlet called
2021-08-06 12:15:54,049 [http-nio-8081-exec-30] INFO  org.anatkor.servlets.BikesListServlet- Bike servlet called
2021-08-06 12:15:56,707 [http-nio-8081-exec-32] INFO  org.anatkor.servlets.BikesListServlet- Bike servlet called
2021-08-06 12:15:58,882 [http-nio-8081-exec-36] INFO  org.anatkor.servlets.BikesListServlet- Bike servlet called
2021-08-06 12:16:00,227 [http-nio-8081-exec-38] INFO  org.anatkor.servlets.BikesListServlet- Bike servlet called
2021-08-06 12:16:01,890 [http-nio-8081-exec-34] INFO  org.anatkor.servlets.BikesListServlet- Bike servlet called
2021-08-06 12:16:03,035 [http-nio-8081-exec-30] INFO  org.anatkor.servlets.BikesListServlet- Bike servlet called
2021-08-06 12:16:04,114 [http-nio-8081-exec-32] INFO  org.anatkor.servlets.BikesListServlet- Bike servlet called
2021-08-06 12:16:11,446 [http-nio-8081-exec-37] INFO  org.anatkor.dao.BikeDao- Bike id = 31 is taken from DB
2021-08-06 12:16:15,178 [http-nio-8081-exec-39] INFO  org.anatkor.dao.BikeDao- Bike with id=31 is deleted
2021-08-06 12:16:15,181 [http-nio-8081-exec-34] INFO  org.anatkor.servlets.BikesListServlet- Bike servlet called
2021-08-06 12:16:26,964 [http-nio-8081-exec-30] INFO  org.anatkor.servlets.BikesListServlet- Bike servlet called
2021-08-06 12:16:28,176 [http-nio-8081-exec-32] INFO  org.anatkor.servlets.BikesListServlet- Bike servlet called
2021-08-06 12:16:28,944 [http-nio-8081-exec-36] INFO  org.anatkor.servlets.BikesListServlet- Bike servlet called
2021-08-06 12:16:34,587 [http-nio-8081-exec-39] INFO  org.anatkor.servlets.BikesListServlet- Bike servlet called
2021-08-06 12:16:36,910 [http-nio-8081-exec-35] INFO  org.anatkor.servlets.BikesListServlet- Bike servlet called
2021-08-06 12:16:39,769 [http-nio-8081-exec-31] INFO  org.anatkor.dao.BikeDao- Bike id = 12 is taken from DB
2021-08-06 12:28:30,269 [http-nio-8081-exec-31] INFO  org.anatkor.servlets.BikesListServlet- Bike servlet called
2021-08-06 12:30:17,785 [http-nio-8081-exec-35] INFO  org.anatkor.dao.UserDao- User u43 is added
2021-08-06 12:30:17,787 [http-nio-8081-exec-35] INFO  org.anatkor.dao.UserDao- User u43 with role  is added
2021-08-06 12:30:35,992 [http-nio-8081-exec-33] INFO  org.anatkor.dao.UserDao- SQLException during Add admin processing class org.anatkor.dao.Utils. ERROR: duplicate key value violates unique constraint "usr_username_key"
  Detail: Key (username)=(admin) already exists.
2021-08-06 12:32:45,295 [http-nio-8081-exec-36] INFO  org.anatkor.servlets.BikesListServlet- Bike servlet called
