2021-08-21 16:01:54,254 [http-nio-8081-exec-4] DEBUG org.anatkor.controllers.command.ServletMain- Do POST request to /login
2021-08-21 16:01:54,264 [http-nio-8081-exec-4] WARN  org.anatkor.controllers.command.ServletMain- before/login
2021-08-21 16:01:54,264 [http-nio-8081-exec-4] WARN  org.anatkor.controllers.command.ServletMain- afterlogin
2021-08-21 16:01:54,551 [http-nio-8081-exec-4] INFO  org.anatkor.controllers.command.LoginCommand- Client '382222222222' is logged in
2021-08-21 16:01:54,551 [http-nio-8081-exec-4] DEBUG org.anatkor.controllers.command.ServletMain- redirect to=/wallet
2021-08-21 16:02:30,840 [http-nio-8081-exec-8] DEBUG org.anatkor.controllers.command.ServletMain- Do GET request to /logout
2021-08-21 16:02:30,840 [http-nio-8081-exec-8] WARN  org.anatkor.controllers.command.ServletMain- before/logout
2021-08-21 16:02:30,841 [http-nio-8081-exec-8] WARN  org.anatkor.controllers.command.ServletMain- afterlogout
2021-08-21 16:02:37,762 [http-nio-8081-exec-8] INFO  org.anatkor.controllers.command.LogoutCommand- User 382222222222 is Logged out
2021-08-21 16:02:37,762 [http-nio-8081-exec-8] DEBUG org.anatkor.controllers.command.ServletMain- redirect to=/login
2021-08-21 16:02:37,766 [http-nio-8081-exec-9] DEBUG org.anatkor.controllers.command.ServletMain- Do GET request to /login
2021-08-21 16:02:37,767 [http-nio-8081-exec-9] WARN  org.anatkor.controllers.command.ServletMain- before/login
2021-08-21 16:02:37,767 [http-nio-8081-exec-9] WARN  org.anatkor.controllers.command.ServletMain- afterlogin
2021-08-21 16:02:37,767 [http-nio-8081-exec-9] INFO  org.anatkor.controllers.command.LoginCommand- Not enough login data
2021-08-21 16:02:37,769 [http-nio-8081-exec-9] DEBUG org.anatkor.controllers.command.ServletMain- forward to=/jsp/login.jsp
2021-08-21 16:02:41,387 [http-nio-8081-exec-10] DEBUG org.anatkor.controllers.command.ServletMain- Do POST request to /login
2021-08-21 16:02:41,387 [http-nio-8081-exec-10] WARN  org.anatkor.controllers.command.ServletMain- before/login
2021-08-21 16:02:41,388 [http-nio-8081-exec-10] WARN  org.anatkor.controllers.command.ServletMain- afterlogin
2021-08-21 16:02:41,430 [http-nio-8081-exec-10] INFO  org.anatkor.controllers.command.LoginCommand- Admin '381111111111' is logged in
2021-08-21 16:02:41,430 [http-nio-8081-exec-10] DEBUG org.anatkor.controllers.command.ServletMain- redirect to=/admin
2021-08-21 16:02:41,435 [http-nio-8081-exec-1] DEBUG org.anatkor.controllers.servlets.AdminServlet- Admin servlet called
2021-08-21 16:03:09,657 [http-nio-8081-exec-6] DEBUG org.anatkor.controllers.command.ServletMain- Do GET request to /logout
2021-08-21 16:03:09,657 [http-nio-8081-exec-6] WARN  org.anatkor.controllers.command.ServletMain- before/logout
2021-08-21 16:03:09,657 [http-nio-8081-exec-6] WARN  org.anatkor.controllers.command.ServletMain- afterlogout
2021-08-21 16:03:13,341 [http-nio-8081-exec-6] INFO  org.anatkor.controllers.command.LogoutCommand- User 381111111111 is Logged out
2021-08-21 16:03:13,342 [http-nio-8081-exec-6] DEBUG org.anatkor.controllers.command.ServletMain- redirect to=/login
2021-08-21 16:03:13,345 [http-nio-8081-exec-7] DEBUG org.anatkor.controllers.command.ServletMain- Do GET request to /login
2021-08-21 16:03:13,346 [http-nio-8081-exec-7] WARN  org.anatkor.controllers.command.ServletMain- before/login
2021-08-21 16:03:13,346 [http-nio-8081-exec-7] WARN  org.anatkor.controllers.command.ServletMain- afterlogin
2021-08-21 16:03:13,346 [http-nio-8081-exec-7] INFO  org.anatkor.controllers.command.LoginCommand- Not enough login data
2021-08-21 16:03:13,346 [http-nio-8081-exec-7] DEBUG org.anatkor.controllers.command.ServletMain- forward to=/jsp/login.jsp
2021-08-21 16:03:42,976 [http-nio-8081-exec-4] DEBUG org.anatkor.controllers.command.ServletMain- Do POST request to /login
2021-08-21 16:03:42,976 [http-nio-8081-exec-4] WARN  org.anatkor.controllers.command.ServletMain- before/login
2021-08-21 16:03:42,976 [http-nio-8081-exec-4] WARN  org.anatkor.controllers.command.ServletMain- afterlogin
2021-08-21 16:03:43,021 [http-nio-8081-exec-4] INFO  org.anatkor.controllers.command.LoginCommand- Admin '381111111111' is logged in
2021-08-21 16:03:43,021 [http-nio-8081-exec-4] DEBUG org.anatkor.controllers.command.ServletMain- redirect to=/admin
2021-08-21 16:03:43,025 [http-nio-8081-exec-5] DEBUG org.anatkor.controllers.servlets.AdminServlet- Admin servlet called
2021-08-21 16:04:05,050 [http-nio-8081-exec-8] DEBUG org.anatkor.controllers.servlets.UserServlet- User servlet called
2021-08-21 16:05:06,845 [http-nio-8081-exec-3] DEBUG org.anatkor.controllers.command.ServletMain- Do GET request to /logout
2021-08-21 16:07:56,288 [http-nio-8081-exec-3] WARN  org.anatkor.controllers.command.ServletMain- before/logout
2021-08-21 16:07:56,289 [http-nio-8081-exec-3] WARN  org.anatkor.controllers.command.ServletMain- afterlogout
2021-08-21 16:07:56,289 [http-nio-8081-exec-3] INFO  org.anatkor.controllers.command.LogoutCommand- User 381111111111 is Logged out
2021-08-21 16:07:56,289 [http-nio-8081-exec-3] DEBUG org.anatkor.controllers.command.ServletMain- redirect to=/login
2021-08-21 16:07:56,293 [http-nio-8081-exec-5] DEBUG org.anatkor.controllers.command.ServletMain- Do GET request to /login
2021-08-21 16:07:56,294 [http-nio-8081-exec-5] WARN  org.anatkor.controllers.command.ServletMain- before/login
2021-08-21 16:07:56,294 [http-nio-8081-exec-5] WARN  org.anatkor.controllers.command.ServletMain- afterlogin
2021-08-21 16:07:56,294 [http-nio-8081-exec-5] INFO  org.anatkor.controllers.command.LoginCommand- Not enough login data
2021-08-21 16:07:56,294 [http-nio-8081-exec-5] DEBUG org.anatkor.controllers.command.ServletMain- forward to=/jsp/login.jsp
