2021-08-28 19:37:36,310 [http-nio-8081-exec-1] INFO  org.anatkor.controllers.command.LoginCommand- Admin '381111111111' is logged in
2021-08-28 19:37:38,576 [http-nio-8081-exec-4] INFO  org.anatkor.controllers.command.UsersCommand- users list requested
2021-08-28 19:37:40,123 [http-nio-8081-exec-7] INFO  org.anatkor.controllers.command.UserCommand- User 381111111111 profile called
2021-08-28 19:37:43,503 [http-nio-8081-exec-9] INFO  org.anatkor.controllers.command.AccountsCommand- account list requested for user with id= 13
2021-08-28 19:38:06,561 [http-nio-8081-exec-6] INFO  org.anatkor.dao.AccountDao- Status of account with id=10 is updated to true
2021-08-28 19:38:08,112 [http-nio-8081-exec-9] INFO  org.anatkor.dao.AccountDao- Status of account with id=6 is updated to false
2021-08-28 19:38:08,810 [http-nio-8081-exec-3] INFO  org.anatkor.dao.AccountDao- Status of account with id=13 is updated to true
2021-08-28 19:38:09,569 [http-nio-8081-exec-5] INFO  org.anatkor.dao.AccountDao- Status of account with id=14 is updated to true
2021-08-28 19:38:10,194 [http-nio-8081-exec-8] INFO  org.anatkor.dao.AccountDao- Status of account with id=15 is updated to true
2021-08-28 19:38:10,743 [http-nio-8081-exec-1] INFO  org.anatkor.dao.AccountDao- Status of account with id=16 is updated to true
2021-08-28 19:38:11,314 [http-nio-8081-exec-4] INFO  org.anatkor.dao.AccountDao- Status of account with id=17 is updated to true
2021-08-28 19:38:16,266 [http-nio-8081-exec-9] INFO  org.anatkor.controllers.command.UsersCommand- users list requested
2021-08-28 19:38:17,357 [http-nio-8081-exec-1] INFO  org.anatkor.controllers.command.UserCommand- User 381111111111 profile called
2021-08-28 19:38:21,679 [http-nio-8081-exec-4] INFO  org.anatkor.controllers.command.AccountsCommand- account list requested for user with id= 37
2021-08-28 19:38:29,197 [http-nio-8081-exec-7] INFO  org.anatkor.controllers.command.UserCommand- User 381111111111 profile called
2021-08-28 19:38:32,532 [http-nio-8081-exec-10] INFO  org.anatkor.controllers.command.UserCommand- User 381111111111 profile called
2021-08-28 19:38:33,023 [http-nio-8081-exec-2] INFO  org.anatkor.controllers.command.UserCommand- User 381111111111 profile called
2021-08-28 19:38:33,622 [http-nio-8081-exec-6] INFO  org.anatkor.controllers.command.UserCommand- User 381111111111 profile called
2021-08-28 19:38:34,104 [http-nio-8081-exec-9] INFO  org.anatkor.controllers.command.UserCommand- User 381111111111 profile called
2021-08-28 19:39:03,304 [http-nio-8081-exec-5] INFO  org.anatkor.controllers.command.LogoutCommand- User 381111111111 is Logged out
2021-08-28 19:39:03,308 [http-nio-8081-exec-6] INFO  org.anatkor.controllers.command.LoginCommand- Not enough login data
2021-08-28 19:39:07,217 [http-nio-8081-exec-8] INFO  org.anatkor.controllers.command.LoginCommand- Client '382222222222' is logged in
2021-08-28 19:46:35,039 [http-nio-8081-exec-2] INFO  org.anatkor.controllers.command.AccountsCommand- account list requested for user with id= 9
2021-08-28 19:46:46,207 [http-nio-8081-exec-10] INFO  org.anatkor.controllers.command.AccountCommand- request to refill account id=7 with amount=5000{}
2021-08-28 19:46:46,256 [http-nio-8081-exec-10] INFO  org.anatkor.dao.AccountDao- Account (id=7) is replenished with 5000
2021-08-28 20:04:45,376 [http-nio-8081-exec-3] INFO  org.anatkor.controllers.command.AccountsCommand- account list requested for user with id= 9
2021-08-28 20:04:49,525 [http-nio-8081-exec-4] INFO  org.anatkor.controllers.command.AccountsCommand- account list requested for user with id= 9
2021-08-28 20:04:52,992 [http-nio-8081-exec-6] INFO  org.anatkor.controllers.command.AccountsCommand- account list requested for user with id= 9
2021-08-28 20:07:20,444 [http-nio-8081-exec-10] WARN  org.anatkor.controllers.command.filter.AdminFilter- Attempt of unauthorized access to the Admin by org.anatkor.model.User@6dbc4cf0
2021-08-28 20:07:20,446 [http-nio-8081-exec-10] INFO  org.anatkor.controllers.command.LoginCommand- Not enough login data
2021-08-28 20:07:23,704 [http-nio-8081-exec-1] INFO  org.anatkor.controllers.command.LogoutCommand- User 382222222222 is Logged out
2021-08-28 20:07:23,708 [http-nio-8081-exec-2] INFO  org.anatkor.controllers.command.LoginCommand- Not enough login data
2021-08-28 20:07:26,139 [http-nio-8081-exec-5] INFO  org.anatkor.controllers.command.LoginCommand- Admin '381111111111' is logged in
2021-08-28 20:07:29,324 [http-nio-8081-exec-8] INFO  org.anatkor.controllers.command.AccountsCommand- account list requested by ADMIN
2021-08-28 20:07:30,566 [http-nio-8081-exec-10] INFO  org.anatkor.controllers.command.AccountsCommand- account list requested by ADMIN
2021-08-28 20:07:31,917 [http-nio-8081-exec-1] INFO  org.anatkor.controllers.command.AccountsCommand- account list requested by ADMIN
2021-08-28 20:07:35,182 [http-nio-8081-exec-4] INFO  org.anatkor.controllers.command.AccountsCommand- account list requested by ADMIN
2021-08-28 20:07:37,533 [http-nio-8081-exec-6] INFO  org.anatkor.controllers.command.AccountsCommand- account list requested by ADMIN
2021-08-28 20:07:38,522 [http-nio-8081-exec-8] INFO  org.anatkor.controllers.command.AccountsCommand- account list requested by ADMIN
2021-08-28 20:07:39,221 [http-nio-8081-exec-10] INFO  org.anatkor.controllers.command.AccountsCommand- account list requested by ADMIN
2021-08-28 20:07:40,062 [http-nio-8081-exec-1] INFO  org.anatkor.controllers.command.AccountsCommand- account list requested by ADMIN
2021-08-28 20:07:42,711 [http-nio-8081-exec-4] INFO  org.anatkor.controllers.command.AccountsCommand- account list requested for user with id= -1
2021-08-28 20:07:44,322 [http-nio-8081-exec-7] INFO  org.anatkor.controllers.command.AccountsCommand- account list requested by ADMIN
2021-08-28 20:10:05,069 [http-nio-8081-exec-2] INFO  org.anatkor.controllers.command.LogoutCommand- User 381111111111 is Logged out
2021-08-28 20:10:05,073 [http-nio-8081-exec-4] INFO  org.anatkor.controllers.command.LoginCommand- Not enough login data
2021-08-28 20:10:07,309 [http-nio-8081-exec-6] INFO  org.anatkor.controllers.command.LoginCommand- Client '382222222222' is logged in
2021-08-28 20:10:08,318 [http-nio-8081-exec-9] INFO  org.anatkor.controllers.command.AccountsCommand- account list requested for user with id= 9
2021-08-28 20:10:12,127 [http-nio-8081-exec-2] INFO  org.anatkor.dao.AccountDao- Action flag of account with id=9 is updated to 1
2021-08-28 20:10:19,275 [http-nio-8081-exec-6] INFO  org.anatkor.controllers.command.LogoutCommand- User 382222222222 is Logged out
2021-08-28 20:10:19,278 [http-nio-8081-exec-7] INFO  org.anatkor.controllers.command.LoginCommand- Not enough login data
2021-08-28 20:10:21,499 [http-nio-8081-exec-9] INFO  org.anatkor.controllers.command.LoginCommand- Admin '381111111111' is logged in
