2021-08-22 19:15:03,372 [http-nio-8081-exec-1] DEBUG org.anatkor.controllers.command.ServletMain- Do POST request to /login
2021-08-22 19:15:03,382 [http-nio-8081-exec-1] WARN  org.anatkor.controllers.command.ServletMain- before/login
2021-08-22 19:15:03,382 [http-nio-8081-exec-1] WARN  org.anatkor.controllers.command.ServletMain- afterlogin
2021-08-22 19:15:03,668 [http-nio-8081-exec-1] INFO  org.anatkor.controllers.command.LoginCommand- Client '382222222222' is logged in
2021-08-22 19:15:03,668 [http-nio-8081-exec-1] DEBUG org.anatkor.controllers.command.ServletMain- redirect to=/wallet
2021-08-22 19:15:03,673 [http-nio-8081-exec-2] DEBUG org.anatkor.controllers.command.ServletMain- Do GET request to /wallet
2021-08-22 19:15:03,673 [http-nio-8081-exec-2] WARN  org.anatkor.controllers.command.ServletMain- before/wallet
2021-08-22 19:15:03,674 [http-nio-8081-exec-2] WARN  org.anatkor.controllers.command.ServletMain- afterwallet
2021-08-22 19:15:03,674 [http-nio-8081-exec-2] DEBUG org.anatkor.controllers.command.ServletMain- forward to=/jsp/index.jsp
2021-08-22 19:15:07,139 [http-nio-8081-exec-3] DEBUG org.anatkor.controllers.command.ServletMain- Do GET request to /wallet/user
2021-08-22 19:15:07,139 [http-nio-8081-exec-3] WARN  org.anatkor.controllers.command.ServletMain- before/wallet/user
2021-08-22 19:15:07,139 [http-nio-8081-exec-3] WARN  org.anatkor.controllers.command.ServletMain- afteruser
2021-08-22 19:15:07,140 [http-nio-8081-exec-3] INFO  org.anatkor.controllers.command.UserCommand- User 382222222222 profile called
2021-08-22 19:15:07,140 [http-nio-8081-exec-3] DEBUG org.anatkor.controllers.command.ServletMain- forward to=/jsp/user.jsp
2021-08-22 19:15:19,000 [http-nio-8081-exec-5] DEBUG org.anatkor.controllers.command.ServletMain- Do GET request to /wallet/user
2021-08-22 19:15:19,000 [http-nio-8081-exec-5] WARN  org.anatkor.controllers.command.ServletMain- before/wallet/user
2021-08-22 19:15:19,001 [http-nio-8081-exec-5] WARN  org.anatkor.controllers.command.ServletMain- afteruser
2021-08-22 19:15:19,001 [http-nio-8081-exec-5] INFO  org.anatkor.controllers.command.UserCommand- User 382222222222 profile called
2021-08-22 19:15:19,001 [http-nio-8081-exec-5] DEBUG org.anatkor.controllers.command.ServletMain- forward to=/jsp/user.jsp
2021-08-22 19:15:20,796 [http-nio-8081-exec-6] DEBUG org.anatkor.controllers.command.ServletMain- Do GET request to /wallet/user
2021-08-22 19:15:20,797 [http-nio-8081-exec-6] WARN  org.anatkor.controllers.command.ServletMain- before/wallet/user
2021-08-22 19:15:20,797 [http-nio-8081-exec-6] WARN  org.anatkor.controllers.command.ServletMain- afteruser
2021-08-22 19:15:20,797 [http-nio-8081-exec-6] INFO  org.anatkor.controllers.command.UserCommand- User 382222222222 profile called
2021-08-22 19:15:20,798 [http-nio-8081-exec-6] DEBUG org.anatkor.controllers.command.ServletMain- forward to=/jsp/user.jsp
2021-08-22 19:15:21,324 [http-nio-8081-exec-7] DEBUG org.anatkor.controllers.command.ServletMain- Do GET request to /wallet/user
2021-08-22 19:15:21,324 [http-nio-8081-exec-7] WARN  org.anatkor.controllers.command.ServletMain- before/wallet/user
2021-08-22 19:15:21,324 [http-nio-8081-exec-7] WARN  org.anatkor.controllers.command.ServletMain- afteruser
2021-08-22 19:15:21,325 [http-nio-8081-exec-7] INFO  org.anatkor.controllers.command.UserCommand- User 382222222222 profile called
2021-08-22 19:15:21,325 [http-nio-8081-exec-7] DEBUG org.anatkor.controllers.command.ServletMain- forward to=/jsp/user.jsp
2021-08-22 19:15:21,836 [http-nio-8081-exec-8] DEBUG org.anatkor.controllers.command.ServletMain- Do GET request to /wallet/user
2021-08-22 19:15:21,836 [http-nio-8081-exec-8] WARN  org.anatkor.controllers.command.ServletMain- before/wallet/user
2021-08-22 19:15:21,836 [http-nio-8081-exec-8] WARN  org.anatkor.controllers.command.ServletMain- afteruser
2021-08-22 19:15:21,836 [http-nio-8081-exec-8] INFO  org.anatkor.controllers.command.UserCommand- User 382222222222 profile called
2021-08-22 19:15:21,837 [http-nio-8081-exec-8] DEBUG org.anatkor.controllers.command.ServletMain- forward to=/jsp/user.jsp
2021-08-22 19:15:22,268 [http-nio-8081-exec-9] DEBUG org.anatkor.controllers.command.ServletMain- Do GET request to /wallet/user
2021-08-22 19:15:22,269 [http-nio-8081-exec-9] WARN  org.anatkor.controllers.command.ServletMain- before/wallet/user
2021-08-22 19:15:22,269 [http-nio-8081-exec-9] WARN  org.anatkor.controllers.command.ServletMain- afteruser
2021-08-22 19:15:22,269 [http-nio-8081-exec-9] INFO  org.anatkor.controllers.command.UserCommand- User 382222222222 profile called
2021-08-22 19:15:22,269 [http-nio-8081-exec-9] DEBUG org.anatkor.controllers.command.ServletMain- forward to=/jsp/user.jsp
2021-08-22 19:15:22,720 [http-nio-8081-exec-10] DEBUG org.anatkor.controllers.command.ServletMain- Do GET request to /wallet/user
2021-08-22 19:15:22,720 [http-nio-8081-exec-10] WARN  org.anatkor.controllers.command.ServletMain- before/wallet/user
2021-08-22 19:15:22,720 [http-nio-8081-exec-10] WARN  org.anatkor.controllers.command.ServletMain- afteruser
2021-08-22 19:15:22,721 [http-nio-8081-exec-10] INFO  org.anatkor.controllers.command.UserCommand- User 382222222222 profile called
2021-08-22 19:15:22,721 [http-nio-8081-exec-10] DEBUG org.anatkor.controllers.command.ServletMain- forward to=/jsp/user.jsp
2021-08-22 19:15:23,160 [http-nio-8081-exec-1] DEBUG org.anatkor.controllers.command.ServletMain- Do GET request to /wallet/user
2021-08-22 19:15:23,161 [http-nio-8081-exec-1] WARN  org.anatkor.controllers.command.ServletMain- before/wallet/user
2021-08-22 19:15:23,161 [http-nio-8081-exec-1] WARN  org.anatkor.controllers.command.ServletMain- afteruser
2021-08-22 19:15:23,161 [http-nio-8081-exec-1] INFO  org.anatkor.controllers.command.UserCommand- User 382222222222 profile called
2021-08-22 19:15:23,161 [http-nio-8081-exec-1] DEBUG org.anatkor.controllers.command.ServletMain- forward to=/jsp/user.jsp
2021-08-22 19:15:23,569 [http-nio-8081-exec-2] DEBUG org.anatkor.controllers.command.ServletMain- Do GET request to /wallet/user
2021-08-22 19:15:23,569 [http-nio-8081-exec-2] WARN  org.anatkor.controllers.command.ServletMain- before/wallet/user
2021-08-22 19:15:23,569 [http-nio-8081-exec-2] WARN  org.anatkor.controllers.command.ServletMain- afteruser
2021-08-22 19:15:23,569 [http-nio-8081-exec-2] INFO  org.anatkor.controllers.command.UserCommand- User 382222222222 profile called
2021-08-22 19:15:23,570 [http-nio-8081-exec-2] DEBUG org.anatkor.controllers.command.ServletMain- forward to=/jsp/user.jsp
2021-08-22 19:15:26,361 [http-nio-8081-exec-4] DEBUG org.anatkor.controllers.command.ServletMain- Do GET request to /logout
2021-08-22 19:15:26,361 [http-nio-8081-exec-4] WARN  org.anatkor.controllers.command.ServletMain- before/logout
2021-08-22 19:15:26,361 [http-nio-8081-exec-4] WARN  org.anatkor.controllers.command.ServletMain- afterlogout
2021-08-22 19:15:26,362 [http-nio-8081-exec-4] INFO  org.anatkor.controllers.command.LogoutCommand- User 382222222222 is Logged out
2021-08-22 19:15:26,362 [http-nio-8081-exec-4] DEBUG org.anatkor.controllers.command.ServletMain- redirect to=/login
2021-08-22 19:15:26,366 [http-nio-8081-exec-5] DEBUG org.anatkor.controllers.command.ServletMain- Do GET request to /login
2021-08-22 19:15:26,366 [http-nio-8081-exec-5] WARN  org.anatkor.controllers.command.ServletMain- before/login
2021-08-22 19:15:26,366 [http-nio-8081-exec-5] WARN  org.anatkor.controllers.command.ServletMain- afterlogin
2021-08-22 19:15:26,366 [http-nio-8081-exec-5] INFO  org.anatkor.controllers.command.LoginCommand- Not enough login data
2021-08-22 19:15:26,366 [http-nio-8081-exec-5] DEBUG org.anatkor.controllers.command.ServletMain- forward to=/jsp/login.jsp
2021-08-22 19:15:28,699 [http-nio-8081-exec-6] DEBUG org.anatkor.controllers.command.ServletMain- Do POST request to /login
2021-08-22 19:15:28,699 [http-nio-8081-exec-6] WARN  org.anatkor.controllers.command.ServletMain- before/login
2021-08-22 19:15:28,699 [http-nio-8081-exec-6] WARN  org.anatkor.controllers.command.ServletMain- afterlogin
2021-08-22 19:15:28,745 [http-nio-8081-exec-6] INFO  org.anatkor.controllers.command.LoginCommand- Admin '381111111111' is logged in
2021-08-22 19:15:28,745 [http-nio-8081-exec-6] DEBUG org.anatkor.controllers.command.ServletMain- redirect to=/admin
2021-08-22 19:15:28,749 [http-nio-8081-exec-7] DEBUG org.anatkor.controllers.command.ServletMain- Do GET request to /admin
2021-08-22 19:15:28,749 [http-nio-8081-exec-7] WARN  org.anatkor.controllers.command.ServletMain- before/admin
2021-08-22 19:15:28,749 [http-nio-8081-exec-7] WARN  org.anatkor.controllers.command.ServletMain- afteradmin
2021-08-22 19:15:28,750 [http-nio-8081-exec-7] DEBUG org.anatkor.controllers.command.ServletMain- forward to=/jsp/admin.jsp
2021-08-22 19:15:30,161 [http-nio-8081-exec-8] DEBUG org.anatkor.controllers.command.ServletMain- Do GET request to /admin/users
2021-08-22 19:15:30,161 [http-nio-8081-exec-8] WARN  org.anatkor.controllers.command.ServletMain- before/admin/users
2021-08-22 19:15:30,161 [http-nio-8081-exec-8] WARN  org.anatkor.controllers.command.ServletMain- afterusers
2021-08-22 19:15:30,161 [http-nio-8081-exec-8] INFO  org.anatkor.controllers.command.UsersCommand- users list requested
2021-08-22 19:15:30,204 [http-nio-8081-exec-8] DEBUG org.anatkor.controllers.command.ServletMain- forward to=/jsp/users_list.jsp
2021-08-22 19:15:36,947 [http-nio-8081-exec-9] DEBUG org.anatkor.controllers.command.ServletMain- Do GET request to /user
2021-08-22 19:15:36,947 [http-nio-8081-exec-9] WARN  org.anatkor.controllers.command.ServletMain- before/user
2021-08-22 19:15:36,948 [http-nio-8081-exec-9] WARN  org.anatkor.controllers.command.ServletMain- afteruser
2021-08-22 19:15:36,948 [http-nio-8081-exec-9] INFO  org.anatkor.controllers.command.UserCommand- User 381111111111 profile called
2021-08-22 19:15:36,992 [http-nio-8081-exec-9] DEBUG org.anatkor.controllers.command.ServletMain- forward to=/jsp/user.jsp
2021-08-22 19:16:13,639 [http-nio-8081-exec-2] DEBUG org.anatkor.controllers.command.ServletMain- Do POST request to /user/
2021-08-22 19:16:13,639 [http-nio-8081-exec-2] WARN  org.anatkor.controllers.command.ServletMain- before/user/
2021-08-22 19:16:13,639 [http-nio-8081-exec-2] WARN  org.anatkor.controllers.command.ServletMain- after
2021-08-22 19:16:13,639 [http-nio-8081-exec-2] DEBUG org.anatkor.controllers.command.ServletMain- forward to=/jsp/login.jsp
2021-08-22 19:16:18,767 [http-nio-8081-exec-3] DEBUG org.anatkor.controllers.command.ServletMain- Do GET request to /wallet/user
2021-08-22 19:16:18,767 [http-nio-8081-exec-3] WARN  org.anatkor.controllers.command.ServletMain- before/wallet/user
2021-08-22 19:16:18,767 [http-nio-8081-exec-3] WARN  org.anatkor.controllers.command.ServletMain- afteruser
2021-08-22 19:16:18,768 [http-nio-8081-exec-3] INFO  org.anatkor.controllers.command.UserCommand- User 381111111111 profile called
2021-08-22 19:16:18,768 [http-nio-8081-exec-3] DEBUG org.anatkor.controllers.command.ServletMain- forward to=/jsp/user.jsp
2021-08-22 19:16:21,104 [http-nio-8081-exec-4] DEBUG org.anatkor.controllers.command.ServletMain- Do POST request to /user/
2021-08-22 19:16:21,104 [http-nio-8081-exec-4] WARN  org.anatkor.controllers.command.ServletMain- before/user/
2021-08-22 19:16:21,104 [http-nio-8081-exec-4] WARN  org.anatkor.controllers.command.ServletMain- after
2021-08-22 19:16:21,104 [http-nio-8081-exec-4] DEBUG org.anatkor.controllers.command.ServletMain- forward to=/jsp/login.jsp
2021-08-22 19:16:22,847 [http-nio-8081-exec-5] DEBUG org.anatkor.controllers.command.ServletMain- Do GET request to /wallet/user
2021-08-22 19:16:22,847 [http-nio-8081-exec-5] WARN  org.anatkor.controllers.command.ServletMain- before/wallet/user
2021-08-22 19:16:22,848 [http-nio-8081-exec-5] WARN  org.anatkor.controllers.command.ServletMain- afteruser
2021-08-22 19:16:22,848 [http-nio-8081-exec-5] INFO  org.anatkor.controllers.command.UserCommand- User 381111111111 profile called
2021-08-22 19:16:22,848 [http-nio-8081-exec-5] DEBUG org.anatkor.controllers.command.ServletMain- forward to=/jsp/user.jsp
2021-08-22 19:19:29,102 [http-nio-8081-exec-8] DEBUG org.anatkor.controllers.command.ServletMain- Do GET request to /wallet/user
2021-08-22 19:19:29,102 [http-nio-8081-exec-8] WARN  org.anatkor.controllers.command.ServletMain- before/wallet/user
2021-08-22 19:19:29,102 [http-nio-8081-exec-8] WARN  org.anatkor.controllers.command.ServletMain- afteruser
2021-08-22 19:19:29,102 [http-nio-8081-exec-8] INFO  org.anatkor.controllers.command.UserCommand- User 381111111111 profile called
2021-08-22 19:19:29,102 [http-nio-8081-exec-8] DEBUG org.anatkor.controllers.command.ServletMain- forward to=/jsp/user.jsp
2021-08-22 19:19:57,068 [http-nio-8081-exec-10] DEBUG org.anatkor.controllers.command.ServletMain- Do GET request to /wallet/user
2021-08-22 19:19:57,069 [http-nio-8081-exec-10] WARN  org.anatkor.controllers.command.ServletMain- before/wallet/user
2021-08-22 19:19:57,069 [http-nio-8081-exec-10] WARN  org.anatkor.controllers.command.ServletMain- afteruser
2021-08-22 19:19:57,069 [http-nio-8081-exec-10] INFO  org.anatkor.controllers.command.UserCommand- User 381111111111 profile called
2021-08-22 19:19:57,069 [http-nio-8081-exec-10] DEBUG org.anatkor.controllers.command.ServletMain- forward to=/jsp/user.jsp
2021-08-22 19:20:34,754 [http-nio-8081-exec-3] DEBUG org.anatkor.controllers.command.ServletMain- Do GET request to /wallet/user
2021-08-22 19:20:34,754 [http-nio-8081-exec-3] WARN  org.anatkor.controllers.command.ServletMain- before/wallet/user
2021-08-22 19:20:34,754 [http-nio-8081-exec-3] WARN  org.anatkor.controllers.command.ServletMain- afteruser
2021-08-22 19:20:34,754 [http-nio-8081-exec-3] INFO  org.anatkor.controllers.command.UserCommand- User 381111111111 profile called
2021-08-22 19:20:34,754 [http-nio-8081-exec-3] DEBUG org.anatkor.controllers.command.ServletMain- forward to=/jsp/user.jsp
2021-08-22 19:20:36,306 [http-nio-8081-exec-4] DEBUG org.anatkor.controllers.command.ServletMain- Do GET request to /admin
2021-08-22 19:20:36,306 [http-nio-8081-exec-4] WARN  org.anatkor.controllers.command.ServletMain- before/admin
2021-08-22 19:20:36,307 [http-nio-8081-exec-4] WARN  org.anatkor.controllers.command.ServletMain- afteradmin
2021-08-22 19:20:36,307 [http-nio-8081-exec-4] DEBUG org.anatkor.controllers.command.ServletMain- forward to=/jsp/admin.jsp
2021-08-22 19:20:55,435 [http-nio-8081-exec-6] DEBUG org.anatkor.controllers.command.ServletMain- Do GET request to /admin/users
2021-08-22 19:20:55,435 [http-nio-8081-exec-6] WARN  org.anatkor.controllers.command.ServletMain- before/admin/users
2021-08-22 19:20:55,436 [http-nio-8081-exec-6] WARN  org.anatkor.controllers.command.ServletMain- afterusers
2021-08-22 19:20:55,436 [http-nio-8081-exec-6] INFO  org.anatkor.controllers.command.UsersCommand- users list requested
2021-08-22 19:20:55,482 [http-nio-8081-exec-6] DEBUG org.anatkor.controllers.command.ServletMain- forward to=/jsp/users_list.jsp
2021-08-22 19:21:00,830 [http-nio-8081-exec-7] DEBUG org.anatkor.controllers.command.ServletMain- Do GET request to /user
2021-08-22 19:21:00,830 [http-nio-8081-exec-7] WARN  org.anatkor.controllers.command.ServletMain- before/user
2021-08-22 19:21:00,830 [http-nio-8081-exec-7] WARN  org.anatkor.controllers.command.ServletMain- afteruser
2021-08-22 19:21:00,831 [http-nio-8081-exec-7] INFO  org.anatkor.controllers.command.UserCommand- User 381111111111 profile called
2021-08-22 19:21:00,985 [http-nio-8081-exec-7] DEBUG org.anatkor.controllers.command.ServletMain- forward to=/jsp/user.jsp
2021-08-22 19:26:58,035 [http-nio-8081-exec-2] DEBUG org.anatkor.controllers.command.ServletMain- Do GET request to /wallet/user
2021-08-22 19:26:58,035 [http-nio-8081-exec-2] WARN  org.anatkor.controllers.command.ServletMain- before/wallet/user
2021-08-22 19:26:58,035 [http-nio-8081-exec-2] WARN  org.anatkor.controllers.command.ServletMain- afteruser
2021-08-22 19:26:58,035 [http-nio-8081-exec-2] INFO  org.anatkor.controllers.command.UserCommand- User 381111111111 profile called
2021-08-22 19:26:58,036 [http-nio-8081-exec-2] DEBUG org.anatkor.controllers.command.ServletMain- forward to=/jsp/user.jsp
2021-08-22 19:27:07,908 [http-nio-8081-exec-3] DEBUG org.anatkor.controllers.command.ServletMain- Do GET request to /admin
2021-08-22 19:27:07,908 [http-nio-8081-exec-3] WARN  org.anatkor.controllers.command.ServletMain- before/admin
2021-08-22 19:27:07,908 [http-nio-8081-exec-3] WARN  org.anatkor.controllers.command.ServletMain- afteradmin
2021-08-22 19:27:07,908 [http-nio-8081-exec-3] DEBUG org.anatkor.controllers.command.ServletMain- forward to=/jsp/admin.jsp
2021-08-22 19:27:09,259 [http-nio-8081-exec-5] DEBUG org.anatkor.controllers.command.ServletMain- Do GET request to /admin/users
2021-08-22 19:27:09,260 [http-nio-8081-exec-5] WARN  org.anatkor.controllers.command.ServletMain- before/admin/users
2021-08-22 19:27:09,260 [http-nio-8081-exec-5] WARN  org.anatkor.controllers.command.ServletMain- afterusers
2021-08-22 19:27:09,260 [http-nio-8081-exec-5] INFO  org.anatkor.controllers.command.UsersCommand- users list requested
2021-08-22 19:27:09,306 [http-nio-8081-exec-5] DEBUG org.anatkor.controllers.command.ServletMain- forward to=/jsp/users_list.jsp
2021-08-22 19:27:11,690 [http-nio-8081-exec-6] DEBUG org.anatkor.controllers.command.ServletMain- Do GET request to /user
2021-08-22 19:27:11,690 [http-nio-8081-exec-6] WARN  org.anatkor.controllers.command.ServletMain- before/user
2021-08-22 19:27:11,690 [http-nio-8081-exec-6] WARN  org.anatkor.controllers.command.ServletMain- afteruser
2021-08-22 19:27:11,690 [http-nio-8081-exec-6] INFO  org.anatkor.controllers.command.UserCommand- User 381111111111 profile called
2021-08-22 19:27:11,734 [http-nio-8081-exec-6] DEBUG org.anatkor.controllers.command.ServletMain- forward to=/jsp/user.jsp
